18:02:43.115 [main                     ] DEBUG Logger               - Configured Logger
18:02:43.158 [main                     ] DEBUG GameApplication      - Logging settings
Title: Restaurant Game
Version: 0.0
Width: 850
Height: 670
Fullscreen: false
Intro: false
Profiling: false
Single step:false
App Mode: DEVELOPER
Menu Key: ESCAPE
Stage Style: DECORATED
Scene Factory: class com.almasb.fxgl.app.scene.SceneFactory

18:02:43.603 [JavaFX Application Thread] DEBUG FXGLApplication      - Initializing FXGL
18:02:43.610 [JavaFX Application Thread] INFO  Engine               - FXGL-17.2 (20.08.2022 16.50) on LINUX (J:17.0.13 FX:18)
18:02:43.610 [JavaFX Application Thread] DEBUG Engine               - JRE Vendor Name: Red Hat, Inc.
18:02:43.611 [JavaFX Application Thread] DEBUG Engine               - Running on OS: Linux version 6.11.6-200.fc40.x86_64
18:02:43.611 [JavaFX Application Thread] DEBUG Engine               - Architecture: amd64
18:02:43.611 [JavaFX Application Thread] INFO  Engine               - Source code and latest versions at: https://github.com/AlmasB/FXGL
18:02:43.611 [JavaFX Application Thread] INFO  Engine               -       Ask questions and discuss at: https://github.com/AlmasB/FXGL/discussions
18:02:43.611 [JavaFX Application Thread] INFO  Engine               -              Join the FXGL chat at: https://gitter.im/AlmasB/FXGL
18:02:43.713 [JavaFX Application Thread] DEBUG PrimaryStageWindow   - Creating a JavaFX scene
18:02:43.797 [JavaFX Application Thread] DEBUG PrimaryStageWindow   - Target settings size: 850.0 x 670.0
18:02:43.798 [JavaFX Application Thread] DEBUG PrimaryStageWindow   - Scaled scene size:    850.0 x 670.0
18:02:43.798 [JavaFX Application Thread] DEBUG PrimaryStageWindow   - Scaled ratio: (1.0, 1.0)
18:02:43.799 [JavaFX Application Thread] DEBUG PrimaryStageWindow   - Set initial scene to FXGLStartupScene
18:02:43.807 [JavaFX Application Thread] DEBUG PrimaryStageWindow   - Opening main window
18:02:43.858 [JavaFX Application Thread] DEBUG PrimaryStageWindow   - Window border size: (2.0, 29.0)
18:02:43.859 [JavaFX Application Thread] DEBUG PrimaryStageWindow   - Scaled size: 850.0 x 670.0
18:02:43.860 [JavaFX Application Thread] DEBUG PrimaryStageWindow   - Scaled ratio: (1.0, 1.0)
18:02:43.860 [JavaFX Application Thread] DEBUG PrimaryStageWindow   - Scene size: 850.0 x 670.0
18:02:43.861 [JavaFX Application Thread] DEBUG PrimaryStageWindow   - Stage size: 852.0 x 699.0
18:02:43.869 [FXGL Background Thread 1 ] DEBUG Engine               - Initializing environment variables
18:02:43.898 [FXGL Background Thread 1 ] DEBUG FXGLAssetLoaderServi - User app class for loading assets: class fxglapp.FXGLGameApp
18:02:43.898 [FXGL Background Thread 1 ] DEBUG GameApplicationServi - Applying CSS: fxgl_dark.css
18:02:43.899 [FXGL Background Thread 1 ] DEBUG FXGLAssetLoaderServi - Loading from file system: jar:file:/home/chris/.m2/repository/com/github/almasb/fxgl/17.2/fxgl-17.2.jar!/fxglassets/ui/css/fxgl_dark.css
18:02:43.953 [FXGL Background Thread 1 ] DEBUG GameApplicationServi - Initializing application scenes
18:02:43.998 [FXGL Background Thread 1 ] DEBUG GameWorld            - Game world initialized
18:02:44.040 [FXGL Background Thread 1 ] DEBUG PhysicsWorld         - Physics world initialized: appHeight=670, physics.ppm=50.0
18:02:44.041 [FXGL Background Thread 1 ] DEBUG PhysicsWorld         - Using strategy: BRUTE_FORCE
18:02:44.045 [FXGL Background Thread 1 ] DEBUG GameScene            - Game scene initialized: 850x670
18:02:44.058 [FXGL Background Thread 1 ] DEBUG FXGL.DefaultMenu     - createMenuBodyGameMenu()
18:02:44.072 [FXGL Background Thread 1 ] DEBUG FXGL.DefaultMenu     - createOptionsMenu()
18:02:44.084 [FXGL Background Thread 1 ] DEBUG FXGLAssetLoaderServi - Loading from file system: jar:file:/home/chris/.m2/repository/com/github/almasb/fxgl/17.2/fxgl-17.2.jar!/fxglassets/textures/particles/smoke.png
18:02:44.184 [FXGL Background Thread 1 ] DEBUG FXGLAssetLoaderServi - Loading from file system: jar:file:/home/chris/.m2/repository/com/github/almasb/fxgl/17.2/fxgl-17.2.jar!/fxglassets/textures/particles/trace_horizontal.png
18:02:44.217 [FXGL Background Thread 1 ] DEBUG GameApplicationServi - Application scenes initialized
18:02:44.230 [FXGL Background Thread 1 ] DEBUG SystemBundleService  - Loading FXGL system data
18:02:44.231 [FXGL Background Thread 1 ] DEBUG FileSystemAccess     - Reading from: /home/chris/IdeaProjects/RestaurantSimulator/system/fxgl.bundle
18:02:44.234 [FXGL Background Thread 1 ] DEBUG SystemBundleService  - Bundle FXGL: {}
18:02:44.234 [FXGL Background Thread 1 ] DEBUG UpdaterService       - Checking for updates
18:02:44.239 [FXGL Background Thread 4 ] DEBUG FXGLApplication      - Loading fonts
18:02:44.239 [FXGL Background Thread 1 ] DEBUG FXGLApplication      - Loading default localization
18:02:44.239 [FXGL Background Thread 4 ] DEBUG FXGLAssetLoaderServi - Loading from file system: jar:file:/home/chris/.m2/repository/com/github/almasb/fxgl/17.2/fxgl-17.2.jar!/fxglassets/ui/fonts/VarelaRound-Regular.ttf
18:02:44.240 [FXGL Background Thread 1 ] DEBUG FXGLAssetLoaderServi - Loading from file system: jar:file:/home/chris/.m2/repository/com/github/almasb/fxgl/17.2/fxgl-17.2.jar!/fxglassets/languages/english.lang
18:02:44.245 [FXGL Background Thread 4 ] DEBUG FXGLAssetLoaderServi - Loading from file system: jar:file:/home/chris/.m2/repository/com/github/almasb/fxgl/17.2/fxgl-17.2.jar!/fxglassets/ui/fonts/Abel-Regular.ttf
18:02:44.246 [FXGL Background Thread 4 ] DEBUG FXGLAssetLoaderServi - Loading from file system: jar:file:/home/chris/.m2/repository/com/github/almasb/fxgl/17.2/fxgl-17.2.jar!/fxglassets/ui/fonts/TerminalLandMono-Regular.otf
18:02:44.248 [FXGL Background Thread 4 ] DEBUG FXGLAssetLoaderServi - Loading from file system: jar:file:/home/chris/.m2/repository/com/github/almasb/fxgl/17.2/fxgl-17.2.jar!/fxglassets/ui/fonts/Courier-Prime.ttf
18:02:44.252 [JavaFX Application Thread] DEBUG FXGLApplication      - Registering font factories with UI factory
18:02:44.254 [FXGL Background Thread 1 ] INFO  FXGLApplication      - FXGL initialization took: 0.385 sec
18:02:44.256 [JavaFX Application Thread] DEBUG FXGLAssetLoaderServi - Loading from file system: jar:file:/home/chris/.m2/repository/com/github/almasb/fxgl/17.2/fxgl-17.2.jar!/fxglassets/textures/fxgl_icon.png
18:02:44.285 [JavaFX Application Thread] DEBUG FXGLAssetLoaderServi - Loading from file system: jar:file:/home/chris/.m2/repository/com/github/almasb/fxgl/17.2/fxgl-17.2.jar!/fxglassets/textures/fxgl_default_cursor.png
18:02:44.305 [JavaFX Application Thread] DEBUG Input                - Registered new binding: Screenshot - CTRL+8
18:02:44.306 [JavaFX Application Thread] DEBUG Input                - Registered new binding: System info dump - CTRL+9
18:02:44.307 [JavaFX Application Thread] DEBUG Input                - Registered new binding: Restart - CTRL+R
18:02:44.309 [JavaFX Application Thread] DEBUG Input                - Registered new binding: Toggle Debug Camera - CTRL+7
18:02:44.313 [JavaFX Application Thread] DEBUG LoopRunner           - Starting loop
18:02:44.313 [JavaFX Application Thread] DEBUG LoopRunner           - Initializing JavaFX AnimationTimerLoop
18:02:44.314 [JavaFX Application Thread] DEBUG GameApplicationServi - Starting new game
18:02:44.315 [JavaFX Application Thread] DEBUG Input                - Clearing active input actions
18:02:44.328 [JavaFX Application Thread] DEBUG GameApplicationServi - Removing overlay from FXGLStartupScene and adding to FXGLLoadingScene
18:02:44.329 [JavaFX Application Thread] DEBUG PrimaryStageWindow   - FXGLStartupScene -> FXGLLoadingScene
18:02:44.329 [JavaFX Application Thread] DEBUG GameApplicationServi - Clearing previous game
18:02:44.329 [JavaFX Application Thread] DEBUG GameScene            - Clearing game scene
18:02:44.329 [JavaFX Application Thread] DEBUG GameWorld            - Clearing game world
18:02:44.329 [JavaFX Application Thread] DEBUG PhysicsWorld         - Clearing physics world
18:02:44.332 [FXGL Background Thread 1 ] DEBUG FXGLApplication      - Initializing game
18:02:44.588 [FXGL Background Thread 1 ] INFO  FXGLApplication      - Game initialization took: 0.255 sec
18:02:44.594 [JavaFX Application Thread] DEBUG Input                - Clearing active input actions
18:02:44.624 [JavaFX Application Thread] DEBUG GameApplicationServi - Removing overlay from FXGLLoadingScene and adding to GameScene
18:02:44.624 [JavaFX Application Thread] DEBUG PrimaryStageWindow   - FXGLLoadingScene -> GameScene
18:02:44.847 [FXGL Background Thread 2 ] INFO  UpdaterService       - Your current version:  17.2
18:02:44.848 [FXGL Background Thread 2 ] INFO  UpdaterService       - Latest stable version: 21.1
18:02:47.238 [FXGL Background Thread 3 ] DEBUG Engine               - Logging environment variables
18:02:47.239 [FXGL Background Thread 3 ] DEBUG Engine               - achievements: []
18:02:47.239 [FXGL Background Thread 3 ] DEBUG Engine               - actualHeight: -28.0
18:02:47.239 [FXGL Background Thread 3 ] DEBUG Engine               - actualHeightProperty: ReadOnlyDoubleProperty [value: 677.0]
18:02:47.240 [FXGL Background Thread 3 ] DEBUG Engine               - actualWidth: -1.0
18:02:47.240 [FXGL Background Thread 3 ] DEBUG Engine               - actualWidthProperty: ReadOnlyDoubleProperty [value: 850.0]
18:02:47.240 [FXGL Background Thread 3 ] DEBUG Engine               - appIcon: fxgl_icon.png
18:02:47.240 [FXGL Background Thread 3 ] DEBUG Engine               - applicationMode: DEVELOPER
18:02:47.240 [FXGL Background Thread 3 ] DEBUG Engine               - cSSList: [fxgl_dark.css]
18:02:47.240 [FXGL Background Thread 3 ] DEBUG Engine               - collisionDetectionStrategy: BRUTE_FORCE
18:02:47.241 [FXGL Background Thread 3 ] DEBUG Engine               - configClass: Optional.empty
18:02:47.241 [FXGL Background Thread 3 ] DEBUG Engine               - credits: []
18:02:47.241 [FXGL Background Thread 3 ] DEBUG Engine               - defaultCursor: CursorInfo(imageName=fxgl_default_cursor.png, hotspotX=7.0, hotspotY=6.0)
18:02:47.242 [FXGL Background Thread 3 ] DEBUG Engine               - devBBoxColorProperty: ObjectProperty [value: 0xff0000ff]
18:02:47.242 [FXGL Background Thread 3 ] DEBUG Engine               - devEnableDebugCameraProperty: BooleanProperty [value: false]
18:02:47.242 [FXGL Background Thread 3 ] DEBUG Engine               - devSensorColorProperty: ObjectProperty [value: 0xffff00ff]
18:02:47.242 [FXGL Background Thread 3 ] DEBUG Engine               - devShowBBoxProperty: BooleanProperty [value: false]
18:02:47.242 [FXGL Background Thread 3 ] DEBUG Engine               - devShowPositionProperty: BooleanProperty [value: false]
18:02:47.243 [FXGL Background Thread 3 ] DEBUG Engine               - enabledMenuItems: []
18:02:47.243 [FXGL Background Thread 3 ] DEBUG Engine               - engineServices: [class com.almasb.fxgl.app.services.FXGLAssetLoaderService, class com.almasb.fxgl.app.FXGLApplication$GameApplicationService, class com.almasb.fxgl.app.services.FXGLDialogService, class com.almasb.fxgl.app.services.IOTaskExecutorService, class com.almasb.fxgl.io.FileSystemService, class com.almasb.fxgl.localization.LocalizationService, class com.almasb.fxgl.app.services.SystemBundleService, class com.almasb.fxgl.profile.SaveLoadService, class com.almasb.fxgl.ui.FXGLUIFactoryServiceProvider, class com.almasb.fxgl.ui.FXGLDialogFactoryServiceProvider, class com.almasb.fxgl.audio.AudioPlayer, class com.almasb.fxgl.notification.impl.NotificationServiceProvider, class com.almasb.fxgl.achievement.AchievementService, class com.almasb.fxgl.cutscene.CutsceneService, class com.almasb.fxgl.minigames.MiniGameService, class com.almasb.fxgl.net.NetService, class com.almasb.fxgl.app.services.UpdaterService, class com.almasb.fxgl.dev.DevService]
18:02:47.243 [FXGL Background Thread 3 ] DEBUG Engine               - fontGame: Abel-Regular.ttf
18:02:47.243 [FXGL Background Thread 3 ] DEBUG Engine               - fontMono: TerminalLandMono-Regular.otf
18:02:47.243 [FXGL Background Thread 3 ] DEBUG Engine               - fontText: Courier-Prime.ttf
18:02:47.243 [FXGL Background Thread 3 ] DEBUG Engine               - fontUI: VarelaRound-Regular.ttf
18:02:47.243 [FXGL Background Thread 3 ] DEBUG Engine               - fullScreen: BooleanProperty [value: false]
18:02:47.243 [FXGL Background Thread 3 ] DEBUG Engine               - gameDifficulty: MEDIUM
18:02:47.244 [FXGL Background Thread 3 ] DEBUG Engine               - gameDifficultyProperty: ObjectProperty [value: MEDIUM]
18:02:47.244 [FXGL Background Thread 3 ] DEBUG Engine               - globalMusicVolume: 0.5
18:02:47.244 [FXGL Background Thread 3 ] DEBUG Engine               - globalMusicVolumeProperty: DoubleProperty [value: 0.5]
18:02:47.244 [FXGL Background Thread 3 ] DEBUG Engine               - globalSoundVolume: 0.5
18:02:47.244 [FXGL Background Thread 3 ] DEBUG Engine               - globalSoundVolumeProperty: DoubleProperty [value: 0.5]
18:02:47.244 [FXGL Background Thread 3 ] DEBUG Engine               - height: 670
18:02:47.244 [FXGL Background Thread 3 ] DEBUG Engine               - is3D: false
18:02:47.245 [FXGL Background Thread 3 ] DEBUG Engine               - isAndroid: false
18:02:47.245 [FXGL Background Thread 3 ] DEBUG Engine               - isBrowser: false
18:02:47.245 [FXGL Background Thread 3 ] DEBUG Engine               - isClickFeedbackEnabled: false
18:02:47.245 [FXGL Background Thread 3 ] DEBUG Engine               - isCloseConfirmation: false
18:02:47.245 [FXGL Background Thread 3 ] DEBUG Engine               - isDesktop: true
18:02:47.245 [FXGL Background Thread 3 ] DEBUG Engine               - isDeveloperMenuEnabled: false
18:02:47.245 [FXGL Background Thread 3 ] DEBUG Engine               - isEmbedded: false
18:02:47.245 [FXGL Background Thread 3 ] DEBUG Engine               - isEntityPreloadEnabled: true
18:02:47.246 [FXGL Background Thread 3 ] DEBUG Engine               - isExperimentalTiledLargeMap: false
18:02:47.246 [FXGL Background Thread 3 ] DEBUG Engine               - isFileSystemWriteAllowed: true
18:02:47.246 [FXGL Background Thread 3 ] DEBUG Engine               - isFullScreenAllowed: false
18:02:47.246 [FXGL Background Thread 3 ] DEBUG Engine               - isFullScreenFromStart: false
18:02:47.246 [FXGL Background Thread 3 ] DEBUG Engine               - isGameMenuEnabled: true
18:02:47.246 [FXGL Background Thread 3 ] DEBUG Engine               - isIOS: false
18:02:47.246 [FXGL Background Thread 3 ] DEBUG Engine               - isIntroEnabled: false
18:02:47.246 [FXGL Background Thread 3 ] DEBUG Engine               - isLinux: true
18:02:47.246 [FXGL Background Thread 3 ] DEBUG Engine               - isMac: false
18:02:47.247 [FXGL Background Thread 3 ] DEBUG Engine               - isMainMenuEnabled: false
18:02:47.247 [FXGL Background Thread 3 ] DEBUG Engine               - isManualResizeEnabled: false
18:02:47.247 [FXGL Background Thread 3 ] DEBUG Engine               - isMobile: false
18:02:47.247 [FXGL Background Thread 3 ] DEBUG Engine               - isNative: false
18:02:47.247 [FXGL Background Thread 3 ] DEBUG Engine               - isPauseMusicWhenMinimized: true
18:02:47.247 [FXGL Background Thread 3 ] DEBUG Engine               - isPreserveResizeRatio: false
18:02:47.247 [FXGL Background Thread 3 ] DEBUG Engine               - isProfilingEnabled: false
18:02:47.248 [FXGL Background Thread 3 ] DEBUG Engine               - isScaleAffectedOnResize: true
18:02:47.248 [FXGL Background Thread 3 ] DEBUG Engine               - isSingleStep: false
18:02:47.248 [FXGL Background Thread 3 ] DEBUG Engine               - isUserProfileEnabled: false
18:02:47.248 [FXGL Background Thread 3 ] DEBUG Engine               - isWindows: false
18:02:47.248 [FXGL Background Thread 3 ] DEBUG Engine               - language: ObjectProperty [value: ENGLISH]
18:02:47.248 [FXGL Background Thread 3 ] DEBUG Engine               - menuKey: ESCAPE
18:02:47.248 [FXGL Background Thread 3 ] DEBUG Engine               - mouseSensitivity: 0.2
18:02:47.248 [FXGL Background Thread 3 ] DEBUG Engine               - notificationViewClass: class com.almasb.fxgl.notification.view.XboxNotificationView
18:02:47.249 [FXGL Background Thread 3 ] DEBUG Engine               - pixelsPerMeter: 50.0
18:02:47.249 [FXGL Background Thread 3 ] DEBUG Engine               - platform: LINUX
18:02:47.249 [FXGL Background Thread 3 ] DEBUG Engine               - prefHeightProperty: ReadOnlyDoubleProperty [value: 670.0]
18:02:47.249 [FXGL Background Thread 3 ] DEBUG Engine               - prefWidthProperty: ReadOnlyDoubleProperty [value: 850.0]
18:02:47.249 [FXGL Background Thread 3 ] DEBUG Engine               - profileDir: profiles/
18:02:47.249 [FXGL Background Thread 3 ] DEBUG Engine               - profileName: StringProperty [value: DEFAULT]
18:02:47.249 [FXGL Background Thread 3 ] DEBUG Engine               - randomSeed: -1
18:02:47.250 [FXGL Background Thread 3 ] DEBUG Engine               - runtimeInfo: RuntimeInfo(platform=LINUX, version=17.2, build=20.08.2022 16.50)
18:02:47.250 [FXGL Background Thread 3 ] DEBUG Engine               - saveFileExt: sav
18:02:47.250 [FXGL Background Thread 3 ] DEBUG Engine               - scaledHeightProp$fxgl: DoubleProperty [bound, value: 677.0]
18:02:47.250 [FXGL Background Thread 3 ] DEBUG Engine               - scaledWidthProp$fxgl: DoubleProperty [bound, value: 850.0]
18:02:47.250 [FXGL Background Thread 3 ] DEBUG Engine               - sceneFactory: com.almasb.fxgl.app.scene.SceneFactory@4c26987a
18:02:47.251 [FXGL Background Thread 3 ] DEBUG Engine               - secondsIn24h: 60
18:02:47.251 [FXGL Background Thread 3 ] DEBUG Engine               - soundMenuBack: menu/back.wav
18:02:47.251 [FXGL Background Thread 3 ] DEBUG Engine               - soundMenuPress: menu/press.wav
18:02:47.251 [FXGL Background Thread 3 ] DEBUG Engine               - soundMenuSelect: menu/select.wav
18:02:47.251 [FXGL Background Thread 3 ] DEBUG Engine               - soundNotification: core/notification.wav
18:02:47.251 [FXGL Background Thread 3 ] DEBUG Engine               - stageStyle: DECORATED
18:02:47.251 [FXGL Background Thread 3 ] DEBUG Engine               - supportedLanguages: [ENGLISH, FRENCH, GERMAN, HUNGARIAN, RUSSIAN]
18:02:47.251 [FXGL Background Thread 3 ] DEBUG Engine               - ticksPerSecond: -1
18:02:47.251 [FXGL Background Thread 3 ] DEBUG Engine               - title: Restaurant Game
18:02:47.252 [FXGL Background Thread 3 ] DEBUG Engine               - urlGithub: https://github.com/AlmasB/FXGL
18:02:47.252 [FXGL Background Thread 3 ] DEBUG Engine               - urlLeaderboard: http://fxgl-top.herokuapp.com/
18:02:47.252 [FXGL Background Thread 3 ] DEBUG Engine               - urlPOM: https://raw.githubusercontent.com/AlmasB/FXGL/release/README.md
18:02:47.252 [FXGL Background Thread 3 ] DEBUG Engine               - userAppClass: class fxglapp.FXGLGameApp
18:02:47.252 [FXGL Background Thread 3 ] DEBUG Engine               - version: 0.0
18:02:47.252 [FXGL Background Thread 3 ] DEBUG Engine               - versionCheckDays: 7
18:02:47.252 [FXGL Background Thread 3 ] DEBUG Engine               - width: 850
18:02:47.253 [FXGL Background Thread 3 ] DEBUG Engine               - Logging services
18:02:47.253 [FXGL Background Thread 3 ] DEBUG Engine               - class com.almasb.fxgl.app.services.FXGLAssetLoaderService
18:02:47.253 [FXGL Background Thread 3 ] DEBUG Engine               - class com.almasb.fxgl.app.FXGLApplication$GameApplicationService
18:02:47.253 [FXGL Background Thread 3 ] DEBUG Engine               - class com.almasb.fxgl.app.services.FXGLDialogService
18:02:47.253 [FXGL Background Thread 3 ] DEBUG Engine               - class com.almasb.fxgl.app.services.IOTaskExecutorService
18:02:47.253 [FXGL Background Thread 3 ] DEBUG Engine               - class com.almasb.fxgl.io.FileSystemService
18:02:47.253 [FXGL Background Thread 3 ] DEBUG Engine               - class com.almasb.fxgl.localization.LocalizationService
18:02:47.253 [FXGL Background Thread 3 ] DEBUG Engine               - class com.almasb.fxgl.app.services.SystemBundleService
18:02:47.254 [FXGL Background Thread 3 ] DEBUG Engine               - class com.almasb.fxgl.profile.SaveLoadService
18:02:47.254 [FXGL Background Thread 3 ] DEBUG Engine               - class com.almasb.fxgl.ui.FXGLUIFactoryServiceProvider
18:02:47.254 [FXGL Background Thread 3 ] DEBUG Engine               - class com.almasb.fxgl.ui.FXGLDialogFactoryServiceProvider
18:02:47.254 [FXGL Background Thread 3 ] DEBUG Engine               - class com.almasb.fxgl.audio.AudioPlayer
18:02:47.254 [FXGL Background Thread 3 ] DEBUG Engine               - class com.almasb.fxgl.notification.impl.NotificationServiceProvider
18:02:47.254 [FXGL Background Thread 3 ] DEBUG Engine               - class com.almasb.fxgl.achievement.AchievementService
18:02:47.254 [FXGL Background Thread 3 ] DEBUG Engine               - class com.almasb.fxgl.cutscene.CutsceneService
18:02:47.254 [FXGL Background Thread 3 ] DEBUG Engine               - class com.almasb.fxgl.minigames.MiniGameService
18:02:47.254 [FXGL Background Thread 3 ] DEBUG Engine               - class com.almasb.fxgl.net.NetService
18:02:47.254 [FXGL Background Thread 3 ] DEBUG Engine               - class com.almasb.fxgl.app.services.UpdaterService
18:02:47.255 [FXGL Background Thread 3 ] DEBUG Engine               - class com.almasb.fxgl.dev.DevService
18:03:48.877 [JavaFX Application Thread] DEBUG FXGLApplication      - Exiting FXGL
18:03:48.878 [JavaFX Application Thread] DEBUG LoopRunner           - Stopping loop
18:03:48.878 [JavaFX Application Thread] DEBUG SystemBundleService  - Saving FXGL system data
18:03:48.882 [JavaFX Application Thread] DEBUG FileSystemAccess     - Writing to: /home/chris/IdeaProjects/RestaurantSimulator/system/fxgl.bundle
18:03:48.883 [JavaFX Application Thread] DEBUG Async                - Shutting down background threads
18:03:48.884 [JavaFX Application Thread] DEBUG PrimaryStageWindow   - Closing main window
18:03:48.900 [JavaFX Application Thread] DEBUG Logger               - Closing Logger
