19:54:55.569 [main                     ] DEBUG Logger               - Configured Logger
19:54:55.603 [main                     ] DEBUG GameApplication      - Logging settings
Title: Restaurant Game
Version: 0.0
Width: 850
Height: 670
Fullscreen: false
Intro: false
Profiling: false
Single step:false
App Mode: DEVELOPER
Menu Key: ESCAPE
Stage Style: DECORATED
Scene Factory: class com.almasb.fxgl.app.scene.SceneFactory

19:54:56.049 [JavaFX Application Thread] DEBUG FXGLApplication      - Initializing FXGL
19:54:56.055 [JavaFX Application Thread] INFO  Engine               - FXGL-17.2 (20.08.2022 16.50) on LINUX (J:17.0.13 FX:18)
19:54:56.056 [JavaFX Application Thread] DEBUG Engine               - JRE Vendor Name: Red Hat, Inc.
19:54:56.056 [JavaFX Application Thread] DEBUG Engine               - Running on OS: Linux version 6.11.6-200.fc40.x86_64
19:54:56.056 [JavaFX Application Thread] DEBUG Engine               - Architecture: amd64
19:54:56.056 [JavaFX Application Thread] INFO  Engine               - Source code and latest versions at: https://github.com/AlmasB/FXGL
19:54:56.057 [JavaFX Application Thread] INFO  Engine               -       Ask questions and discuss at: https://github.com/AlmasB/FXGL/discussions
19:54:56.057 [JavaFX Application Thread] INFO  Engine               -              Join the FXGL chat at: https://gitter.im/AlmasB/FXGL
19:54:56.149 [JavaFX Application Thread] DEBUG PrimaryStageWindow   - Creating a JavaFX scene
19:54:56.228 [JavaFX Application Thread] DEBUG PrimaryStageWindow   - Target settings size: 850.0 x 670.0
19:54:56.228 [JavaFX Application Thread] DEBUG PrimaryStageWindow   - Scaled scene size:    850.0 x 670.0
19:54:56.229 [JavaFX Application Thread] DEBUG PrimaryStageWindow   - Scaled ratio: (1.0, 1.0)
19:54:56.230 [JavaFX Application Thread] DEBUG PrimaryStageWindow   - Set initial scene to FXGLStartupScene
19:54:56.238 [JavaFX Application Thread] DEBUG PrimaryStageWindow   - Opening main window
19:54:56.283 [JavaFX Application Thread] DEBUG PrimaryStageWindow   - Window border size: (2.0, 29.0)
19:54:56.284 [JavaFX Application Thread] DEBUG PrimaryStageWindow   - Scaled size: 850.0 x 670.0
19:54:56.285 [JavaFX Application Thread] DEBUG PrimaryStageWindow   - Scaled ratio: (1.0, 1.0)
19:54:56.285 [JavaFX Application Thread] DEBUG PrimaryStageWindow   - Scene size: 850.0 x 670.0
19:54:56.285 [JavaFX Application Thread] DEBUG PrimaryStageWindow   - Stage size: 852.0 x 699.0
19:54:56.294 [FXGL Background Thread 1 ] DEBUG Engine               - Initializing environment variables
19:54:56.318 [FXGL Background Thread 1 ] DEBUG FXGLAssetLoaderServi - User app class for loading assets: class fxglapp.FXGLGameApp
19:54:56.319 [FXGL Background Thread 1 ] DEBUG GameApplicationServi - Applying CSS: fxgl_dark.css
19:54:56.320 [FXGL Background Thread 1 ] DEBUG FXGLAssetLoaderServi - Loading from file system: jar:file:/home/chris/.m2/repository/com/github/almasb/fxgl/17.2/fxgl-17.2.jar!/fxglassets/ui/css/fxgl_dark.css
19:54:56.364 [FXGL Background Thread 1 ] DEBUG GameApplicationServi - Initializing application scenes
19:54:56.409 [FXGL Background Thread 1 ] DEBUG GameWorld            - Game world initialized
19:54:56.461 [FXGL Background Thread 1 ] DEBUG PhysicsWorld         - Physics world initialized: appHeight=670, physics.ppm=50.0
19:54:56.461 [FXGL Background Thread 1 ] DEBUG PhysicsWorld         - Using strategy: BRUTE_FORCE
19:54:56.465 [FXGL Background Thread 1 ] DEBUG GameScene            - Game scene initialized: 850x670
19:54:56.477 [FXGL Background Thread 1 ] DEBUG FXGL.DefaultMenu     - createMenuBodyGameMenu()
19:54:56.490 [FXGL Background Thread 1 ] DEBUG FXGL.DefaultMenu     - createOptionsMenu()
19:54:56.501 [FXGL Background Thread 1 ] DEBUG FXGLAssetLoaderServi - Loading from file system: jar:file:/home/chris/.m2/repository/com/github/almasb/fxgl/17.2/fxgl-17.2.jar!/fxglassets/textures/particles/smoke.png
19:54:56.600 [FXGL Background Thread 1 ] DEBUG FXGLAssetLoaderServi - Loading from file system: jar:file:/home/chris/.m2/repository/com/github/almasb/fxgl/17.2/fxgl-17.2.jar!/fxglassets/textures/particles/trace_horizontal.png
19:54:56.633 [FXGL Background Thread 1 ] DEBUG GameApplicationServi - Application scenes initialized
19:54:56.645 [FXGL Background Thread 1 ] DEBUG SystemBundleService  - Loading FXGL system data
19:54:56.647 [FXGL Background Thread 1 ] DEBUG FileSystemAccess     - Reading from: /home/chris/IdeaProjects/RestaurantSimulator/system/fxgl.bundle
19:54:56.649 [FXGL Background Thread 1 ] DEBUG SystemBundleService  - Bundle FXGL: {}
19:54:56.649 [FXGL Background Thread 1 ] DEBUG UpdaterService       - Checking for updates
19:54:56.653 [FXGL Background Thread 4 ] DEBUG FXGLApplication      - Loading fonts
19:54:56.654 [FXGL Background Thread 1 ] DEBUG FXGLApplication      - Loading default localization
19:54:56.654 [FXGL Background Thread 4 ] DEBUG FXGLAssetLoaderServi - Loading from file system: jar:file:/home/chris/.m2/repository/com/github/almasb/fxgl/17.2/fxgl-17.2.jar!/fxglassets/ui/fonts/VarelaRound-Regular.ttf
19:54:56.654 [FXGL Background Thread 1 ] DEBUG FXGLAssetLoaderServi - Loading from file system: jar:file:/home/chris/.m2/repository/com/github/almasb/fxgl/17.2/fxgl-17.2.jar!/fxglassets/languages/english.lang
19:54:56.661 [FXGL Background Thread 4 ] DEBUG FXGLAssetLoaderServi - Loading from file system: jar:file:/home/chris/.m2/repository/com/github/almasb/fxgl/17.2/fxgl-17.2.jar!/fxglassets/ui/fonts/Abel-Regular.ttf
19:54:56.664 [FXGL Background Thread 4 ] DEBUG FXGLAssetLoaderServi - Loading from file system: jar:file:/home/chris/.m2/repository/com/github/almasb/fxgl/17.2/fxgl-17.2.jar!/fxglassets/ui/fonts/TerminalLandMono-Regular.otf
19:54:56.665 [FXGL Background Thread 4 ] DEBUG FXGLAssetLoaderServi - Loading from file system: jar:file:/home/chris/.m2/repository/com/github/almasb/fxgl/17.2/fxgl-17.2.jar!/fxglassets/ui/fonts/Courier-Prime.ttf
19:54:56.668 [FXGL Background Thread 1 ] INFO  FXGLApplication      - FXGL initialization took: 0.373 sec
19:54:56.669 [JavaFX Application Thread] DEBUG FXGLAssetLoaderServi - Loading from file system: jar:file:/home/chris/.m2/repository/com/github/almasb/fxgl/17.2/fxgl-17.2.jar!/fxglassets/textures/fxgl_icon.png
19:54:56.692 [JavaFX Application Thread] DEBUG FXGLAssetLoaderServi - Loading from file system: jar:file:/home/chris/.m2/repository/com/github/almasb/fxgl/17.2/fxgl-17.2.jar!/fxglassets/textures/fxgl_default_cursor.png
19:54:56.703 [JavaFX Application Thread] DEBUG Input                - Registered new binding: Screenshot - CTRL+8
19:54:56.704 [JavaFX Application Thread] DEBUG Input                - Registered new binding: System info dump - CTRL+9
19:54:56.705 [JavaFX Application Thread] DEBUG Input                - Registered new binding: Restart - CTRL+R
19:54:56.706 [JavaFX Application Thread] DEBUG Input                - Registered new binding: Toggle Debug Camera - CTRL+7
19:54:56.709 [JavaFX Application Thread] DEBUG LoopRunner           - Starting loop
19:54:56.709 [JavaFX Application Thread] DEBUG LoopRunner           - Initializing JavaFX AnimationTimerLoop
19:54:56.711 [JavaFX Application Thread] DEBUG GameApplicationServi - Starting new game
19:54:56.712 [JavaFX Application Thread] DEBUG Input                - Clearing active input actions
19:54:56.722 [JavaFX Application Thread] DEBUG GameApplicationServi - Removing overlay from FXGLStartupScene and adding to FXGLLoadingScene
19:54:56.723 [JavaFX Application Thread] DEBUG PrimaryStageWindow   - FXGLStartupScene -> FXGLLoadingScene
19:54:56.723 [JavaFX Application Thread] DEBUG GameApplicationServi - Clearing previous game
19:54:56.723 [JavaFX Application Thread] DEBUG GameScene            - Clearing game scene
19:54:56.723 [JavaFX Application Thread] DEBUG GameWorld            - Clearing game world
19:54:56.723 [JavaFX Application Thread] DEBUG PhysicsWorld         - Clearing physics world
19:54:56.729 [FXGL Background Thread 4 ] DEBUG FXGLApplication      - Initializing game
19:54:56.729 [JavaFX Application Thread] DEBUG FXGLApplication      - Registering font factories with UI factory
19:54:56.997 [FXGL Background Thread 4 ] INFO  FXGLApplication      - Game initialization took: 0.268 sec
19:54:56.998 [JavaFX Application Thread] DEBUG Input                - Clearing active input actions
19:54:57.026 [JavaFX Application Thread] DEBUG GameApplicationServi - Removing overlay from FXGLLoadingScene and adding to GameScene
19:54:57.027 [JavaFX Application Thread] DEBUG PrimaryStageWindow   - FXGLLoadingScene -> GameScene
19:54:57.183 [FXGL Background Thread 2 ] INFO  UpdaterService       - Your current version:  17.2
19:54:57.184 [FXGL Background Thread 2 ] INFO  UpdaterService       - Latest stable version: 21.1
19:54:59.652 [FXGL Background Thread 3 ] DEBUG Engine               - Logging environment variables
19:54:59.654 [FXGL Background Thread 3 ] DEBUG Engine               - achievements: []
19:54:59.654 [FXGL Background Thread 3 ] DEBUG Engine               - actualHeight: -28.0
19:54:59.655 [FXGL Background Thread 3 ] DEBUG Engine               - actualHeightProperty: ReadOnlyDoubleProperty [value: 677.0]
19:54:59.655 [FXGL Background Thread 3 ] DEBUG Engine               - actualWidth: -1.0
19:54:59.655 [FXGL Background Thread 3 ] DEBUG Engine               - actualWidthProperty: ReadOnlyDoubleProperty [value: 850.0]
19:54:59.656 [FXGL Background Thread 3 ] DEBUG Engine               - appIcon: fxgl_icon.png
19:54:59.656 [FXGL Background Thread 3 ] DEBUG Engine               - applicationMode: DEVELOPER
19:54:59.656 [FXGL Background Thread 3 ] DEBUG Engine               - cSSList: [fxgl_dark.css]
19:54:59.656 [FXGL Background Thread 3 ] DEBUG Engine               - collisionDetectionStrategy: BRUTE_FORCE
19:54:59.656 [FXGL Background Thread 3 ] DEBUG Engine               - configClass: Optional.empty
19:54:59.657 [FXGL Background Thread 3 ] DEBUG Engine               - credits: []
19:54:59.658 [FXGL Background Thread 3 ] DEBUG Engine               - defaultCursor: CursorInfo(imageName=fxgl_default_cursor.png, hotspotX=7.0, hotspotY=6.0)
19:54:59.658 [FXGL Background Thread 3 ] DEBUG Engine               - devBBoxColorProperty: ObjectProperty [value: 0xff0000ff]
19:54:59.658 [FXGL Background Thread 3 ] DEBUG Engine               - devEnableDebugCameraProperty: BooleanProperty [value: false]
19:54:59.659 [FXGL Background Thread 3 ] DEBUG Engine               - devSensorColorProperty: ObjectProperty [value: 0xffff00ff]
19:54:59.659 [FXGL Background Thread 3 ] DEBUG Engine               - devShowBBoxProperty: BooleanProperty [value: false]
19:54:59.660 [FXGL Background Thread 3 ] DEBUG Engine               - devShowPositionProperty: BooleanProperty [value: false]
19:54:59.660 [FXGL Background Thread 3 ] DEBUG Engine               - enabledMenuItems: []
19:54:59.661 [FXGL Background Thread 3 ] DEBUG Engine               - engineServices: [class com.almasb.fxgl.app.services.FXGLAssetLoaderService, class com.almasb.fxgl.app.FXGLApplication$GameApplicationService, class com.almasb.fxgl.app.services.FXGLDialogService, class com.almasb.fxgl.app.services.IOTaskExecutorService, class com.almasb.fxgl.io.FileSystemService, class com.almasb.fxgl.localization.LocalizationService, class com.almasb.fxgl.app.services.SystemBundleService, class com.almasb.fxgl.profile.SaveLoadService, class com.almasb.fxgl.ui.FXGLUIFactoryServiceProvider, class com.almasb.fxgl.ui.FXGLDialogFactoryServiceProvider, class com.almasb.fxgl.audio.AudioPlayer, class com.almasb.fxgl.notification.impl.NotificationServiceProvider, class com.almasb.fxgl.achievement.AchievementService, class com.almasb.fxgl.cutscene.CutsceneService, class com.almasb.fxgl.minigames.MiniGameService, class com.almasb.fxgl.net.NetService, class com.almasb.fxgl.app.services.UpdaterService, class com.almasb.fxgl.dev.DevService]
19:54:59.661 [FXGL Background Thread 3 ] DEBUG Engine               - fontGame: Abel-Regular.ttf
19:54:59.661 [FXGL Background Thread 3 ] DEBUG Engine               - fontMono: TerminalLandMono-Regular.otf
19:54:59.661 [FXGL Background Thread 3 ] DEBUG Engine               - fontText: Courier-Prime.ttf
19:54:59.662 [FXGL Background Thread 3 ] DEBUG Engine               - fontUI: VarelaRound-Regular.ttf
19:54:59.662 [FXGL Background Thread 3 ] DEBUG Engine               - fullScreen: BooleanProperty [value: false]
19:54:59.662 [FXGL Background Thread 3 ] DEBUG Engine               - gameDifficulty: MEDIUM
19:54:59.663 [FXGL Background Thread 3 ] DEBUG Engine               - gameDifficultyProperty: ObjectProperty [value: MEDIUM]
19:54:59.663 [FXGL Background Thread 3 ] DEBUG Engine               - globalMusicVolume: 0.5
19:54:59.663 [FXGL Background Thread 3 ] DEBUG Engine               - globalMusicVolumeProperty: DoubleProperty [value: 0.5]
19:54:59.663 [FXGL Background Thread 3 ] DEBUG Engine               - globalSoundVolume: 0.5
19:54:59.664 [FXGL Background Thread 3 ] DEBUG Engine               - globalSoundVolumeProperty: DoubleProperty [value: 0.5]
19:54:59.664 [FXGL Background Thread 3 ] DEBUG Engine               - height: 670
19:54:59.664 [FXGL Background Thread 3 ] DEBUG Engine               - is3D: false
19:54:59.664 [FXGL Background Thread 3 ] DEBUG Engine               - isAndroid: false
19:54:59.664 [FXGL Background Thread 3 ] DEBUG Engine               - isBrowser: false
19:54:59.664 [FXGL Background Thread 3 ] DEBUG Engine               - isClickFeedbackEnabled: false
19:54:59.664 [FXGL Background Thread 3 ] DEBUG Engine               - isCloseConfirmation: false
19:54:59.665 [FXGL Background Thread 3 ] DEBUG Engine               - isDesktop: true
19:54:59.665 [FXGL Background Thread 3 ] DEBUG Engine               - isDeveloperMenuEnabled: false
19:54:59.665 [FXGL Background Thread 3 ] DEBUG Engine               - isEmbedded: false
19:54:59.665 [FXGL Background Thread 3 ] DEBUG Engine               - isEntityPreloadEnabled: true
19:54:59.665 [FXGL Background Thread 3 ] DEBUG Engine               - isExperimentalTiledLargeMap: false
19:54:59.665 [FXGL Background Thread 3 ] DEBUG Engine               - isFileSystemWriteAllowed: true
19:54:59.666 [FXGL Background Thread 3 ] DEBUG Engine               - isFullScreenAllowed: false
19:54:59.666 [FXGL Background Thread 3 ] DEBUG Engine               - isFullScreenFromStart: false
19:54:59.666 [FXGL Background Thread 3 ] DEBUG Engine               - isGameMenuEnabled: true
19:54:59.666 [FXGL Background Thread 3 ] DEBUG Engine               - isIOS: false
19:54:59.666 [FXGL Background Thread 3 ] DEBUG Engine               - isIntroEnabled: false
19:54:59.666 [FXGL Background Thread 3 ] DEBUG Engine               - isLinux: true
19:54:59.667 [FXGL Background Thread 3 ] DEBUG Engine               - isMac: false
19:54:59.667 [FXGL Background Thread 3 ] DEBUG Engine               - isMainMenuEnabled: false
19:54:59.667 [FXGL Background Thread 3 ] DEBUG Engine               - isManualResizeEnabled: false
19:54:59.667 [FXGL Background Thread 3 ] DEBUG Engine               - isMobile: false
19:54:59.667 [FXGL Background Thread 3 ] DEBUG Engine               - isNative: false
19:54:59.667 [FXGL Background Thread 3 ] DEBUG Engine               - isPauseMusicWhenMinimized: true
19:54:59.668 [FXGL Background Thread 3 ] DEBUG Engine               - isPreserveResizeRatio: false
19:54:59.668 [FXGL Background Thread 3 ] DEBUG Engine               - isProfilingEnabled: false
19:54:59.668 [FXGL Background Thread 3 ] DEBUG Engine               - isScaleAffectedOnResize: true
19:54:59.668 [FXGL Background Thread 3 ] DEBUG Engine               - isSingleStep: false
19:54:59.668 [FXGL Background Thread 3 ] DEBUG Engine               - isUserProfileEnabled: false
19:54:59.668 [FXGL Background Thread 3 ] DEBUG Engine               - isWindows: false
19:54:59.669 [FXGL Background Thread 3 ] DEBUG Engine               - language: ObjectProperty [value: ENGLISH]
19:54:59.669 [FXGL Background Thread 3 ] DEBUG Engine               - menuKey: ESCAPE
19:54:59.669 [FXGL Background Thread 3 ] DEBUG Engine               - mouseSensitivity: 0.2
19:54:59.669 [FXGL Background Thread 3 ] DEBUG Engine               - notificationViewClass: class com.almasb.fxgl.notification.view.XboxNotificationView
19:54:59.669 [FXGL Background Thread 3 ] DEBUG Engine               - pixelsPerMeter: 50.0
19:54:59.669 [FXGL Background Thread 3 ] DEBUG Engine               - platform: LINUX
19:54:59.669 [FXGL Background Thread 3 ] DEBUG Engine               - prefHeightProperty: ReadOnlyDoubleProperty [value: 670.0]
19:54:59.669 [FXGL Background Thread 3 ] DEBUG Engine               - prefWidthProperty: ReadOnlyDoubleProperty [value: 850.0]
19:54:59.670 [FXGL Background Thread 3 ] DEBUG Engine               - profileDir: profiles/
19:54:59.670 [FXGL Background Thread 3 ] DEBUG Engine               - profileName: StringProperty [value: DEFAULT]
19:54:59.670 [FXGL Background Thread 3 ] DEBUG Engine               - randomSeed: -1
19:54:59.671 [FXGL Background Thread 3 ] DEBUG Engine               - runtimeInfo: RuntimeInfo(platform=LINUX, version=17.2, build=20.08.2022 16.50)
19:54:59.671 [FXGL Background Thread 3 ] DEBUG Engine               - saveFileExt: sav
19:54:59.671 [FXGL Background Thread 3 ] DEBUG Engine               - scaledHeightProp$fxgl: DoubleProperty [bound, value: 677.0]
19:54:59.671 [FXGL Background Thread 3 ] DEBUG Engine               - scaledWidthProp$fxgl: DoubleProperty [bound, value: 850.0]
19:54:59.671 [FXGL Background Thread 3 ] DEBUG Engine               - sceneFactory: com.almasb.fxgl.app.scene.SceneFactory@7f524290
19:54:59.671 [FXGL Background Thread 3 ] DEBUG Engine               - secondsIn24h: 60
19:54:59.671 [FXGL Background Thread 3 ] DEBUG Engine               - soundMenuBack: menu/back.wav
19:54:59.672 [FXGL Background Thread 3 ] DEBUG Engine               - soundMenuPress: menu/press.wav
19:54:59.672 [FXGL Background Thread 3 ] DEBUG Engine               - soundMenuSelect: menu/select.wav
19:54:59.672 [FXGL Background Thread 3 ] DEBUG Engine               - soundNotification: core/notification.wav
19:54:59.672 [FXGL Background Thread 3 ] DEBUG Engine               - stageStyle: DECORATED
19:54:59.672 [FXGL Background Thread 3 ] DEBUG Engine               - supportedLanguages: [ENGLISH, FRENCH, GERMAN, HUNGARIAN, RUSSIAN]
19:54:59.672 [FXGL Background Thread 3 ] DEBUG Engine               - ticksPerSecond: -1
19:54:59.672 [FXGL Background Thread 3 ] DEBUG Engine               - title: Restaurant Game
19:54:59.672 [FXGL Background Thread 3 ] DEBUG Engine               - urlGithub: https://github.com/AlmasB/FXGL
19:54:59.672 [FXGL Background Thread 3 ] DEBUG Engine               - urlLeaderboard: http://fxgl-top.herokuapp.com/
19:54:59.673 [FXGL Background Thread 3 ] DEBUG Engine               - urlPOM: https://raw.githubusercontent.com/AlmasB/FXGL/release/README.md
19:54:59.673 [FXGL Background Thread 3 ] DEBUG Engine               - userAppClass: class fxglapp.FXGLGameApp
19:54:59.673 [FXGL Background Thread 3 ] DEBUG Engine               - version: 0.0
19:54:59.673 [FXGL Background Thread 3 ] DEBUG Engine               - versionCheckDays: 7
19:54:59.673 [FXGL Background Thread 3 ] DEBUG Engine               - width: 850
19:54:59.674 [FXGL Background Thread 3 ] DEBUG Engine               - Logging services
19:54:59.674 [FXGL Background Thread 3 ] DEBUG Engine               - class com.almasb.fxgl.app.services.FXGLAssetLoaderService
19:54:59.674 [FXGL Background Thread 3 ] DEBUG Engine               - class com.almasb.fxgl.app.FXGLApplication$GameApplicationService
19:54:59.674 [FXGL Background Thread 3 ] DEBUG Engine               - class com.almasb.fxgl.app.services.FXGLDialogService
19:54:59.674 [FXGL Background Thread 3 ] DEBUG Engine               - class com.almasb.fxgl.app.services.IOTaskExecutorService
19:54:59.674 [FXGL Background Thread 3 ] DEBUG Engine               - class com.almasb.fxgl.io.FileSystemService
19:54:59.674 [FXGL Background Thread 3 ] DEBUG Engine               - class com.almasb.fxgl.localization.LocalizationService
19:54:59.674 [FXGL Background Thread 3 ] DEBUG Engine               - class com.almasb.fxgl.app.services.SystemBundleService
19:54:59.675 [FXGL Background Thread 3 ] DEBUG Engine               - class com.almasb.fxgl.profile.SaveLoadService
19:54:59.675 [FXGL Background Thread 3 ] DEBUG Engine               - class com.almasb.fxgl.ui.FXGLUIFactoryServiceProvider
19:54:59.675 [FXGL Background Thread 3 ] DEBUG Engine               - class com.almasb.fxgl.ui.FXGLDialogFactoryServiceProvider
19:54:59.675 [FXGL Background Thread 3 ] DEBUG Engine               - class com.almasb.fxgl.audio.AudioPlayer
19:54:59.675 [FXGL Background Thread 3 ] DEBUG Engine               - class com.almasb.fxgl.notification.impl.NotificationServiceProvider
19:54:59.675 [FXGL Background Thread 3 ] DEBUG Engine               - class com.almasb.fxgl.achievement.AchievementService
19:54:59.675 [FXGL Background Thread 3 ] DEBUG Engine               - class com.almasb.fxgl.cutscene.CutsceneService
19:54:59.675 [FXGL Background Thread 3 ] DEBUG Engine               - class com.almasb.fxgl.minigames.MiniGameService
19:54:59.675 [FXGL Background Thread 3 ] DEBUG Engine               - class com.almasb.fxgl.net.NetService
19:54:59.676 [FXGL Background Thread 3 ] DEBUG Engine               - class com.almasb.fxgl.app.services.UpdaterService
19:54:59.676 [FXGL Background Thread 3 ] DEBUG Engine               - class com.almasb.fxgl.dev.DevService
19:55:22.630 [JavaFX Application Thread] DEBUG LoopRunner           - Stopping loop
19:55:22.634 [JavaFX Application Thread] FATAL FXGLApplication      - Uncaught Exception:
java.lang.ClassCastException: class javafx.beans.property.SimpleIntegerProperty cannot be cast to class javafx.beans.property.ObjectProperty (javafx.beans.property.SimpleIntegerProperty and javafx.beans.property.ObjectProperty are in unnamed module of loader 'app')
	at com.almasb.fxgl.core.collection.PropertyMap.objectProperty(PropertyMap.kt:169)
	at com.almasb.fxgl.core.collection.PropertyMap.getObject(PropertyMap.kt:158)
	at com.almasb.fxgl.entity.Entity.getObject(Entity.java:328)
	at fxglapp.FXGLGameApp.lambda$moveWaiterOrderVertical$14(FXGLGameApp.java:575)
	at com.almasb.fxgl.time.TimerAction.update(TimerAction.kt:69)
	at com.almasb.fxgl.time.Timer.update(Timer.kt:38)
	at com.almasb.fxgl.scene.Scene.update(Scene.kt:104)
	at com.almasb.fxgl.app.MainWindow$update$1.invoke(MainWindow.kt:115)
	at com.almasb.fxgl.app.MainWindow$update$1.invoke(MainWindow.kt:115)
	at com.almasb.fxgl.core.fsm.StateMachine.runOnActiveStates(StateMachine.kt:69)
	at com.almasb.fxgl.app.MainWindow.update(MainWindow.kt:115)
	at com.almasb.fxgl.app.FXGLApplication$GameApplicationService.onUpdate(FXGLApplication.kt:426)
	at com.almasb.fxgl.app.Engine.loop(Engine.kt:134)
	at com.almasb.fxgl.app.Engine.access$loop(Engine.kt:24)
	at com.almasb.fxgl.app.Engine$loop$1.invoke(Engine.kt:28)
	at com.almasb.fxgl.app.Engine$loop$1.invoke(Engine.kt:28)
	at com.almasb.fxgl.app.LoopRunner.frame(LoopRunner.kt:103)
	at com.almasb.fxgl.app.LoopRunner.access$frame(LoopRunner.kt:23)
	at com.almasb.fxgl.app.LoopRunner$impl$2$1.onTick(LoopRunner.kt:57)
	at com.almasb.fxgl.app.AnimationTimerLoop$timer$1.handle(LoopRunner.kt:137)
	at javafx.animation.AnimationTimer$AnimationTimerReceiver.lambda$handle$0(AnimationTimer.java:58)
	at java.base/java.security.AccessController.doPrivileged(AccessController.java:399)
	at javafx.animation.AnimationTimer$AnimationTimerReceiver.handle(AnimationTimer.java:57)
	at com.sun.scenario.animation.AbstractPrimaryTimer.timePulseImpl(AbstractPrimaryTimer.java:356)
	at com.sun.scenario.animation.AbstractPrimaryTimer$MainLoop.run(AbstractPrimaryTimer.java:266)
	at com.sun.javafx.tk.quantum.QuantumToolkit.pulse(QuantumToolkit.java:571)
	at com.sun.javafx.tk.quantum.QuantumToolkit.pulse(QuantumToolkit.java:555)
	at com.sun.javafx.tk.quantum.QuantumToolkit.pulseFromQueue(QuantumToolkit.java:548)
	at com.sun.javafx.tk.quantum.QuantumToolkit.lambda$runToolkit$11(QuantumToolkit.java:352)
	at com.sun.glass.ui.InvokeLaterDispatcher$Future.run(InvokeLaterDispatcher.java:96)
	at com.sun.glass.ui.gtk.GtkApplication._runLoop(Native Method)
	at com.sun.glass.ui.gtk.GtkApplication.lambda$runLoop$11(GtkApplication.java:316)
	at java.base/java.lang.Thread.run(Thread.java:840)

19:55:22.634 [JavaFX Application Thread] FATAL FXGLApplication      - Application will now exit
19:55:22.672 [JavaFX Application Thread] DEBUG PrimaryStageWindow   - Push state: ErrorSubScene
19:55:22.672 [JavaFX Application Thread] DEBUG Input                - Clearing active input actions
19:55:22.682 [JavaFX Application Thread] DEBUG GameApplicationServi - Removing overlay from GameScene and adding to ErrorSubScene
19:55:22.682 [JavaFX Application Thread] DEBUG PrimaryStageWindow   - GameScene -> ErrorSubScene
19:56:40.995 [JavaFX Application Thread] DEBUG FXGLApplication      - Exiting FXGL
19:56:40.995 [JavaFX Application Thread] DEBUG Async                - Shutting down background threads
19:56:40.995 [JavaFX Application Thread] DEBUG PrimaryStageWindow   - Closing main window
19:56:40.998 [JavaFX Application Thread] DEBUG Logger               - Closing Logger
