19:46:46.934 [main                     ] DEBUG Logger               - Configured Logger
19:46:46.992 [main                     ] DEBUG GameApplication      - Logging settings
Title: Restaurant Game
Version: 0.0
Width: 850
Height: 670
Fullscreen: false
Intro: false
Profiling: false
Single step:false
App Mode: DEVELOPER
Menu Key: ESCAPE
Stage Style: DECORATED
Scene Factory: class com.almasb.fxgl.app.scene.SceneFactory

19:46:47.431 [JavaFX Application Thread] DEBUG FXGLApplication      - Initializing FXGL
19:46:47.440 [JavaFX Application Thread] INFO  Engine               - FXGL-17.2 (20.08.2022 16.50) on LINUX (J:17.0.13 FX:18)
19:46:47.441 [JavaFX Application Thread] DEBUG Engine               - JRE Vendor Name: Red Hat, Inc.
19:46:47.441 [JavaFX Application Thread] DEBUG Engine               - Running on OS: Linux version 6.11.6-200.fc40.x86_64
19:46:47.441 [JavaFX Application Thread] DEBUG Engine               - Architecture: amd64
19:46:47.442 [JavaFX Application Thread] INFO  Engine               - Source code and latest versions at: https://github.com/AlmasB/FXGL
19:46:47.442 [JavaFX Application Thread] INFO  Engine               -       Ask questions and discuss at: https://github.com/AlmasB/FXGL/discussions
19:46:47.442 [JavaFX Application Thread] INFO  Engine               -              Join the FXGL chat at: https://gitter.im/AlmasB/FXGL
19:46:47.556 [JavaFX Application Thread] DEBUG PrimaryStageWindow   - Creating a JavaFX scene
19:46:47.655 [JavaFX Application Thread] DEBUG PrimaryStageWindow   - Target settings size: 850.0 x 670.0
19:46:47.656 [JavaFX Application Thread] DEBUG PrimaryStageWindow   - Scaled scene size:    850.0 x 670.0
19:46:47.656 [JavaFX Application Thread] DEBUG PrimaryStageWindow   - Scaled ratio: (1.0, 1.0)
19:46:47.658 [JavaFX Application Thread] DEBUG PrimaryStageWindow   - Set initial scene to FXGLStartupScene
19:46:47.671 [JavaFX Application Thread] DEBUG PrimaryStageWindow   - Opening main window
19:46:47.736 [JavaFX Application Thread] DEBUG PrimaryStageWindow   - Window border size: (2.0, 29.0)
19:46:47.737 [JavaFX Application Thread] DEBUG PrimaryStageWindow   - Scaled size: 850.0 x 670.0
19:46:47.737 [JavaFX Application Thread] DEBUG PrimaryStageWindow   - Scaled ratio: (1.0, 1.0)
19:46:47.737 [JavaFX Application Thread] DEBUG PrimaryStageWindow   - Scene size: 850.0 x 670.0
19:46:47.738 [JavaFX Application Thread] DEBUG PrimaryStageWindow   - Stage size: 852.0 x 699.0
19:46:47.744 [FXGL Background Thread 1 ] DEBUG Engine               - Initializing environment variables
19:46:47.780 [FXGL Background Thread 1 ] DEBUG FXGLAssetLoaderServi - User app class for loading assets: class fxglapp.FXGLGameApp
19:46:47.781 [FXGL Background Thread 1 ] DEBUG GameApplicationServi - Applying CSS: fxgl_dark.css
19:46:47.782 [FXGL Background Thread 1 ] DEBUG FXGLAssetLoaderServi - Loading from file system: jar:file:/home/chris/.m2/repository/com/github/almasb/fxgl/17.2/fxgl-17.2.jar!/fxglassets/ui/css/fxgl_dark.css
19:46:47.846 [FXGL Background Thread 1 ] DEBUG GameApplicationServi - Initializing application scenes
19:46:47.906 [FXGL Background Thread 1 ] DEBUG GameWorld            - Game world initialized
19:46:47.950 [FXGL Background Thread 1 ] DEBUG PhysicsWorld         - Physics world initialized: appHeight=670, physics.ppm=50.0
19:46:47.951 [FXGL Background Thread 1 ] DEBUG PhysicsWorld         - Using strategy: BRUTE_FORCE
19:46:47.956 [FXGL Background Thread 1 ] DEBUG GameScene            - Game scene initialized: 850x670
19:46:47.970 [FXGL Background Thread 1 ] DEBUG FXGL.DefaultMenu     - createMenuBodyGameMenu()
19:46:47.985 [FXGL Background Thread 1 ] DEBUG FXGL.DefaultMenu     - createOptionsMenu()
19:46:47.998 [FXGL Background Thread 1 ] DEBUG FXGLAssetLoaderServi - Loading from file system: jar:file:/home/chris/.m2/repository/com/github/almasb/fxgl/17.2/fxgl-17.2.jar!/fxglassets/textures/particles/smoke.png
19:46:48.163 [FXGL Background Thread 1 ] DEBUG FXGLAssetLoaderServi - Loading from file system: jar:file:/home/chris/.m2/repository/com/github/almasb/fxgl/17.2/fxgl-17.2.jar!/fxglassets/textures/particles/trace_horizontal.png
19:46:48.216 [FXGL Background Thread 1 ] DEBUG GameApplicationServi - Application scenes initialized
19:46:48.234 [FXGL Background Thread 1 ] DEBUG SystemBundleService  - Loading FXGL system data
19:46:48.236 [FXGL Background Thread 1 ] DEBUG FileSystemAccess     - Reading from: /home/chris/IdeaProjects/RestaurantSimulator/system/fxgl.bundle
19:46:48.239 [FXGL Background Thread 1 ] DEBUG SystemBundleService  - Bundle FXGL: {}
19:46:48.239 [FXGL Background Thread 1 ] DEBUG UpdaterService       - Checking for updates
19:46:48.244 [FXGL Background Thread 4 ] DEBUG FXGLApplication      - Loading fonts
19:46:48.245 [FXGL Background Thread 4 ] DEBUG FXGLAssetLoaderServi - Loading from file system: jar:file:/home/chris/.m2/repository/com/github/almasb/fxgl/17.2/fxgl-17.2.jar!/fxglassets/ui/fonts/VarelaRound-Regular.ttf
19:46:48.245 [FXGL Background Thread 1 ] DEBUG FXGLApplication      - Loading default localization
19:46:48.247 [FXGL Background Thread 1 ] DEBUG FXGLAssetLoaderServi - Loading from file system: jar:file:/home/chris/.m2/repository/com/github/almasb/fxgl/17.2/fxgl-17.2.jar!/fxglassets/languages/english.lang
19:46:48.253 [FXGL Background Thread 4 ] DEBUG FXGLAssetLoaderServi - Loading from file system: jar:file:/home/chris/.m2/repository/com/github/almasb/fxgl/17.2/fxgl-17.2.jar!/fxglassets/ui/fonts/Abel-Regular.ttf
19:46:48.255 [FXGL Background Thread 4 ] DEBUG FXGLAssetLoaderServi - Loading from file system: jar:file:/home/chris/.m2/repository/com/github/almasb/fxgl/17.2/fxgl-17.2.jar!/fxglassets/ui/fonts/TerminalLandMono-Regular.otf
19:46:48.258 [FXGL Background Thread 4 ] DEBUG FXGLAssetLoaderServi - Loading from file system: jar:file:/home/chris/.m2/repository/com/github/almasb/fxgl/17.2/fxgl-17.2.jar!/fxglassets/ui/fonts/Courier-Prime.ttf
19:46:48.264 [JavaFX Application Thread] DEBUG FXGLApplication      - Registering font factories with UI factory
19:46:48.267 [FXGL Background Thread 1 ] INFO  FXGLApplication      - FXGL initialization took: 0.522 sec
19:46:48.268 [JavaFX Application Thread] DEBUG FXGLAssetLoaderServi - Loading from file system: jar:file:/home/chris/.m2/repository/com/github/almasb/fxgl/17.2/fxgl-17.2.jar!/fxglassets/textures/fxgl_icon.png
19:46:48.297 [JavaFX Application Thread] DEBUG FXGLAssetLoaderServi - Loading from file system: jar:file:/home/chris/.m2/repository/com/github/almasb/fxgl/17.2/fxgl-17.2.jar!/fxglassets/textures/fxgl_default_cursor.png
19:46:48.309 [JavaFX Application Thread] DEBUG Input                - Registered new binding: Screenshot - CTRL+8
19:46:48.310 [JavaFX Application Thread] DEBUG Input                - Registered new binding: System info dump - CTRL+9
19:46:48.311 [JavaFX Application Thread] DEBUG Input                - Registered new binding: Restart - CTRL+R
19:46:48.311 [JavaFX Application Thread] DEBUG Input                - Registered new binding: Toggle Debug Camera - CTRL+7
19:46:48.314 [JavaFX Application Thread] DEBUG LoopRunner           - Starting loop
19:46:48.314 [JavaFX Application Thread] DEBUG LoopRunner           - Initializing JavaFX AnimationTimerLoop
19:46:48.315 [JavaFX Application Thread] DEBUG GameApplicationServi - Starting new game
19:46:48.316 [JavaFX Application Thread] DEBUG Input                - Clearing active input actions
19:46:48.341 [JavaFX Application Thread] DEBUG GameApplicationServi - Removing overlay from FXGLStartupScene and adding to FXGLLoadingScene
19:46:48.341 [JavaFX Application Thread] DEBUG PrimaryStageWindow   - FXGLStartupScene -> FXGLLoadingScene
19:46:48.342 [JavaFX Application Thread] DEBUG GameApplicationServi - Clearing previous game
19:46:48.342 [JavaFX Application Thread] DEBUG GameScene            - Clearing game scene
19:46:48.342 [JavaFX Application Thread] DEBUG GameWorld            - Clearing game world
19:46:48.342 [JavaFX Application Thread] DEBUG PhysicsWorld         - Clearing physics world
19:46:48.345 [FXGL Background Thread 1 ] DEBUG FXGLApplication      - Initializing game
19:46:48.629 [FXGL Background Thread 1 ] INFO  FXGLApplication      - Game initialization took: 0.283 sec
19:46:48.632 [JavaFX Application Thread] DEBUG Input                - Clearing active input actions
19:46:48.661 [JavaFX Application Thread] DEBUG GameApplicationServi - Removing overlay from FXGLLoadingScene and adding to GameScene
19:46:48.662 [JavaFX Application Thread] DEBUG PrimaryStageWindow   - FXGLLoadingScene -> GameScene
19:46:48.795 [FXGL Background Thread 2 ] INFO  UpdaterService       - Your current version:  17.2
19:46:48.796 [FXGL Background Thread 2 ] INFO  UpdaterService       - Latest stable version: 21.1
19:46:51.242 [FXGL Background Thread 3 ] DEBUG Engine               - Logging environment variables
19:46:51.243 [FXGL Background Thread 3 ] DEBUG Engine               - achievements: []
19:46:51.244 [FXGL Background Thread 3 ] DEBUG Engine               - actualHeight: -28.0
19:46:51.244 [FXGL Background Thread 3 ] DEBUG Engine               - actualHeightProperty: ReadOnlyDoubleProperty [value: 677.0]
19:46:51.244 [FXGL Background Thread 3 ] DEBUG Engine               - actualWidth: -1.0
19:46:51.245 [FXGL Background Thread 3 ] DEBUG Engine               - actualWidthProperty: ReadOnlyDoubleProperty [value: 850.0]
19:46:51.245 [FXGL Background Thread 3 ] DEBUG Engine               - appIcon: fxgl_icon.png
19:46:51.245 [FXGL Background Thread 3 ] DEBUG Engine               - applicationMode: DEVELOPER
19:46:51.245 [FXGL Background Thread 3 ] DEBUG Engine               - cSSList: [fxgl_dark.css]
19:46:51.245 [FXGL Background Thread 3 ] DEBUG Engine               - collisionDetectionStrategy: BRUTE_FORCE
19:46:51.245 [FXGL Background Thread 3 ] DEBUG Engine               - configClass: Optional.empty
19:46:51.246 [FXGL Background Thread 3 ] DEBUG Engine               - credits: []
19:46:51.246 [FXGL Background Thread 3 ] DEBUG Engine               - defaultCursor: CursorInfo(imageName=fxgl_default_cursor.png, hotspotX=7.0, hotspotY=6.0)
19:46:51.247 [FXGL Background Thread 3 ] DEBUG Engine               - devBBoxColorProperty: ObjectProperty [value: 0xff0000ff]
19:46:51.247 [FXGL Background Thread 3 ] DEBUG Engine               - devEnableDebugCameraProperty: BooleanProperty [value: false]
19:46:51.248 [FXGL Background Thread 3 ] DEBUG Engine               - devSensorColorProperty: ObjectProperty [value: 0xffff00ff]
19:46:51.248 [FXGL Background Thread 3 ] DEBUG Engine               - devShowBBoxProperty: BooleanProperty [value: false]
19:46:51.248 [FXGL Background Thread 3 ] DEBUG Engine               - devShowPositionProperty: BooleanProperty [value: false]
19:46:51.248 [FXGL Background Thread 3 ] DEBUG Engine               - enabledMenuItems: []
19:46:51.249 [FXGL Background Thread 3 ] DEBUG Engine               - engineServices: [class com.almasb.fxgl.app.services.FXGLAssetLoaderService, class com.almasb.fxgl.app.FXGLApplication$GameApplicationService, class com.almasb.fxgl.app.services.FXGLDialogService, class com.almasb.fxgl.app.services.IOTaskExecutorService, class com.almasb.fxgl.io.FileSystemService, class com.almasb.fxgl.localization.LocalizationService, class com.almasb.fxgl.app.services.SystemBundleService, class com.almasb.fxgl.profile.SaveLoadService, class com.almasb.fxgl.ui.FXGLUIFactoryServiceProvider, class com.almasb.fxgl.ui.FXGLDialogFactoryServiceProvider, class com.almasb.fxgl.audio.AudioPlayer, class com.almasb.fxgl.notification.impl.NotificationServiceProvider, class com.almasb.fxgl.achievement.AchievementService, class com.almasb.fxgl.cutscene.CutsceneService, class com.almasb.fxgl.minigames.MiniGameService, class com.almasb.fxgl.net.NetService, class com.almasb.fxgl.app.services.UpdaterService, class com.almasb.fxgl.dev.DevService]
19:46:51.249 [FXGL Background Thread 3 ] DEBUG Engine               - fontGame: Abel-Regular.ttf
19:46:51.249 [FXGL Background Thread 3 ] DEBUG Engine               - fontMono: TerminalLandMono-Regular.otf
19:46:51.249 [FXGL Background Thread 3 ] DEBUG Engine               - fontText: Courier-Prime.ttf
19:46:51.250 [FXGL Background Thread 3 ] DEBUG Engine               - fontUI: VarelaRound-Regular.ttf
19:46:51.250 [FXGL Background Thread 3 ] DEBUG Engine               - fullScreen: BooleanProperty [value: false]
19:46:51.250 [FXGL Background Thread 3 ] DEBUG Engine               - gameDifficulty: MEDIUM
19:46:51.250 [FXGL Background Thread 3 ] DEBUG Engine               - gameDifficultyProperty: ObjectProperty [value: MEDIUM]
19:46:51.250 [FXGL Background Thread 3 ] DEBUG Engine               - globalMusicVolume: 0.5
19:46:51.251 [FXGL Background Thread 3 ] DEBUG Engine               - globalMusicVolumeProperty: DoubleProperty [value: 0.5]
19:46:51.251 [FXGL Background Thread 3 ] DEBUG Engine               - globalSoundVolume: 0.5
19:46:51.251 [FXGL Background Thread 3 ] DEBUG Engine               - globalSoundVolumeProperty: DoubleProperty [value: 0.5]
19:46:51.251 [FXGL Background Thread 3 ] DEBUG Engine               - height: 670
19:46:51.252 [FXGL Background Thread 3 ] DEBUG Engine               - is3D: false
19:46:51.252 [FXGL Background Thread 3 ] DEBUG Engine               - isAndroid: false
19:46:51.252 [FXGL Background Thread 3 ] DEBUG Engine               - isBrowser: false
19:46:51.252 [FXGL Background Thread 3 ] DEBUG Engine               - isClickFeedbackEnabled: false
19:46:51.253 [FXGL Background Thread 3 ] DEBUG Engine               - isCloseConfirmation: false
19:46:51.253 [FXGL Background Thread 3 ] DEBUG Engine               - isDesktop: true
19:46:51.253 [FXGL Background Thread 3 ] DEBUG Engine               - isDeveloperMenuEnabled: false
19:46:51.254 [FXGL Background Thread 3 ] DEBUG Engine               - isEmbedded: false
19:46:51.254 [FXGL Background Thread 3 ] DEBUG Engine               - isEntityPreloadEnabled: true
19:46:51.254 [FXGL Background Thread 3 ] DEBUG Engine               - isExperimentalTiledLargeMap: false
19:46:51.255 [FXGL Background Thread 3 ] DEBUG Engine               - isFileSystemWriteAllowed: true
19:46:51.255 [FXGL Background Thread 3 ] DEBUG Engine               - isFullScreenAllowed: false
19:46:51.255 [FXGL Background Thread 3 ] DEBUG Engine               - isFullScreenFromStart: false
19:46:51.256 [FXGL Background Thread 3 ] DEBUG Engine               - isGameMenuEnabled: true
19:46:51.256 [FXGL Background Thread 3 ] DEBUG Engine               - isIOS: false
19:46:51.256 [FXGL Background Thread 3 ] DEBUG Engine               - isIntroEnabled: false
19:46:51.257 [FXGL Background Thread 3 ] DEBUG Engine               - isLinux: true
19:46:51.257 [FXGL Background Thread 3 ] DEBUG Engine               - isMac: false
19:46:51.257 [FXGL Background Thread 3 ] DEBUG Engine               - isMainMenuEnabled: false
19:46:51.258 [FXGL Background Thread 3 ] DEBUG Engine               - isManualResizeEnabled: false
19:46:51.258 [FXGL Background Thread 3 ] DEBUG Engine               - isMobile: false
19:46:51.258 [FXGL Background Thread 3 ] DEBUG Engine               - isNative: false
19:46:51.258 [FXGL Background Thread 3 ] DEBUG Engine               - isPauseMusicWhenMinimized: true
19:46:51.259 [FXGL Background Thread 3 ] DEBUG Engine               - isPreserveResizeRatio: false
19:46:51.259 [FXGL Background Thread 3 ] DEBUG Engine               - isProfilingEnabled: false
19:46:51.259 [FXGL Background Thread 3 ] DEBUG Engine               - isScaleAffectedOnResize: true
19:46:51.260 [FXGL Background Thread 3 ] DEBUG Engine               - isSingleStep: false
19:46:51.260 [FXGL Background Thread 3 ] DEBUG Engine               - isUserProfileEnabled: false
19:46:51.260 [FXGL Background Thread 3 ] DEBUG Engine               - isWindows: false
19:46:51.260 [FXGL Background Thread 3 ] DEBUG Engine               - language: ObjectProperty [value: ENGLISH]
19:46:51.260 [FXGL Background Thread 3 ] DEBUG Engine               - menuKey: ESCAPE
19:46:51.260 [FXGL Background Thread 3 ] DEBUG Engine               - mouseSensitivity: 0.2
19:46:51.261 [FXGL Background Thread 3 ] DEBUG Engine               - notificationViewClass: class com.almasb.fxgl.notification.view.XboxNotificationView
19:46:51.261 [FXGL Background Thread 3 ] DEBUG Engine               - pixelsPerMeter: 50.0
19:46:51.261 [FXGL Background Thread 3 ] DEBUG Engine               - platform: LINUX
19:46:51.261 [FXGL Background Thread 3 ] DEBUG Engine               - prefHeightProperty: ReadOnlyDoubleProperty [value: 670.0]
19:46:51.262 [FXGL Background Thread 3 ] DEBUG Engine               - prefWidthProperty: ReadOnlyDoubleProperty [value: 850.0]
19:46:51.262 [FXGL Background Thread 3 ] DEBUG Engine               - profileDir: profiles/
19:46:51.262 [FXGL Background Thread 3 ] DEBUG Engine               - profileName: StringProperty [value: DEFAULT]
19:46:51.262 [FXGL Background Thread 3 ] DEBUG Engine               - randomSeed: -1
19:46:51.263 [FXGL Background Thread 3 ] DEBUG Engine               - runtimeInfo: RuntimeInfo(platform=LINUX, version=17.2, build=20.08.2022 16.50)
19:46:51.263 [FXGL Background Thread 3 ] DEBUG Engine               - saveFileExt: sav
19:46:51.263 [FXGL Background Thread 3 ] DEBUG Engine               - scaledHeightProp$fxgl: DoubleProperty [bound, value: 677.0]
19:46:51.263 [FXGL Background Thread 3 ] DEBUG Engine               - scaledWidthProp$fxgl: DoubleProperty [bound, value: 850.0]
19:46:51.264 [FXGL Background Thread 3 ] DEBUG Engine               - sceneFactory: com.almasb.fxgl.app.scene.SceneFactory@5b3b882
19:46:51.264 [FXGL Background Thread 3 ] DEBUG Engine               - secondsIn24h: 60
19:46:51.264 [FXGL Background Thread 3 ] DEBUG Engine               - soundMenuBack: menu/back.wav
19:46:51.264 [FXGL Background Thread 3 ] DEBUG Engine               - soundMenuPress: menu/press.wav
19:46:51.265 [FXGL Background Thread 3 ] DEBUG Engine               - soundMenuSelect: menu/select.wav
19:46:51.265 [FXGL Background Thread 3 ] DEBUG Engine               - soundNotification: core/notification.wav
19:46:51.265 [FXGL Background Thread 3 ] DEBUG Engine               - stageStyle: DECORATED
19:46:51.265 [FXGL Background Thread 3 ] DEBUG Engine               - supportedLanguages: [ENGLISH, FRENCH, GERMAN, HUNGARIAN, RUSSIAN]
19:46:51.265 [FXGL Background Thread 3 ] DEBUG Engine               - ticksPerSecond: -1
19:46:51.266 [FXGL Background Thread 3 ] DEBUG Engine               - title: Restaurant Game
19:46:51.266 [FXGL Background Thread 3 ] DEBUG Engine               - urlGithub: https://github.com/AlmasB/FXGL
19:46:51.266 [FXGL Background Thread 3 ] DEBUG Engine               - urlLeaderboard: http://fxgl-top.herokuapp.com/
19:46:51.266 [FXGL Background Thread 3 ] DEBUG Engine               - urlPOM: https://raw.githubusercontent.com/AlmasB/FXGL/release/README.md
19:46:51.267 [FXGL Background Thread 3 ] DEBUG Engine               - userAppClass: class fxglapp.FXGLGameApp
19:46:51.267 [FXGL Background Thread 3 ] DEBUG Engine               - version: 0.0
19:46:51.267 [FXGL Background Thread 3 ] DEBUG Engine               - versionCheckDays: 7
19:46:51.268 [FXGL Background Thread 3 ] DEBUG Engine               - width: 850
19:46:51.268 [FXGL Background Thread 3 ] DEBUG Engine               - Logging services
19:46:51.268 [FXGL Background Thread 3 ] DEBUG Engine               - class com.almasb.fxgl.app.services.FXGLAssetLoaderService
19:46:51.268 [FXGL Background Thread 3 ] DEBUG Engine               - class com.almasb.fxgl.app.FXGLApplication$GameApplicationService
19:46:51.268 [FXGL Background Thread 3 ] DEBUG Engine               - class com.almasb.fxgl.app.services.FXGLDialogService
19:46:51.268 [FXGL Background Thread 3 ] DEBUG Engine               - class com.almasb.fxgl.app.services.IOTaskExecutorService
19:46:51.268 [FXGL Background Thread 3 ] DEBUG Engine               - class com.almasb.fxgl.io.FileSystemService
19:46:51.269 [FXGL Background Thread 3 ] DEBUG Engine               - class com.almasb.fxgl.localization.LocalizationService
19:46:51.269 [FXGL Background Thread 3 ] DEBUG Engine               - class com.almasb.fxgl.app.services.SystemBundleService
19:46:51.269 [FXGL Background Thread 3 ] DEBUG Engine               - class com.almasb.fxgl.profile.SaveLoadService
19:46:51.269 [FXGL Background Thread 3 ] DEBUG Engine               - class com.almasb.fxgl.ui.FXGLUIFactoryServiceProvider
19:46:51.269 [FXGL Background Thread 3 ] DEBUG Engine               - class com.almasb.fxgl.ui.FXGLDialogFactoryServiceProvider
19:46:51.269 [FXGL Background Thread 3 ] DEBUG Engine               - class com.almasb.fxgl.audio.AudioPlayer
19:46:51.270 [FXGL Background Thread 3 ] DEBUG Engine               - class com.almasb.fxgl.notification.impl.NotificationServiceProvider
19:46:51.270 [FXGL Background Thread 3 ] DEBUG Engine               - class com.almasb.fxgl.achievement.AchievementService
19:46:51.270 [FXGL Background Thread 3 ] DEBUG Engine               - class com.almasb.fxgl.cutscene.CutsceneService
19:46:51.270 [FXGL Background Thread 3 ] DEBUG Engine               - class com.almasb.fxgl.minigames.MiniGameService
19:46:51.270 [FXGL Background Thread 3 ] DEBUG Engine               - class com.almasb.fxgl.net.NetService
19:46:51.271 [FXGL Background Thread 3 ] DEBUG Engine               - class com.almasb.fxgl.app.services.UpdaterService
19:46:51.271 [FXGL Background Thread 3 ] DEBUG Engine               - class com.almasb.fxgl.dev.DevService
19:46:54.521 [JavaFX Application Thread] DEBUG FXGLApplication      - Exiting FXGL
19:46:54.522 [JavaFX Application Thread] DEBUG LoopRunner           - Stopping loop
19:46:54.522 [JavaFX Application Thread] DEBUG SystemBundleService  - Saving FXGL system data
19:46:54.525 [JavaFX Application Thread] DEBUG FileSystemAccess     - Writing to: /home/chris/IdeaProjects/RestaurantSimulator/system/fxgl.bundle
19:46:54.526 [JavaFX Application Thread] DEBUG Async                - Shutting down background threads
19:46:54.527 [JavaFX Application Thread] DEBUG PrimaryStageWindow   - Closing main window
19:46:54.538 [JavaFX Application Thread] DEBUG Logger               - Closing Logger
