01:05:31.323 [main                     ] DEBUG Logger               - Configured Logger
01:05:31.340 [main                     ] DEBUG GameApplication      - Logging settings
Title: Restaurant Game
Version: 0.0
Width: 850
Height: 670
Fullscreen: false
Intro: false
Profiling: false
Single step:false
App Mode: DEVELOPER
Menu Key: ESCAPE
Stage Style: DECORATED
Scene Factory: class com.almasb.fxgl.app.scene.SceneFactory

01:05:31.592 [JavaFX Application Thread] DEBUG FXGLApplication      - Initializing FXGL
01:05:31.597 [JavaFX Application Thread] INFO  Engine               - FXGL-17.2 (20.08.2022 16.50) on LINUX (J:17.0.13 FX:18)
01:05:31.598 [JavaFX Application Thread] DEBUG Engine               - JRE Vendor Name: Red Hat, Inc.
01:05:31.598 [JavaFX Application Thread] DEBUG Engine               - Running on OS: Linux version 6.11.6-200.fc40.x86_64
01:05:31.598 [JavaFX Application Thread] DEBUG Engine               - Architecture: amd64
01:05:31.598 [JavaFX Application Thread] INFO  Engine               - Source code and latest versions at: https://github.com/AlmasB/FXGL
01:05:31.599 [JavaFX Application Thread] INFO  Engine               -       Ask questions and discuss at: https://github.com/AlmasB/FXGL/discussions
01:05:31.599 [JavaFX Application Thread] INFO  Engine               -              Join the FXGL chat at: https://gitter.im/AlmasB/FXGL
01:05:31.659 [JavaFX Application Thread] DEBUG PrimaryStageWindow   - Creating a JavaFX scene
01:05:31.702 [JavaFX Application Thread] DEBUG PrimaryStageWindow   - Target settings size: 850.0 x 670.0
01:05:31.702 [JavaFX Application Thread] DEBUG PrimaryStageWindow   - Scaled scene size:    850.0 x 670.0
01:05:31.703 [JavaFX Application Thread] DEBUG PrimaryStageWindow   - Scaled ratio: (1.0, 1.0)
01:05:31.703 [JavaFX Application Thread] DEBUG PrimaryStageWindow   - Set initial scene to FXGLStartupScene
01:05:31.707 [JavaFX Application Thread] DEBUG PrimaryStageWindow   - Opening main window
01:05:31.729 [JavaFX Application Thread] DEBUG PrimaryStageWindow   - Window border size: (2.0, 29.0)
01:05:31.729 [JavaFX Application Thread] DEBUG PrimaryStageWindow   - Scaled size: 850.0 x 670.0
01:05:31.729 [JavaFX Application Thread] DEBUG PrimaryStageWindow   - Scaled ratio: (1.0, 1.0)
01:05:31.729 [JavaFX Application Thread] DEBUG PrimaryStageWindow   - Scene size: 850.0 x 670.0
01:05:31.729 [JavaFX Application Thread] DEBUG PrimaryStageWindow   - Stage size: 852.0 x 699.0
01:05:31.732 [FXGL Background Thread 1 ] DEBUG Engine               - Initializing environment variables
01:05:31.745 [FXGL Background Thread 1 ] DEBUG FXGLAssetLoaderServi - User app class for loading assets: class fxglapp.FXGLGameApp
01:05:31.746 [FXGL Background Thread 1 ] DEBUG GameApplicationServi - Applying CSS: fxgl_dark.css
01:05:31.746 [FXGL Background Thread 1 ] DEBUG FXGLAssetLoaderServi - Loading from file system: jar:file:/home/chris/.m2/repository/com/github/almasb/fxgl/17.2/fxgl-17.2.jar!/fxglassets/ui/css/fxgl_dark.css
01:05:31.775 [FXGL Background Thread 1 ] DEBUG GameApplicationServi - Initializing application scenes
01:05:31.804 [FXGL Background Thread 1 ] DEBUG GameWorld            - Game world initialized
01:05:31.829 [FXGL Background Thread 1 ] DEBUG PhysicsWorld         - Physics world initialized: appHeight=670, physics.ppm=50.0
01:05:31.829 [FXGL Background Thread 1 ] DEBUG PhysicsWorld         - Using strategy: BRUTE_FORCE
01:05:31.832 [FXGL Background Thread 1 ] DEBUG GameScene            - Game scene initialized: 850x670
01:05:31.840 [FXGL Background Thread 1 ] DEBUG FXGL.DefaultMenu     - createMenuBodyGameMenu()
01:05:31.848 [FXGL Background Thread 1 ] DEBUG FXGL.DefaultMenu     - createOptionsMenu()
01:05:31.855 [FXGL Background Thread 1 ] DEBUG FXGLAssetLoaderServi - Loading from file system: jar:file:/home/chris/.m2/repository/com/github/almasb/fxgl/17.2/fxgl-17.2.jar!/fxglassets/textures/particles/smoke.png
01:05:31.907 [FXGL Background Thread 1 ] DEBUG FXGLAssetLoaderServi - Loading from file system: jar:file:/home/chris/.m2/repository/com/github/almasb/fxgl/17.2/fxgl-17.2.jar!/fxglassets/textures/particles/trace_horizontal.png
01:05:31.922 [FXGL Background Thread 1 ] DEBUG GameApplicationServi - Application scenes initialized
01:05:31.929 [FXGL Background Thread 1 ] DEBUG SystemBundleService  - Loading FXGL system data
01:05:31.930 [FXGL Background Thread 1 ] DEBUG FileSystemAccess     - Reading from: /home/chris/IdeaProjects/RestaurantSimulator/system/fxgl.bundle
01:05:31.932 [FXGL Background Thread 1 ] DEBUG SystemBundleService  - Bundle FXGL: {}
01:05:31.932 [FXGL Background Thread 1 ] DEBUG UpdaterService       - Checking for updates
01:05:31.935 [FXGL Background Thread 4 ] DEBUG FXGLApplication      - Loading fonts
01:05:31.935 [FXGL Background Thread 1 ] DEBUG FXGLApplication      - Loading default localization
01:05:31.935 [FXGL Background Thread 4 ] DEBUG FXGLAssetLoaderServi - Loading from file system: jar:file:/home/chris/.m2/repository/com/github/almasb/fxgl/17.2/fxgl-17.2.jar!/fxglassets/ui/fonts/VarelaRound-Regular.ttf
01:05:31.935 [FXGL Background Thread 1 ] DEBUG FXGLAssetLoaderServi - Loading from file system: jar:file:/home/chris/.m2/repository/com/github/almasb/fxgl/17.2/fxgl-17.2.jar!/fxglassets/languages/english.lang
01:05:31.938 [FXGL Background Thread 4 ] DEBUG FXGLAssetLoaderServi - Loading from file system: jar:file:/home/chris/.m2/repository/com/github/almasb/fxgl/17.2/fxgl-17.2.jar!/fxglassets/ui/fonts/Abel-Regular.ttf
01:05:31.939 [FXGL Background Thread 4 ] DEBUG FXGLAssetLoaderServi - Loading from file system: jar:file:/home/chris/.m2/repository/com/github/almasb/fxgl/17.2/fxgl-17.2.jar!/fxglassets/ui/fonts/TerminalLandMono-Regular.otf
01:05:31.940 [FXGL Background Thread 4 ] DEBUG FXGLAssetLoaderServi - Loading from file system: jar:file:/home/chris/.m2/repository/com/github/almasb/fxgl/17.2/fxgl-17.2.jar!/fxglassets/ui/fonts/Courier-Prime.ttf
01:05:31.942 [JavaFX Application Thread] DEBUG FXGLApplication      - Registering font factories with UI factory
01:05:31.944 [FXGL Background Thread 1 ] INFO  FXGLApplication      - FXGL initialization took: 0.212 sec
01:05:31.945 [JavaFX Application Thread] DEBUG FXGLAssetLoaderServi - Loading from file system: jar:file:/home/chris/.m2/repository/com/github/almasb/fxgl/17.2/fxgl-17.2.jar!/fxglassets/textures/fxgl_icon.png
01:05:31.961 [JavaFX Application Thread] DEBUG FXGLAssetLoaderServi - Loading from file system: jar:file:/home/chris/.m2/repository/com/github/almasb/fxgl/17.2/fxgl-17.2.jar!/fxglassets/textures/fxgl_default_cursor.png
01:05:31.970 [JavaFX Application Thread] DEBUG Input                - Registered new binding: Screenshot - CTRL+8
01:05:31.970 [JavaFX Application Thread] DEBUG Input                - Registered new binding: System info dump - CTRL+9
01:05:31.970 [JavaFX Application Thread] DEBUG Input                - Registered new binding: Restart - CTRL+R
01:05:31.971 [JavaFX Application Thread] DEBUG Input                - Registered new binding: Toggle Debug Camera - CTRL+7
01:05:31.976 [JavaFX Application Thread] DEBUG LoopRunner           - Starting loop
01:05:31.976 [JavaFX Application Thread] DEBUG LoopRunner           - Initializing JavaFX AnimationTimerLoop
01:05:31.978 [JavaFX Application Thread] DEBUG GameApplicationServi - Starting new game
01:05:31.979 [JavaFX Application Thread] DEBUG Input                - Clearing active input actions
01:05:31.989 [JavaFX Application Thread] DEBUG GameApplicationServi - Removing overlay from FXGLStartupScene and adding to FXGLLoadingScene
01:05:31.989 [JavaFX Application Thread] DEBUG PrimaryStageWindow   - FXGLStartupScene -> FXGLLoadingScene
01:05:31.990 [JavaFX Application Thread] DEBUG GameApplicationServi - Clearing previous game
01:05:31.990 [JavaFX Application Thread] DEBUG GameScene            - Clearing game scene
01:05:31.990 [JavaFX Application Thread] DEBUG GameWorld            - Clearing game world
01:05:31.991 [JavaFX Application Thread] DEBUG PhysicsWorld         - Clearing physics world
01:05:31.993 [FXGL Background Thread 1 ] DEBUG FXGLApplication      - Initializing game
01:05:32.098 [JavaFX Application Thread] DEBUG LoopRunner           - Stopping loop
01:05:32.099 [JavaFX Application Thread] FATAL FXGLApplication      - Uncaught Exception:
java.lang.RuntimeException: Initialization failed
	at com.almasb.fxgl.app.FXGLApplication$InitAppTask.failed(FXGLApplication.kt:343)
	at javafx.concurrent.Task.setState(Task.java:710)
	at javafx.concurrent.Task$TaskCallable.lambda$call$2(Task.java:1456)
	at com.sun.javafx.application.PlatformImpl.lambda$runLater$10(PlatformImpl.java:457)
	at java.base/java.security.AccessController.doPrivileged(AccessController.java:399)
	at com.sun.javafx.application.PlatformImpl.lambda$runLater$11(PlatformImpl.java:456)
	at com.sun.glass.ui.InvokeLaterDispatcher$Future.run(InvokeLaterDispatcher.java:96)
	at com.sun.glass.ui.gtk.GtkApplication._runLoop(Native Method)
	at com.sun.glass.ui.gtk.GtkApplication.lambda$runLoop$11(GtkApplication.java:316)
	at java.base/java.lang.Thread.run(Thread.java:840)
Caused by: java.lang.NullPointerException: Cannot invoke "com.almasb.fxgl.entity.Entity.setPosition(javafx.geometry.Point2D)" because "entity" is null
	at fxglapp.FXGLGameApp.moveEntityTo(FXGLGameApp.java:121)
	at fxglapp.FXGLGameApp.initGame(FXGLGameApp.java:140)
	at com.almasb.fxgl.app.FXGLApplication$InitAppTask.initGame(FXGLApplication.kt:339)
	at com.almasb.fxgl.app.FXGLApplication$InitAppTask.call(FXGLApplication.kt:319)
	at com.almasb.fxgl.app.FXGLApplication$InitAppTask.call(FXGLApplication.kt:311)
	at javafx.concurrent.Task$TaskCallable.call(Task.java:1426)
	at java.base/java.util.concurrent.FutureTask.run(FutureTask.java:264)
	at java.base/java.util.concurrent.Executors$RunnableAdapter.call(Executors.java:539)
	at java.base/java.util.concurrent.FutureTask.run(FutureTask.java:264)
	at java.base/java.util.concurrent.ThreadPoolExecutor.runWorker(ThreadPoolExecutor.java:1136)
	at java.base/java.util.concurrent.ThreadPoolExecutor$Worker.run(ThreadPoolExecutor.java:635)
	... 1 more

01:05:32.099 [JavaFX Application Thread] FATAL FXGLApplication      - Application will now exit
01:05:32.113 [JavaFX Application Thread] DEBUG PrimaryStageWindow   - Push state: ErrorSubScene
01:05:32.113 [JavaFX Application Thread] DEBUG Input                - Clearing active input actions
01:05:32.116 [JavaFX Application Thread] DEBUG GameApplicationServi - Removing overlay from FXGLLoadingScene and adding to ErrorSubScene
01:05:32.116 [JavaFX Application Thread] DEBUG PrimaryStageWindow   - FXGLLoadingScene -> ErrorSubScene
01:05:32.258 [FXGL Background Thread 2 ] INFO  UpdaterService       - Your current version:  17.2
01:05:32.258 [FXGL Background Thread 2 ] INFO  UpdaterService       - Latest stable version: 21.1
01:05:34.507 [JavaFX Application Thread] DEBUG FXGLApplication      - Exiting FXGL
01:05:34.507 [JavaFX Application Thread] DEBUG Async                - Shutting down background threads
01:05:34.508 [JavaFX Application Thread] DEBUG PrimaryStageWindow   - Closing main window
01:05:34.510 [JavaFX Application Thread] DEBUG Logger               - Closing Logger
