23:27:29.810 [main                     ] DEBUG Logger               - Configured Logger
23:27:29.847 [main                     ] DEBUG GameApplication      - Logging settings
Title: Restaurant Game
Version: 0.0
Width: 850
Height: 670
Fullscreen: false
Intro: false
Profiling: false
Single step:false
App Mode: DEVELOPER
Menu Key: ESCAPE
Stage Style: DECORATED
Scene Factory: class com.almasb.fxgl.app.scene.SceneFactory

23:27:30.282 [JavaFX Application Thread] DEBUG FXGLApplication      - Initializing FXGL
23:27:30.291 [JavaFX Application Thread] INFO  Engine               - FXGL-17.2 (20.08.2022 16.50) on LINUX (J:17.0.13 FX:18)
23:27:30.292 [JavaFX Application Thread] DEBUG Engine               - JRE Vendor Name: Red Hat, Inc.
23:27:30.293 [JavaFX Application Thread] DEBUG Engine               - Running on OS: Linux version 6.11.6-200.fc40.x86_64
23:27:30.293 [JavaFX Application Thread] DEBUG Engine               - Architecture: amd64
23:27:30.293 [JavaFX Application Thread] INFO  Engine               - Source code and latest versions at: https://github.com/AlmasB/FXGL
23:27:30.293 [JavaFX Application Thread] INFO  Engine               -       Ask questions and discuss at: https://github.com/AlmasB/FXGL/discussions
23:27:30.294 [JavaFX Application Thread] INFO  Engine               -              Join the FXGL chat at: https://gitter.im/AlmasB/FXGL
23:27:30.389 [JavaFX Application Thread] DEBUG PrimaryStageWindow   - Creating a JavaFX scene
23:27:30.473 [JavaFX Application Thread] DEBUG PrimaryStageWindow   - Target settings size: 850.0 x 670.0
23:27:30.473 [JavaFX Application Thread] DEBUG PrimaryStageWindow   - Scaled scene size:    850.0 x 670.0
23:27:30.473 [JavaFX Application Thread] DEBUG PrimaryStageWindow   - Scaled ratio: (1.0, 1.0)
23:27:30.475 [JavaFX Application Thread] DEBUG PrimaryStageWindow   - Set initial scene to FXGLStartupScene
23:27:30.483 [JavaFX Application Thread] DEBUG PrimaryStageWindow   - Opening main window
23:27:30.528 [JavaFX Application Thread] DEBUG PrimaryStageWindow   - Window border size: (2.0, 29.0)
23:27:30.528 [JavaFX Application Thread] DEBUG PrimaryStageWindow   - Scaled size: 850.0 x 670.0
23:27:30.529 [JavaFX Application Thread] DEBUG PrimaryStageWindow   - Scaled ratio: (1.0, 1.0)
23:27:30.529 [JavaFX Application Thread] DEBUG PrimaryStageWindow   - Scene size: 850.0 x 670.0
23:27:30.530 [JavaFX Application Thread] DEBUG PrimaryStageWindow   - Stage size: 852.0 x 699.0
23:27:30.537 [FXGL Background Thread 1 ] DEBUG Engine               - Initializing environment variables
23:27:30.572 [FXGL Background Thread 1 ] DEBUG FXGLAssetLoaderServi - User app class for loading assets: class fxglapp.FXGLGameApp
23:27:30.573 [FXGL Background Thread 1 ] DEBUG GameApplicationServi - Applying CSS: fxgl_dark.css
23:27:30.574 [FXGL Background Thread 1 ] DEBUG FXGLAssetLoaderServi - Loading from file system: jar:file:/home/chris/.m2/repository/com/github/almasb/fxgl/17.2/fxgl-17.2.jar!/fxglassets/ui/css/fxgl_dark.css
23:27:30.616 [FXGL Background Thread 1 ] DEBUG GameApplicationServi - Initializing application scenes
23:27:30.657 [FXGL Background Thread 1 ] DEBUG GameWorld            - Game world initialized
23:27:30.699 [FXGL Background Thread 1 ] DEBUG PhysicsWorld         - Physics world initialized: appHeight=670, physics.ppm=50.0
23:27:30.699 [FXGL Background Thread 1 ] DEBUG PhysicsWorld         - Using strategy: BRUTE_FORCE
23:27:30.704 [FXGL Background Thread 1 ] DEBUG GameScene            - Game scene initialized: 850x670
23:27:30.717 [FXGL Background Thread 1 ] DEBUG FXGL.DefaultMenu     - createMenuBodyGameMenu()
23:27:30.732 [FXGL Background Thread 1 ] DEBUG FXGL.DefaultMenu     - createOptionsMenu()
23:27:30.742 [FXGL Background Thread 1 ] DEBUG FXGLAssetLoaderServi - Loading from file system: jar:file:/home/chris/.m2/repository/com/github/almasb/fxgl/17.2/fxgl-17.2.jar!/fxglassets/textures/particles/smoke.png
23:27:30.837 [FXGL Background Thread 1 ] DEBUG FXGLAssetLoaderServi - Loading from file system: jar:file:/home/chris/.m2/repository/com/github/almasb/fxgl/17.2/fxgl-17.2.jar!/fxglassets/textures/particles/trace_horizontal.png
23:27:30.873 [FXGL Background Thread 1 ] DEBUG GameApplicationServi - Application scenes initialized
23:27:30.884 [FXGL Background Thread 1 ] DEBUG SystemBundleService  - Loading FXGL system data
23:27:30.885 [FXGL Background Thread 1 ] DEBUG FileSystemAccess     - Reading from: /home/chris/IdeaProjects/RestaurantSimulator/system/fxgl.bundle
23:27:30.888 [FXGL Background Thread 1 ] DEBUG SystemBundleService  - Bundle FXGL: {}
23:27:30.888 [FXGL Background Thread 1 ] DEBUG UpdaterService       - Checking for updates
23:27:30.892 [FXGL Background Thread 4 ] DEBUG FXGLApplication      - Loading fonts
23:27:30.893 [FXGL Background Thread 1 ] DEBUG FXGLApplication      - Loading default localization
23:27:30.893 [FXGL Background Thread 4 ] DEBUG FXGLAssetLoaderServi - Loading from file system: jar:file:/home/chris/.m2/repository/com/github/almasb/fxgl/17.2/fxgl-17.2.jar!/fxglassets/ui/fonts/VarelaRound-Regular.ttf
23:27:30.893 [FXGL Background Thread 1 ] DEBUG FXGLAssetLoaderServi - Loading from file system: jar:file:/home/chris/.m2/repository/com/github/almasb/fxgl/17.2/fxgl-17.2.jar!/fxglassets/languages/english.lang
23:27:30.900 [FXGL Background Thread 4 ] DEBUG FXGLAssetLoaderServi - Loading from file system: jar:file:/home/chris/.m2/repository/com/github/almasb/fxgl/17.2/fxgl-17.2.jar!/fxglassets/ui/fonts/Abel-Regular.ttf
23:27:30.903 [FXGL Background Thread 4 ] DEBUG FXGLAssetLoaderServi - Loading from file system: jar:file:/home/chris/.m2/repository/com/github/almasb/fxgl/17.2/fxgl-17.2.jar!/fxglassets/ui/fonts/TerminalLandMono-Regular.otf
23:27:30.906 [FXGL Background Thread 4 ] DEBUG FXGLAssetLoaderServi - Loading from file system: jar:file:/home/chris/.m2/repository/com/github/almasb/fxgl/17.2/fxgl-17.2.jar!/fxglassets/ui/fonts/Courier-Prime.ttf
23:27:30.908 [FXGL Background Thread 1 ] INFO  FXGLApplication      - FXGL initialization took: 0.371 sec
23:27:30.909 [JavaFX Application Thread] DEBUG FXGLAssetLoaderServi - Loading from file system: jar:file:/home/chris/.m2/repository/com/github/almasb/fxgl/17.2/fxgl-17.2.jar!/fxglassets/textures/fxgl_icon.png
23:27:30.938 [JavaFX Application Thread] DEBUG FXGLAssetLoaderServi - Loading from file system: jar:file:/home/chris/.m2/repository/com/github/almasb/fxgl/17.2/fxgl-17.2.jar!/fxglassets/textures/fxgl_default_cursor.png
23:27:30.954 [JavaFX Application Thread] DEBUG Input                - Registered new binding: Screenshot - CTRL+8
23:27:30.955 [JavaFX Application Thread] DEBUG Input                - Registered new binding: System info dump - CTRL+9
23:27:30.956 [JavaFX Application Thread] DEBUG Input                - Registered new binding: Restart - CTRL+R
23:27:30.957 [JavaFX Application Thread] DEBUG Input                - Registered new binding: Toggle Debug Camera - CTRL+7
23:27:30.960 [JavaFX Application Thread] DEBUG LoopRunner           - Starting loop
23:27:30.960 [JavaFX Application Thread] DEBUG LoopRunner           - Initializing JavaFX AnimationTimerLoop
23:27:30.962 [JavaFX Application Thread] DEBUG GameApplicationServi - Starting new game
23:27:30.963 [JavaFX Application Thread] DEBUG Input                - Clearing active input actions
23:27:30.987 [JavaFX Application Thread] DEBUG GameApplicationServi - Removing overlay from FXGLStartupScene and adding to FXGLLoadingScene
23:27:30.988 [JavaFX Application Thread] DEBUG PrimaryStageWindow   - FXGLStartupScene -> FXGLLoadingScene
23:27:30.988 [JavaFX Application Thread] DEBUG GameApplicationServi - Clearing previous game
23:27:30.989 [JavaFX Application Thread] DEBUG GameScene            - Clearing game scene
23:27:30.989 [JavaFX Application Thread] DEBUG GameWorld            - Clearing game world
23:27:30.989 [JavaFX Application Thread] DEBUG PhysicsWorld         - Clearing physics world
23:27:30.992 [FXGL Background Thread 4 ] DEBUG FXGLApplication      - Initializing game
23:27:30.992 [JavaFX Application Thread] DEBUG FXGLApplication      - Registering font factories with UI factory
23:27:31.183 [FXGL Background Thread 4 ] DEBUG FXGLAssetLoaderServi - Loading from file system: file:/home/chris/IdeaProjects/RestaurantSimulator/target/classes/assets/textures/cooker.png
23:27:31.190 [FXGL Background Thread 4 ] INFO  FXGLApplication      - Game initialization took: 0.198 sec
23:27:31.198 [JavaFX Application Thread] DEBUG Input                - Clearing active input actions
23:27:31.220 [JavaFX Application Thread] DEBUG GameApplicationServi - Removing overlay from FXGLLoadingScene and adding to GameScene
23:27:31.220 [JavaFX Application Thread] DEBUG PrimaryStageWindow   - FXGLLoadingScene -> GameScene
23:27:33.891 [FXGL Background Thread 3 ] DEBUG Engine               - Logging environment variables
23:27:33.892 [FXGL Background Thread 3 ] DEBUG Engine               - achievements: []
23:27:33.892 [FXGL Background Thread 3 ] DEBUG Engine               - actualHeight: -28.0
23:27:33.892 [FXGL Background Thread 3 ] DEBUG Engine               - actualHeightProperty: ReadOnlyDoubleProperty [value: 677.0]
23:27:33.893 [FXGL Background Thread 3 ] DEBUG Engine               - actualWidth: -1.0
23:27:33.893 [FXGL Background Thread 3 ] DEBUG Engine               - actualWidthProperty: ReadOnlyDoubleProperty [value: 850.0]
23:27:33.893 [FXGL Background Thread 3 ] DEBUG Engine               - appIcon: fxgl_icon.png
23:27:33.893 [FXGL Background Thread 3 ] DEBUG Engine               - applicationMode: DEVELOPER
23:27:33.893 [FXGL Background Thread 3 ] DEBUG Engine               - cSSList: [fxgl_dark.css]
23:27:33.894 [FXGL Background Thread 3 ] DEBUG Engine               - collisionDetectionStrategy: BRUTE_FORCE
23:27:33.894 [FXGL Background Thread 3 ] DEBUG Engine               - configClass: Optional.empty
23:27:33.894 [FXGL Background Thread 3 ] DEBUG Engine               - credits: []
23:27:33.895 [FXGL Background Thread 3 ] DEBUG Engine               - defaultCursor: CursorInfo(imageName=fxgl_default_cursor.png, hotspotX=7.0, hotspotY=6.0)
23:27:33.895 [FXGL Background Thread 3 ] DEBUG Engine               - devBBoxColorProperty: ObjectProperty [value: 0xff0000ff]
23:27:33.895 [FXGL Background Thread 3 ] DEBUG Engine               - devEnableDebugCameraProperty: BooleanProperty [value: false]
23:27:33.896 [FXGL Background Thread 3 ] DEBUG Engine               - devSensorColorProperty: ObjectProperty [value: 0xffff00ff]
23:27:33.896 [FXGL Background Thread 3 ] DEBUG Engine               - devShowBBoxProperty: BooleanProperty [value: false]
23:27:33.896 [FXGL Background Thread 3 ] DEBUG Engine               - devShowPositionProperty: BooleanProperty [value: false]
23:27:33.896 [FXGL Background Thread 3 ] DEBUG Engine               - enabledMenuItems: []
23:27:33.896 [FXGL Background Thread 3 ] DEBUG Engine               - engineServices: [class com.almasb.fxgl.app.services.FXGLAssetLoaderService, class com.almasb.fxgl.app.FXGLApplication$GameApplicationService, class com.almasb.fxgl.app.services.FXGLDialogService, class com.almasb.fxgl.app.services.IOTaskExecutorService, class com.almasb.fxgl.io.FileSystemService, class com.almasb.fxgl.localization.LocalizationService, class com.almasb.fxgl.app.services.SystemBundleService, class com.almasb.fxgl.profile.SaveLoadService, class com.almasb.fxgl.ui.FXGLUIFactoryServiceProvider, class com.almasb.fxgl.ui.FXGLDialogFactoryServiceProvider, class com.almasb.fxgl.audio.AudioPlayer, class com.almasb.fxgl.notification.impl.NotificationServiceProvider, class com.almasb.fxgl.achievement.AchievementService, class com.almasb.fxgl.cutscene.CutsceneService, class com.almasb.fxgl.minigames.MiniGameService, class com.almasb.fxgl.net.NetService, class com.almasb.fxgl.app.services.UpdaterService, class com.almasb.fxgl.dev.DevService]
23:27:33.896 [FXGL Background Thread 3 ] DEBUG Engine               - fontGame: Abel-Regular.ttf
23:27:33.897 [FXGL Background Thread 3 ] DEBUG Engine               - fontMono: TerminalLandMono-Regular.otf
23:27:33.897 [FXGL Background Thread 3 ] DEBUG Engine               - fontText: Courier-Prime.ttf
23:27:33.897 [FXGL Background Thread 3 ] DEBUG Engine               - fontUI: VarelaRound-Regular.ttf
23:27:33.897 [FXGL Background Thread 3 ] DEBUG Engine               - fullScreen: BooleanProperty [value: false]
23:27:33.897 [FXGL Background Thread 3 ] DEBUG Engine               - gameDifficulty: MEDIUM
23:27:33.897 [FXGL Background Thread 3 ] DEBUG Engine               - gameDifficultyProperty: ObjectProperty [value: MEDIUM]
23:27:33.898 [FXGL Background Thread 3 ] DEBUG Engine               - globalMusicVolume: 0.5
23:27:33.898 [FXGL Background Thread 3 ] DEBUG Engine               - globalMusicVolumeProperty: DoubleProperty [value: 0.5]
23:27:33.898 [FXGL Background Thread 3 ] DEBUG Engine               - globalSoundVolume: 0.5
23:27:33.898 [FXGL Background Thread 3 ] DEBUG Engine               - globalSoundVolumeProperty: DoubleProperty [value: 0.5]
23:27:33.898 [FXGL Background Thread 3 ] DEBUG Engine               - height: 670
23:27:33.898 [FXGL Background Thread 3 ] DEBUG Engine               - is3D: false
23:27:33.899 [FXGL Background Thread 3 ] DEBUG Engine               - isAndroid: false
23:27:33.899 [FXGL Background Thread 3 ] DEBUG Engine               - isBrowser: false
23:27:33.899 [FXGL Background Thread 3 ] DEBUG Engine               - isClickFeedbackEnabled: false
23:27:33.899 [FXGL Background Thread 3 ] DEBUG Engine               - isCloseConfirmation: false
23:27:33.899 [FXGL Background Thread 3 ] DEBUG Engine               - isDesktop: true
23:27:33.899 [FXGL Background Thread 3 ] DEBUG Engine               - isDeveloperMenuEnabled: false
23:27:33.899 [FXGL Background Thread 3 ] DEBUG Engine               - isEmbedded: false
23:27:33.900 [FXGL Background Thread 3 ] DEBUG Engine               - isEntityPreloadEnabled: true
23:27:33.900 [FXGL Background Thread 3 ] DEBUG Engine               - isExperimentalTiledLargeMap: false
23:27:33.900 [FXGL Background Thread 3 ] DEBUG Engine               - isFileSystemWriteAllowed: true
23:27:33.900 [FXGL Background Thread 3 ] DEBUG Engine               - isFullScreenAllowed: false
23:27:33.900 [FXGL Background Thread 3 ] DEBUG Engine               - isFullScreenFromStart: false
23:27:33.900 [FXGL Background Thread 3 ] DEBUG Engine               - isGameMenuEnabled: true
23:27:33.900 [FXGL Background Thread 3 ] DEBUG Engine               - isIOS: false
23:27:33.901 [FXGL Background Thread 3 ] DEBUG Engine               - isIntroEnabled: false
23:27:33.901 [FXGL Background Thread 3 ] DEBUG Engine               - isLinux: true
23:27:33.901 [FXGL Background Thread 3 ] DEBUG Engine               - isMac: false
23:27:33.901 [FXGL Background Thread 3 ] DEBUG Engine               - isMainMenuEnabled: false
23:27:33.901 [FXGL Background Thread 3 ] DEBUG Engine               - isManualResizeEnabled: false
23:27:33.901 [FXGL Background Thread 3 ] DEBUG Engine               - isMobile: false
23:27:33.902 [FXGL Background Thread 3 ] DEBUG Engine               - isNative: false
23:27:33.902 [FXGL Background Thread 3 ] DEBUG Engine               - isPauseMusicWhenMinimized: true
23:27:33.902 [FXGL Background Thread 3 ] DEBUG Engine               - isPreserveResizeRatio: false
23:27:33.902 [FXGL Background Thread 3 ] DEBUG Engine               - isProfilingEnabled: false
23:27:33.902 [FXGL Background Thread 3 ] DEBUG Engine               - isScaleAffectedOnResize: true
23:27:33.903 [FXGL Background Thread 3 ] DEBUG Engine               - isSingleStep: false
23:27:33.903 [FXGL Background Thread 3 ] DEBUG Engine               - isUserProfileEnabled: false
23:27:33.903 [FXGL Background Thread 3 ] DEBUG Engine               - isWindows: false
23:27:33.903 [FXGL Background Thread 3 ] DEBUG Engine               - language: ObjectProperty [value: ENGLISH]
23:27:33.903 [FXGL Background Thread 3 ] DEBUG Engine               - menuKey: ESCAPE
23:27:33.904 [FXGL Background Thread 3 ] DEBUG Engine               - mouseSensitivity: 0.2
23:27:33.904 [FXGL Background Thread 3 ] DEBUG Engine               - notificationViewClass: class com.almasb.fxgl.notification.view.XboxNotificationView
23:27:33.904 [FXGL Background Thread 3 ] DEBUG Engine               - pixelsPerMeter: 50.0
23:27:33.904 [FXGL Background Thread 3 ] DEBUG Engine               - platform: LINUX
23:27:33.904 [FXGL Background Thread 3 ] DEBUG Engine               - prefHeightProperty: ReadOnlyDoubleProperty [value: 670.0]
23:27:33.904 [FXGL Background Thread 3 ] DEBUG Engine               - prefWidthProperty: ReadOnlyDoubleProperty [value: 850.0]
23:27:33.904 [FXGL Background Thread 3 ] DEBUG Engine               - profileDir: profiles/
23:27:33.905 [FXGL Background Thread 3 ] DEBUG Engine               - profileName: StringProperty [value: DEFAULT]
23:27:33.905 [FXGL Background Thread 3 ] DEBUG Engine               - randomSeed: -1
23:27:33.905 [FXGL Background Thread 3 ] DEBUG Engine               - runtimeInfo: RuntimeInfo(platform=LINUX, version=17.2, build=20.08.2022 16.50)
23:27:33.906 [FXGL Background Thread 3 ] DEBUG Engine               - saveFileExt: sav
23:27:33.906 [FXGL Background Thread 3 ] DEBUG Engine               - scaledHeightProp$fxgl: DoubleProperty [bound, value: 677.0]
23:27:33.906 [FXGL Background Thread 3 ] DEBUG Engine               - scaledWidthProp$fxgl: DoubleProperty [bound, value: 850.0]
23:27:33.906 [FXGL Background Thread 3 ] DEBUG Engine               - sceneFactory: com.almasb.fxgl.app.scene.SceneFactory@6984f58f
23:27:33.906 [FXGL Background Thread 3 ] DEBUG Engine               - secondsIn24h: 60
23:27:33.907 [FXGL Background Thread 3 ] DEBUG Engine               - soundMenuBack: menu/back.wav
23:27:33.907 [FXGL Background Thread 3 ] DEBUG Engine               - soundMenuPress: menu/press.wav
23:27:33.907 [FXGL Background Thread 3 ] DEBUG Engine               - soundMenuSelect: menu/select.wav
23:27:33.907 [FXGL Background Thread 3 ] DEBUG Engine               - soundNotification: core/notification.wav
23:27:33.907 [FXGL Background Thread 3 ] DEBUG Engine               - stageStyle: DECORATED
23:27:33.907 [FXGL Background Thread 3 ] DEBUG Engine               - supportedLanguages: [ENGLISH, FRENCH, GERMAN, HUNGARIAN, RUSSIAN]
23:27:33.908 [FXGL Background Thread 3 ] DEBUG Engine               - ticksPerSecond: -1
23:27:33.908 [FXGL Background Thread 3 ] DEBUG Engine               - title: Restaurant Game
23:27:33.908 [FXGL Background Thread 3 ] DEBUG Engine               - urlGithub: https://github.com/AlmasB/FXGL
23:27:33.908 [FXGL Background Thread 3 ] DEBUG Engine               - urlLeaderboard: http://fxgl-top.herokuapp.com/
23:27:33.909 [FXGL Background Thread 3 ] DEBUG Engine               - urlPOM: https://raw.githubusercontent.com/AlmasB/FXGL/release/README.md
23:27:33.909 [FXGL Background Thread 3 ] DEBUG Engine               - userAppClass: class fxglapp.FXGLGameApp
23:27:33.909 [FXGL Background Thread 3 ] DEBUG Engine               - version: 0.0
23:27:33.909 [FXGL Background Thread 3 ] DEBUG Engine               - versionCheckDays: 7
23:27:33.909 [FXGL Background Thread 3 ] DEBUG Engine               - width: 850
23:27:33.909 [FXGL Background Thread 3 ] DEBUG Engine               - Logging services
23:27:33.910 [FXGL Background Thread 3 ] DEBUG Engine               - class com.almasb.fxgl.app.services.FXGLAssetLoaderService
23:27:33.910 [FXGL Background Thread 3 ] DEBUG Engine               - class com.almasb.fxgl.app.FXGLApplication$GameApplicationService
23:27:33.910 [FXGL Background Thread 3 ] DEBUG Engine               - class com.almasb.fxgl.app.services.FXGLDialogService
23:27:33.910 [FXGL Background Thread 3 ] DEBUG Engine               - class com.almasb.fxgl.app.services.IOTaskExecutorService
23:27:33.910 [FXGL Background Thread 3 ] DEBUG Engine               - class com.almasb.fxgl.io.FileSystemService
23:27:33.910 [FXGL Background Thread 3 ] DEBUG Engine               - class com.almasb.fxgl.localization.LocalizationService
23:27:33.911 [FXGL Background Thread 3 ] DEBUG Engine               - class com.almasb.fxgl.app.services.SystemBundleService
23:27:33.911 [FXGL Background Thread 3 ] DEBUG Engine               - class com.almasb.fxgl.profile.SaveLoadService
23:27:33.911 [FXGL Background Thread 3 ] DEBUG Engine               - class com.almasb.fxgl.ui.FXGLUIFactoryServiceProvider
23:27:33.911 [FXGL Background Thread 3 ] DEBUG Engine               - class com.almasb.fxgl.ui.FXGLDialogFactoryServiceProvider
23:27:33.911 [FXGL Background Thread 3 ] DEBUG Engine               - class com.almasb.fxgl.audio.AudioPlayer
23:27:33.911 [FXGL Background Thread 3 ] DEBUG Engine               - class com.almasb.fxgl.notification.impl.NotificationServiceProvider
23:27:33.912 [FXGL Background Thread 3 ] DEBUG Engine               - class com.almasb.fxgl.achievement.AchievementService
23:27:33.912 [FXGL Background Thread 3 ] DEBUG Engine               - class com.almasb.fxgl.cutscene.CutsceneService
23:27:33.912 [FXGL Background Thread 3 ] DEBUG Engine               - class com.almasb.fxgl.minigames.MiniGameService
23:27:33.912 [FXGL Background Thread 3 ] DEBUG Engine               - class com.almasb.fxgl.net.NetService
23:27:33.912 [FXGL Background Thread 3 ] DEBUG Engine               - class com.almasb.fxgl.app.services.UpdaterService
23:27:33.912 [FXGL Background Thread 3 ] DEBUG Engine               - class com.almasb.fxgl.dev.DevService
23:27:41.395 [FXGL Background Thread 2 ] INFO  UpdaterService       - Your current version:  17.2
23:27:41.396 [FXGL Background Thread 2 ] INFO  UpdaterService       - Latest stable version: 21.1
23:27:53.665 [JavaFX Application Thread] DEBUG FXGLApplication      - Exiting FXGL
23:27:53.665 [JavaFX Application Thread] DEBUG LoopRunner           - Stopping loop
23:27:53.665 [JavaFX Application Thread] DEBUG SystemBundleService  - Saving FXGL system data
23:27:53.667 [JavaFX Application Thread] DEBUG FileSystemAccess     - Writing to: /home/chris/IdeaProjects/RestaurantSimulator/system/fxgl.bundle
23:27:53.668 [JavaFX Application Thread] DEBUG Async                - Shutting down background threads
23:27:53.668 [JavaFX Application Thread] DEBUG PrimaryStageWindow   - Closing main window
23:27:53.681 [JavaFX Application Thread] DEBUG Logger               - Closing Logger
