14:11:36.480 [main                     ] DEBUG Logger               - Configured Logger
14:11:36.555 [main                     ] DEBUG GameApplication      - Logging settings
Title: Restaurant Game
Version: 0.0
Width: 850
Height: 670
Fullscreen: false
Intro: false
Profiling: false
Single step:false
App Mode: DEVELOPER
Menu Key: ESCAPE
Stage Style: DECORATED
Scene Factory: class com.almasb.fxgl.app.scene.SceneFactory

14:11:37.179 [JavaFX Application Thread] DEBUG FXGLApplication      - Initializing FXGL
14:11:37.189 [JavaFX Application Thread] INFO  Engine               - FXGL-17.2 (20.08.2022 16.50) on LINUX (J:17.0.13 FX:18)
14:11:37.189 [JavaFX Application Thread] DEBUG Engine               - JRE Vendor Name: Red Hat, Inc.
14:11:37.195 [JavaFX Application Thread] DEBUG Engine               - Running on OS: Linux version 6.11.6-200.fc40.x86_64
14:11:37.196 [JavaFX Application Thread] DEBUG Engine               - Architecture: amd64
14:11:37.196 [JavaFX Application Thread] INFO  Engine               - Source code and latest versions at: https://github.com/AlmasB/FXGL
14:11:37.196 [JavaFX Application Thread] INFO  Engine               -       Ask questions and discuss at: https://github.com/AlmasB/FXGL/discussions
14:11:37.197 [JavaFX Application Thread] INFO  Engine               -              Join the FXGL chat at: https://gitter.im/AlmasB/FXGL
14:11:37.379 [JavaFX Application Thread] DEBUG PrimaryStageWindow   - Creating a JavaFX scene
14:11:37.520 [JavaFX Application Thread] DEBUG PrimaryStageWindow   - Target settings size: 850.0 x 670.0
14:11:37.521 [JavaFX Application Thread] DEBUG PrimaryStageWindow   - Scaled scene size:    850.0 x 670.0
14:11:37.521 [JavaFX Application Thread] DEBUG PrimaryStageWindow   - Scaled ratio: (1.0, 1.0)
14:11:37.522 [JavaFX Application Thread] DEBUG PrimaryStageWindow   - Set initial scene to FXGLStartupScene
14:11:37.529 [JavaFX Application Thread] DEBUG PrimaryStageWindow   - Opening main window
14:11:37.575 [JavaFX Application Thread] DEBUG PrimaryStageWindow   - Window border size: (2.0, 29.0)
14:11:37.576 [JavaFX Application Thread] DEBUG PrimaryStageWindow   - Scaled size: 850.0 x 670.0
14:11:37.576 [JavaFX Application Thread] DEBUG PrimaryStageWindow   - Scaled ratio: (1.0, 1.0)
14:11:37.576 [JavaFX Application Thread] DEBUG PrimaryStageWindow   - Scene size: 850.0 x 670.0
14:11:37.576 [JavaFX Application Thread] DEBUG PrimaryStageWindow   - Stage size: 852.0 x 699.0
14:11:37.581 [FXGL Background Thread 1 ] DEBUG Engine               - Initializing environment variables
14:11:37.609 [FXGL Background Thread 1 ] DEBUG FXGLAssetLoaderServi - User app class for loading assets: class fxglapp.FXGLGameApp
14:11:37.609 [FXGL Background Thread 1 ] DEBUG GameApplicationServi - Applying CSS: fxgl_dark.css
14:11:37.611 [FXGL Background Thread 1 ] DEBUG FXGLAssetLoaderServi - Loading from file system: jar:file:/home/chris/.m2/repository/com/github/almasb/fxgl/17.2/fxgl-17.2.jar!/fxglassets/ui/css/fxgl_dark.css
14:11:37.660 [FXGL Background Thread 1 ] DEBUG GameApplicationServi - Initializing application scenes
14:11:37.725 [FXGL Background Thread 1 ] DEBUG GameWorld            - Game world initialized
14:11:37.794 [FXGL Background Thread 1 ] DEBUG PhysicsWorld         - Physics world initialized: appHeight=670, physics.ppm=50.0
14:11:37.795 [FXGL Background Thread 1 ] DEBUG PhysicsWorld         - Using strategy: BRUTE_FORCE
14:11:37.799 [FXGL Background Thread 1 ] DEBUG GameScene            - Game scene initialized: 850x670
14:11:37.812 [FXGL Background Thread 1 ] DEBUG FXGL.DefaultMenu     - createMenuBodyGameMenu()
14:11:37.837 [FXGL Background Thread 1 ] DEBUG FXGL.DefaultMenu     - createOptionsMenu()
14:11:37.851 [FXGL Background Thread 1 ] DEBUG FXGLAssetLoaderServi - Loading from file system: jar:file:/home/chris/.m2/repository/com/github/almasb/fxgl/17.2/fxgl-17.2.jar!/fxglassets/textures/particles/smoke.png
14:11:37.948 [FXGL Background Thread 1 ] DEBUG FXGLAssetLoaderServi - Loading from file system: jar:file:/home/chris/.m2/repository/com/github/almasb/fxgl/17.2/fxgl-17.2.jar!/fxglassets/textures/particles/trace_horizontal.png
14:11:37.974 [FXGL Background Thread 1 ] DEBUG GameApplicationServi - Application scenes initialized
14:11:37.993 [FXGL Background Thread 1 ] DEBUG SystemBundleService  - Loading FXGL system data
14:11:37.995 [FXGL Background Thread 1 ] DEBUG FileSystemAccess     - Reading from: /home/chris/IdeaProjects/RestaurantSimulator/system/fxgl.bundle
14:11:37.998 [FXGL Background Thread 1 ] DEBUG SystemBundleService  - Bundle FXGL: {}
14:11:37.998 [FXGL Background Thread 1 ] DEBUG UpdaterService       - Checking for updates
14:11:38.004 [FXGL Background Thread 4 ] DEBUG FXGLApplication      - Loading fonts
14:11:38.004 [FXGL Background Thread 1 ] DEBUG FXGLApplication      - Loading default localization
14:11:38.005 [FXGL Background Thread 1 ] DEBUG FXGLAssetLoaderServi - Loading from file system: jar:file:/home/chris/.m2/repository/com/github/almasb/fxgl/17.2/fxgl-17.2.jar!/fxglassets/languages/english.lang
14:11:38.005 [FXGL Background Thread 4 ] DEBUG FXGLAssetLoaderServi - Loading from file system: jar:file:/home/chris/.m2/repository/com/github/almasb/fxgl/17.2/fxgl-17.2.jar!/fxglassets/ui/fonts/VarelaRound-Regular.ttf
14:11:38.013 [FXGL Background Thread 4 ] DEBUG FXGLAssetLoaderServi - Loading from file system: jar:file:/home/chris/.m2/repository/com/github/almasb/fxgl/17.2/fxgl-17.2.jar!/fxglassets/ui/fonts/Abel-Regular.ttf
14:11:38.016 [FXGL Background Thread 4 ] DEBUG FXGLAssetLoaderServi - Loading from file system: jar:file:/home/chris/.m2/repository/com/github/almasb/fxgl/17.2/fxgl-17.2.jar!/fxglassets/ui/fonts/TerminalLandMono-Regular.otf
14:11:38.019 [FXGL Background Thread 4 ] DEBUG FXGLAssetLoaderServi - Loading from file system: jar:file:/home/chris/.m2/repository/com/github/almasb/fxgl/17.2/fxgl-17.2.jar!/fxglassets/ui/fonts/Courier-Prime.ttf
14:11:38.024 [JavaFX Application Thread] DEBUG FXGLApplication      - Registering font factories with UI factory
14:11:38.029 [FXGL Background Thread 1 ] INFO  FXGLApplication      - FXGL initialization took: 0.448 sec
14:11:38.030 [JavaFX Application Thread] DEBUG FXGLAssetLoaderServi - Loading from file system: jar:file:/home/chris/.m2/repository/com/github/almasb/fxgl/17.2/fxgl-17.2.jar!/fxglassets/textures/fxgl_icon.png
14:11:38.059 [JavaFX Application Thread] DEBUG FXGLAssetLoaderServi - Loading from file system: jar:file:/home/chris/.m2/repository/com/github/almasb/fxgl/17.2/fxgl-17.2.jar!/fxglassets/textures/fxgl_default_cursor.png
14:11:38.074 [JavaFX Application Thread] DEBUG Input                - Registered new binding: Screenshot - CTRL+8
14:11:38.075 [JavaFX Application Thread] DEBUG Input                - Registered new binding: System info dump - CTRL+9
14:11:38.075 [JavaFX Application Thread] DEBUG Input                - Registered new binding: Restart - CTRL+R
14:11:38.076 [JavaFX Application Thread] DEBUG Input                - Registered new binding: Toggle Debug Camera - CTRL+7
14:11:38.079 [JavaFX Application Thread] DEBUG LoopRunner           - Starting loop
14:11:38.079 [JavaFX Application Thread] DEBUG LoopRunner           - Initializing JavaFX AnimationTimerLoop
14:11:38.080 [JavaFX Application Thread] DEBUG GameApplicationServi - Starting new game
14:11:38.080 [JavaFX Application Thread] DEBUG Input                - Clearing active input actions
14:11:38.098 [JavaFX Application Thread] DEBUG GameApplicationServi - Removing overlay from FXGLStartupScene and adding to FXGLLoadingScene
14:11:38.099 [JavaFX Application Thread] DEBUG PrimaryStageWindow   - FXGLStartupScene -> FXGLLoadingScene
14:11:38.099 [JavaFX Application Thread] DEBUG GameApplicationServi - Clearing previous game
14:11:38.099 [JavaFX Application Thread] DEBUG GameScene            - Clearing game scene
14:11:38.099 [JavaFX Application Thread] DEBUG GameWorld            - Clearing game world
14:11:38.099 [JavaFX Application Thread] DEBUG PhysicsWorld         - Clearing physics world
14:11:38.101 [FXGL Background Thread 1 ] DEBUG FXGLApplication      - Initializing game
14:11:38.336 [FXGL Background Thread 1 ] INFO  FXGLApplication      - Game initialization took: 0.234 sec
14:11:38.338 [JavaFX Application Thread] DEBUG Input                - Clearing active input actions
14:11:38.358 [JavaFX Application Thread] DEBUG GameApplicationServi - Removing overlay from FXGLLoadingScene and adding to GameScene
14:11:38.359 [JavaFX Application Thread] DEBUG PrimaryStageWindow   - FXGLLoadingScene -> GameScene
14:11:38.993 [FXGL Background Thread 2 ] INFO  UpdaterService       - Your current version:  17.2
14:11:38.993 [FXGL Background Thread 2 ] INFO  UpdaterService       - Latest stable version: 21.1
14:11:41.001 [FXGL Background Thread 3 ] DEBUG Engine               - Logging environment variables
14:11:41.002 [FXGL Background Thread 3 ] DEBUG Engine               - achievements: []
14:11:41.002 [FXGL Background Thread 3 ] DEBUG Engine               - actualHeight: -28.0
14:11:41.003 [FXGL Background Thread 3 ] DEBUG Engine               - actualHeightProperty: ReadOnlyDoubleProperty [value: 677.0]
14:11:41.003 [FXGL Background Thread 3 ] DEBUG Engine               - actualWidth: -1.0
14:11:41.003 [FXGL Background Thread 3 ] DEBUG Engine               - actualWidthProperty: ReadOnlyDoubleProperty [value: 850.0]
14:11:41.003 [FXGL Background Thread 3 ] DEBUG Engine               - appIcon: fxgl_icon.png
14:11:41.003 [FXGL Background Thread 3 ] DEBUG Engine               - applicationMode: DEVELOPER
14:11:41.003 [FXGL Background Thread 3 ] DEBUG Engine               - cSSList: [fxgl_dark.css]
14:11:41.003 [FXGL Background Thread 3 ] DEBUG Engine               - collisionDetectionStrategy: BRUTE_FORCE
14:11:41.003 [FXGL Background Thread 3 ] DEBUG Engine               - configClass: Optional.empty
14:11:41.004 [FXGL Background Thread 3 ] DEBUG Engine               - credits: []
14:11:41.004 [FXGL Background Thread 3 ] DEBUG Engine               - defaultCursor: CursorInfo(imageName=fxgl_default_cursor.png, hotspotX=7.0, hotspotY=6.0)
14:11:41.004 [FXGL Background Thread 3 ] DEBUG Engine               - devBBoxColorProperty: ObjectProperty [value: 0xff0000ff]
14:11:41.004 [FXGL Background Thread 3 ] DEBUG Engine               - devEnableDebugCameraProperty: BooleanProperty [value: false]
14:11:41.005 [FXGL Background Thread 3 ] DEBUG Engine               - devSensorColorProperty: ObjectProperty [value: 0xffff00ff]
14:11:41.005 [FXGL Background Thread 3 ] DEBUG Engine               - devShowBBoxProperty: BooleanProperty [value: false]
14:11:41.005 [FXGL Background Thread 3 ] DEBUG Engine               - devShowPositionProperty: BooleanProperty [value: false]
14:11:41.005 [FXGL Background Thread 3 ] DEBUG Engine               - enabledMenuItems: []
14:11:41.005 [FXGL Background Thread 3 ] DEBUG Engine               - engineServices: [class com.almasb.fxgl.app.services.FXGLAssetLoaderService, class com.almasb.fxgl.app.FXGLApplication$GameApplicationService, class com.almasb.fxgl.app.services.FXGLDialogService, class com.almasb.fxgl.app.services.IOTaskExecutorService, class com.almasb.fxgl.io.FileSystemService, class com.almasb.fxgl.localization.LocalizationService, class com.almasb.fxgl.app.services.SystemBundleService, class com.almasb.fxgl.profile.SaveLoadService, class com.almasb.fxgl.ui.FXGLUIFactoryServiceProvider, class com.almasb.fxgl.ui.FXGLDialogFactoryServiceProvider, class com.almasb.fxgl.audio.AudioPlayer, class com.almasb.fxgl.notification.impl.NotificationServiceProvider, class com.almasb.fxgl.achievement.AchievementService, class com.almasb.fxgl.cutscene.CutsceneService, class com.almasb.fxgl.minigames.MiniGameService, class com.almasb.fxgl.net.NetService, class com.almasb.fxgl.app.services.UpdaterService, class com.almasb.fxgl.dev.DevService]
14:11:41.005 [FXGL Background Thread 3 ] DEBUG Engine               - fontGame: Abel-Regular.ttf
14:11:41.005 [FXGL Background Thread 3 ] DEBUG Engine               - fontMono: TerminalLandMono-Regular.otf
14:11:41.005 [FXGL Background Thread 3 ] DEBUG Engine               - fontText: Courier-Prime.ttf
14:11:41.005 [FXGL Background Thread 3 ] DEBUG Engine               - fontUI: VarelaRound-Regular.ttf
14:11:41.005 [FXGL Background Thread 3 ] DEBUG Engine               - fullScreen: BooleanProperty [value: false]
14:11:41.005 [FXGL Background Thread 3 ] DEBUG Engine               - gameDifficulty: MEDIUM
14:11:41.006 [FXGL Background Thread 3 ] DEBUG Engine               - gameDifficultyProperty: ObjectProperty [value: MEDIUM]
14:11:41.006 [FXGL Background Thread 3 ] DEBUG Engine               - globalMusicVolume: 0.5
14:11:41.006 [FXGL Background Thread 3 ] DEBUG Engine               - globalMusicVolumeProperty: DoubleProperty [value: 0.5]
14:11:41.006 [FXGL Background Thread 3 ] DEBUG Engine               - globalSoundVolume: 0.5
14:11:41.006 [FXGL Background Thread 3 ] DEBUG Engine               - globalSoundVolumeProperty: DoubleProperty [value: 0.5]
14:11:41.006 [FXGL Background Thread 3 ] DEBUG Engine               - height: 670
14:11:41.006 [FXGL Background Thread 3 ] DEBUG Engine               - is3D: false
14:11:41.006 [FXGL Background Thread 3 ] DEBUG Engine               - isAndroid: false
14:11:41.006 [FXGL Background Thread 3 ] DEBUG Engine               - isBrowser: false
14:11:41.006 [FXGL Background Thread 3 ] DEBUG Engine               - isClickFeedbackEnabled: false
14:11:41.007 [FXGL Background Thread 3 ] DEBUG Engine               - isCloseConfirmation: false
14:11:41.007 [FXGL Background Thread 3 ] DEBUG Engine               - isDesktop: true
14:11:41.007 [FXGL Background Thread 3 ] DEBUG Engine               - isDeveloperMenuEnabled: false
14:11:41.007 [FXGL Background Thread 3 ] DEBUG Engine               - isEmbedded: false
14:11:41.007 [FXGL Background Thread 3 ] DEBUG Engine               - isEntityPreloadEnabled: true
14:11:41.007 [FXGL Background Thread 3 ] DEBUG Engine               - isExperimentalTiledLargeMap: false
14:11:41.007 [FXGL Background Thread 3 ] DEBUG Engine               - isFileSystemWriteAllowed: true
14:11:41.007 [FXGL Background Thread 3 ] DEBUG Engine               - isFullScreenAllowed: false
14:11:41.007 [FXGL Background Thread 3 ] DEBUG Engine               - isFullScreenFromStart: false
14:11:41.008 [FXGL Background Thread 3 ] DEBUG Engine               - isGameMenuEnabled: true
14:11:41.008 [FXGL Background Thread 3 ] DEBUG Engine               - isIOS: false
14:11:41.008 [FXGL Background Thread 3 ] DEBUG Engine               - isIntroEnabled: false
14:11:41.008 [FXGL Background Thread 3 ] DEBUG Engine               - isLinux: true
14:11:41.008 [FXGL Background Thread 3 ] DEBUG Engine               - isMac: false
14:11:41.008 [FXGL Background Thread 3 ] DEBUG Engine               - isMainMenuEnabled: false
14:11:41.008 [FXGL Background Thread 3 ] DEBUG Engine               - isManualResizeEnabled: false
14:11:41.008 [FXGL Background Thread 3 ] DEBUG Engine               - isMobile: false
14:11:41.008 [FXGL Background Thread 3 ] DEBUG Engine               - isNative: false
14:11:41.008 [FXGL Background Thread 3 ] DEBUG Engine               - isPauseMusicWhenMinimized: true
14:11:41.008 [FXGL Background Thread 3 ] DEBUG Engine               - isPreserveResizeRatio: false
14:11:41.009 [FXGL Background Thread 3 ] DEBUG Engine               - isProfilingEnabled: false
14:11:41.009 [FXGL Background Thread 3 ] DEBUG Engine               - isScaleAffectedOnResize: true
14:11:41.009 [FXGL Background Thread 3 ] DEBUG Engine               - isSingleStep: false
14:11:41.009 [FXGL Background Thread 3 ] DEBUG Engine               - isUserProfileEnabled: false
14:11:41.009 [FXGL Background Thread 3 ] DEBUG Engine               - isWindows: false
14:11:41.009 [FXGL Background Thread 3 ] DEBUG Engine               - language: ObjectProperty [value: ENGLISH]
14:11:41.009 [FXGL Background Thread 3 ] DEBUG Engine               - menuKey: ESCAPE
14:11:41.009 [FXGL Background Thread 3 ] DEBUG Engine               - mouseSensitivity: 0.2
14:11:41.009 [FXGL Background Thread 3 ] DEBUG Engine               - notificationViewClass: class com.almasb.fxgl.notification.view.XboxNotificationView
14:11:41.009 [FXGL Background Thread 3 ] DEBUG Engine               - pixelsPerMeter: 50.0
14:11:41.010 [FXGL Background Thread 3 ] DEBUG Engine               - platform: LINUX
14:11:41.010 [FXGL Background Thread 3 ] DEBUG Engine               - prefHeightProperty: ReadOnlyDoubleProperty [value: 670.0]
14:11:41.010 [FXGL Background Thread 3 ] DEBUG Engine               - prefWidthProperty: ReadOnlyDoubleProperty [value: 850.0]
14:11:41.010 [FXGL Background Thread 3 ] DEBUG Engine               - profileDir: profiles/
14:11:41.010 [FXGL Background Thread 3 ] DEBUG Engine               - profileName: StringProperty [value: DEFAULT]
14:11:41.010 [FXGL Background Thread 3 ] DEBUG Engine               - randomSeed: -1
14:11:41.010 [FXGL Background Thread 3 ] DEBUG Engine               - runtimeInfo: RuntimeInfo(platform=LINUX, version=17.2, build=20.08.2022 16.50)
14:11:41.011 [FXGL Background Thread 3 ] DEBUG Engine               - saveFileExt: sav
14:11:41.011 [FXGL Background Thread 3 ] DEBUG Engine               - scaledHeightProp$fxgl: DoubleProperty [bound, value: 677.0]
14:11:41.011 [FXGL Background Thread 3 ] DEBUG Engine               - scaledWidthProp$fxgl: DoubleProperty [bound, value: 850.0]
14:11:41.011 [FXGL Background Thread 3 ] DEBUG Engine               - sceneFactory: com.almasb.fxgl.app.scene.SceneFactory@71e46937
14:11:41.011 [FXGL Background Thread 3 ] DEBUG Engine               - secondsIn24h: 60
14:11:41.011 [FXGL Background Thread 3 ] DEBUG Engine               - soundMenuBack: menu/back.wav
14:11:41.011 [FXGL Background Thread 3 ] DEBUG Engine               - soundMenuPress: menu/press.wav
14:11:41.011 [FXGL Background Thread 3 ] DEBUG Engine               - soundMenuSelect: menu/select.wav
14:11:41.011 [FXGL Background Thread 3 ] DEBUG Engine               - soundNotification: core/notification.wav
14:11:41.011 [FXGL Background Thread 3 ] DEBUG Engine               - stageStyle: DECORATED
14:11:41.011 [FXGL Background Thread 3 ] DEBUG Engine               - supportedLanguages: [ENGLISH, FRENCH, GERMAN, HUNGARIAN, RUSSIAN]
14:11:41.012 [FXGL Background Thread 3 ] DEBUG Engine               - ticksPerSecond: -1
14:11:41.012 [FXGL Background Thread 3 ] DEBUG Engine               - title: Restaurant Game
14:11:41.012 [FXGL Background Thread 3 ] DEBUG Engine               - urlGithub: https://github.com/AlmasB/FXGL
14:11:41.012 [FXGL Background Thread 3 ] DEBUG Engine               - urlLeaderboard: http://fxgl-top.herokuapp.com/
14:11:41.012 [FXGL Background Thread 3 ] DEBUG Engine               - urlPOM: https://raw.githubusercontent.com/AlmasB/FXGL/release/README.md
14:11:41.012 [FXGL Background Thread 3 ] DEBUG Engine               - userAppClass: class fxglapp.FXGLGameApp
14:11:41.012 [FXGL Background Thread 3 ] DEBUG Engine               - version: 0.0
14:11:41.012 [FXGL Background Thread 3 ] DEBUG Engine               - versionCheckDays: 7
14:11:41.012 [FXGL Background Thread 3 ] DEBUG Engine               - width: 850
14:11:41.012 [FXGL Background Thread 3 ] DEBUG Engine               - Logging services
14:11:41.012 [FXGL Background Thread 3 ] DEBUG Engine               - class com.almasb.fxgl.app.services.FXGLAssetLoaderService
14:11:41.012 [FXGL Background Thread 3 ] DEBUG Engine               - class com.almasb.fxgl.app.FXGLApplication$GameApplicationService
14:11:41.013 [FXGL Background Thread 3 ] DEBUG Engine               - class com.almasb.fxgl.app.services.FXGLDialogService
14:11:41.013 [FXGL Background Thread 3 ] DEBUG Engine               - class com.almasb.fxgl.app.services.IOTaskExecutorService
14:11:41.013 [FXGL Background Thread 3 ] DEBUG Engine               - class com.almasb.fxgl.io.FileSystemService
14:11:41.013 [FXGL Background Thread 3 ] DEBUG Engine               - class com.almasb.fxgl.localization.LocalizationService
14:11:41.013 [FXGL Background Thread 3 ] DEBUG Engine               - class com.almasb.fxgl.app.services.SystemBundleService
14:11:41.013 [FXGL Background Thread 3 ] DEBUG Engine               - class com.almasb.fxgl.profile.SaveLoadService
14:11:41.013 [FXGL Background Thread 3 ] DEBUG Engine               - class com.almasb.fxgl.ui.FXGLUIFactoryServiceProvider
14:11:41.013 [FXGL Background Thread 3 ] DEBUG Engine               - class com.almasb.fxgl.ui.FXGLDialogFactoryServiceProvider
14:11:41.013 [FXGL Background Thread 3 ] DEBUG Engine               - class com.almasb.fxgl.audio.AudioPlayer
14:11:41.013 [FXGL Background Thread 3 ] DEBUG Engine               - class com.almasb.fxgl.notification.impl.NotificationServiceProvider
14:11:41.013 [FXGL Background Thread 3 ] DEBUG Engine               - class com.almasb.fxgl.achievement.AchievementService
14:11:41.013 [FXGL Background Thread 3 ] DEBUG Engine               - class com.almasb.fxgl.cutscene.CutsceneService
14:11:41.013 [FXGL Background Thread 3 ] DEBUG Engine               - class com.almasb.fxgl.minigames.MiniGameService
14:11:41.013 [FXGL Background Thread 3 ] DEBUG Engine               - class com.almasb.fxgl.net.NetService
14:11:41.014 [FXGL Background Thread 3 ] DEBUG Engine               - class com.almasb.fxgl.app.services.UpdaterService
14:11:41.014 [FXGL Background Thread 3 ] DEBUG Engine               - class com.almasb.fxgl.dev.DevService
14:13:11.579 [JavaFX Application Thread] DEBUG FXGLApplication      - Exiting FXGL
14:13:11.579 [JavaFX Application Thread] DEBUG LoopRunner           - Stopping loop
14:13:11.579 [JavaFX Application Thread] DEBUG SystemBundleService  - Saving FXGL system data
14:13:11.582 [JavaFX Application Thread] DEBUG FileSystemAccess     - Writing to: /home/chris/IdeaProjects/RestaurantSimulator/system/fxgl.bundle
14:13:11.583 [JavaFX Application Thread] DEBUG Async                - Shutting down background threads
14:13:11.583 [JavaFX Application Thread] DEBUG PrimaryStageWindow   - Closing main window
14:13:11.587 [JavaFX Application Thread] DEBUG Logger               - Closing Logger
