08:26:33.099 [main                     ] DEBUG Logger               - Configured Logger
08:26:33.144 [main                     ] DEBUG GameApplication      - Logging settings
Title: Restaurant Game
Version: 0.0
Width: 850
Height: 670
Fullscreen: false
Intro: false
Profiling: false
Single step:false
App Mode: DEVELOPER
Menu Key: ESCAPE
Stage Style: DECORATED
Scene Factory: class com.almasb.fxgl.app.scene.SceneFactory

08:26:33.589 [JavaFX Application Thread] DEBUG FXGLApplication      - Initializing FXGL
08:26:33.600 [JavaFX Application Thread] INFO  Engine               - FXGL-17.2 (20.08.2022 16.50) on LINUX (J:17.0.13 FX:18)
08:26:33.600 [JavaFX Application Thread] DEBUG Engine               - JRE Vendor Name: Red Hat, Inc.
08:26:33.601 [JavaFX Application Thread] DEBUG Engine               - Running on OS: Linux version 6.11.6-200.fc40.x86_64
08:26:33.601 [JavaFX Application Thread] DEBUG Engine               - Architecture: amd64
08:26:33.601 [JavaFX Application Thread] INFO  Engine               - Source code and latest versions at: https://github.com/AlmasB/FXGL
08:26:33.602 [JavaFX Application Thread] INFO  Engine               -       Ask questions and discuss at: https://github.com/AlmasB/FXGL/discussions
08:26:33.602 [JavaFX Application Thread] INFO  Engine               -              Join the FXGL chat at: https://gitter.im/AlmasB/FXGL
08:26:33.703 [JavaFX Application Thread] DEBUG PrimaryStageWindow   - Creating a JavaFX scene
08:26:33.788 [JavaFX Application Thread] DEBUG PrimaryStageWindow   - Target settings size: 850.0 x 670.0
08:26:33.788 [JavaFX Application Thread] DEBUG PrimaryStageWindow   - Scaled scene size:    850.0 x 670.0
08:26:33.789 [JavaFX Application Thread] DEBUG PrimaryStageWindow   - Scaled ratio: (1.0, 1.0)
08:26:33.790 [JavaFX Application Thread] DEBUG PrimaryStageWindow   - Set initial scene to FXGLStartupScene
08:26:33.797 [JavaFX Application Thread] DEBUG PrimaryStageWindow   - Opening main window
08:26:33.839 [JavaFX Application Thread] DEBUG PrimaryStageWindow   - Window border size: (2.0, 29.0)
08:26:33.839 [JavaFX Application Thread] DEBUG PrimaryStageWindow   - Scaled size: 850.0 x 670.0
08:26:33.840 [JavaFX Application Thread] DEBUG PrimaryStageWindow   - Scaled ratio: (1.0, 1.0)
08:26:33.840 [JavaFX Application Thread] DEBUG PrimaryStageWindow   - Scene size: 850.0 x 670.0
08:26:33.841 [JavaFX Application Thread] DEBUG PrimaryStageWindow   - Stage size: 852.0 x 699.0
08:26:33.847 [FXGL Background Thread 1 ] DEBUG Engine               - Initializing environment variables
08:26:33.872 [FXGL Background Thread 1 ] DEBUG FXGLAssetLoaderServi - User app class for loading assets: class fxglapp.FXGLGameApp
08:26:33.872 [FXGL Background Thread 1 ] DEBUG GameApplicationServi - Applying CSS: fxgl_dark.css
08:26:33.873 [FXGL Background Thread 1 ] DEBUG FXGLAssetLoaderServi - Loading from file system: jar:file:/home/chris/.m2/repository/com/github/almasb/fxgl/17.2/fxgl-17.2.jar!/fxglassets/ui/css/fxgl_dark.css
08:26:33.922 [FXGL Background Thread 1 ] DEBUG GameApplicationServi - Initializing application scenes
08:26:33.999 [FXGL Background Thread 1 ] DEBUG GameWorld            - Game world initialized
08:26:34.061 [FXGL Background Thread 1 ] DEBUG PhysicsWorld         - Physics world initialized: appHeight=670, physics.ppm=50.0
08:26:34.061 [FXGL Background Thread 1 ] DEBUG PhysicsWorld         - Using strategy: BRUTE_FORCE
08:26:34.066 [FXGL Background Thread 1 ] DEBUG GameScene            - Game scene initialized: 850x670
08:26:34.081 [FXGL Background Thread 1 ] DEBUG FXGL.DefaultMenu     - createMenuBodyGameMenu()
08:26:34.108 [FXGL Background Thread 1 ] DEBUG FXGL.DefaultMenu     - createOptionsMenu()
08:26:34.118 [FXGL Background Thread 1 ] DEBUG FXGLAssetLoaderServi - Loading from file system: jar:file:/home/chris/.m2/repository/com/github/almasb/fxgl/17.2/fxgl-17.2.jar!/fxglassets/textures/particles/smoke.png
08:26:34.230 [FXGL Background Thread 1 ] DEBUG FXGLAssetLoaderServi - Loading from file system: jar:file:/home/chris/.m2/repository/com/github/almasb/fxgl/17.2/fxgl-17.2.jar!/fxglassets/textures/particles/trace_horizontal.png
08:26:34.267 [FXGL Background Thread 1 ] DEBUG GameApplicationServi - Application scenes initialized
08:26:34.280 [FXGL Background Thread 1 ] DEBUG SystemBundleService  - Loading FXGL system data
08:26:34.283 [FXGL Background Thread 1 ] DEBUG FileSystemAccess     - Reading from: /home/chris/IdeaProjects/RestaurantSimulator/system/fxgl.bundle
08:26:34.287 [FXGL Background Thread 1 ] DEBUG SystemBundleService  - Bundle FXGL: {}
08:26:34.288 [FXGL Background Thread 1 ] DEBUG UpdaterService       - Checking for updates
08:26:34.295 [FXGL Background Thread 4 ] DEBUG FXGLApplication      - Loading fonts
08:26:34.296 [FXGL Background Thread 4 ] DEBUG FXGLAssetLoaderServi - Loading from file system: jar:file:/home/chris/.m2/repository/com/github/almasb/fxgl/17.2/fxgl-17.2.jar!/fxglassets/ui/fonts/VarelaRound-Regular.ttf
08:26:34.296 [FXGL Background Thread 1 ] DEBUG FXGLApplication      - Loading default localization
08:26:34.297 [FXGL Background Thread 1 ] DEBUG FXGLAssetLoaderServi - Loading from file system: jar:file:/home/chris/.m2/repository/com/github/almasb/fxgl/17.2/fxgl-17.2.jar!/fxglassets/languages/english.lang
08:26:34.301 [FXGL Background Thread 4 ] DEBUG FXGLAssetLoaderServi - Loading from file system: jar:file:/home/chris/.m2/repository/com/github/almasb/fxgl/17.2/fxgl-17.2.jar!/fxglassets/ui/fonts/Abel-Regular.ttf
08:26:34.302 [FXGL Background Thread 4 ] DEBUG FXGLAssetLoaderServi - Loading from file system: jar:file:/home/chris/.m2/repository/com/github/almasb/fxgl/17.2/fxgl-17.2.jar!/fxglassets/ui/fonts/TerminalLandMono-Regular.otf
08:26:34.304 [FXGL Background Thread 4 ] DEBUG FXGLAssetLoaderServi - Loading from file system: jar:file:/home/chris/.m2/repository/com/github/almasb/fxgl/17.2/fxgl-17.2.jar!/fxglassets/ui/fonts/Courier-Prime.ttf
08:26:34.307 [JavaFX Application Thread] DEBUG FXGLApplication      - Registering font factories with UI factory
08:26:34.312 [FXGL Background Thread 1 ] INFO  FXGLApplication      - FXGL initialization took: 0.465 sec
08:26:34.314 [JavaFX Application Thread] DEBUG FXGLAssetLoaderServi - Loading from file system: jar:file:/home/chris/.m2/repository/com/github/almasb/fxgl/17.2/fxgl-17.2.jar!/fxglassets/textures/fxgl_icon.png
08:26:34.344 [JavaFX Application Thread] DEBUG FXGLAssetLoaderServi - Loading from file system: jar:file:/home/chris/.m2/repository/com/github/almasb/fxgl/17.2/fxgl-17.2.jar!/fxglassets/textures/fxgl_default_cursor.png
08:26:34.355 [JavaFX Application Thread] DEBUG Input                - Registered new binding: Screenshot - CTRL+8
08:26:34.356 [JavaFX Application Thread] DEBUG Input                - Registered new binding: System info dump - CTRL+9
08:26:34.356 [JavaFX Application Thread] DEBUG Input                - Registered new binding: Restart - CTRL+R
08:26:34.357 [JavaFX Application Thread] DEBUG Input                - Registered new binding: Toggle Debug Camera - CTRL+7
08:26:34.360 [JavaFX Application Thread] DEBUG LoopRunner           - Starting loop
08:26:34.360 [JavaFX Application Thread] DEBUG LoopRunner           - Initializing JavaFX AnimationTimerLoop
08:26:34.362 [JavaFX Application Thread] DEBUG GameApplicationServi - Starting new game
08:26:34.362 [JavaFX Application Thread] DEBUG Input                - Clearing active input actions
08:26:34.385 [JavaFX Application Thread] DEBUG GameApplicationServi - Removing overlay from FXGLStartupScene and adding to FXGLLoadingScene
08:26:34.385 [JavaFX Application Thread] DEBUG PrimaryStageWindow   - FXGLStartupScene -> FXGLLoadingScene
08:26:34.386 [JavaFX Application Thread] DEBUG GameApplicationServi - Clearing previous game
08:26:34.386 [JavaFX Application Thread] DEBUG GameScene            - Clearing game scene
08:26:34.386 [JavaFX Application Thread] DEBUG GameWorld            - Clearing game world
08:26:34.386 [JavaFX Application Thread] DEBUG PhysicsWorld         - Clearing physics world
08:26:34.388 [FXGL Background Thread 1 ] DEBUG FXGLApplication      - Initializing game
08:26:34.488 [JavaFX Application Thread] DEBUG LoopRunner           - Stopping loop
08:26:34.491 [JavaFX Application Thread] FATAL FXGLApplication      - Uncaught Exception:
java.lang.RuntimeException: Initialization failed
	at com.almasb.fxgl.app.FXGLApplication$InitAppTask.failed(FXGLApplication.kt:343)
	at javafx.concurrent.Task.setState(Task.java:710)
	at javafx.concurrent.Task$TaskCallable.lambda$call$2(Task.java:1456)
	at com.sun.javafx.application.PlatformImpl.lambda$runLater$10(PlatformImpl.java:457)
	at java.base/java.security.AccessController.doPrivileged(AccessController.java:399)
	at com.sun.javafx.application.PlatformImpl.lambda$runLater$11(PlatformImpl.java:456)
	at com.sun.glass.ui.InvokeLaterDispatcher$Future.run(InvokeLaterDispatcher.java:96)
	at com.sun.glass.ui.gtk.GtkApplication._runLoop(Native Method)
	at com.sun.glass.ui.gtk.GtkApplication.lambda$runLoop$11(GtkApplication.java:316)
	at java.base/java.lang.Thread.run(Thread.java:840)
Caused by: java.lang.IllegalArgumentException: Duplicated @Spawns(cooker) in fxglapp.cocinero.CookerFactory@287aa28b. Already exists in fxglapp.ui.FloorFactory@4eaf374a=[kitchenTile, floorTile, concreteTile, cooker, drinkbox, open, wall, door, tejado, tableCook, chair, bush, tableTile, dishes, lamp, trash, kitchenset]
	at com.almasb.fxgl.entity.GameWorld.checkDuplicateSpawners(GameWorld.kt:341)
	at com.almasb.fxgl.entity.GameWorld.addEntityFactory$lambda-9(GameWorld.kt:314)
	at java.base/java.util.HashMap.forEach(HashMap.java:1421)
	at com.almasb.fxgl.entity.GameWorld.addEntityFactory(GameWorld.kt:310)
	at fxglapp.FXGLGameApp.initGame(FXGLGameApp.java:43)
	at com.almasb.fxgl.app.FXGLApplication$InitAppTask.initGame(FXGLApplication.kt:339)
	at com.almasb.fxgl.app.FXGLApplication$InitAppTask.call(FXGLApplication.kt:319)
	at com.almasb.fxgl.app.FXGLApplication$InitAppTask.call(FXGLApplication.kt:311)
	at javafx.concurrent.Task$TaskCallable.call(Task.java:1426)
	at java.base/java.util.concurrent.FutureTask.run(FutureTask.java:264)
	at java.base/java.util.concurrent.Executors$RunnableAdapter.call(Executors.java:539)
	at java.base/java.util.concurrent.FutureTask.run(FutureTask.java:264)
	at java.base/java.util.concurrent.ThreadPoolExecutor.runWorker(ThreadPoolExecutor.java:1136)
	at java.base/java.util.concurrent.ThreadPoolExecutor$Worker.run(ThreadPoolExecutor.java:635)
	... 1 more

08:26:34.491 [JavaFX Application Thread] FATAL FXGLApplication      - Application will now exit
08:26:34.527 [FXGL Background Thread 2 ] WARN  UpdaterService       - Failed to find updates: java.net.UnknownHostException: raw.githubusercontent.com
08:26:34.538 [JavaFX Application Thread] DEBUG PrimaryStageWindow   - Push state: ErrorSubScene
08:26:34.538 [JavaFX Application Thread] DEBUG Input                - Clearing active input actions
08:26:34.550 [JavaFX Application Thread] DEBUG GameApplicationServi - Removing overlay from FXGLLoadingScene and adding to ErrorSubScene
08:26:34.551 [JavaFX Application Thread] DEBUG PrimaryStageWindow   - FXGLLoadingScene -> ErrorSubScene
08:26:37.294 [FXGL Background Thread 3 ] DEBUG Engine               - Logging environment variables
08:26:37.295 [FXGL Background Thread 3 ] DEBUG Engine               - achievements: []
08:26:37.296 [FXGL Background Thread 3 ] DEBUG Engine               - actualHeight: -28.0
08:26:37.297 [FXGL Background Thread 3 ] DEBUG Engine               - actualHeightProperty: ReadOnlyDoubleProperty [value: 677.0]
08:26:37.297 [FXGL Background Thread 3 ] DEBUG Engine               - actualWidth: -1.0
08:26:37.297 [FXGL Background Thread 3 ] DEBUG Engine               - actualWidthProperty: ReadOnlyDoubleProperty [value: 850.0]
08:26:37.298 [FXGL Background Thread 3 ] DEBUG Engine               - appIcon: fxgl_icon.png
08:26:37.298 [FXGL Background Thread 3 ] DEBUG Engine               - applicationMode: DEVELOPER
08:26:37.298 [FXGL Background Thread 3 ] DEBUG Engine               - cSSList: [fxgl_dark.css]
08:26:37.299 [FXGL Background Thread 3 ] DEBUG Engine               - collisionDetectionStrategy: BRUTE_FORCE
08:26:37.299 [FXGL Background Thread 3 ] DEBUG Engine               - configClass: Optional.empty
08:26:37.299 [FXGL Background Thread 3 ] DEBUG Engine               - credits: []
08:26:37.300 [FXGL Background Thread 3 ] DEBUG Engine               - defaultCursor: CursorInfo(imageName=fxgl_default_cursor.png, hotspotX=7.0, hotspotY=6.0)
08:26:37.301 [FXGL Background Thread 3 ] DEBUG Engine               - devBBoxColorProperty: ObjectProperty [value: 0xff0000ff]
08:26:37.301 [FXGL Background Thread 3 ] DEBUG Engine               - devEnableDebugCameraProperty: BooleanProperty [value: false]
08:26:37.301 [FXGL Background Thread 3 ] DEBUG Engine               - devSensorColorProperty: ObjectProperty [value: 0xffff00ff]
08:26:37.302 [FXGL Background Thread 3 ] DEBUG Engine               - devShowBBoxProperty: BooleanProperty [value: false]
08:26:37.302 [FXGL Background Thread 3 ] DEBUG Engine               - devShowPositionProperty: BooleanProperty [value: false]
08:26:37.302 [FXGL Background Thread 3 ] DEBUG Engine               - enabledMenuItems: []
08:26:37.302 [FXGL Background Thread 3 ] DEBUG Engine               - engineServices: [class com.almasb.fxgl.app.services.FXGLAssetLoaderService, class com.almasb.fxgl.app.FXGLApplication$GameApplicationService, class com.almasb.fxgl.app.services.FXGLDialogService, class com.almasb.fxgl.app.services.IOTaskExecutorService, class com.almasb.fxgl.io.FileSystemService, class com.almasb.fxgl.localization.LocalizationService, class com.almasb.fxgl.app.services.SystemBundleService, class com.almasb.fxgl.profile.SaveLoadService, class com.almasb.fxgl.ui.FXGLUIFactoryServiceProvider, class com.almasb.fxgl.ui.FXGLDialogFactoryServiceProvider, class com.almasb.fxgl.audio.AudioPlayer, class com.almasb.fxgl.notification.impl.NotificationServiceProvider, class com.almasb.fxgl.achievement.AchievementService, class com.almasb.fxgl.cutscene.CutsceneService, class com.almasb.fxgl.minigames.MiniGameService, class com.almasb.fxgl.net.NetService, class com.almasb.fxgl.app.services.UpdaterService, class com.almasb.fxgl.dev.DevService]
08:26:37.302 [FXGL Background Thread 3 ] DEBUG Engine               - fontGame: Abel-Regular.ttf
08:26:37.303 [FXGL Background Thread 3 ] DEBUG Engine               - fontMono: TerminalLandMono-Regular.otf
08:26:37.303 [FXGL Background Thread 3 ] DEBUG Engine               - fontText: Courier-Prime.ttf
08:26:37.303 [FXGL Background Thread 3 ] DEBUG Engine               - fontUI: VarelaRound-Regular.ttf
08:26:37.303 [FXGL Background Thread 3 ] DEBUG Engine               - fullScreen: BooleanProperty [value: false]
08:26:37.303 [FXGL Background Thread 3 ] DEBUG Engine               - gameDifficulty: MEDIUM
08:26:37.304 [FXGL Background Thread 3 ] DEBUG Engine               - gameDifficultyProperty: ObjectProperty [value: MEDIUM]
08:26:37.304 [FXGL Background Thread 3 ] DEBUG Engine               - globalMusicVolume: 0.5
08:26:37.304 [FXGL Background Thread 3 ] DEBUG Engine               - globalMusicVolumeProperty: DoubleProperty [value: 0.5]
08:26:37.304 [FXGL Background Thread 3 ] DEBUG Engine               - globalSoundVolume: 0.5
08:26:37.304 [FXGL Background Thread 3 ] DEBUG Engine               - globalSoundVolumeProperty: DoubleProperty [value: 0.5]
08:26:37.305 [FXGL Background Thread 3 ] DEBUG Engine               - height: 670
08:26:37.305 [FXGL Background Thread 3 ] DEBUG Engine               - is3D: false
08:26:37.305 [FXGL Background Thread 3 ] DEBUG Engine               - isAndroid: false
08:26:37.305 [FXGL Background Thread 3 ] DEBUG Engine               - isBrowser: false
08:26:37.305 [FXGL Background Thread 3 ] DEBUG Engine               - isClickFeedbackEnabled: false
08:26:37.306 [FXGL Background Thread 3 ] DEBUG Engine               - isCloseConfirmation: false
08:26:37.306 [FXGL Background Thread 3 ] DEBUG Engine               - isDesktop: true
08:26:37.306 [FXGL Background Thread 3 ] DEBUG Engine               - isDeveloperMenuEnabled: false
08:26:37.306 [FXGL Background Thread 3 ] DEBUG Engine               - isEmbedded: false
08:26:37.306 [FXGL Background Thread 3 ] DEBUG Engine               - isEntityPreloadEnabled: true
08:26:37.307 [FXGL Background Thread 3 ] DEBUG Engine               - isExperimentalTiledLargeMap: false
08:26:37.307 [FXGL Background Thread 3 ] DEBUG Engine               - isFileSystemWriteAllowed: true
08:26:37.307 [FXGL Background Thread 3 ] DEBUG Engine               - isFullScreenAllowed: false
08:26:37.307 [FXGL Background Thread 3 ] DEBUG Engine               - isFullScreenFromStart: false
08:26:37.308 [FXGL Background Thread 3 ] DEBUG Engine               - isGameMenuEnabled: true
08:26:37.308 [FXGL Background Thread 3 ] DEBUG Engine               - isIOS: false
08:26:37.308 [FXGL Background Thread 3 ] DEBUG Engine               - isIntroEnabled: false
08:26:37.308 [FXGL Background Thread 3 ] DEBUG Engine               - isLinux: true
08:26:37.309 [FXGL Background Thread 3 ] DEBUG Engine               - isMac: false
08:26:37.309 [FXGL Background Thread 3 ] DEBUG Engine               - isMainMenuEnabled: false
08:26:37.309 [FXGL Background Thread 3 ] DEBUG Engine               - isManualResizeEnabled: false
08:26:37.309 [FXGL Background Thread 3 ] DEBUG Engine               - isMobile: false
08:26:37.310 [FXGL Background Thread 3 ] DEBUG Engine               - isNative: false
08:26:37.310 [FXGL Background Thread 3 ] DEBUG Engine               - isPauseMusicWhenMinimized: true
08:26:37.311 [FXGL Background Thread 3 ] DEBUG Engine               - isPreserveResizeRatio: false
08:26:37.311 [FXGL Background Thread 3 ] DEBUG Engine               - isProfilingEnabled: false
08:26:37.311 [FXGL Background Thread 3 ] DEBUG Engine               - isScaleAffectedOnResize: true
08:26:37.311 [FXGL Background Thread 3 ] DEBUG Engine               - isSingleStep: false
08:26:37.312 [FXGL Background Thread 3 ] DEBUG Engine               - isUserProfileEnabled: false
08:26:37.312 [FXGL Background Thread 3 ] DEBUG Engine               - isWindows: false
08:26:37.312 [FXGL Background Thread 3 ] DEBUG Engine               - language: ObjectProperty [value: ENGLISH]
08:26:37.312 [FXGL Background Thread 3 ] DEBUG Engine               - menuKey: ESCAPE
08:26:37.313 [FXGL Background Thread 3 ] DEBUG Engine               - mouseSensitivity: 0.2
08:26:37.313 [FXGL Background Thread 3 ] DEBUG Engine               - notificationViewClass: class com.almasb.fxgl.notification.view.XboxNotificationView
08:26:37.313 [FXGL Background Thread 3 ] DEBUG Engine               - pixelsPerMeter: 50.0
08:26:37.314 [FXGL Background Thread 3 ] DEBUG Engine               - platform: LINUX
08:26:37.314 [FXGL Background Thread 3 ] DEBUG Engine               - prefHeightProperty: ReadOnlyDoubleProperty [value: 670.0]
08:26:37.314 [FXGL Background Thread 3 ] DEBUG Engine               - prefWidthProperty: ReadOnlyDoubleProperty [value: 850.0]
08:26:37.314 [FXGL Background Thread 3 ] DEBUG Engine               - profileDir: profiles/
08:26:37.315 [FXGL Background Thread 3 ] DEBUG Engine               - profileName: StringProperty [value: DEFAULT]
08:26:37.315 [FXGL Background Thread 3 ] DEBUG Engine               - randomSeed: -1
08:26:37.316 [FXGL Background Thread 3 ] DEBUG Engine               - runtimeInfo: RuntimeInfo(platform=LINUX, version=17.2, build=20.08.2022 16.50)
08:26:37.316 [FXGL Background Thread 3 ] DEBUG Engine               - saveFileExt: sav
08:26:37.316 [FXGL Background Thread 3 ] DEBUG Engine               - scaledHeightProp$fxgl: DoubleProperty [bound, value: 677.0]
08:26:37.317 [FXGL Background Thread 3 ] DEBUG Engine               - scaledWidthProp$fxgl: DoubleProperty [bound, value: 850.0]
08:26:37.317 [FXGL Background Thread 3 ] DEBUG Engine               - sceneFactory: com.almasb.fxgl.app.scene.SceneFactory@24579dae
08:26:37.317 [FXGL Background Thread 3 ] DEBUG Engine               - secondsIn24h: 60
08:26:37.317 [FXGL Background Thread 3 ] DEBUG Engine               - soundMenuBack: menu/back.wav
08:26:37.317 [FXGL Background Thread 3 ] DEBUG Engine               - soundMenuPress: menu/press.wav
08:26:37.317 [FXGL Background Thread 3 ] DEBUG Engine               - soundMenuSelect: menu/select.wav
08:26:37.318 [FXGL Background Thread 3 ] DEBUG Engine               - soundNotification: core/notification.wav
08:26:37.318 [FXGL Background Thread 3 ] DEBUG Engine               - stageStyle: DECORATED
08:26:37.318 [FXGL Background Thread 3 ] DEBUG Engine               - supportedLanguages: [ENGLISH, FRENCH, GERMAN, HUNGARIAN, RUSSIAN]
08:26:37.318 [FXGL Background Thread 3 ] DEBUG Engine               - ticksPerSecond: -1
08:26:37.318 [FXGL Background Thread 3 ] DEBUG Engine               - title: Restaurant Game
08:26:37.318 [FXGL Background Thread 3 ] DEBUG Engine               - urlGithub: https://github.com/AlmasB/FXGL
08:26:37.318 [FXGL Background Thread 3 ] DEBUG Engine               - urlLeaderboard: http://fxgl-top.herokuapp.com/
08:26:37.319 [FXGL Background Thread 3 ] DEBUG Engine               - urlPOM: https://raw.githubusercontent.com/AlmasB/FXGL/release/README.md
08:26:37.319 [FXGL Background Thread 3 ] DEBUG Engine               - userAppClass: class fxglapp.FXGLGameApp
08:26:37.319 [FXGL Background Thread 3 ] DEBUG Engine               - version: 0.0
08:26:37.319 [FXGL Background Thread 3 ] DEBUG Engine               - versionCheckDays: 7
08:26:37.319 [FXGL Background Thread 3 ] DEBUG Engine               - width: 850
08:26:37.320 [FXGL Background Thread 3 ] DEBUG Engine               - Logging services
08:26:37.320 [FXGL Background Thread 3 ] DEBUG Engine               - class com.almasb.fxgl.app.services.FXGLAssetLoaderService
08:26:37.320 [FXGL Background Thread 3 ] DEBUG Engine               - class com.almasb.fxgl.app.FXGLApplication$GameApplicationService
08:26:37.320 [FXGL Background Thread 3 ] DEBUG Engine               - class com.almasb.fxgl.app.services.FXGLDialogService
08:26:37.320 [FXGL Background Thread 3 ] DEBUG Engine               - class com.almasb.fxgl.app.services.IOTaskExecutorService
08:26:37.320 [FXGL Background Thread 3 ] DEBUG Engine               - class com.almasb.fxgl.io.FileSystemService
08:26:37.320 [FXGL Background Thread 3 ] DEBUG Engine               - class com.almasb.fxgl.localization.LocalizationService
08:26:37.321 [FXGL Background Thread 3 ] DEBUG Engine               - class com.almasb.fxgl.app.services.SystemBundleService
08:26:37.321 [FXGL Background Thread 3 ] DEBUG Engine               - class com.almasb.fxgl.profile.SaveLoadService
08:26:37.321 [FXGL Background Thread 3 ] DEBUG Engine               - class com.almasb.fxgl.ui.FXGLUIFactoryServiceProvider
08:26:37.321 [FXGL Background Thread 3 ] DEBUG Engine               - class com.almasb.fxgl.ui.FXGLDialogFactoryServiceProvider
08:26:37.321 [FXGL Background Thread 3 ] DEBUG Engine               - class com.almasb.fxgl.audio.AudioPlayer
08:26:37.321 [FXGL Background Thread 3 ] DEBUG Engine               - class com.almasb.fxgl.notification.impl.NotificationServiceProvider
08:26:37.321 [FXGL Background Thread 3 ] DEBUG Engine               - class com.almasb.fxgl.achievement.AchievementService
08:26:37.321 [FXGL Background Thread 3 ] DEBUG Engine               - class com.almasb.fxgl.cutscene.CutsceneService
08:26:37.321 [FXGL Background Thread 3 ] DEBUG Engine               - class com.almasb.fxgl.minigames.MiniGameService
08:26:37.322 [FXGL Background Thread 3 ] DEBUG Engine               - class com.almasb.fxgl.net.NetService
08:26:37.322 [FXGL Background Thread 3 ] DEBUG Engine               - class com.almasb.fxgl.app.services.UpdaterService
08:26:37.322 [FXGL Background Thread 3 ] DEBUG Engine               - class com.almasb.fxgl.dev.DevService
08:26:39.777 [JavaFX Application Thread] DEBUG FXGLApplication      - Exiting FXGL
08:26:39.778 [JavaFX Application Thread] DEBUG Async                - Shutting down background threads
08:26:39.779 [JavaFX Application Thread] DEBUG PrimaryStageWindow   - Closing main window
08:26:39.787 [JavaFX Application Thread] DEBUG Logger               - Closing Logger
