20:29:18.311 [main                     ] DEBUG Logger               - Configured Logger
20:29:18.354 [main                     ] DEBUG GameApplication      - Logging settings
Title: Restaurant Game
Version: 0.0
Width: 850
Height: 670
Fullscreen: false
Intro: false
Profiling: false
Single step:false
App Mode: DEVELOPER
Menu Key: ESCAPE
Stage Style: DECORATED
Scene Factory: class com.almasb.fxgl.app.scene.SceneFactory

20:29:18.759 [JavaFX Application Thread] DEBUG FXGLApplication      - Initializing FXGL
20:29:18.766 [JavaFX Application Thread] INFO  Engine               - FXGL-17.2 (20.08.2022 16.50) on LINUX (J:17.0.13 FX:18)
20:29:18.766 [JavaFX Application Thread] DEBUG Engine               - JRE Vendor Name: Red Hat, Inc.
20:29:18.767 [JavaFX Application Thread] DEBUG Engine               - Running on OS: Linux version 6.11.6-200.fc40.x86_64
20:29:18.767 [JavaFX Application Thread] DEBUG Engine               - Architecture: amd64
20:29:18.767 [JavaFX Application Thread] INFO  Engine               - Source code and latest versions at: https://github.com/AlmasB/FXGL
20:29:18.767 [JavaFX Application Thread] INFO  Engine               -       Ask questions and discuss at: https://github.com/AlmasB/FXGL/discussions
20:29:18.768 [JavaFX Application Thread] INFO  Engine               -              Join the FXGL chat at: https://gitter.im/AlmasB/FXGL
20:29:18.890 [JavaFX Application Thread] DEBUG PrimaryStageWindow   - Creating a JavaFX scene
20:29:18.987 [JavaFX Application Thread] DEBUG PrimaryStageWindow   - Target settings size: 850.0 x 670.0
20:29:18.987 [JavaFX Application Thread] DEBUG PrimaryStageWindow   - Scaled scene size:    850.0 x 670.0
20:29:18.988 [JavaFX Application Thread] DEBUG PrimaryStageWindow   - Scaled ratio: (1.0, 1.0)
20:29:18.989 [JavaFX Application Thread] DEBUG PrimaryStageWindow   - Set initial scene to FXGLStartupScene
20:29:18.998 [JavaFX Application Thread] DEBUG PrimaryStageWindow   - Opening main window
20:29:19.048 [JavaFX Application Thread] DEBUG PrimaryStageWindow   - Window border size: (2.0, 29.0)
20:29:19.048 [JavaFX Application Thread] DEBUG PrimaryStageWindow   - Scaled size: 850.0 x 670.0
20:29:19.048 [JavaFX Application Thread] DEBUG PrimaryStageWindow   - Scaled ratio: (1.0, 1.0)
20:29:19.049 [JavaFX Application Thread] DEBUG PrimaryStageWindow   - Scene size: 850.0 x 670.0
20:29:19.049 [JavaFX Application Thread] DEBUG PrimaryStageWindow   - Stage size: 852.0 x 699.0
20:29:19.056 [FXGL Background Thread 1 ] DEBUG Engine               - Initializing environment variables
20:29:19.085 [FXGL Background Thread 1 ] DEBUG FXGLAssetLoaderServi - User app class for loading assets: class fxglapp.FXGLGameApp
20:29:19.085 [FXGL Background Thread 1 ] DEBUG GameApplicationServi - Applying CSS: fxgl_dark.css
20:29:19.086 [FXGL Background Thread 1 ] DEBUG FXGLAssetLoaderServi - Loading from file system: jar:file:/home/chris/.m2/repository/com/github/almasb/fxgl/17.2/fxgl-17.2.jar!/fxglassets/ui/css/fxgl_dark.css
20:29:19.134 [FXGL Background Thread 1 ] DEBUG GameApplicationServi - Initializing application scenes
20:29:19.180 [FXGL Background Thread 1 ] DEBUG GameWorld            - Game world initialized
20:29:19.239 [FXGL Background Thread 1 ] DEBUG PhysicsWorld         - Physics world initialized: appHeight=670, physics.ppm=50.0
20:29:19.240 [FXGL Background Thread 1 ] DEBUG PhysicsWorld         - Using strategy: BRUTE_FORCE
20:29:19.245 [FXGL Background Thread 1 ] DEBUG GameScene            - Game scene initialized: 850x670
20:29:19.258 [FXGL Background Thread 1 ] DEBUG FXGL.DefaultMenu     - createMenuBodyGameMenu()
20:29:19.273 [FXGL Background Thread 1 ] DEBUG FXGL.DefaultMenu     - createOptionsMenu()
20:29:19.287 [FXGL Background Thread 1 ] DEBUG FXGLAssetLoaderServi - Loading from file system: jar:file:/home/chris/.m2/repository/com/github/almasb/fxgl/17.2/fxgl-17.2.jar!/fxglassets/textures/particles/smoke.png
20:29:19.417 [FXGL Background Thread 1 ] DEBUG FXGLAssetLoaderServi - Loading from file system: jar:file:/home/chris/.m2/repository/com/github/almasb/fxgl/17.2/fxgl-17.2.jar!/fxglassets/textures/particles/trace_horizontal.png
20:29:19.449 [FXGL Background Thread 1 ] DEBUG GameApplicationServi - Application scenes initialized
20:29:19.471 [FXGL Background Thread 1 ] DEBUG SystemBundleService  - Loading FXGL system data
20:29:19.474 [FXGL Background Thread 1 ] DEBUG FileSystemAccess     - Reading from: /home/chris/IdeaProjects/RestaurantSimulator/system/fxgl.bundle
20:29:19.480 [FXGL Background Thread 1 ] DEBUG SystemBundleService  - Bundle FXGL: {}
20:29:19.480 [FXGL Background Thread 1 ] DEBUG UpdaterService       - Checking for updates
20:29:19.488 [FXGL Background Thread 4 ] DEBUG FXGLApplication      - Loading fonts
20:29:19.489 [FXGL Background Thread 4 ] DEBUG FXGLAssetLoaderServi - Loading from file system: jar:file:/home/chris/.m2/repository/com/github/almasb/fxgl/17.2/fxgl-17.2.jar!/fxglassets/ui/fonts/VarelaRound-Regular.ttf
20:29:19.489 [FXGL Background Thread 1 ] DEBUG FXGLApplication      - Loading default localization
20:29:19.490 [FXGL Background Thread 1 ] DEBUG FXGLAssetLoaderServi - Loading from file system: jar:file:/home/chris/.m2/repository/com/github/almasb/fxgl/17.2/fxgl-17.2.jar!/fxglassets/languages/english.lang
20:29:19.495 [FXGL Background Thread 4 ] DEBUG FXGLAssetLoaderServi - Loading from file system: jar:file:/home/chris/.m2/repository/com/github/almasb/fxgl/17.2/fxgl-17.2.jar!/fxglassets/ui/fonts/Abel-Regular.ttf
20:29:19.496 [FXGL Background Thread 4 ] DEBUG FXGLAssetLoaderServi - Loading from file system: jar:file:/home/chris/.m2/repository/com/github/almasb/fxgl/17.2/fxgl-17.2.jar!/fxglassets/ui/fonts/TerminalLandMono-Regular.otf
20:29:19.498 [FXGL Background Thread 4 ] DEBUG FXGLAssetLoaderServi - Loading from file system: jar:file:/home/chris/.m2/repository/com/github/almasb/fxgl/17.2/fxgl-17.2.jar!/fxglassets/ui/fonts/Courier-Prime.ttf
20:29:19.502 [JavaFX Application Thread] DEBUG FXGLApplication      - Registering font factories with UI factory
20:29:19.516 [FXGL Background Thread 1 ] INFO  FXGLApplication      - FXGL initialization took: 0.460 sec
20:29:19.518 [JavaFX Application Thread] DEBUG FXGLAssetLoaderServi - Loading from file system: jar:file:/home/chris/.m2/repository/com/github/almasb/fxgl/17.2/fxgl-17.2.jar!/fxglassets/textures/fxgl_icon.png
20:29:19.552 [JavaFX Application Thread] DEBUG FXGLAssetLoaderServi - Loading from file system: jar:file:/home/chris/.m2/repository/com/github/almasb/fxgl/17.2/fxgl-17.2.jar!/fxglassets/textures/fxgl_default_cursor.png
20:29:19.572 [JavaFX Application Thread] DEBUG Input                - Registered new binding: Screenshot - CTRL+8
20:29:19.573 [JavaFX Application Thread] DEBUG Input                - Registered new binding: System info dump - CTRL+9
20:29:19.573 [JavaFX Application Thread] DEBUG Input                - Registered new binding: Restart - CTRL+R
20:29:19.574 [JavaFX Application Thread] DEBUG Input                - Registered new binding: Toggle Debug Camera - CTRL+7
20:29:19.577 [JavaFX Application Thread] DEBUG LoopRunner           - Starting loop
20:29:19.577 [JavaFX Application Thread] DEBUG LoopRunner           - Initializing JavaFX AnimationTimerLoop
20:29:19.579 [JavaFX Application Thread] DEBUG GameApplicationServi - Starting new game
20:29:19.580 [JavaFX Application Thread] DEBUG Input                - Clearing active input actions
20:29:19.592 [JavaFX Application Thread] DEBUG GameApplicationServi - Removing overlay from FXGLStartupScene and adding to FXGLLoadingScene
20:29:19.592 [JavaFX Application Thread] DEBUG PrimaryStageWindow   - FXGLStartupScene -> FXGLLoadingScene
20:29:19.593 [JavaFX Application Thread] DEBUG GameApplicationServi - Clearing previous game
20:29:19.593 [JavaFX Application Thread] DEBUG GameScene            - Clearing game scene
20:29:19.593 [JavaFX Application Thread] DEBUG GameWorld            - Clearing game world
20:29:19.593 [JavaFX Application Thread] DEBUG PhysicsWorld         - Clearing physics world
20:29:19.595 [FXGL Background Thread 1 ] DEBUG FXGLApplication      - Initializing game
20:29:19.798 [FXGL Background Thread 1 ] INFO  FXGLApplication      - Game initialization took: 0.203 sec
20:29:19.805 [JavaFX Application Thread] DEBUG Input                - Clearing active input actions
20:29:19.835 [JavaFX Application Thread] DEBUG GameApplicationServi - Removing overlay from FXGLLoadingScene and adding to GameScene
20:29:19.836 [JavaFX Application Thread] DEBUG PrimaryStageWindow   - FXGLLoadingScene -> GameScene
20:29:21.018 [FXGL Background Thread 2 ] INFO  UpdaterService       - Your current version:  17.2
20:29:21.019 [FXGL Background Thread 2 ] INFO  UpdaterService       - Latest stable version: 21.1
20:29:22.486 [FXGL Background Thread 3 ] DEBUG Engine               - Logging environment variables
20:29:22.487 [FXGL Background Thread 3 ] DEBUG Engine               - achievements: []
20:29:22.487 [FXGL Background Thread 3 ] DEBUG Engine               - actualHeight: 641.0
20:29:22.488 [FXGL Background Thread 3 ] DEBUG Engine               - actualHeightProperty: ReadOnlyDoubleProperty [value: 677.0]
20:29:22.488 [FXGL Background Thread 3 ] DEBUG Engine               - actualWidth: 848.0
20:29:22.488 [FXGL Background Thread 3 ] DEBUG Engine               - actualWidthProperty: ReadOnlyDoubleProperty [value: 850.0]
20:29:22.489 [FXGL Background Thread 3 ] DEBUG Engine               - appIcon: fxgl_icon.png
20:29:22.489 [FXGL Background Thread 3 ] DEBUG Engine               - applicationMode: DEVELOPER
20:29:22.489 [FXGL Background Thread 3 ] DEBUG Engine               - cSSList: [fxgl_dark.css]
20:29:22.489 [FXGL Background Thread 3 ] DEBUG Engine               - collisionDetectionStrategy: BRUTE_FORCE
20:29:22.490 [FXGL Background Thread 3 ] DEBUG Engine               - configClass: Optional.empty
20:29:22.490 [FXGL Background Thread 3 ] DEBUG Engine               - credits: []
20:29:22.491 [FXGL Background Thread 3 ] DEBUG Engine               - defaultCursor: CursorInfo(imageName=fxgl_default_cursor.png, hotspotX=7.0, hotspotY=6.0)
20:29:22.491 [FXGL Background Thread 3 ] DEBUG Engine               - devBBoxColorProperty: ObjectProperty [value: 0xff0000ff]
20:29:22.492 [FXGL Background Thread 3 ] DEBUG Engine               - devEnableDebugCameraProperty: BooleanProperty [value: false]
20:29:22.492 [FXGL Background Thread 3 ] DEBUG Engine               - devSensorColorProperty: ObjectProperty [value: 0xffff00ff]
20:29:22.492 [FXGL Background Thread 3 ] DEBUG Engine               - devShowBBoxProperty: BooleanProperty [value: false]
20:29:22.492 [FXGL Background Thread 3 ] DEBUG Engine               - devShowPositionProperty: BooleanProperty [value: false]
20:29:22.492 [FXGL Background Thread 3 ] DEBUG Engine               - enabledMenuItems: []
20:29:22.493 [FXGL Background Thread 3 ] DEBUG Engine               - engineServices: [class com.almasb.fxgl.app.services.FXGLAssetLoaderService, class com.almasb.fxgl.app.FXGLApplication$GameApplicationService, class com.almasb.fxgl.app.services.FXGLDialogService, class com.almasb.fxgl.app.services.IOTaskExecutorService, class com.almasb.fxgl.io.FileSystemService, class com.almasb.fxgl.localization.LocalizationService, class com.almasb.fxgl.app.services.SystemBundleService, class com.almasb.fxgl.profile.SaveLoadService, class com.almasb.fxgl.ui.FXGLUIFactoryServiceProvider, class com.almasb.fxgl.ui.FXGLDialogFactoryServiceProvider, class com.almasb.fxgl.audio.AudioPlayer, class com.almasb.fxgl.notification.impl.NotificationServiceProvider, class com.almasb.fxgl.achievement.AchievementService, class com.almasb.fxgl.cutscene.CutsceneService, class com.almasb.fxgl.minigames.MiniGameService, class com.almasb.fxgl.net.NetService, class com.almasb.fxgl.app.services.UpdaterService, class com.almasb.fxgl.dev.DevService]
20:29:22.493 [FXGL Background Thread 3 ] DEBUG Engine               - fontGame: Abel-Regular.ttf
20:29:22.493 [FXGL Background Thread 3 ] DEBUG Engine               - fontMono: TerminalLandMono-Regular.otf
20:29:22.493 [FXGL Background Thread 3 ] DEBUG Engine               - fontText: Courier-Prime.ttf
20:29:22.493 [FXGL Background Thread 3 ] DEBUG Engine               - fontUI: VarelaRound-Regular.ttf
20:29:22.494 [FXGL Background Thread 3 ] DEBUG Engine               - fullScreen: BooleanProperty [value: false]
20:29:22.494 [FXGL Background Thread 3 ] DEBUG Engine               - gameDifficulty: MEDIUM
20:29:22.494 [FXGL Background Thread 3 ] DEBUG Engine               - gameDifficultyProperty: ObjectProperty [value: MEDIUM]
20:29:22.494 [FXGL Background Thread 3 ] DEBUG Engine               - globalMusicVolume: 0.5
20:29:22.495 [FXGL Background Thread 3 ] DEBUG Engine               - globalMusicVolumeProperty: DoubleProperty [value: 0.5]
20:29:22.495 [FXGL Background Thread 3 ] DEBUG Engine               - globalSoundVolume: 0.5
20:29:22.495 [FXGL Background Thread 3 ] DEBUG Engine               - globalSoundVolumeProperty: DoubleProperty [value: 0.5]
20:29:22.495 [FXGL Background Thread 3 ] DEBUG Engine               - height: 670
20:29:22.495 [FXGL Background Thread 3 ] DEBUG Engine               - is3D: false
20:29:22.496 [FXGL Background Thread 3 ] DEBUG Engine               - isAndroid: false
20:29:22.496 [FXGL Background Thread 3 ] DEBUG Engine               - isBrowser: false
20:29:22.496 [FXGL Background Thread 3 ] DEBUG Engine               - isClickFeedbackEnabled: false
20:29:22.496 [FXGL Background Thread 3 ] DEBUG Engine               - isCloseConfirmation: false
20:29:22.496 [FXGL Background Thread 3 ] DEBUG Engine               - isDesktop: true
20:29:22.496 [FXGL Background Thread 3 ] DEBUG Engine               - isDeveloperMenuEnabled: false
20:29:22.496 [FXGL Background Thread 3 ] DEBUG Engine               - isEmbedded: false
20:29:22.497 [FXGL Background Thread 3 ] DEBUG Engine               - isEntityPreloadEnabled: true
20:29:22.497 [FXGL Background Thread 3 ] DEBUG Engine               - isExperimentalTiledLargeMap: false
20:29:22.497 [FXGL Background Thread 3 ] DEBUG Engine               - isFileSystemWriteAllowed: true
20:29:22.497 [FXGL Background Thread 3 ] DEBUG Engine               - isFullScreenAllowed: false
20:29:22.497 [FXGL Background Thread 3 ] DEBUG Engine               - isFullScreenFromStart: false
20:29:22.497 [FXGL Background Thread 3 ] DEBUG Engine               - isGameMenuEnabled: true
20:29:22.498 [FXGL Background Thread 3 ] DEBUG Engine               - isIOS: false
20:29:22.498 [FXGL Background Thread 3 ] DEBUG Engine               - isIntroEnabled: false
20:29:22.498 [FXGL Background Thread 3 ] DEBUG Engine               - isLinux: true
20:29:22.498 [FXGL Background Thread 3 ] DEBUG Engine               - isMac: false
20:29:22.498 [FXGL Background Thread 3 ] DEBUG Engine               - isMainMenuEnabled: false
20:29:22.498 [FXGL Background Thread 3 ] DEBUG Engine               - isManualResizeEnabled: false
20:29:22.498 [FXGL Background Thread 3 ] DEBUG Engine               - isMobile: false
20:29:22.499 [FXGL Background Thread 3 ] DEBUG Engine               - isNative: false
20:29:22.499 [FXGL Background Thread 3 ] DEBUG Engine               - isPauseMusicWhenMinimized: true
20:29:22.499 [FXGL Background Thread 3 ] DEBUG Engine               - isPreserveResizeRatio: false
20:29:22.499 [FXGL Background Thread 3 ] DEBUG Engine               - isProfilingEnabled: false
20:29:22.500 [FXGL Background Thread 3 ] DEBUG Engine               - isScaleAffectedOnResize: true
20:29:22.500 [FXGL Background Thread 3 ] DEBUG Engine               - isSingleStep: false
20:29:22.500 [FXGL Background Thread 3 ] DEBUG Engine               - isUserProfileEnabled: false
20:29:22.500 [FXGL Background Thread 3 ] DEBUG Engine               - isWindows: false
20:29:22.500 [FXGL Background Thread 3 ] DEBUG Engine               - language: ObjectProperty [value: ENGLISH]
20:29:22.501 [FXGL Background Thread 3 ] DEBUG Engine               - menuKey: ESCAPE
20:29:22.501 [FXGL Background Thread 3 ] DEBUG Engine               - mouseSensitivity: 0.2
20:29:22.501 [FXGL Background Thread 3 ] DEBUG Engine               - notificationViewClass: class com.almasb.fxgl.notification.view.XboxNotificationView
20:29:22.501 [FXGL Background Thread 3 ] DEBUG Engine               - pixelsPerMeter: 50.0
20:29:22.501 [FXGL Background Thread 3 ] DEBUG Engine               - platform: LINUX
20:29:22.501 [FXGL Background Thread 3 ] DEBUG Engine               - prefHeightProperty: ReadOnlyDoubleProperty [value: 670.0]
20:29:22.502 [FXGL Background Thread 3 ] DEBUG Engine               - prefWidthProperty: ReadOnlyDoubleProperty [value: 850.0]
20:29:22.502 [FXGL Background Thread 3 ] DEBUG Engine               - profileDir: profiles/
20:29:22.502 [FXGL Background Thread 3 ] DEBUG Engine               - profileName: StringProperty [value: DEFAULT]
20:29:22.502 [FXGL Background Thread 3 ] DEBUG Engine               - randomSeed: -1
20:29:22.503 [FXGL Background Thread 3 ] DEBUG Engine               - runtimeInfo: RuntimeInfo(platform=LINUX, version=17.2, build=20.08.2022 16.50)
20:29:22.503 [FXGL Background Thread 3 ] DEBUG Engine               - saveFileExt: sav
20:29:22.503 [FXGL Background Thread 3 ] DEBUG Engine               - scaledHeightProp$fxgl: DoubleProperty [bound, value: 677.0]
20:29:22.503 [FXGL Background Thread 3 ] DEBUG Engine               - scaledWidthProp$fxgl: DoubleProperty [bound, value: 850.0]
20:29:22.503 [FXGL Background Thread 3 ] DEBUG Engine               - sceneFactory: com.almasb.fxgl.app.scene.SceneFactory@754df3c7
20:29:22.504 [FXGL Background Thread 3 ] DEBUG Engine               - secondsIn24h: 60
20:29:22.504 [FXGL Background Thread 3 ] DEBUG Engine               - soundMenuBack: menu/back.wav
20:29:22.504 [FXGL Background Thread 3 ] DEBUG Engine               - soundMenuPress: menu/press.wav
20:29:22.504 [FXGL Background Thread 3 ] DEBUG Engine               - soundMenuSelect: menu/select.wav
20:29:22.504 [FXGL Background Thread 3 ] DEBUG Engine               - soundNotification: core/notification.wav
20:29:22.504 [FXGL Background Thread 3 ] DEBUG Engine               - stageStyle: DECORATED
20:29:22.504 [FXGL Background Thread 3 ] DEBUG Engine               - supportedLanguages: [ENGLISH, FRENCH, GERMAN, HUNGARIAN, RUSSIAN]
20:29:22.504 [FXGL Background Thread 3 ] DEBUG Engine               - ticksPerSecond: -1
20:29:22.505 [FXGL Background Thread 3 ] DEBUG Engine               - title: Restaurant Game
20:29:22.505 [FXGL Background Thread 3 ] DEBUG Engine               - urlGithub: https://github.com/AlmasB/FXGL
20:29:22.505 [FXGL Background Thread 3 ] DEBUG Engine               - urlLeaderboard: http://fxgl-top.herokuapp.com/
20:29:22.505 [FXGL Background Thread 3 ] DEBUG Engine               - urlPOM: https://raw.githubusercontent.com/AlmasB/FXGL/release/README.md
20:29:22.505 [FXGL Background Thread 3 ] DEBUG Engine               - userAppClass: class fxglapp.FXGLGameApp
20:29:22.505 [FXGL Background Thread 3 ] DEBUG Engine               - version: 0.0
20:29:22.505 [FXGL Background Thread 3 ] DEBUG Engine               - versionCheckDays: 7
20:29:22.506 [FXGL Background Thread 3 ] DEBUG Engine               - width: 850
20:29:22.506 [FXGL Background Thread 3 ] DEBUG Engine               - Logging services
20:29:22.506 [FXGL Background Thread 3 ] DEBUG Engine               - class com.almasb.fxgl.app.services.FXGLAssetLoaderService
20:29:22.506 [FXGL Background Thread 3 ] DEBUG Engine               - class com.almasb.fxgl.app.FXGLApplication$GameApplicationService
20:29:22.506 [FXGL Background Thread 3 ] DEBUG Engine               - class com.almasb.fxgl.app.services.FXGLDialogService
20:29:22.507 [FXGL Background Thread 3 ] DEBUG Engine               - class com.almasb.fxgl.app.services.IOTaskExecutorService
20:29:22.507 [FXGL Background Thread 3 ] DEBUG Engine               - class com.almasb.fxgl.io.FileSystemService
20:29:22.507 [FXGL Background Thread 3 ] DEBUG Engine               - class com.almasb.fxgl.localization.LocalizationService
20:29:22.507 [FXGL Background Thread 3 ] DEBUG Engine               - class com.almasb.fxgl.app.services.SystemBundleService
20:29:22.507 [FXGL Background Thread 3 ] DEBUG Engine               - class com.almasb.fxgl.profile.SaveLoadService
20:29:22.507 [FXGL Background Thread 3 ] DEBUG Engine               - class com.almasb.fxgl.ui.FXGLUIFactoryServiceProvider
20:29:22.507 [FXGL Background Thread 3 ] DEBUG Engine               - class com.almasb.fxgl.ui.FXGLDialogFactoryServiceProvider
20:29:22.507 [FXGL Background Thread 3 ] DEBUG Engine               - class com.almasb.fxgl.audio.AudioPlayer
20:29:22.508 [FXGL Background Thread 3 ] DEBUG Engine               - class com.almasb.fxgl.notification.impl.NotificationServiceProvider
20:29:22.508 [FXGL Background Thread 3 ] DEBUG Engine               - class com.almasb.fxgl.achievement.AchievementService
20:29:22.508 [FXGL Background Thread 3 ] DEBUG Engine               - class com.almasb.fxgl.cutscene.CutsceneService
20:29:22.508 [FXGL Background Thread 3 ] DEBUG Engine               - class com.almasb.fxgl.minigames.MiniGameService
20:29:22.508 [FXGL Background Thread 3 ] DEBUG Engine               - class com.almasb.fxgl.net.NetService
20:29:22.508 [FXGL Background Thread 3 ] DEBUG Engine               - class com.almasb.fxgl.app.services.UpdaterService
20:29:22.508 [FXGL Background Thread 3 ] DEBUG Engine               - class com.almasb.fxgl.dev.DevService
20:29:31.686 [JavaFX Application Thread] DEBUG FXGLApplication      - Exiting FXGL
20:29:31.687 [JavaFX Application Thread] DEBUG LoopRunner           - Stopping loop
20:29:31.687 [JavaFX Application Thread] DEBUG SystemBundleService  - Saving FXGL system data
20:29:31.689 [JavaFX Application Thread] DEBUG FileSystemAccess     - Writing to: /home/chris/IdeaProjects/RestaurantSimulator/system/fxgl.bundle
20:29:31.690 [JavaFX Application Thread] DEBUG Async                - Shutting down background threads
20:29:31.690 [JavaFX Application Thread] DEBUG PrimaryStageWindow   - Closing main window
20:29:31.694 [JavaFX Application Thread] DEBUG Logger               - Closing Logger
