19:26:31.820 [main                     ] DEBUG Logger               - Configured Logger
19:26:31.856 [main                     ] DEBUG GameApplication      - Logging settings
Title: Restaurant Game
Version: 0.0
Width: 850
Height: 670
Fullscreen: false
Intro: false
Profiling: false
Single step:false
App Mode: DEVELOPER
Menu Key: ESCAPE
Stage Style: DECORATED
Scene Factory: class com.almasb.fxgl.app.scene.SceneFactory

19:26:32.272 [JavaFX Application Thread] DEBUG FXGLApplication      - Initializing FXGL
19:26:32.280 [JavaFX Application Thread] INFO  Engine               - FXGL-17.2 (20.08.2022 16.50) on LINUX (J:17.0.13 FX:18)
19:26:32.280 [JavaFX Application Thread] DEBUG Engine               - JRE Vendor Name: Red Hat, Inc.
19:26:32.281 [JavaFX Application Thread] DEBUG Engine               - Running on OS: Linux version 6.11.6-200.fc40.x86_64
19:26:32.281 [JavaFX Application Thread] DEBUG Engine               - Architecture: amd64
19:26:32.281 [JavaFX Application Thread] INFO  Engine               - Source code and latest versions at: https://github.com/AlmasB/FXGL
19:26:32.281 [JavaFX Application Thread] INFO  Engine               -       Ask questions and discuss at: https://github.com/AlmasB/FXGL/discussions
19:26:32.282 [JavaFX Application Thread] INFO  Engine               -              Join the FXGL chat at: https://gitter.im/AlmasB/FXGL
19:26:32.384 [JavaFX Application Thread] DEBUG PrimaryStageWindow   - Creating a JavaFX scene
19:26:32.468 [JavaFX Application Thread] DEBUG PrimaryStageWindow   - Target settings size: 850.0 x 670.0
19:26:32.469 [JavaFX Application Thread] DEBUG PrimaryStageWindow   - Scaled scene size:    850.0 x 670.0
19:26:32.469 [JavaFX Application Thread] DEBUG PrimaryStageWindow   - Scaled ratio: (1.0, 1.0)
19:26:32.471 [JavaFX Application Thread] DEBUG PrimaryStageWindow   - Set initial scene to FXGLStartupScene
19:26:32.482 [JavaFX Application Thread] DEBUG PrimaryStageWindow   - Opening main window
19:26:32.530 [JavaFX Application Thread] DEBUG PrimaryStageWindow   - Window border size: (2.0, 29.0)
19:26:32.531 [JavaFX Application Thread] DEBUG PrimaryStageWindow   - Scaled size: 850.0 x 670.0
19:26:32.532 [JavaFX Application Thread] DEBUG PrimaryStageWindow   - Scaled ratio: (1.0, 1.0)
19:26:32.532 [JavaFX Application Thread] DEBUG PrimaryStageWindow   - Scene size: 850.0 x 670.0
19:26:32.533 [JavaFX Application Thread] DEBUG PrimaryStageWindow   - Stage size: 852.0 x 699.0
19:26:32.540 [FXGL Background Thread 1 ] DEBUG Engine               - Initializing environment variables
19:26:32.569 [FXGL Background Thread 1 ] DEBUG FXGLAssetLoaderServi - User app class for loading assets: class fxglapp.FXGLGameApp
19:26:32.570 [FXGL Background Thread 1 ] DEBUG GameApplicationServi - Applying CSS: fxgl_dark.css
19:26:32.571 [FXGL Background Thread 1 ] DEBUG FXGLAssetLoaderServi - Loading from file system: jar:file:/home/chris/.m2/repository/com/github/almasb/fxgl/17.2/fxgl-17.2.jar!/fxglassets/ui/css/fxgl_dark.css
19:26:32.634 [FXGL Background Thread 1 ] DEBUG GameApplicationServi - Initializing application scenes
19:26:32.693 [FXGL Background Thread 1 ] DEBUG GameWorld            - Game world initialized
19:26:32.744 [FXGL Background Thread 1 ] DEBUG PhysicsWorld         - Physics world initialized: appHeight=670, physics.ppm=50.0
19:26:32.745 [FXGL Background Thread 1 ] DEBUG PhysicsWorld         - Using strategy: BRUTE_FORCE
19:26:32.752 [FXGL Background Thread 1 ] DEBUG GameScene            - Game scene initialized: 850x670
19:26:32.765 [FXGL Background Thread 1 ] DEBUG FXGL.DefaultMenu     - createMenuBodyGameMenu()
19:26:32.780 [FXGL Background Thread 1 ] DEBUG FXGL.DefaultMenu     - createOptionsMenu()
19:26:32.791 [FXGL Background Thread 1 ] DEBUG FXGLAssetLoaderServi - Loading from file system: jar:file:/home/chris/.m2/repository/com/github/almasb/fxgl/17.2/fxgl-17.2.jar!/fxglassets/textures/particles/smoke.png
19:26:32.892 [FXGL Background Thread 1 ] DEBUG FXGLAssetLoaderServi - Loading from file system: jar:file:/home/chris/.m2/repository/com/github/almasb/fxgl/17.2/fxgl-17.2.jar!/fxglassets/textures/particles/trace_horizontal.png
19:26:32.920 [FXGL Background Thread 1 ] DEBUG GameApplicationServi - Application scenes initialized
19:26:32.932 [FXGL Background Thread 1 ] DEBUG SystemBundleService  - Loading FXGL system data
19:26:32.933 [FXGL Background Thread 1 ] DEBUG FileSystemAccess     - Reading from: /home/chris/IdeaProjects/RestaurantSimulator/system/fxgl.bundle
19:26:32.936 [FXGL Background Thread 1 ] DEBUG SystemBundleService  - Bundle FXGL: {}
19:26:32.936 [FXGL Background Thread 1 ] DEBUG UpdaterService       - Checking for updates
19:26:32.943 [FXGL Background Thread 4 ] DEBUG FXGLApplication      - Loading fonts
19:26:32.943 [FXGL Background Thread 1 ] DEBUG FXGLApplication      - Loading default localization
19:26:32.943 [FXGL Background Thread 4 ] DEBUG FXGLAssetLoaderServi - Loading from file system: jar:file:/home/chris/.m2/repository/com/github/almasb/fxgl/17.2/fxgl-17.2.jar!/fxglassets/ui/fonts/VarelaRound-Regular.ttf
19:26:32.944 [FXGL Background Thread 1 ] DEBUG FXGLAssetLoaderServi - Loading from file system: jar:file:/home/chris/.m2/repository/com/github/almasb/fxgl/17.2/fxgl-17.2.jar!/fxglassets/languages/english.lang
19:26:32.951 [FXGL Background Thread 4 ] DEBUG FXGLAssetLoaderServi - Loading from file system: jar:file:/home/chris/.m2/repository/com/github/almasb/fxgl/17.2/fxgl-17.2.jar!/fxglassets/ui/fonts/Abel-Regular.ttf
19:26:32.954 [FXGL Background Thread 4 ] DEBUG FXGLAssetLoaderServi - Loading from file system: jar:file:/home/chris/.m2/repository/com/github/almasb/fxgl/17.2/fxgl-17.2.jar!/fxglassets/ui/fonts/TerminalLandMono-Regular.otf
19:26:32.957 [FXGL Background Thread 4 ] DEBUG FXGLAssetLoaderServi - Loading from file system: jar:file:/home/chris/.m2/repository/com/github/almasb/fxgl/17.2/fxgl-17.2.jar!/fxglassets/ui/fonts/Courier-Prime.ttf
19:26:32.961 [FXGL Background Thread 1 ] INFO  FXGLApplication      - FXGL initialization took: 0.421 sec
19:26:32.961 [JavaFX Application Thread] DEBUG FXGLApplication      - Registering font factories with UI factory
19:26:32.964 [JavaFX Application Thread] DEBUG FXGLAssetLoaderServi - Loading from file system: jar:file:/home/chris/.m2/repository/com/github/almasb/fxgl/17.2/fxgl-17.2.jar!/fxglassets/textures/fxgl_icon.png
19:26:32.996 [JavaFX Application Thread] DEBUG FXGLAssetLoaderServi - Loading from file system: jar:file:/home/chris/.m2/repository/com/github/almasb/fxgl/17.2/fxgl-17.2.jar!/fxglassets/textures/fxgl_default_cursor.png
19:26:33.007 [JavaFX Application Thread] DEBUG Input                - Registered new binding: Screenshot - CTRL+8
19:26:33.008 [JavaFX Application Thread] DEBUG Input                - Registered new binding: System info dump - CTRL+9
19:26:33.008 [JavaFX Application Thread] DEBUG Input                - Registered new binding: Restart - CTRL+R
19:26:33.009 [JavaFX Application Thread] DEBUG Input                - Registered new binding: Toggle Debug Camera - CTRL+7
19:26:33.011 [JavaFX Application Thread] DEBUG LoopRunner           - Starting loop
19:26:33.011 [JavaFX Application Thread] DEBUG LoopRunner           - Initializing JavaFX AnimationTimerLoop
19:26:33.012 [JavaFX Application Thread] DEBUG GameApplicationServi - Starting new game
19:26:33.012 [JavaFX Application Thread] DEBUG Input                - Clearing active input actions
19:26:33.031 [JavaFX Application Thread] DEBUG GameApplicationServi - Removing overlay from FXGLStartupScene and adding to FXGLLoadingScene
19:26:33.032 [JavaFX Application Thread] DEBUG PrimaryStageWindow   - FXGLStartupScene -> FXGLLoadingScene
19:26:33.032 [JavaFX Application Thread] DEBUG GameApplicationServi - Clearing previous game
19:26:33.032 [JavaFX Application Thread] DEBUG GameScene            - Clearing game scene
19:26:33.033 [JavaFX Application Thread] DEBUG GameWorld            - Clearing game world
19:26:33.033 [JavaFX Application Thread] DEBUG PhysicsWorld         - Clearing physics world
19:26:33.035 [FXGL Background Thread 4 ] DEBUG FXGLApplication      - Initializing game
19:26:33.258 [FXGL Background Thread 4 ] INFO  FXGLApplication      - Game initialization took: 0.223 sec
19:26:33.259 [JavaFX Application Thread] DEBUG Input                - Clearing active input actions
19:26:33.298 [JavaFX Application Thread] DEBUG GameApplicationServi - Removing overlay from FXGLLoadingScene and adding to GameScene
19:26:33.298 [JavaFX Application Thread] DEBUG PrimaryStageWindow   - FXGLLoadingScene -> GameScene
19:26:33.610 [FXGL Background Thread 2 ] INFO  UpdaterService       - Your current version:  17.2
19:26:33.611 [FXGL Background Thread 2 ] INFO  UpdaterService       - Latest stable version: 21.1
19:26:35.940 [FXGL Background Thread 3 ] DEBUG Engine               - Logging environment variables
19:26:35.941 [FXGL Background Thread 3 ] DEBUG Engine               - achievements: []
19:26:35.942 [FXGL Background Thread 3 ] DEBUG Engine               - actualHeight: -28.0
19:26:35.942 [FXGL Background Thread 3 ] DEBUG Engine               - actualHeightProperty: ReadOnlyDoubleProperty [value: 677.0]
19:26:35.942 [FXGL Background Thread 3 ] DEBUG Engine               - actualWidth: -1.0
19:26:35.943 [FXGL Background Thread 3 ] DEBUG Engine               - actualWidthProperty: ReadOnlyDoubleProperty [value: 850.0]
19:26:35.943 [FXGL Background Thread 3 ] DEBUG Engine               - appIcon: fxgl_icon.png
19:26:35.943 [FXGL Background Thread 3 ] DEBUG Engine               - applicationMode: DEVELOPER
19:26:35.943 [FXGL Background Thread 3 ] DEBUG Engine               - cSSList: [fxgl_dark.css]
19:26:35.943 [FXGL Background Thread 3 ] DEBUG Engine               - collisionDetectionStrategy: BRUTE_FORCE
19:26:35.943 [FXGL Background Thread 3 ] DEBUG Engine               - configClass: Optional.empty
19:26:35.944 [FXGL Background Thread 3 ] DEBUG Engine               - credits: []
19:26:35.944 [FXGL Background Thread 3 ] DEBUG Engine               - defaultCursor: CursorInfo(imageName=fxgl_default_cursor.png, hotspotX=7.0, hotspotY=6.0)
19:26:35.945 [FXGL Background Thread 3 ] DEBUG Engine               - devBBoxColorProperty: ObjectProperty [value: 0xff0000ff]
19:26:35.945 [FXGL Background Thread 3 ] DEBUG Engine               - devEnableDebugCameraProperty: BooleanProperty [value: false]
19:26:35.945 [FXGL Background Thread 3 ] DEBUG Engine               - devSensorColorProperty: ObjectProperty [value: 0xffff00ff]
19:26:35.945 [FXGL Background Thread 3 ] DEBUG Engine               - devShowBBoxProperty: BooleanProperty [value: false]
19:26:35.945 [FXGL Background Thread 3 ] DEBUG Engine               - devShowPositionProperty: BooleanProperty [value: false]
19:26:35.945 [FXGL Background Thread 3 ] DEBUG Engine               - enabledMenuItems: []
19:26:35.946 [FXGL Background Thread 3 ] DEBUG Engine               - engineServices: [class com.almasb.fxgl.app.services.FXGLAssetLoaderService, class com.almasb.fxgl.app.FXGLApplication$GameApplicationService, class com.almasb.fxgl.app.services.FXGLDialogService, class com.almasb.fxgl.app.services.IOTaskExecutorService, class com.almasb.fxgl.io.FileSystemService, class com.almasb.fxgl.localization.LocalizationService, class com.almasb.fxgl.app.services.SystemBundleService, class com.almasb.fxgl.profile.SaveLoadService, class com.almasb.fxgl.ui.FXGLUIFactoryServiceProvider, class com.almasb.fxgl.ui.FXGLDialogFactoryServiceProvider, class com.almasb.fxgl.audio.AudioPlayer, class com.almasb.fxgl.notification.impl.NotificationServiceProvider, class com.almasb.fxgl.achievement.AchievementService, class com.almasb.fxgl.cutscene.CutsceneService, class com.almasb.fxgl.minigames.MiniGameService, class com.almasb.fxgl.net.NetService, class com.almasb.fxgl.app.services.UpdaterService, class com.almasb.fxgl.dev.DevService]
19:26:35.946 [FXGL Background Thread 3 ] DEBUG Engine               - fontGame: Abel-Regular.ttf
19:26:35.946 [FXGL Background Thread 3 ] DEBUG Engine               - fontMono: TerminalLandMono-Regular.otf
19:26:35.946 [FXGL Background Thread 3 ] DEBUG Engine               - fontText: Courier-Prime.ttf
19:26:35.946 [FXGL Background Thread 3 ] DEBUG Engine               - fontUI: VarelaRound-Regular.ttf
19:26:35.946 [FXGL Background Thread 3 ] DEBUG Engine               - fullScreen: BooleanProperty [value: false]
19:26:35.947 [FXGL Background Thread 3 ] DEBUG Engine               - gameDifficulty: MEDIUM
19:26:35.947 [FXGL Background Thread 3 ] DEBUG Engine               - gameDifficultyProperty: ObjectProperty [value: MEDIUM]
19:26:35.947 [FXGL Background Thread 3 ] DEBUG Engine               - globalMusicVolume: 0.5
19:26:35.947 [FXGL Background Thread 3 ] DEBUG Engine               - globalMusicVolumeProperty: DoubleProperty [value: 0.5]
19:26:35.947 [FXGL Background Thread 3 ] DEBUG Engine               - globalSoundVolume: 0.5
19:26:35.947 [FXGL Background Thread 3 ] DEBUG Engine               - globalSoundVolumeProperty: DoubleProperty [value: 0.5]
19:26:35.947 [FXGL Background Thread 3 ] DEBUG Engine               - height: 670
19:26:35.948 [FXGL Background Thread 3 ] DEBUG Engine               - is3D: false
19:26:35.948 [FXGL Background Thread 3 ] DEBUG Engine               - isAndroid: false
19:26:35.948 [FXGL Background Thread 3 ] DEBUG Engine               - isBrowser: false
19:26:35.948 [FXGL Background Thread 3 ] DEBUG Engine               - isClickFeedbackEnabled: false
19:26:35.948 [FXGL Background Thread 3 ] DEBUG Engine               - isCloseConfirmation: false
19:26:35.948 [FXGL Background Thread 3 ] DEBUG Engine               - isDesktop: true
19:26:35.948 [FXGL Background Thread 3 ] DEBUG Engine               - isDeveloperMenuEnabled: false
19:26:35.948 [FXGL Background Thread 3 ] DEBUG Engine               - isEmbedded: false
19:26:35.948 [FXGL Background Thread 3 ] DEBUG Engine               - isEntityPreloadEnabled: true
19:26:35.949 [FXGL Background Thread 3 ] DEBUG Engine               - isExperimentalTiledLargeMap: false
19:26:35.949 [FXGL Background Thread 3 ] DEBUG Engine               - isFileSystemWriteAllowed: true
19:26:35.949 [FXGL Background Thread 3 ] DEBUG Engine               - isFullScreenAllowed: false
19:26:35.949 [FXGL Background Thread 3 ] DEBUG Engine               - isFullScreenFromStart: false
19:26:35.949 [FXGL Background Thread 3 ] DEBUG Engine               - isGameMenuEnabled: true
19:26:35.949 [FXGL Background Thread 3 ] DEBUG Engine               - isIOS: false
19:26:35.949 [FXGL Background Thread 3 ] DEBUG Engine               - isIntroEnabled: false
19:26:35.949 [FXGL Background Thread 3 ] DEBUG Engine               - isLinux: true
19:26:35.950 [FXGL Background Thread 3 ] DEBUG Engine               - isMac: false
19:26:35.950 [FXGL Background Thread 3 ] DEBUG Engine               - isMainMenuEnabled: false
19:26:35.950 [FXGL Background Thread 3 ] DEBUG Engine               - isManualResizeEnabled: false
19:26:35.950 [FXGL Background Thread 3 ] DEBUG Engine               - isMobile: false
19:26:35.950 [FXGL Background Thread 3 ] DEBUG Engine               - isNative: false
19:26:35.950 [FXGL Background Thread 3 ] DEBUG Engine               - isPauseMusicWhenMinimized: true
19:26:35.950 [FXGL Background Thread 3 ] DEBUG Engine               - isPreserveResizeRatio: false
19:26:35.951 [FXGL Background Thread 3 ] DEBUG Engine               - isProfilingEnabled: false
19:26:35.951 [FXGL Background Thread 3 ] DEBUG Engine               - isScaleAffectedOnResize: true
19:26:35.951 [FXGL Background Thread 3 ] DEBUG Engine               - isSingleStep: false
19:26:35.951 [FXGL Background Thread 3 ] DEBUG Engine               - isUserProfileEnabled: false
19:26:35.951 [FXGL Background Thread 3 ] DEBUG Engine               - isWindows: false
19:26:35.951 [FXGL Background Thread 3 ] DEBUG Engine               - language: ObjectProperty [value: ENGLISH]
19:26:35.951 [FXGL Background Thread 3 ] DEBUG Engine               - menuKey: ESCAPE
19:26:35.951 [FXGL Background Thread 3 ] DEBUG Engine               - mouseSensitivity: 0.2
19:26:35.952 [FXGL Background Thread 3 ] DEBUG Engine               - notificationViewClass: class com.almasb.fxgl.notification.view.XboxNotificationView
19:26:35.952 [FXGL Background Thread 3 ] DEBUG Engine               - pixelsPerMeter: 50.0
19:26:35.952 [FXGL Background Thread 3 ] DEBUG Engine               - platform: LINUX
19:26:35.952 [FXGL Background Thread 3 ] DEBUG Engine               - prefHeightProperty: ReadOnlyDoubleProperty [value: 670.0]
19:26:35.952 [FXGL Background Thread 3 ] DEBUG Engine               - prefWidthProperty: ReadOnlyDoubleProperty [value: 850.0]
19:26:35.952 [FXGL Background Thread 3 ] DEBUG Engine               - profileDir: profiles/
19:26:35.952 [FXGL Background Thread 3 ] DEBUG Engine               - profileName: StringProperty [value: DEFAULT]
19:26:35.953 [FXGL Background Thread 3 ] DEBUG Engine               - randomSeed: -1
19:26:35.953 [FXGL Background Thread 3 ] DEBUG Engine               - runtimeInfo: RuntimeInfo(platform=LINUX, version=17.2, build=20.08.2022 16.50)
19:26:35.953 [FXGL Background Thread 3 ] DEBUG Engine               - saveFileExt: sav
19:26:35.953 [FXGL Background Thread 3 ] DEBUG Engine               - scaledHeightProp$fxgl: DoubleProperty [bound, value: 677.0]
19:26:35.954 [FXGL Background Thread 3 ] DEBUG Engine               - scaledWidthProp$fxgl: DoubleProperty [bound, value: 850.0]
19:26:35.954 [FXGL Background Thread 3 ] DEBUG Engine               - sceneFactory: com.almasb.fxgl.app.scene.SceneFactory@389847d7
19:26:35.954 [FXGL Background Thread 3 ] DEBUG Engine               - secondsIn24h: 60
19:26:35.954 [FXGL Background Thread 3 ] DEBUG Engine               - soundMenuBack: menu/back.wav
19:26:35.954 [FXGL Background Thread 3 ] DEBUG Engine               - soundMenuPress: menu/press.wav
19:26:35.954 [FXGL Background Thread 3 ] DEBUG Engine               - soundMenuSelect: menu/select.wav
19:26:35.954 [FXGL Background Thread 3 ] DEBUG Engine               - soundNotification: core/notification.wav
19:26:35.954 [FXGL Background Thread 3 ] DEBUG Engine               - stageStyle: DECORATED
19:26:35.954 [FXGL Background Thread 3 ] DEBUG Engine               - supportedLanguages: [ENGLISH, FRENCH, GERMAN, HUNGARIAN, RUSSIAN]
19:26:35.955 [FXGL Background Thread 3 ] DEBUG Engine               - ticksPerSecond: -1
19:26:35.955 [FXGL Background Thread 3 ] DEBUG Engine               - title: Restaurant Game
19:26:35.955 [FXGL Background Thread 3 ] DEBUG Engine               - urlGithub: https://github.com/AlmasB/FXGL
19:26:35.955 [FXGL Background Thread 3 ] DEBUG Engine               - urlLeaderboard: http://fxgl-top.herokuapp.com/
19:26:35.955 [FXGL Background Thread 3 ] DEBUG Engine               - urlPOM: https://raw.githubusercontent.com/AlmasB/FXGL/release/README.md
19:26:35.955 [FXGL Background Thread 3 ] DEBUG Engine               - userAppClass: class fxglapp.FXGLGameApp
19:26:35.956 [FXGL Background Thread 3 ] DEBUG Engine               - version: 0.0
19:26:35.956 [FXGL Background Thread 3 ] DEBUG Engine               - versionCheckDays: 7
19:26:35.956 [FXGL Background Thread 3 ] DEBUG Engine               - width: 850
19:26:35.956 [FXGL Background Thread 3 ] DEBUG Engine               - Logging services
19:26:35.956 [FXGL Background Thread 3 ] DEBUG Engine               - class com.almasb.fxgl.app.services.FXGLAssetLoaderService
19:26:35.956 [FXGL Background Thread 3 ] DEBUG Engine               - class com.almasb.fxgl.app.FXGLApplication$GameApplicationService
19:26:35.956 [FXGL Background Thread 3 ] DEBUG Engine               - class com.almasb.fxgl.app.services.FXGLDialogService
19:26:35.956 [FXGL Background Thread 3 ] DEBUG Engine               - class com.almasb.fxgl.app.services.IOTaskExecutorService
19:26:35.956 [FXGL Background Thread 3 ] DEBUG Engine               - class com.almasb.fxgl.io.FileSystemService
19:26:35.957 [FXGL Background Thread 3 ] DEBUG Engine               - class com.almasb.fxgl.localization.LocalizationService
19:26:35.957 [FXGL Background Thread 3 ] DEBUG Engine               - class com.almasb.fxgl.app.services.SystemBundleService
19:26:35.957 [FXGL Background Thread 3 ] DEBUG Engine               - class com.almasb.fxgl.profile.SaveLoadService
19:26:35.957 [FXGL Background Thread 3 ] DEBUG Engine               - class com.almasb.fxgl.ui.FXGLUIFactoryServiceProvider
19:26:35.957 [FXGL Background Thread 3 ] DEBUG Engine               - class com.almasb.fxgl.ui.FXGLDialogFactoryServiceProvider
19:26:35.957 [FXGL Background Thread 3 ] DEBUG Engine               - class com.almasb.fxgl.audio.AudioPlayer
19:26:35.957 [FXGL Background Thread 3 ] DEBUG Engine               - class com.almasb.fxgl.notification.impl.NotificationServiceProvider
19:26:35.957 [FXGL Background Thread 3 ] DEBUG Engine               - class com.almasb.fxgl.achievement.AchievementService
19:26:35.957 [FXGL Background Thread 3 ] DEBUG Engine               - class com.almasb.fxgl.cutscene.CutsceneService
19:26:35.958 [FXGL Background Thread 3 ] DEBUG Engine               - class com.almasb.fxgl.minigames.MiniGameService
19:26:35.958 [FXGL Background Thread 3 ] DEBUG Engine               - class com.almasb.fxgl.net.NetService
19:26:35.958 [FXGL Background Thread 3 ] DEBUG Engine               - class com.almasb.fxgl.app.services.UpdaterService
19:26:35.958 [FXGL Background Thread 3 ] DEBUG Engine               - class com.almasb.fxgl.dev.DevService
19:26:44.780 [JavaFX Application Thread] DEBUG FXGLApplication      - Exiting FXGL
19:26:44.780 [JavaFX Application Thread] DEBUG LoopRunner           - Stopping loop
19:26:44.781 [JavaFX Application Thread] DEBUG SystemBundleService  - Saving FXGL system data
19:26:44.784 [JavaFX Application Thread] DEBUG FileSystemAccess     - Writing to: /home/chris/IdeaProjects/RestaurantSimulator/system/fxgl.bundle
19:26:44.785 [JavaFX Application Thread] DEBUG Async                - Shutting down background threads
19:26:44.786 [JavaFX Application Thread] DEBUG PrimaryStageWindow   - Closing main window
19:26:44.791 [JavaFX Application Thread] DEBUG Logger               - Closing Logger
