01:09:55.048 [main                     ] DEBUG Logger               - Configured Logger
01:09:55.064 [main                     ] DEBUG GameApplication      - Logging settings
Title: Restaurant Game
Version: 0.0
Width: 850
Height: 670
Fullscreen: false
Intro: false
Profiling: false
Single step:false
App Mode: DEVELOPER
Menu Key: ESCAPE
Stage Style: DECORATED
Scene Factory: class com.almasb.fxgl.app.scene.SceneFactory

01:09:55.305 [JavaFX Application Thread] DEBUG FXGLApplication      - Initializing FXGL
01:09:55.309 [JavaFX Application Thread] INFO  Engine               - FXGL-17.2 (20.08.2022 16.50) on LINUX (J:17.0.13 FX:18)
01:09:55.309 [JavaFX Application Thread] DEBUG Engine               - JRE Vendor Name: Red Hat, Inc.
01:09:55.309 [JavaFX Application Thread] DEBUG Engine               - Running on OS: Linux version 6.11.6-200.fc40.x86_64
01:09:55.309 [JavaFX Application Thread] DEBUG Engine               - Architecture: amd64
01:09:55.309 [JavaFX Application Thread] INFO  Engine               - Source code and latest versions at: https://github.com/AlmasB/FXGL
01:09:55.309 [JavaFX Application Thread] INFO  Engine               -       Ask questions and discuss at: https://github.com/AlmasB/FXGL/discussions
01:09:55.309 [JavaFX Application Thread] INFO  Engine               -              Join the FXGL chat at: https://gitter.im/AlmasB/FXGL
01:09:55.363 [JavaFX Application Thread] DEBUG PrimaryStageWindow   - Creating a JavaFX scene
01:09:55.409 [JavaFX Application Thread] DEBUG PrimaryStageWindow   - Target settings size: 850.0 x 670.0
01:09:55.409 [JavaFX Application Thread] DEBUG PrimaryStageWindow   - Scaled scene size:    850.0 x 670.0
01:09:55.410 [JavaFX Application Thread] DEBUG PrimaryStageWindow   - Scaled ratio: (1.0, 1.0)
01:09:55.410 [JavaFX Application Thread] DEBUG PrimaryStageWindow   - Set initial scene to FXGLStartupScene
01:09:55.414 [JavaFX Application Thread] DEBUG PrimaryStageWindow   - Opening main window
01:09:55.436 [JavaFX Application Thread] DEBUG PrimaryStageWindow   - Window border size: (2.0, 29.0)
01:09:55.436 [JavaFX Application Thread] DEBUG PrimaryStageWindow   - Scaled size: 850.0 x 670.0
01:09:55.436 [JavaFX Application Thread] DEBUG PrimaryStageWindow   - Scaled ratio: (1.0, 1.0)
01:09:55.436 [JavaFX Application Thread] DEBUG PrimaryStageWindow   - Scene size: 850.0 x 670.0
01:09:55.436 [JavaFX Application Thread] DEBUG PrimaryStageWindow   - Stage size: 852.0 x 699.0
01:09:55.440 [FXGL Background Thread 1 ] DEBUG Engine               - Initializing environment variables
01:09:55.460 [FXGL Background Thread 1 ] DEBUG FXGLAssetLoaderServi - User app class for loading assets: class fxglapp.FXGLGameApp
01:09:55.460 [FXGL Background Thread 1 ] DEBUG GameApplicationServi - Applying CSS: fxgl_dark.css
01:09:55.461 [FXGL Background Thread 1 ] DEBUG FXGLAssetLoaderServi - Loading from file system: jar:file:/home/chris/.m2/repository/com/github/almasb/fxgl/17.2/fxgl-17.2.jar!/fxglassets/ui/css/fxgl_dark.css
01:09:55.491 [FXGL Background Thread 1 ] DEBUG GameApplicationServi - Initializing application scenes
01:09:55.519 [FXGL Background Thread 1 ] DEBUG GameWorld            - Game world initialized
01:09:55.548 [FXGL Background Thread 1 ] DEBUG PhysicsWorld         - Physics world initialized: appHeight=670, physics.ppm=50.0
01:09:55.548 [FXGL Background Thread 1 ] DEBUG PhysicsWorld         - Using strategy: BRUTE_FORCE
01:09:55.551 [FXGL Background Thread 1 ] DEBUG GameScene            - Game scene initialized: 850x670
01:09:55.559 [FXGL Background Thread 1 ] DEBUG FXGL.DefaultMenu     - createMenuBodyGameMenu()
01:09:55.567 [FXGL Background Thread 1 ] DEBUG FXGL.DefaultMenu     - createOptionsMenu()
01:09:55.573 [FXGL Background Thread 1 ] DEBUG FXGLAssetLoaderServi - Loading from file system: jar:file:/home/chris/.m2/repository/com/github/almasb/fxgl/17.2/fxgl-17.2.jar!/fxglassets/textures/particles/smoke.png
01:09:55.628 [FXGL Background Thread 1 ] DEBUG FXGLAssetLoaderServi - Loading from file system: jar:file:/home/chris/.m2/repository/com/github/almasb/fxgl/17.2/fxgl-17.2.jar!/fxglassets/textures/particles/trace_horizontal.png
01:09:55.651 [FXGL Background Thread 1 ] DEBUG GameApplicationServi - Application scenes initialized
01:09:55.658 [FXGL Background Thread 1 ] DEBUG SystemBundleService  - Loading FXGL system data
01:09:55.659 [FXGL Background Thread 1 ] DEBUG FileSystemAccess     - Reading from: /home/chris/IdeaProjects/RestaurantSimulator/system/fxgl.bundle
01:09:55.661 [FXGL Background Thread 1 ] DEBUG SystemBundleService  - Bundle FXGL: {}
01:09:55.661 [FXGL Background Thread 1 ] DEBUG UpdaterService       - Checking for updates
01:09:55.663 [FXGL Background Thread 4 ] DEBUG FXGLApplication      - Loading fonts
01:09:55.664 [FXGL Background Thread 1 ] DEBUG FXGLApplication      - Loading default localization
01:09:55.664 [FXGL Background Thread 4 ] DEBUG FXGLAssetLoaderServi - Loading from file system: jar:file:/home/chris/.m2/repository/com/github/almasb/fxgl/17.2/fxgl-17.2.jar!/fxglassets/ui/fonts/VarelaRound-Regular.ttf
01:09:55.664 [FXGL Background Thread 1 ] DEBUG FXGLAssetLoaderServi - Loading from file system: jar:file:/home/chris/.m2/repository/com/github/almasb/fxgl/17.2/fxgl-17.2.jar!/fxglassets/languages/english.lang
01:09:55.668 [FXGL Background Thread 4 ] DEBUG FXGLAssetLoaderServi - Loading from file system: jar:file:/home/chris/.m2/repository/com/github/almasb/fxgl/17.2/fxgl-17.2.jar!/fxglassets/ui/fonts/Abel-Regular.ttf
01:09:55.670 [FXGL Background Thread 4 ] DEBUG FXGLAssetLoaderServi - Loading from file system: jar:file:/home/chris/.m2/repository/com/github/almasb/fxgl/17.2/fxgl-17.2.jar!/fxglassets/ui/fonts/TerminalLandMono-Regular.otf
01:09:55.671 [FXGL Background Thread 4 ] DEBUG FXGLAssetLoaderServi - Loading from file system: jar:file:/home/chris/.m2/repository/com/github/almasb/fxgl/17.2/fxgl-17.2.jar!/fxglassets/ui/fonts/Courier-Prime.ttf
01:09:55.673 [FXGL Background Thread 1 ] INFO  FXGLApplication      - FXGL initialization took: 0.233 sec
01:09:55.673 [JavaFX Application Thread] DEBUG FXGLApplication      - Registering font factories with UI factory
01:09:55.675 [JavaFX Application Thread] DEBUG FXGLAssetLoaderServi - Loading from file system: jar:file:/home/chris/.m2/repository/com/github/almasb/fxgl/17.2/fxgl-17.2.jar!/fxglassets/textures/fxgl_icon.png
01:09:55.693 [JavaFX Application Thread] DEBUG FXGLAssetLoaderServi - Loading from file system: jar:file:/home/chris/.m2/repository/com/github/almasb/fxgl/17.2/fxgl-17.2.jar!/fxglassets/textures/fxgl_default_cursor.png
01:09:55.702 [JavaFX Application Thread] DEBUG Input                - Registered new binding: Screenshot - CTRL+8
01:09:55.703 [JavaFX Application Thread] DEBUG Input                - Registered new binding: System info dump - CTRL+9
01:09:55.703 [JavaFX Application Thread] DEBUG Input                - Registered new binding: Restart - CTRL+R
01:09:55.703 [JavaFX Application Thread] DEBUG Input                - Registered new binding: Toggle Debug Camera - CTRL+7
01:09:55.707 [JavaFX Application Thread] DEBUG LoopRunner           - Starting loop
01:09:55.708 [JavaFX Application Thread] DEBUG LoopRunner           - Initializing JavaFX AnimationTimerLoop
01:09:55.709 [JavaFX Application Thread] DEBUG GameApplicationServi - Starting new game
01:09:55.709 [JavaFX Application Thread] DEBUG Input                - Clearing active input actions
01:09:55.719 [JavaFX Application Thread] DEBUG GameApplicationServi - Removing overlay from FXGLStartupScene and adding to FXGLLoadingScene
01:09:55.719 [JavaFX Application Thread] DEBUG PrimaryStageWindow   - FXGLStartupScene -> FXGLLoadingScene
01:09:55.719 [JavaFX Application Thread] DEBUG GameApplicationServi - Clearing previous game
01:09:55.719 [JavaFX Application Thread] DEBUG GameScene            - Clearing game scene
01:09:55.719 [JavaFX Application Thread] DEBUG GameWorld            - Clearing game world
01:09:55.719 [JavaFX Application Thread] DEBUG PhysicsWorld         - Clearing physics world
01:09:55.720 [FXGL Background Thread 1 ] DEBUG FXGLApplication      - Initializing game
01:09:55.860 [JavaFX Application Thread] DEBUG LoopRunner           - Stopping loop
01:09:55.861 [JavaFX Application Thread] FATAL FXGLApplication      - Uncaught Exception:
java.lang.RuntimeException: Initialization failed
	at com.almasb.fxgl.app.FXGLApplication$InitAppTask.failed(FXGLApplication.kt:343)
	at javafx.concurrent.Task.setState(Task.java:710)
	at javafx.concurrent.Task$TaskCallable.lambda$call$2(Task.java:1456)
	at com.sun.javafx.application.PlatformImpl.lambda$runLater$10(PlatformImpl.java:457)
	at java.base/java.security.AccessController.doPrivileged(AccessController.java:399)
	at com.sun.javafx.application.PlatformImpl.lambda$runLater$11(PlatformImpl.java:456)
	at com.sun.glass.ui.InvokeLaterDispatcher$Future.run(InvokeLaterDispatcher.java:96)
	at com.sun.glass.ui.gtk.GtkApplication._runLoop(Native Method)
	at com.sun.glass.ui.gtk.GtkApplication.lambda$runLoop$11(GtkApplication.java:316)
	at java.base/java.lang.Thread.run(Thread.java:840)
Caused by: java.lang.NullPointerException: Cannot invoke "com.almasb.fxgl.entity.Entity.setPosition(javafx.geometry.Point2D)" because "entity" is null
	at fxglapp.FXGLGameApp.moveEntityTo(FXGLGameApp.java:122)
	at fxglapp.FXGLGameApp.initGame(FXGLGameApp.java:139)
	at com.almasb.fxgl.app.FXGLApplication$InitAppTask.initGame(FXGLApplication.kt:339)
	at com.almasb.fxgl.app.FXGLApplication$InitAppTask.call(FXGLApplication.kt:319)
	at com.almasb.fxgl.app.FXGLApplication$InitAppTask.call(FXGLApplication.kt:311)
	at javafx.concurrent.Task$TaskCallable.call(Task.java:1426)
	at java.base/java.util.concurrent.FutureTask.run(FutureTask.java:264)
	at java.base/java.util.concurrent.Executors$RunnableAdapter.call(Executors.java:539)
	at java.base/java.util.concurrent.FutureTask.run(FutureTask.java:264)
	at java.base/java.util.concurrent.ThreadPoolExecutor.runWorker(ThreadPoolExecutor.java:1136)
	at java.base/java.util.concurrent.ThreadPoolExecutor$Worker.run(ThreadPoolExecutor.java:635)
	... 1 more

01:09:55.862 [JavaFX Application Thread] FATAL FXGLApplication      - Application will now exit
01:09:55.873 [JavaFX Application Thread] DEBUG PrimaryStageWindow   - Push state: ErrorSubScene
01:09:55.873 [JavaFX Application Thread] DEBUG Input                - Clearing active input actions
01:09:55.876 [JavaFX Application Thread] DEBUG GameApplicationServi - Removing overlay from FXGLLoadingScene and adding to ErrorSubScene
01:09:55.877 [JavaFX Application Thread] DEBUG PrimaryStageWindow   - FXGLLoadingScene -> ErrorSubScene
01:09:56.088 [FXGL Background Thread 2 ] INFO  UpdaterService       - Your current version:  17.2
01:09:56.089 [FXGL Background Thread 2 ] INFO  UpdaterService       - Latest stable version: 21.1
01:09:58.663 [FXGL Background Thread 3 ] DEBUG Engine               - Logging environment variables
01:09:58.663 [FXGL Background Thread 3 ] DEBUG Engine               - achievements: []
01:09:58.663 [FXGL Background Thread 3 ] DEBUG Engine               - actualHeight: 641.0
01:09:58.664 [FXGL Background Thread 3 ] DEBUG Engine               - actualHeightProperty: ReadOnlyDoubleProperty [value: 677.0]
01:09:58.664 [FXGL Background Thread 3 ] DEBUG Engine               - actualWidth: 848.0
01:09:58.664 [FXGL Background Thread 3 ] DEBUG Engine               - actualWidthProperty: ReadOnlyDoubleProperty [value: 850.0]
01:09:58.664 [FXGL Background Thread 3 ] DEBUG Engine               - appIcon: fxgl_icon.png
01:09:58.664 [FXGL Background Thread 3 ] DEBUG Engine               - applicationMode: DEVELOPER
01:09:58.664 [FXGL Background Thread 3 ] DEBUG Engine               - cSSList: [fxgl_dark.css]
01:09:58.664 [FXGL Background Thread 3 ] DEBUG Engine               - collisionDetectionStrategy: BRUTE_FORCE
01:09:58.664 [FXGL Background Thread 3 ] DEBUG Engine               - configClass: Optional.empty
01:09:58.664 [FXGL Background Thread 3 ] DEBUG Engine               - credits: []
01:09:58.665 [FXGL Background Thread 3 ] DEBUG Engine               - defaultCursor: CursorInfo(imageName=fxgl_default_cursor.png, hotspotX=7.0, hotspotY=6.0)
01:09:58.665 [FXGL Background Thread 3 ] DEBUG Engine               - devBBoxColorProperty: ObjectProperty [value: 0xff0000ff]
01:09:58.665 [FXGL Background Thread 3 ] DEBUG Engine               - devEnableDebugCameraProperty: BooleanProperty [value: false]
01:09:58.665 [FXGL Background Thread 3 ] DEBUG Engine               - devSensorColorProperty: ObjectProperty [value: 0xffff00ff]
01:09:58.665 [FXGL Background Thread 3 ] DEBUG Engine               - devShowBBoxProperty: BooleanProperty [value: false]
01:09:58.665 [FXGL Background Thread 3 ] DEBUG Engine               - devShowPositionProperty: BooleanProperty [value: false]
01:09:58.665 [FXGL Background Thread 3 ] DEBUG Engine               - enabledMenuItems: []
01:09:58.665 [FXGL Background Thread 3 ] DEBUG Engine               - engineServices: [class com.almasb.fxgl.app.services.FXGLAssetLoaderService, class com.almasb.fxgl.app.FXGLApplication$GameApplicationService, class com.almasb.fxgl.app.services.FXGLDialogService, class com.almasb.fxgl.app.services.IOTaskExecutorService, class com.almasb.fxgl.io.FileSystemService, class com.almasb.fxgl.localization.LocalizationService, class com.almasb.fxgl.app.services.SystemBundleService, class com.almasb.fxgl.profile.SaveLoadService, class com.almasb.fxgl.ui.FXGLUIFactoryServiceProvider, class com.almasb.fxgl.ui.FXGLDialogFactoryServiceProvider, class com.almasb.fxgl.audio.AudioPlayer, class com.almasb.fxgl.notification.impl.NotificationServiceProvider, class com.almasb.fxgl.achievement.AchievementService, class com.almasb.fxgl.cutscene.CutsceneService, class com.almasb.fxgl.minigames.MiniGameService, class com.almasb.fxgl.net.NetService, class com.almasb.fxgl.app.services.UpdaterService, class com.almasb.fxgl.dev.DevService]
01:09:58.665 [FXGL Background Thread 3 ] DEBUG Engine               - fontGame: Abel-Regular.ttf
01:09:58.666 [FXGL Background Thread 3 ] DEBUG Engine               - fontMono: TerminalLandMono-Regular.otf
01:09:58.666 [FXGL Background Thread 3 ] DEBUG Engine               - fontText: Courier-Prime.ttf
01:09:58.666 [FXGL Background Thread 3 ] DEBUG Engine               - fontUI: VarelaRound-Regular.ttf
01:09:58.666 [FXGL Background Thread 3 ] DEBUG Engine               - fullScreen: BooleanProperty [value: false]
01:09:58.666 [FXGL Background Thread 3 ] DEBUG Engine               - gameDifficulty: MEDIUM
01:09:58.666 [FXGL Background Thread 3 ] DEBUG Engine               - gameDifficultyProperty: ObjectProperty [value: MEDIUM]
01:09:58.666 [FXGL Background Thread 3 ] DEBUG Engine               - globalMusicVolume: 0.5
01:09:58.666 [FXGL Background Thread 3 ] DEBUG Engine               - globalMusicVolumeProperty: DoubleProperty [value: 0.5]
01:09:58.666 [FXGL Background Thread 3 ] DEBUG Engine               - globalSoundVolume: 0.5
01:09:58.666 [FXGL Background Thread 3 ] DEBUG Engine               - globalSoundVolumeProperty: DoubleProperty [value: 0.5]
01:09:58.666 [FXGL Background Thread 3 ] DEBUG Engine               - height: 670
01:09:58.666 [FXGL Background Thread 3 ] DEBUG Engine               - is3D: false
01:09:58.666 [FXGL Background Thread 3 ] DEBUG Engine               - isAndroid: false
01:09:58.666 [FXGL Background Thread 3 ] DEBUG Engine               - isBrowser: false
01:09:58.667 [FXGL Background Thread 3 ] DEBUG Engine               - isClickFeedbackEnabled: false
01:09:58.667 [FXGL Background Thread 3 ] DEBUG Engine               - isCloseConfirmation: false
01:09:58.667 [FXGL Background Thread 3 ] DEBUG Engine               - isDesktop: true
01:09:58.667 [FXGL Background Thread 3 ] DEBUG Engine               - isDeveloperMenuEnabled: false
01:09:58.667 [FXGL Background Thread 3 ] DEBUG Engine               - isEmbedded: false
01:09:58.667 [FXGL Background Thread 3 ] DEBUG Engine               - isEntityPreloadEnabled: true
01:09:58.667 [FXGL Background Thread 3 ] DEBUG Engine               - isExperimentalTiledLargeMap: false
01:09:58.667 [FXGL Background Thread 3 ] DEBUG Engine               - isFileSystemWriteAllowed: true
01:09:58.667 [FXGL Background Thread 3 ] DEBUG Engine               - isFullScreenAllowed: false
01:09:58.667 [FXGL Background Thread 3 ] DEBUG Engine               - isFullScreenFromStart: false
01:09:58.667 [FXGL Background Thread 3 ] DEBUG Engine               - isGameMenuEnabled: true
01:09:58.667 [FXGL Background Thread 3 ] DEBUG Engine               - isIOS: false
01:09:58.667 [FXGL Background Thread 3 ] DEBUG Engine               - isIntroEnabled: false
01:09:58.667 [FXGL Background Thread 3 ] DEBUG Engine               - isLinux: true
01:09:58.667 [FXGL Background Thread 3 ] DEBUG Engine               - isMac: false
01:09:58.667 [FXGL Background Thread 3 ] DEBUG Engine               - isMainMenuEnabled: false
01:09:58.667 [FXGL Background Thread 3 ] DEBUG Engine               - isManualResizeEnabled: false
01:09:58.667 [FXGL Background Thread 3 ] DEBUG Engine               - isMobile: false
01:09:58.667 [FXGL Background Thread 3 ] DEBUG Engine               - isNative: false
01:09:58.667 [FXGL Background Thread 3 ] DEBUG Engine               - isPauseMusicWhenMinimized: true
01:09:58.667 [FXGL Background Thread 3 ] DEBUG Engine               - isPreserveResizeRatio: false
01:09:58.667 [FXGL Background Thread 3 ] DEBUG Engine               - isProfilingEnabled: false
01:09:58.667 [FXGL Background Thread 3 ] DEBUG Engine               - isScaleAffectedOnResize: true
01:09:58.667 [FXGL Background Thread 3 ] DEBUG Engine               - isSingleStep: false
01:09:58.667 [FXGL Background Thread 3 ] DEBUG Engine               - isUserProfileEnabled: false
01:09:58.667 [FXGL Background Thread 3 ] DEBUG Engine               - isWindows: false
01:09:58.668 [FXGL Background Thread 3 ] DEBUG Engine               - language: ObjectProperty [value: ENGLISH]
01:09:58.668 [FXGL Background Thread 3 ] DEBUG Engine               - menuKey: ESCAPE
01:09:58.668 [FXGL Background Thread 3 ] DEBUG Engine               - mouseSensitivity: 0.2
01:09:58.668 [FXGL Background Thread 3 ] DEBUG Engine               - notificationViewClass: class com.almasb.fxgl.notification.view.XboxNotificationView
01:09:58.668 [FXGL Background Thread 3 ] DEBUG Engine               - pixelsPerMeter: 50.0
01:09:58.668 [FXGL Background Thread 3 ] DEBUG Engine               - platform: LINUX
01:09:58.668 [FXGL Background Thread 3 ] DEBUG Engine               - prefHeightProperty: ReadOnlyDoubleProperty [value: 670.0]
01:09:58.668 [FXGL Background Thread 3 ] DEBUG Engine               - prefWidthProperty: ReadOnlyDoubleProperty [value: 850.0]
01:09:58.668 [FXGL Background Thread 3 ] DEBUG Engine               - profileDir: profiles/
01:09:58.668 [FXGL Background Thread 3 ] DEBUG Engine               - profileName: StringProperty [value: DEFAULT]
01:09:58.668 [FXGL Background Thread 3 ] DEBUG Engine               - randomSeed: -1
01:09:58.668 [FXGL Background Thread 3 ] DEBUG Engine               - runtimeInfo: RuntimeInfo(platform=LINUX, version=17.2, build=20.08.2022 16.50)
01:09:58.668 [FXGL Background Thread 3 ] DEBUG Engine               - saveFileExt: sav
01:09:58.668 [FXGL Background Thread 3 ] DEBUG Engine               - scaledHeightProp$fxgl: DoubleProperty [bound, value: 677.0]
01:09:58.668 [FXGL Background Thread 3 ] DEBUG Engine               - scaledWidthProp$fxgl: DoubleProperty [bound, value: 850.0]
01:09:58.668 [FXGL Background Thread 3 ] DEBUG Engine               - sceneFactory: com.almasb.fxgl.app.scene.SceneFactory@1c679296
01:09:58.668 [FXGL Background Thread 3 ] DEBUG Engine               - secondsIn24h: 60
01:09:58.668 [FXGL Background Thread 3 ] DEBUG Engine               - soundMenuBack: menu/back.wav
01:09:58.668 [FXGL Background Thread 3 ] DEBUG Engine               - soundMenuPress: menu/press.wav
01:09:58.668 [FXGL Background Thread 3 ] DEBUG Engine               - soundMenuSelect: menu/select.wav
01:09:58.668 [FXGL Background Thread 3 ] DEBUG Engine               - soundNotification: core/notification.wav
01:09:58.669 [FXGL Background Thread 3 ] DEBUG Engine               - stageStyle: DECORATED
01:09:58.669 [FXGL Background Thread 3 ] DEBUG Engine               - supportedLanguages: [ENGLISH, FRENCH, GERMAN, HUNGARIAN, RUSSIAN]
01:09:58.669 [FXGL Background Thread 3 ] DEBUG Engine               - ticksPerSecond: -1
01:09:58.669 [FXGL Background Thread 3 ] DEBUG Engine               - title: Restaurant Game
01:09:58.669 [FXGL Background Thread 3 ] DEBUG Engine               - urlGithub: https://github.com/AlmasB/FXGL
01:09:58.669 [FXGL Background Thread 3 ] DEBUG Engine               - urlLeaderboard: http://fxgl-top.herokuapp.com/
01:09:58.669 [FXGL Background Thread 3 ] DEBUG Engine               - urlPOM: https://raw.githubusercontent.com/AlmasB/FXGL/release/README.md
01:09:58.669 [FXGL Background Thread 3 ] DEBUG Engine               - userAppClass: class fxglapp.FXGLGameApp
01:09:58.669 [FXGL Background Thread 3 ] DEBUG Engine               - version: 0.0
01:09:58.669 [FXGL Background Thread 3 ] DEBUG Engine               - versionCheckDays: 7
01:09:58.669 [FXGL Background Thread 3 ] DEBUG Engine               - width: 850
01:09:58.669 [FXGL Background Thread 3 ] DEBUG Engine               - Logging services
01:09:58.669 [FXGL Background Thread 3 ] DEBUG Engine               - class com.almasb.fxgl.app.services.FXGLAssetLoaderService
01:09:58.669 [FXGL Background Thread 3 ] DEBUG Engine               - class com.almasb.fxgl.app.FXGLApplication$GameApplicationService
01:09:58.669 [FXGL Background Thread 3 ] DEBUG Engine               - class com.almasb.fxgl.app.services.FXGLDialogService
01:09:58.669 [FXGL Background Thread 3 ] DEBUG Engine               - class com.almasb.fxgl.app.services.IOTaskExecutorService
01:09:58.669 [FXGL Background Thread 3 ] DEBUG Engine               - class com.almasb.fxgl.io.FileSystemService
01:09:58.669 [FXGL Background Thread 3 ] DEBUG Engine               - class com.almasb.fxgl.localization.LocalizationService
01:09:58.669 [FXGL Background Thread 3 ] DEBUG Engine               - class com.almasb.fxgl.app.services.SystemBundleService
01:09:58.669 [FXGL Background Thread 3 ] DEBUG Engine               - class com.almasb.fxgl.profile.SaveLoadService
01:09:58.669 [FXGL Background Thread 3 ] DEBUG Engine               - class com.almasb.fxgl.ui.FXGLUIFactoryServiceProvider
01:09:58.669 [FXGL Background Thread 3 ] DEBUG Engine               - class com.almasb.fxgl.ui.FXGLDialogFactoryServiceProvider
01:09:58.669 [FXGL Background Thread 3 ] DEBUG Engine               - class com.almasb.fxgl.audio.AudioPlayer
01:09:58.669 [FXGL Background Thread 3 ] DEBUG Engine               - class com.almasb.fxgl.notification.impl.NotificationServiceProvider
01:09:58.669 [FXGL Background Thread 3 ] DEBUG Engine               - class com.almasb.fxgl.achievement.AchievementService
01:09:58.669 [FXGL Background Thread 3 ] DEBUG Engine               - class com.almasb.fxgl.cutscene.CutsceneService
01:09:58.669 [FXGL Background Thread 3 ] DEBUG Engine               - class com.almasb.fxgl.minigames.MiniGameService
01:09:58.669 [FXGL Background Thread 3 ] DEBUG Engine               - class com.almasb.fxgl.net.NetService
01:09:58.669 [FXGL Background Thread 3 ] DEBUG Engine               - class com.almasb.fxgl.app.services.UpdaterService
01:09:58.669 [FXGL Background Thread 3 ] DEBUG Engine               - class com.almasb.fxgl.dev.DevService
01:09:59.094 [JavaFX Application Thread] DEBUG FXGLApplication      - Exiting FXGL
01:09:59.095 [JavaFX Application Thread] DEBUG Async                - Shutting down background threads
01:09:59.095 [JavaFX Application Thread] DEBUG PrimaryStageWindow   - Closing main window
01:09:59.099 [JavaFX Application Thread] DEBUG Logger               - Closing Logger
