22:19:09.500 [main                     ] DEBUG Logger               - Configured Logger
22:19:09.542 [main                     ] DEBUG GameApplication      - Logging settings
Title: Restaurant Game
Version: 0.0
Width: 850
Height: 670
Fullscreen: false
Intro: false
Profiling: false
Single step:false
App Mode: DEVELOPER
Menu Key: ESCAPE
Stage Style: DECORATED
Scene Factory: class com.almasb.fxgl.app.scene.SceneFactory

22:19:09.960 [JavaFX Application Thread] DEBUG FXGLApplication      - Initializing FXGL
22:19:09.967 [JavaFX Application Thread] INFO  Engine               - FXGL-17.2 (20.08.2022 16.50) on LINUX (J:17.0.13 FX:18)
22:19:09.967 [JavaFX Application Thread] DEBUG Engine               - JRE Vendor Name: Red Hat, Inc.
22:19:09.967 [JavaFX Application Thread] DEBUG Engine               - Running on OS: Linux version 6.11.6-200.fc40.x86_64
22:19:09.968 [JavaFX Application Thread] DEBUG Engine               - Architecture: amd64
22:19:09.968 [JavaFX Application Thread] INFO  Engine               - Source code and latest versions at: https://github.com/AlmasB/FXGL
22:19:09.968 [JavaFX Application Thread] INFO  Engine               -       Ask questions and discuss at: https://github.com/AlmasB/FXGL/discussions
22:19:09.968 [JavaFX Application Thread] INFO  Engine               -              Join the FXGL chat at: https://gitter.im/AlmasB/FXGL
22:19:10.080 [JavaFX Application Thread] DEBUG PrimaryStageWindow   - Creating a JavaFX scene
22:19:10.176 [JavaFX Application Thread] DEBUG PrimaryStageWindow   - Target settings size: 850.0 x 670.0
22:19:10.177 [JavaFX Application Thread] DEBUG PrimaryStageWindow   - Scaled scene size:    850.0 x 670.0
22:19:10.177 [JavaFX Application Thread] DEBUG PrimaryStageWindow   - Scaled ratio: (1.0, 1.0)
22:19:10.178 [JavaFX Application Thread] DEBUG PrimaryStageWindow   - Set initial scene to FXGLStartupScene
22:19:10.187 [JavaFX Application Thread] DEBUG PrimaryStageWindow   - Opening main window
22:19:10.232 [JavaFX Application Thread] DEBUG PrimaryStageWindow   - Window border size: (2.0, 29.0)
22:19:10.233 [JavaFX Application Thread] DEBUG PrimaryStageWindow   - Scaled size: 850.0 x 670.0
22:19:10.233 [JavaFX Application Thread] DEBUG PrimaryStageWindow   - Scaled ratio: (1.0, 1.0)
22:19:10.233 [JavaFX Application Thread] DEBUG PrimaryStageWindow   - Scene size: 850.0 x 670.0
22:19:10.234 [JavaFX Application Thread] DEBUG PrimaryStageWindow   - Stage size: 852.0 x 699.0
22:19:10.241 [FXGL Background Thread 1 ] DEBUG Engine               - Initializing environment variables
22:19:10.272 [FXGL Background Thread 1 ] DEBUG FXGLAssetLoaderServi - User app class for loading assets: class fxglapp.FXGLGameApp
22:19:10.273 [FXGL Background Thread 1 ] DEBUG GameApplicationServi - Applying CSS: fxgl_dark.css
22:19:10.274 [FXGL Background Thread 1 ] DEBUG FXGLAssetLoaderServi - Loading from file system: jar:file:/home/chris/.m2/repository/com/github/almasb/fxgl/17.2/fxgl-17.2.jar!/fxglassets/ui/css/fxgl_dark.css
22:19:10.342 [FXGL Background Thread 1 ] DEBUG GameApplicationServi - Initializing application scenes
22:19:10.392 [FXGL Background Thread 1 ] DEBUG GameWorld            - Game world initialized
22:19:10.450 [FXGL Background Thread 1 ] DEBUG PhysicsWorld         - Physics world initialized: appHeight=670, physics.ppm=50.0
22:19:10.451 [FXGL Background Thread 1 ] DEBUG PhysicsWorld         - Using strategy: BRUTE_FORCE
22:19:10.461 [FXGL Background Thread 1 ] DEBUG GameScene            - Game scene initialized: 850x670
22:19:10.478 [FXGL Background Thread 1 ] DEBUG FXGL.DefaultMenu     - createMenuBodyGameMenu()
22:19:10.502 [FXGL Background Thread 1 ] DEBUG FXGL.DefaultMenu     - createOptionsMenu()
22:19:10.519 [FXGL Background Thread 1 ] DEBUG FXGLAssetLoaderServi - Loading from file system: jar:file:/home/chris/.m2/repository/com/github/almasb/fxgl/17.2/fxgl-17.2.jar!/fxglassets/textures/particles/smoke.png
22:19:10.644 [FXGL Background Thread 1 ] DEBUG FXGLAssetLoaderServi - Loading from file system: jar:file:/home/chris/.m2/repository/com/github/almasb/fxgl/17.2/fxgl-17.2.jar!/fxglassets/textures/particles/trace_horizontal.png
22:19:10.674 [FXGL Background Thread 1 ] DEBUG GameApplicationServi - Application scenes initialized
22:19:10.688 [FXGL Background Thread 1 ] DEBUG SystemBundleService  - Loading FXGL system data
22:19:10.689 [FXGL Background Thread 1 ] DEBUG FileSystemAccess     - Reading from: /home/chris/IdeaProjects/RestaurantSimulator/system/fxgl.bundle
22:19:10.692 [FXGL Background Thread 1 ] DEBUG SystemBundleService  - Bundle FXGL: {}
22:19:10.693 [FXGL Background Thread 1 ] DEBUG UpdaterService       - Checking for updates
22:19:10.697 [FXGL Background Thread 4 ] DEBUG FXGLApplication      - Loading fonts
22:19:10.698 [FXGL Background Thread 4 ] DEBUG FXGLAssetLoaderServi - Loading from file system: jar:file:/home/chris/.m2/repository/com/github/almasb/fxgl/17.2/fxgl-17.2.jar!/fxglassets/ui/fonts/VarelaRound-Regular.ttf
22:19:10.698 [FXGL Background Thread 1 ] DEBUG FXGLApplication      - Loading default localization
22:19:10.699 [FXGL Background Thread 1 ] DEBUG FXGLAssetLoaderServi - Loading from file system: jar:file:/home/chris/.m2/repository/com/github/almasb/fxgl/17.2/fxgl-17.2.jar!/fxglassets/languages/english.lang
22:19:10.706 [FXGL Background Thread 4 ] DEBUG FXGLAssetLoaderServi - Loading from file system: jar:file:/home/chris/.m2/repository/com/github/almasb/fxgl/17.2/fxgl-17.2.jar!/fxglassets/ui/fonts/Abel-Regular.ttf
22:19:10.708 [FXGL Background Thread 4 ] DEBUG FXGLAssetLoaderServi - Loading from file system: jar:file:/home/chris/.m2/repository/com/github/almasb/fxgl/17.2/fxgl-17.2.jar!/fxglassets/ui/fonts/TerminalLandMono-Regular.otf
22:19:10.711 [FXGL Background Thread 4 ] DEBUG FXGLAssetLoaderServi - Loading from file system: jar:file:/home/chris/.m2/repository/com/github/almasb/fxgl/17.2/fxgl-17.2.jar!/fxglassets/ui/fonts/Courier-Prime.ttf
22:19:10.717 [JavaFX Application Thread] DEBUG FXGLApplication      - Registering font factories with UI factory
22:19:10.717 [FXGL Background Thread 1 ] INFO  FXGLApplication      - FXGL initialization took: 0.476 sec
22:19:10.720 [JavaFX Application Thread] DEBUG FXGLAssetLoaderServi - Loading from file system: jar:file:/home/chris/.m2/repository/com/github/almasb/fxgl/17.2/fxgl-17.2.jar!/fxglassets/textures/fxgl_icon.png
22:19:10.742 [JavaFX Application Thread] DEBUG FXGLAssetLoaderServi - Loading from file system: jar:file:/home/chris/.m2/repository/com/github/almasb/fxgl/17.2/fxgl-17.2.jar!/fxglassets/textures/fxgl_default_cursor.png
22:19:10.757 [JavaFX Application Thread] DEBUG Input                - Registered new binding: Screenshot - CTRL+8
22:19:10.758 [JavaFX Application Thread] DEBUG Input                - Registered new binding: System info dump - CTRL+9
22:19:10.759 [JavaFX Application Thread] DEBUG Input                - Registered new binding: Restart - CTRL+R
22:19:10.760 [JavaFX Application Thread] DEBUG Input                - Registered new binding: Toggle Debug Camera - CTRL+7
22:19:10.764 [JavaFX Application Thread] DEBUG LoopRunner           - Starting loop
22:19:10.764 [JavaFX Application Thread] DEBUG LoopRunner           - Initializing JavaFX AnimationTimerLoop
22:19:10.767 [JavaFX Application Thread] DEBUG GameApplicationServi - Starting new game
22:19:10.768 [JavaFX Application Thread] DEBUG Input                - Clearing active input actions
22:19:10.791 [JavaFX Application Thread] DEBUG GameApplicationServi - Removing overlay from FXGLStartupScene and adding to FXGLLoadingScene
22:19:10.792 [JavaFX Application Thread] DEBUG PrimaryStageWindow   - FXGLStartupScene -> FXGLLoadingScene
22:19:10.793 [JavaFX Application Thread] DEBUG GameApplicationServi - Clearing previous game
22:19:10.793 [JavaFX Application Thread] DEBUG GameScene            - Clearing game scene
22:19:10.793 [JavaFX Application Thread] DEBUG GameWorld            - Clearing game world
22:19:10.793 [JavaFX Application Thread] DEBUG PhysicsWorld         - Clearing physics world
22:19:10.795 [FXGL Background Thread 1 ] DEBUG FXGLApplication      - Initializing game
22:19:11.002 [FXGL Background Thread 1 ] DEBUG FXGLAssetLoaderServi - Loading from file system: file:/home/chris/IdeaProjects/RestaurantSimulator/target/classes/assets/textures/cooker.png
22:19:11.012 [FXGL Background Thread 1 ] INFO  FXGLApplication      - Game initialization took: 0.216 sec
22:19:11.013 [JavaFX Application Thread] DEBUG Input                - Clearing active input actions
22:19:11.036 [JavaFX Application Thread] DEBUG GameApplicationServi - Removing overlay from FXGLLoadingScene and adding to GameScene
22:19:11.036 [JavaFX Application Thread] DEBUG PrimaryStageWindow   - FXGLLoadingScene -> GameScene
22:19:11.299 [FXGL Background Thread 2 ] INFO  UpdaterService       - Your current version:  17.2
22:19:11.300 [FXGL Background Thread 2 ] INFO  UpdaterService       - Latest stable version: 21.1
22:19:13.696 [FXGL Background Thread 3 ] DEBUG Engine               - Logging environment variables
22:19:13.698 [FXGL Background Thread 3 ] DEBUG Engine               - achievements: []
22:19:13.698 [FXGL Background Thread 3 ] DEBUG Engine               - actualHeight: 641.0
22:19:13.699 [FXGL Background Thread 3 ] DEBUG Engine               - actualHeightProperty: ReadOnlyDoubleProperty [value: 677.0]
22:19:13.700 [FXGL Background Thread 3 ] DEBUG Engine               - actualWidth: 848.0
22:19:13.700 [FXGL Background Thread 3 ] DEBUG Engine               - actualWidthProperty: ReadOnlyDoubleProperty [value: 850.0]
22:19:13.701 [FXGL Background Thread 3 ] DEBUG Engine               - appIcon: fxgl_icon.png
22:19:13.702 [FXGL Background Thread 3 ] DEBUG Engine               - applicationMode: DEVELOPER
22:19:13.702 [FXGL Background Thread 3 ] DEBUG Engine               - cSSList: [fxgl_dark.css]
22:19:13.703 [FXGL Background Thread 3 ] DEBUG Engine               - collisionDetectionStrategy: BRUTE_FORCE
22:19:13.704 [FXGL Background Thread 3 ] DEBUG Engine               - configClass: Optional.empty
22:19:13.704 [FXGL Background Thread 3 ] DEBUG Engine               - credits: []
22:19:13.708 [FXGL Background Thread 3 ] DEBUG Engine               - defaultCursor: CursorInfo(imageName=fxgl_default_cursor.png, hotspotX=7.0, hotspotY=6.0)
22:19:13.709 [FXGL Background Thread 3 ] DEBUG Engine               - devBBoxColorProperty: ObjectProperty [value: 0xff0000ff]
22:19:13.710 [FXGL Background Thread 3 ] DEBUG Engine               - devEnableDebugCameraProperty: BooleanProperty [value: false]
22:19:13.711 [FXGL Background Thread 3 ] DEBUG Engine               - devSensorColorProperty: ObjectProperty [value: 0xffff00ff]
22:19:13.712 [FXGL Background Thread 3 ] DEBUG Engine               - devShowBBoxProperty: BooleanProperty [value: false]
22:19:13.712 [FXGL Background Thread 3 ] DEBUG Engine               - devShowPositionProperty: BooleanProperty [value: false]
22:19:13.713 [FXGL Background Thread 3 ] DEBUG Engine               - enabledMenuItems: []
22:19:13.713 [FXGL Background Thread 3 ] DEBUG Engine               - engineServices: [class com.almasb.fxgl.app.services.FXGLAssetLoaderService, class com.almasb.fxgl.app.FXGLApplication$GameApplicationService, class com.almasb.fxgl.app.services.FXGLDialogService, class com.almasb.fxgl.app.services.IOTaskExecutorService, class com.almasb.fxgl.io.FileSystemService, class com.almasb.fxgl.localization.LocalizationService, class com.almasb.fxgl.app.services.SystemBundleService, class com.almasb.fxgl.profile.SaveLoadService, class com.almasb.fxgl.ui.FXGLUIFactoryServiceProvider, class com.almasb.fxgl.ui.FXGLDialogFactoryServiceProvider, class com.almasb.fxgl.audio.AudioPlayer, class com.almasb.fxgl.notification.impl.NotificationServiceProvider, class com.almasb.fxgl.achievement.AchievementService, class com.almasb.fxgl.cutscene.CutsceneService, class com.almasb.fxgl.minigames.MiniGameService, class com.almasb.fxgl.net.NetService, class com.almasb.fxgl.app.services.UpdaterService, class com.almasb.fxgl.dev.DevService]
22:19:13.713 [FXGL Background Thread 3 ] DEBUG Engine               - fontGame: Abel-Regular.ttf
22:19:13.714 [FXGL Background Thread 3 ] DEBUG Engine               - fontMono: TerminalLandMono-Regular.otf
22:19:13.714 [FXGL Background Thread 3 ] DEBUG Engine               - fontText: Courier-Prime.ttf
22:19:13.715 [FXGL Background Thread 3 ] DEBUG Engine               - fontUI: VarelaRound-Regular.ttf
22:19:13.715 [FXGL Background Thread 3 ] DEBUG Engine               - fullScreen: BooleanProperty [value: false]
22:19:13.716 [FXGL Background Thread 3 ] DEBUG Engine               - gameDifficulty: MEDIUM
22:19:13.716 [FXGL Background Thread 3 ] DEBUG Engine               - gameDifficultyProperty: ObjectProperty [value: MEDIUM]
22:19:13.716 [FXGL Background Thread 3 ] DEBUG Engine               - globalMusicVolume: 0.5
22:19:13.717 [FXGL Background Thread 3 ] DEBUG Engine               - globalMusicVolumeProperty: DoubleProperty [value: 0.5]
22:19:13.718 [FXGL Background Thread 3 ] DEBUG Engine               - globalSoundVolume: 0.5
22:19:13.718 [FXGL Background Thread 3 ] DEBUG Engine               - globalSoundVolumeProperty: DoubleProperty [value: 0.5]
22:19:13.719 [FXGL Background Thread 3 ] DEBUG Engine               - height: 670
22:19:13.719 [FXGL Background Thread 3 ] DEBUG Engine               - is3D: false
22:19:13.719 [FXGL Background Thread 3 ] DEBUG Engine               - isAndroid: false
22:19:13.720 [FXGL Background Thread 3 ] DEBUG Engine               - isBrowser: false
22:19:13.720 [FXGL Background Thread 3 ] DEBUG Engine               - isClickFeedbackEnabled: false
22:19:13.720 [FXGL Background Thread 3 ] DEBUG Engine               - isCloseConfirmation: false
22:19:13.721 [FXGL Background Thread 3 ] DEBUG Engine               - isDesktop: true
22:19:13.721 [FXGL Background Thread 3 ] DEBUG Engine               - isDeveloperMenuEnabled: false
22:19:13.721 [FXGL Background Thread 3 ] DEBUG Engine               - isEmbedded: false
22:19:13.722 [FXGL Background Thread 3 ] DEBUG Engine               - isEntityPreloadEnabled: true
22:19:13.722 [FXGL Background Thread 3 ] DEBUG Engine               - isExperimentalTiledLargeMap: false
22:19:13.723 [FXGL Background Thread 3 ] DEBUG Engine               - isFileSystemWriteAllowed: true
22:19:13.723 [FXGL Background Thread 3 ] DEBUG Engine               - isFullScreenAllowed: false
22:19:13.723 [FXGL Background Thread 3 ] DEBUG Engine               - isFullScreenFromStart: false
22:19:13.724 [FXGL Background Thread 3 ] DEBUG Engine               - isGameMenuEnabled: true
22:19:13.724 [FXGL Background Thread 3 ] DEBUG Engine               - isIOS: false
22:19:13.724 [FXGL Background Thread 3 ] DEBUG Engine               - isIntroEnabled: false
22:19:13.725 [FXGL Background Thread 3 ] DEBUG Engine               - isLinux: true
22:19:13.725 [FXGL Background Thread 3 ] DEBUG Engine               - isMac: false
22:19:13.725 [FXGL Background Thread 3 ] DEBUG Engine               - isMainMenuEnabled: false
22:19:13.726 [FXGL Background Thread 3 ] DEBUG Engine               - isManualResizeEnabled: false
22:19:13.726 [FXGL Background Thread 3 ] DEBUG Engine               - isMobile: false
22:19:13.727 [FXGL Background Thread 3 ] DEBUG Engine               - isNative: false
22:19:13.727 [FXGL Background Thread 3 ] DEBUG Engine               - isPauseMusicWhenMinimized: true
22:19:13.727 [FXGL Background Thread 3 ] DEBUG Engine               - isPreserveResizeRatio: false
22:19:13.728 [FXGL Background Thread 3 ] DEBUG Engine               - isProfilingEnabled: false
22:19:13.728 [FXGL Background Thread 3 ] DEBUG Engine               - isScaleAffectedOnResize: true
22:19:13.728 [FXGL Background Thread 3 ] DEBUG Engine               - isSingleStep: false
22:19:13.729 [FXGL Background Thread 3 ] DEBUG Engine               - isUserProfileEnabled: false
22:19:13.729 [FXGL Background Thread 3 ] DEBUG Engine               - isWindows: false
22:19:13.729 [FXGL Background Thread 3 ] DEBUG Engine               - language: ObjectProperty [value: ENGLISH]
22:19:13.729 [FXGL Background Thread 3 ] DEBUG Engine               - menuKey: ESCAPE
22:19:13.730 [FXGL Background Thread 3 ] DEBUG Engine               - mouseSensitivity: 0.2
22:19:13.730 [FXGL Background Thread 3 ] DEBUG Engine               - notificationViewClass: class com.almasb.fxgl.notification.view.XboxNotificationView
22:19:13.730 [FXGL Background Thread 3 ] DEBUG Engine               - pixelsPerMeter: 50.0
22:19:13.730 [FXGL Background Thread 3 ] DEBUG Engine               - platform: LINUX
22:19:13.731 [FXGL Background Thread 3 ] DEBUG Engine               - prefHeightProperty: ReadOnlyDoubleProperty [value: 670.0]
22:19:13.731 [FXGL Background Thread 3 ] DEBUG Engine               - prefWidthProperty: ReadOnlyDoubleProperty [value: 850.0]
22:19:13.731 [FXGL Background Thread 3 ] DEBUG Engine               - profileDir: profiles/
22:19:13.731 [FXGL Background Thread 3 ] DEBUG Engine               - profileName: StringProperty [value: DEFAULT]
22:19:13.732 [FXGL Background Thread 3 ] DEBUG Engine               - randomSeed: -1
22:19:13.733 [FXGL Background Thread 3 ] DEBUG Engine               - runtimeInfo: RuntimeInfo(platform=LINUX, version=17.2, build=20.08.2022 16.50)
22:19:13.733 [FXGL Background Thread 3 ] DEBUG Engine               - saveFileExt: sav
22:19:13.734 [FXGL Background Thread 3 ] DEBUG Engine               - scaledHeightProp$fxgl: DoubleProperty [bound, value: 677.0]
22:19:13.734 [FXGL Background Thread 3 ] DEBUG Engine               - scaledWidthProp$fxgl: DoubleProperty [bound, value: 850.0]
22:19:13.734 [FXGL Background Thread 3 ] DEBUG Engine               - sceneFactory: com.almasb.fxgl.app.scene.SceneFactory@177c65b5
22:19:13.734 [FXGL Background Thread 3 ] DEBUG Engine               - secondsIn24h: 60
22:19:13.734 [FXGL Background Thread 3 ] DEBUG Engine               - soundMenuBack: menu/back.wav
22:19:13.734 [FXGL Background Thread 3 ] DEBUG Engine               - soundMenuPress: menu/press.wav
22:19:13.735 [FXGL Background Thread 3 ] DEBUG Engine               - soundMenuSelect: menu/select.wav
22:19:13.735 [FXGL Background Thread 3 ] DEBUG Engine               - soundNotification: core/notification.wav
22:19:13.735 [FXGL Background Thread 3 ] DEBUG Engine               - stageStyle: DECORATED
22:19:13.735 [FXGL Background Thread 3 ] DEBUG Engine               - supportedLanguages: [ENGLISH, FRENCH, GERMAN, HUNGARIAN, RUSSIAN]
22:19:13.735 [FXGL Background Thread 3 ] DEBUG Engine               - ticksPerSecond: -1
22:19:13.735 [FXGL Background Thread 3 ] DEBUG Engine               - title: Restaurant Game
22:19:13.735 [FXGL Background Thread 3 ] DEBUG Engine               - urlGithub: https://github.com/AlmasB/FXGL
22:19:13.735 [FXGL Background Thread 3 ] DEBUG Engine               - urlLeaderboard: http://fxgl-top.herokuapp.com/
22:19:13.735 [FXGL Background Thread 3 ] DEBUG Engine               - urlPOM: https://raw.githubusercontent.com/AlmasB/FXGL/release/README.md
22:19:13.735 [FXGL Background Thread 3 ] DEBUG Engine               - userAppClass: class fxglapp.FXGLGameApp
22:19:13.736 [FXGL Background Thread 3 ] DEBUG Engine               - version: 0.0
22:19:13.736 [FXGL Background Thread 3 ] DEBUG Engine               - versionCheckDays: 7
22:19:13.736 [FXGL Background Thread 3 ] DEBUG Engine               - width: 850
22:19:13.736 [FXGL Background Thread 3 ] DEBUG Engine               - Logging services
22:19:13.736 [FXGL Background Thread 3 ] DEBUG Engine               - class com.almasb.fxgl.app.services.FXGLAssetLoaderService
22:19:13.736 [FXGL Background Thread 3 ] DEBUG Engine               - class com.almasb.fxgl.app.FXGLApplication$GameApplicationService
22:19:13.736 [FXGL Background Thread 3 ] DEBUG Engine               - class com.almasb.fxgl.app.services.FXGLDialogService
22:19:13.736 [FXGL Background Thread 3 ] DEBUG Engine               - class com.almasb.fxgl.app.services.IOTaskExecutorService
22:19:13.736 [FXGL Background Thread 3 ] DEBUG Engine               - class com.almasb.fxgl.io.FileSystemService
22:19:13.737 [FXGL Background Thread 3 ] DEBUG Engine               - class com.almasb.fxgl.localization.LocalizationService
22:19:13.737 [FXGL Background Thread 3 ] DEBUG Engine               - class com.almasb.fxgl.app.services.SystemBundleService
22:19:13.737 [FXGL Background Thread 3 ] DEBUG Engine               - class com.almasb.fxgl.profile.SaveLoadService
22:19:13.737 [FXGL Background Thread 3 ] DEBUG Engine               - class com.almasb.fxgl.ui.FXGLUIFactoryServiceProvider
22:19:13.737 [FXGL Background Thread 3 ] DEBUG Engine               - class com.almasb.fxgl.ui.FXGLDialogFactoryServiceProvider
22:19:13.737 [FXGL Background Thread 3 ] DEBUG Engine               - class com.almasb.fxgl.audio.AudioPlayer
22:19:13.737 [FXGL Background Thread 3 ] DEBUG Engine               - class com.almasb.fxgl.notification.impl.NotificationServiceProvider
22:19:13.737 [FXGL Background Thread 3 ] DEBUG Engine               - class com.almasb.fxgl.achievement.AchievementService
22:19:13.737 [FXGL Background Thread 3 ] DEBUG Engine               - class com.almasb.fxgl.cutscene.CutsceneService
22:19:13.737 [FXGL Background Thread 3 ] DEBUG Engine               - class com.almasb.fxgl.minigames.MiniGameService
22:19:13.737 [FXGL Background Thread 3 ] DEBUG Engine               - class com.almasb.fxgl.net.NetService
22:19:13.737 [FXGL Background Thread 3 ] DEBUG Engine               - class com.almasb.fxgl.app.services.UpdaterService
22:19:13.738 [FXGL Background Thread 3 ] DEBUG Engine               - class com.almasb.fxgl.dev.DevService
22:19:18.548 [JavaFX Application Thread] DEBUG FXGLApplication      - Exiting FXGL
22:19:18.549 [JavaFX Application Thread] DEBUG LoopRunner           - Stopping loop
22:19:18.549 [JavaFX Application Thread] DEBUG SystemBundleService  - Saving FXGL system data
22:19:18.553 [JavaFX Application Thread] DEBUG FileSystemAccess     - Writing to: /home/chris/IdeaProjects/RestaurantSimulator/system/fxgl.bundle
22:19:18.554 [JavaFX Application Thread] DEBUG Async                - Shutting down background threads
22:19:18.555 [JavaFX Application Thread] DEBUG PrimaryStageWindow   - Closing main window
22:19:18.562 [JavaFX Application Thread] DEBUG Logger               - Closing Logger
