11:16:58.978 [main                     ] DEBUG Logger               - Configured Logger
11:16:59.017 [main                     ] DEBUG GameApplication      - Logging settings
Title: Juego de Obstáculos Dinámicos
Version: 1.0
Width: 800
Height: 600
Fullscreen: false
Intro: false
Profiling: false
Single step:false
App Mode: DEVELOPER
Menu Key: ESCAPE
Stage Style: DECORATED
Scene Factory: class com.almasb.fxgl.app.scene.SceneFactory

11:16:59.443 [JavaFX Application Thread] DEBUG FXGLApplication      - Initializing FXGL
11:16:59.451 [JavaFX Application Thread] INFO  Engine               - FXGL-17.2 (20.08.2022 16.50) on LINUX (J:17.0.13 FX:18)
11:16:59.452 [JavaFX Application Thread] DEBUG Engine               - JRE Vendor Name: Red Hat, Inc.
11:16:59.452 [JavaFX Application Thread] DEBUG Engine               - Running on OS: Linux version 6.11.6-200.fc40.x86_64
11:16:59.452 [JavaFX Application Thread] DEBUG Engine               - Architecture: amd64
11:16:59.453 [JavaFX Application Thread] INFO  Engine               - Source code and latest versions at: https://github.com/AlmasB/FXGL
11:16:59.453 [JavaFX Application Thread] INFO  Engine               -       Ask questions and discuss at: https://github.com/AlmasB/FXGL/discussions
11:16:59.453 [JavaFX Application Thread] INFO  Engine               -              Join the FXGL chat at: https://gitter.im/AlmasB/FXGL
11:16:59.566 [JavaFX Application Thread] DEBUG PrimaryStageWindow   - Creating a JavaFX scene
11:16:59.657 [JavaFX Application Thread] DEBUG PrimaryStageWindow   - Target settings size: 800.0 x 600.0
11:16:59.658 [JavaFX Application Thread] DEBUG PrimaryStageWindow   - Scaled scene size:    800.0 x 600.0
11:16:59.659 [JavaFX Application Thread] DEBUG PrimaryStageWindow   - Scaled ratio: (1.0, 1.0)
11:16:59.661 [JavaFX Application Thread] DEBUG PrimaryStageWindow   - Set initial scene to FXGLStartupScene
11:16:59.673 [JavaFX Application Thread] DEBUG PrimaryStageWindow   - Opening main window
11:16:59.739 [JavaFX Application Thread] DEBUG PrimaryStageWindow   - Window border size: (2.0, 29.0)
11:16:59.740 [JavaFX Application Thread] DEBUG PrimaryStageWindow   - Scaled size: 800.0 x 600.0
11:16:59.741 [JavaFX Application Thread] DEBUG PrimaryStageWindow   - Scaled ratio: (1.0, 1.0)
11:16:59.741 [JavaFX Application Thread] DEBUG PrimaryStageWindow   - Scene size: 800.0 x 600.0
11:16:59.742 [JavaFX Application Thread] DEBUG PrimaryStageWindow   - Stage size: 802.0 x 629.0
11:16:59.751 [FXGL Background Thread 1 ] DEBUG Engine               - Initializing environment variables
11:16:59.778 [FXGL Background Thread 1 ] DEBUG FXGLAssetLoaderServi - User app class for loading assets: class fxglapp.FXGLGameApp
11:16:59.778 [FXGL Background Thread 1 ] DEBUG GameApplicationServi - Applying CSS: fxgl_dark.css
11:16:59.779 [FXGL Background Thread 1 ] DEBUG FXGLAssetLoaderServi - Loading from file system: jar:file:/home/chris/.m2/repository/com/github/almasb/fxgl/17.2/fxgl-17.2.jar!/fxglassets/ui/css/fxgl_dark.css
11:16:59.839 [FXGL Background Thread 1 ] DEBUG GameApplicationServi - Initializing application scenes
11:16:59.903 [FXGL Background Thread 1 ] DEBUG GameWorld            - Game world initialized
11:16:59.959 [FXGL Background Thread 1 ] DEBUG PhysicsWorld         - Physics world initialized: appHeight=600, physics.ppm=50.0
11:16:59.959 [FXGL Background Thread 1 ] DEBUG PhysicsWorld         - Using strategy: BRUTE_FORCE
11:16:59.965 [FXGL Background Thread 1 ] DEBUG GameScene            - Game scene initialized: 800x600
11:16:59.980 [FXGL Background Thread 1 ] DEBUG FXGL.DefaultMenu     - createMenuBodyGameMenu()
11:17:00.002 [FXGL Background Thread 1 ] DEBUG FXGL.DefaultMenu     - createOptionsMenu()
11:17:00.018 [FXGL Background Thread 1 ] DEBUG FXGLAssetLoaderServi - Loading from file system: jar:file:/home/chris/.m2/repository/com/github/almasb/fxgl/17.2/fxgl-17.2.jar!/fxglassets/textures/particles/smoke.png
11:17:00.136 [FXGL Background Thread 1 ] DEBUG FXGLAssetLoaderServi - Loading from file system: jar:file:/home/chris/.m2/repository/com/github/almasb/fxgl/17.2/fxgl-17.2.jar!/fxglassets/textures/particles/trace_horizontal.png
11:17:00.176 [FXGL Background Thread 1 ] DEBUG GameApplicationServi - Application scenes initialized
11:17:00.188 [FXGL Background Thread 1 ] DEBUG SystemBundleService  - Loading FXGL system data
11:17:00.190 [FXGL Background Thread 1 ] DEBUG FileSystemAccess     - Reading from: /home/chris/IdeaProjects/RestaurantSimulator/system/fxgl.bundle
11:17:00.193 [FXGL Background Thread 1 ] DEBUG SystemBundleService  - Bundle FXGL: {}
11:17:00.193 [FXGL Background Thread 1 ] DEBUG UpdaterService       - Checking for updates
11:17:00.197 [FXGL Background Thread 4 ] DEBUG FXGLApplication      - Loading fonts
11:17:00.198 [FXGL Background Thread 1 ] DEBUG FXGLApplication      - Loading default localization
11:17:00.198 [FXGL Background Thread 4 ] DEBUG FXGLAssetLoaderServi - Loading from file system: jar:file:/home/chris/.m2/repository/com/github/almasb/fxgl/17.2/fxgl-17.2.jar!/fxglassets/ui/fonts/VarelaRound-Regular.ttf
11:17:00.199 [FXGL Background Thread 1 ] DEBUG FXGLAssetLoaderServi - Loading from file system: jar:file:/home/chris/.m2/repository/com/github/almasb/fxgl/17.2/fxgl-17.2.jar!/fxglassets/languages/english.lang
11:17:00.205 [FXGL Background Thread 4 ] DEBUG FXGLAssetLoaderServi - Loading from file system: jar:file:/home/chris/.m2/repository/com/github/almasb/fxgl/17.2/fxgl-17.2.jar!/fxglassets/ui/fonts/Abel-Regular.ttf
11:17:00.207 [FXGL Background Thread 4 ] DEBUG FXGLAssetLoaderServi - Loading from file system: jar:file:/home/chris/.m2/repository/com/github/almasb/fxgl/17.2/fxgl-17.2.jar!/fxglassets/ui/fonts/TerminalLandMono-Regular.otf
11:17:00.208 [FXGL Background Thread 4 ] DEBUG FXGLAssetLoaderServi - Loading from file system: jar:file:/home/chris/.m2/repository/com/github/almasb/fxgl/17.2/fxgl-17.2.jar!/fxglassets/ui/fonts/Courier-Prime.ttf
11:17:00.212 [JavaFX Application Thread] DEBUG FXGLApplication      - Registering font factories with UI factory
11:17:00.213 [FXGL Background Thread 1 ] INFO  FXGLApplication      - FXGL initialization took: 0.462 sec
11:17:00.223 [JavaFX Application Thread] DEBUG Input                - Registered new binding: action0 - W
11:17:00.224 [JavaFX Application Thread] DEBUG Input                - Registered new binding: action1 - S
11:17:00.224 [JavaFX Application Thread] DEBUG Input                - Registered new binding: action2 - A
11:17:00.225 [JavaFX Application Thread] DEBUG Input                - Registered new binding: action3 - D
11:17:00.225 [JavaFX Application Thread] DEBUG FXGLAssetLoaderServi - Loading from file system: jar:file:/home/chris/.m2/repository/com/github/almasb/fxgl/17.2/fxgl-17.2.jar!/fxglassets/textures/fxgl_icon.png
11:17:00.253 [JavaFX Application Thread] DEBUG FXGLAssetLoaderServi - Loading from file system: jar:file:/home/chris/.m2/repository/com/github/almasb/fxgl/17.2/fxgl-17.2.jar!/fxglassets/textures/fxgl_default_cursor.png
11:17:00.260 [JavaFX Application Thread] DEBUG Input                - Registered new binding: Screenshot - CTRL+8
11:17:00.261 [JavaFX Application Thread] DEBUG Input                - Registered new binding: System info dump - CTRL+9
11:17:00.261 [JavaFX Application Thread] DEBUG Input                - Registered new binding: Restart - CTRL+R
11:17:00.267 [JavaFX Application Thread] DEBUG Input                - Registered new binding: Toggle Debug Camera - CTRL+7
11:17:00.276 [JavaFX Application Thread] DEBUG LoopRunner           - Starting loop
11:17:00.276 [JavaFX Application Thread] DEBUG LoopRunner           - Initializing JavaFX AnimationTimerLoop
11:17:00.279 [JavaFX Application Thread] DEBUG GameApplicationServi - Starting new game
11:17:00.279 [JavaFX Application Thread] DEBUG Input                - Clearing active input actions
11:17:00.304 [JavaFX Application Thread] DEBUG GameApplicationServi - Removing overlay from FXGLStartupScene and adding to FXGLLoadingScene
11:17:00.305 [JavaFX Application Thread] DEBUG PrimaryStageWindow   - FXGLStartupScene -> FXGLLoadingScene
11:17:00.305 [JavaFX Application Thread] DEBUG GameApplicationServi - Clearing previous game
11:17:00.306 [JavaFX Application Thread] DEBUG GameScene            - Clearing game scene
11:17:00.306 [JavaFX Application Thread] DEBUG GameWorld            - Clearing game world
11:17:00.306 [JavaFX Application Thread] DEBUG PhysicsWorld         - Clearing physics world
11:17:00.308 [FXGL Background Thread 1 ] DEBUG FXGLApplication      - Initializing game
11:17:00.347 [FXGL Background Thread 1 ] INFO  FXGLApplication      - Game initialization took: 0.038 sec
11:17:00.398 [JavaFX Application Thread] DEBUG Input                - Clearing active input actions
11:17:00.405 [JavaFX Application Thread] DEBUG GameApplicationServi - Removing overlay from FXGLLoadingScene and adding to GameScene
11:17:00.405 [JavaFX Application Thread] DEBUG PrimaryStageWindow   - FXGLLoadingScene -> GameScene
11:17:00.690 [FXGL Background Thread 2 ] INFO  UpdaterService       - Your current version:  17.2
11:17:00.691 [FXGL Background Thread 2 ] INFO  UpdaterService       - Latest stable version: 21.1
11:17:01.258 [JavaFX Application Thread] DEBUG FXGLApplication      - Exiting FXGL
11:17:01.258 [JavaFX Application Thread] DEBUG LoopRunner           - Stopping loop
11:17:01.258 [JavaFX Application Thread] DEBUG SystemBundleService  - Saving FXGL system data
11:17:01.261 [JavaFX Application Thread] DEBUG FileSystemAccess     - Writing to: /home/chris/IdeaProjects/RestaurantSimulator/system/fxgl.bundle
11:17:01.262 [JavaFX Application Thread] DEBUG Async                - Shutting down background threads
11:17:01.262 [JavaFX Application Thread] DEBUG PrimaryStageWindow   - Closing main window
11:17:01.268 [JavaFX Application Thread] DEBUG Logger               - Closing Logger
