08:31:37.753 [main                     ] DEBUG Logger               - Configured Logger
08:31:37.787 [main                     ] DEBUG GameApplication      - Logging settings
Title: Restaurant Game
Version: 0.0
Width: 850
Height: 670
Fullscreen: false
Intro: false
Profiling: false
Single step:false
App Mode: DEVELOPER
Menu Key: ESCAPE
Stage Style: DECORATED
Scene Factory: class com.almasb.fxgl.app.scene.SceneFactory

08:31:38.105 [JavaFX Application Thread] DEBUG FXGLApplication      - Initializing FXGL
08:31:38.110 [JavaFX Application Thread] INFO  Engine               - FXGL-17.2 (20.08.2022 16.50) on LINUX (J:17.0.13 FX:18)
08:31:38.110 [JavaFX Application Thread] DEBUG Engine               - JRE Vendor Name: Red Hat, Inc.
08:31:38.111 [JavaFX Application Thread] DEBUG Engine               - Running on OS: Linux version 6.11.6-200.fc40.x86_64
08:31:38.111 [JavaFX Application Thread] DEBUG Engine               - Architecture: amd64
08:31:38.111 [JavaFX Application Thread] INFO  Engine               - Source code and latest versions at: https://github.com/AlmasB/FXGL
08:31:38.111 [JavaFX Application Thread] INFO  Engine               -       Ask questions and discuss at: https://github.com/AlmasB/FXGL/discussions
08:31:38.111 [JavaFX Application Thread] INFO  Engine               -              Join the FXGL chat at: https://gitter.im/AlmasB/FXGL
08:31:38.183 [JavaFX Application Thread] DEBUG PrimaryStageWindow   - Creating a JavaFX scene
08:31:38.230 [JavaFX Application Thread] DEBUG PrimaryStageWindow   - Target settings size: 850.0 x 670.0
08:31:38.231 [JavaFX Application Thread] DEBUG PrimaryStageWindow   - Scaled scene size:    850.0 x 670.0
08:31:38.231 [JavaFX Application Thread] DEBUG PrimaryStageWindow   - Scaled ratio: (1.0, 1.0)
08:31:38.231 [JavaFX Application Thread] DEBUG PrimaryStageWindow   - Set initial scene to FXGLStartupScene
08:31:38.236 [JavaFX Application Thread] DEBUG PrimaryStageWindow   - Opening main window
08:31:38.258 [JavaFX Application Thread] DEBUG PrimaryStageWindow   - Window border size: (2.0, 29.0)
08:31:38.258 [JavaFX Application Thread] DEBUG PrimaryStageWindow   - Scaled size: 850.0 x 670.0
08:31:38.258 [JavaFX Application Thread] DEBUG PrimaryStageWindow   - Scaled ratio: (1.0, 1.0)
08:31:38.258 [JavaFX Application Thread] DEBUG PrimaryStageWindow   - Scene size: 850.0 x 670.0
08:31:38.259 [JavaFX Application Thread] DEBUG PrimaryStageWindow   - Stage size: 852.0 x 699.0
08:31:38.262 [FXGL Background Thread 1 ] DEBUG Engine               - Initializing environment variables
08:31:38.280 [FXGL Background Thread 1 ] DEBUG FXGLAssetLoaderServi - User app class for loading assets: class fxglapp.FXGLGameApp
08:31:38.281 [FXGL Background Thread 1 ] DEBUG GameApplicationServi - Applying CSS: fxgl_dark.css
08:31:38.281 [FXGL Background Thread 1 ] DEBUG FXGLAssetLoaderServi - Loading from file system: jar:file:/home/chris/.m2/repository/com/github/almasb/fxgl/17.2/fxgl-17.2.jar!/fxglassets/ui/css/fxgl_dark.css
08:31:38.309 [FXGL Background Thread 1 ] DEBUG GameApplicationServi - Initializing application scenes
08:31:38.342 [FXGL Background Thread 1 ] DEBUG GameWorld            - Game world initialized
08:31:38.380 [FXGL Background Thread 1 ] DEBUG PhysicsWorld         - Physics world initialized: appHeight=670, physics.ppm=50.0
08:31:38.380 [FXGL Background Thread 1 ] DEBUG PhysicsWorld         - Using strategy: BRUTE_FORCE
08:31:38.383 [FXGL Background Thread 1 ] DEBUG GameScene            - Game scene initialized: 850x670
08:31:38.396 [FXGL Background Thread 1 ] DEBUG FXGL.DefaultMenu     - createMenuBodyGameMenu()
08:31:38.411 [FXGL Background Thread 1 ] DEBUG FXGL.DefaultMenu     - createOptionsMenu()
08:31:38.418 [FXGL Background Thread 1 ] DEBUG FXGLAssetLoaderServi - Loading from file system: jar:file:/home/chris/.m2/repository/com/github/almasb/fxgl/17.2/fxgl-17.2.jar!/fxglassets/textures/particles/smoke.png
08:31:38.482 [FXGL Background Thread 1 ] DEBUG FXGLAssetLoaderServi - Loading from file system: jar:file:/home/chris/.m2/repository/com/github/almasb/fxgl/17.2/fxgl-17.2.jar!/fxglassets/textures/particles/trace_horizontal.png
08:31:38.508 [FXGL Background Thread 1 ] DEBUG GameApplicationServi - Application scenes initialized
08:31:38.514 [FXGL Background Thread 1 ] DEBUG SystemBundleService  - Loading FXGL system data
08:31:38.515 [FXGL Background Thread 1 ] DEBUG FileSystemAccess     - Reading from: /home/chris/IdeaProjects/RestaurantSimulator/system/fxgl.bundle
08:31:38.516 [FXGL Background Thread 1 ] DEBUG SystemBundleService  - Bundle FXGL: {}
08:31:38.516 [FXGL Background Thread 1 ] DEBUG UpdaterService       - Checking for updates
08:31:38.518 [FXGL Background Thread 4 ] DEBUG FXGLApplication      - Loading fonts
08:31:38.519 [FXGL Background Thread 4 ] DEBUG FXGLAssetLoaderServi - Loading from file system: jar:file:/home/chris/.m2/repository/com/github/almasb/fxgl/17.2/fxgl-17.2.jar!/fxglassets/ui/fonts/VarelaRound-Regular.ttf
08:31:38.519 [FXGL Background Thread 1 ] DEBUG FXGLApplication      - Loading default localization
08:31:38.520 [FXGL Background Thread 1 ] DEBUG FXGLAssetLoaderServi - Loading from file system: jar:file:/home/chris/.m2/repository/com/github/almasb/fxgl/17.2/fxgl-17.2.jar!/fxglassets/languages/english.lang
08:31:38.524 [FXGL Background Thread 4 ] DEBUG FXGLAssetLoaderServi - Loading from file system: jar:file:/home/chris/.m2/repository/com/github/almasb/fxgl/17.2/fxgl-17.2.jar!/fxglassets/ui/fonts/Abel-Regular.ttf
08:31:38.526 [FXGL Background Thread 4 ] DEBUG FXGLAssetLoaderServi - Loading from file system: jar:file:/home/chris/.m2/repository/com/github/almasb/fxgl/17.2/fxgl-17.2.jar!/fxglassets/ui/fonts/TerminalLandMono-Regular.otf
08:31:38.527 [FXGL Background Thread 4 ] DEBUG FXGLAssetLoaderServi - Loading from file system: jar:file:/home/chris/.m2/repository/com/github/almasb/fxgl/17.2/fxgl-17.2.jar!/fxglassets/ui/fonts/Courier-Prime.ttf
08:31:38.529 [JavaFX Application Thread] DEBUG FXGLApplication      - Registering font factories with UI factory
08:31:38.534 [FXGL Background Thread 1 ] INFO  FXGLApplication      - FXGL initialization took: 0.272 sec
08:31:38.535 [JavaFX Application Thread] DEBUG FXGLAssetLoaderServi - Loading from file system: jar:file:/home/chris/.m2/repository/com/github/almasb/fxgl/17.2/fxgl-17.2.jar!/fxglassets/textures/fxgl_icon.png
08:31:38.548 [JavaFX Application Thread] DEBUG FXGLAssetLoaderServi - Loading from file system: jar:file:/home/chris/.m2/repository/com/github/almasb/fxgl/17.2/fxgl-17.2.jar!/fxglassets/textures/fxgl_default_cursor.png
08:31:38.555 [JavaFX Application Thread] DEBUG Input                - Registered new binding: Screenshot - CTRL+8
08:31:38.556 [JavaFX Application Thread] DEBUG Input                - Registered new binding: System info dump - CTRL+9
08:31:38.556 [JavaFX Application Thread] DEBUG Input                - Registered new binding: Restart - CTRL+R
08:31:38.556 [JavaFX Application Thread] DEBUG Input                - Registered new binding: Toggle Debug Camera - CTRL+7
08:31:38.558 [JavaFX Application Thread] DEBUG LoopRunner           - Starting loop
08:31:38.558 [JavaFX Application Thread] DEBUG LoopRunner           - Initializing JavaFX AnimationTimerLoop
08:31:38.558 [JavaFX Application Thread] DEBUG GameApplicationServi - Starting new game
08:31:38.559 [JavaFX Application Thread] DEBUG Input                - Clearing active input actions
08:31:38.565 [JavaFX Application Thread] DEBUG GameApplicationServi - Removing overlay from FXGLStartupScene and adding to FXGLLoadingScene
08:31:38.565 [JavaFX Application Thread] DEBUG PrimaryStageWindow   - FXGLStartupScene -> FXGLLoadingScene
08:31:38.565 [JavaFX Application Thread] DEBUG GameApplicationServi - Clearing previous game
08:31:38.565 [JavaFX Application Thread] DEBUG GameScene            - Clearing game scene
08:31:38.565 [JavaFX Application Thread] DEBUG GameWorld            - Clearing game world
08:31:38.565 [JavaFX Application Thread] DEBUG PhysicsWorld         - Clearing physics world
08:31:38.567 [FXGL Background Thread 1 ] DEBUG FXGLApplication      - Initializing game
08:31:38.706 [FXGL Background Thread 1 ] INFO  FXGLApplication      - Game initialization took: 0.139 sec
08:31:38.709 [JavaFX Application Thread] DEBUG Input                - Clearing active input actions
08:31:38.723 [JavaFX Application Thread] DEBUG GameApplicationServi - Removing overlay from FXGLLoadingScene and adding to GameScene
08:31:38.723 [JavaFX Application Thread] DEBUG PrimaryStageWindow   - FXGLLoadingScene -> GameScene
08:31:41.518 [FXGL Background Thread 3 ] DEBUG Engine               - Logging environment variables
08:31:41.518 [FXGL Background Thread 3 ] DEBUG Engine               - achievements: []
08:31:41.518 [FXGL Background Thread 3 ] DEBUG Engine               - actualHeight: 641.0
08:31:41.518 [FXGL Background Thread 3 ] DEBUG Engine               - actualHeightProperty: ReadOnlyDoubleProperty [value: 677.0]
08:31:41.518 [FXGL Background Thread 3 ] DEBUG Engine               - actualWidth: 848.0
08:31:41.519 [FXGL Background Thread 3 ] DEBUG Engine               - actualWidthProperty: ReadOnlyDoubleProperty [value: 850.0]
08:31:41.519 [FXGL Background Thread 3 ] DEBUG Engine               - appIcon: fxgl_icon.png
08:31:41.519 [FXGL Background Thread 3 ] DEBUG Engine               - applicationMode: DEVELOPER
08:31:41.519 [FXGL Background Thread 3 ] DEBUG Engine               - cSSList: [fxgl_dark.css]
08:31:41.519 [FXGL Background Thread 3 ] DEBUG Engine               - collisionDetectionStrategy: BRUTE_FORCE
08:31:41.519 [FXGL Background Thread 3 ] DEBUG Engine               - configClass: Optional.empty
08:31:41.519 [FXGL Background Thread 3 ] DEBUG Engine               - credits: []
08:31:41.519 [FXGL Background Thread 3 ] DEBUG Engine               - defaultCursor: CursorInfo(imageName=fxgl_default_cursor.png, hotspotX=7.0, hotspotY=6.0)
08:31:41.519 [FXGL Background Thread 3 ] DEBUG Engine               - devBBoxColorProperty: ObjectProperty [value: 0xff0000ff]
08:31:41.519 [FXGL Background Thread 3 ] DEBUG Engine               - devEnableDebugCameraProperty: BooleanProperty [value: false]
08:31:41.519 [FXGL Background Thread 3 ] DEBUG Engine               - devSensorColorProperty: ObjectProperty [value: 0xffff00ff]
08:31:41.519 [FXGL Background Thread 3 ] DEBUG Engine               - devShowBBoxProperty: BooleanProperty [value: false]
08:31:41.519 [FXGL Background Thread 3 ] DEBUG Engine               - devShowPositionProperty: BooleanProperty [value: false]
08:31:41.520 [FXGL Background Thread 3 ] DEBUG Engine               - enabledMenuItems: []
08:31:41.520 [FXGL Background Thread 3 ] DEBUG Engine               - engineServices: [class com.almasb.fxgl.app.services.FXGLAssetLoaderService, class com.almasb.fxgl.app.FXGLApplication$GameApplicationService, class com.almasb.fxgl.app.services.FXGLDialogService, class com.almasb.fxgl.app.services.IOTaskExecutorService, class com.almasb.fxgl.io.FileSystemService, class com.almasb.fxgl.localization.LocalizationService, class com.almasb.fxgl.app.services.SystemBundleService, class com.almasb.fxgl.profile.SaveLoadService, class com.almasb.fxgl.ui.FXGLUIFactoryServiceProvider, class com.almasb.fxgl.ui.FXGLDialogFactoryServiceProvider, class com.almasb.fxgl.audio.AudioPlayer, class com.almasb.fxgl.notification.impl.NotificationServiceProvider, class com.almasb.fxgl.achievement.AchievementService, class com.almasb.fxgl.cutscene.CutsceneService, class com.almasb.fxgl.minigames.MiniGameService, class com.almasb.fxgl.net.NetService, class com.almasb.fxgl.app.services.UpdaterService, class com.almasb.fxgl.dev.DevService]
08:31:41.520 [FXGL Background Thread 3 ] DEBUG Engine               - fontGame: Abel-Regular.ttf
08:31:41.520 [FXGL Background Thread 3 ] DEBUG Engine               - fontMono: TerminalLandMono-Regular.otf
08:31:41.520 [FXGL Background Thread 3 ] DEBUG Engine               - fontText: Courier-Prime.ttf
08:31:41.520 [FXGL Background Thread 3 ] DEBUG Engine               - fontUI: VarelaRound-Regular.ttf
08:31:41.520 [FXGL Background Thread 3 ] DEBUG Engine               - fullScreen: BooleanProperty [value: false]
08:31:41.520 [FXGL Background Thread 3 ] DEBUG Engine               - gameDifficulty: MEDIUM
08:31:41.520 [FXGL Background Thread 3 ] DEBUG Engine               - gameDifficultyProperty: ObjectProperty [value: MEDIUM]
08:31:41.520 [FXGL Background Thread 3 ] DEBUG Engine               - globalMusicVolume: 0.5
08:31:41.520 [FXGL Background Thread 3 ] DEBUG Engine               - globalMusicVolumeProperty: DoubleProperty [value: 0.5]
08:31:41.520 [FXGL Background Thread 3 ] DEBUG Engine               - globalSoundVolume: 0.5
08:31:41.520 [FXGL Background Thread 3 ] DEBUG Engine               - globalSoundVolumeProperty: DoubleProperty [value: 0.5]
08:31:41.520 [FXGL Background Thread 3 ] DEBUG Engine               - height: 670
08:31:41.520 [FXGL Background Thread 3 ] DEBUG Engine               - is3D: false
08:31:41.520 [FXGL Background Thread 3 ] DEBUG Engine               - isAndroid: false
08:31:41.520 [FXGL Background Thread 3 ] DEBUG Engine               - isBrowser: false
08:31:41.520 [FXGL Background Thread 3 ] DEBUG Engine               - isClickFeedbackEnabled: false
08:31:41.520 [FXGL Background Thread 3 ] DEBUG Engine               - isCloseConfirmation: false
08:31:41.520 [FXGL Background Thread 3 ] DEBUG Engine               - isDesktop: true
08:31:41.520 [FXGL Background Thread 3 ] DEBUG Engine               - isDeveloperMenuEnabled: false
08:31:41.521 [FXGL Background Thread 3 ] DEBUG Engine               - isEmbedded: false
08:31:41.521 [FXGL Background Thread 3 ] DEBUG Engine               - isEntityPreloadEnabled: true
08:31:41.521 [FXGL Background Thread 3 ] DEBUG Engine               - isExperimentalTiledLargeMap: false
08:31:41.521 [FXGL Background Thread 3 ] DEBUG Engine               - isFileSystemWriteAllowed: true
08:31:41.521 [FXGL Background Thread 3 ] DEBUG Engine               - isFullScreenAllowed: false
08:31:41.521 [FXGL Background Thread 3 ] DEBUG Engine               - isFullScreenFromStart: false
08:31:41.521 [FXGL Background Thread 3 ] DEBUG Engine               - isGameMenuEnabled: true
08:31:41.521 [FXGL Background Thread 3 ] DEBUG Engine               - isIOS: false
08:31:41.521 [FXGL Background Thread 3 ] DEBUG Engine               - isIntroEnabled: false
08:31:41.521 [FXGL Background Thread 3 ] DEBUG Engine               - isLinux: true
08:31:41.521 [FXGL Background Thread 3 ] DEBUG Engine               - isMac: false
08:31:41.521 [FXGL Background Thread 3 ] DEBUG Engine               - isMainMenuEnabled: false
08:31:41.521 [FXGL Background Thread 3 ] DEBUG Engine               - isManualResizeEnabled: false
08:31:41.521 [FXGL Background Thread 3 ] DEBUG Engine               - isMobile: false
08:31:41.521 [FXGL Background Thread 3 ] DEBUG Engine               - isNative: false
08:31:41.521 [FXGL Background Thread 3 ] DEBUG Engine               - isPauseMusicWhenMinimized: true
08:31:41.521 [FXGL Background Thread 3 ] DEBUG Engine               - isPreserveResizeRatio: false
08:31:41.521 [FXGL Background Thread 3 ] DEBUG Engine               - isProfilingEnabled: false
08:31:41.521 [FXGL Background Thread 3 ] DEBUG Engine               - isScaleAffectedOnResize: true
08:31:41.521 [FXGL Background Thread 3 ] DEBUG Engine               - isSingleStep: false
08:31:41.521 [FXGL Background Thread 3 ] DEBUG Engine               - isUserProfileEnabled: false
08:31:41.521 [FXGL Background Thread 3 ] DEBUG Engine               - isWindows: false
08:31:41.522 [FXGL Background Thread 3 ] DEBUG Engine               - language: ObjectProperty [value: ENGLISH]
08:31:41.522 [FXGL Background Thread 3 ] DEBUG Engine               - menuKey: ESCAPE
08:31:41.522 [FXGL Background Thread 3 ] DEBUG Engine               - mouseSensitivity: 0.2
08:31:41.522 [FXGL Background Thread 3 ] DEBUG Engine               - notificationViewClass: class com.almasb.fxgl.notification.view.XboxNotificationView
08:31:41.522 [FXGL Background Thread 3 ] DEBUG Engine               - pixelsPerMeter: 50.0
08:31:41.522 [FXGL Background Thread 3 ] DEBUG Engine               - platform: LINUX
08:31:41.522 [FXGL Background Thread 3 ] DEBUG Engine               - prefHeightProperty: ReadOnlyDoubleProperty [value: 670.0]
08:31:41.522 [FXGL Background Thread 3 ] DEBUG Engine               - prefWidthProperty: ReadOnlyDoubleProperty [value: 850.0]
08:31:41.522 [FXGL Background Thread 3 ] DEBUG Engine               - profileDir: profiles/
08:31:41.522 [FXGL Background Thread 3 ] DEBUG Engine               - profileName: StringProperty [value: DEFAULT]
08:31:41.522 [FXGL Background Thread 3 ] DEBUG Engine               - randomSeed: -1
08:31:41.522 [FXGL Background Thread 3 ] DEBUG Engine               - runtimeInfo: RuntimeInfo(platform=LINUX, version=17.2, build=20.08.2022 16.50)
08:31:41.522 [FXGL Background Thread 3 ] DEBUG Engine               - saveFileExt: sav
08:31:41.522 [FXGL Background Thread 3 ] DEBUG Engine               - scaledHeightProp$fxgl: DoubleProperty [bound, value: 677.0]
08:31:41.522 [FXGL Background Thread 3 ] DEBUG Engine               - scaledWidthProp$fxgl: DoubleProperty [bound, value: 850.0]
08:31:41.522 [FXGL Background Thread 3 ] DEBUG Engine               - sceneFactory: com.almasb.fxgl.app.scene.SceneFactory@252fef46
08:31:41.523 [FXGL Background Thread 3 ] DEBUG Engine               - secondsIn24h: 60
08:31:41.523 [FXGL Background Thread 3 ] DEBUG Engine               - soundMenuBack: menu/back.wav
08:31:41.523 [FXGL Background Thread 3 ] DEBUG Engine               - soundMenuPress: menu/press.wav
08:31:41.523 [FXGL Background Thread 3 ] DEBUG Engine               - soundMenuSelect: menu/select.wav
08:31:41.523 [FXGL Background Thread 3 ] DEBUG Engine               - soundNotification: core/notification.wav
08:31:41.523 [FXGL Background Thread 3 ] DEBUG Engine               - stageStyle: DECORATED
08:31:41.523 [FXGL Background Thread 3 ] DEBUG Engine               - supportedLanguages: [ENGLISH, FRENCH, GERMAN, HUNGARIAN, RUSSIAN]
08:31:41.523 [FXGL Background Thread 3 ] DEBUG Engine               - ticksPerSecond: -1
08:31:41.523 [FXGL Background Thread 3 ] DEBUG Engine               - title: Restaurant Game
08:31:41.523 [FXGL Background Thread 3 ] DEBUG Engine               - urlGithub: https://github.com/AlmasB/FXGL
08:31:41.523 [FXGL Background Thread 3 ] DEBUG Engine               - urlLeaderboard: http://fxgl-top.herokuapp.com/
08:31:41.523 [FXGL Background Thread 3 ] DEBUG Engine               - urlPOM: https://raw.githubusercontent.com/AlmasB/FXGL/release/README.md
08:31:41.528 [FXGL Background Thread 3 ] DEBUG Engine               - userAppClass: class fxglapp.FXGLGameApp
08:31:41.529 [FXGL Background Thread 3 ] DEBUG Engine               - version: 0.0
08:31:41.529 [FXGL Background Thread 3 ] DEBUG Engine               - versionCheckDays: 7
08:31:41.529 [FXGL Background Thread 3 ] DEBUG Engine               - width: 850
08:31:41.529 [FXGL Background Thread 3 ] DEBUG Engine               - Logging services
08:31:41.529 [FXGL Background Thread 3 ] DEBUG Engine               - class com.almasb.fxgl.app.services.FXGLAssetLoaderService
08:31:41.529 [FXGL Background Thread 3 ] DEBUG Engine               - class com.almasb.fxgl.app.FXGLApplication$GameApplicationService
08:31:41.529 [FXGL Background Thread 3 ] DEBUG Engine               - class com.almasb.fxgl.app.services.FXGLDialogService
08:31:41.529 [FXGL Background Thread 3 ] DEBUG Engine               - class com.almasb.fxgl.app.services.IOTaskExecutorService
08:31:41.529 [FXGL Background Thread 3 ] DEBUG Engine               - class com.almasb.fxgl.io.FileSystemService
08:31:41.529 [FXGL Background Thread 3 ] DEBUG Engine               - class com.almasb.fxgl.localization.LocalizationService
08:31:41.529 [FXGL Background Thread 3 ] DEBUG Engine               - class com.almasb.fxgl.app.services.SystemBundleService
08:31:41.529 [FXGL Background Thread 3 ] DEBUG Engine               - class com.almasb.fxgl.profile.SaveLoadService
08:31:41.529 [FXGL Background Thread 3 ] DEBUG Engine               - class com.almasb.fxgl.ui.FXGLUIFactoryServiceProvider
08:31:41.529 [FXGL Background Thread 3 ] DEBUG Engine               - class com.almasb.fxgl.ui.FXGLDialogFactoryServiceProvider
08:31:41.529 [FXGL Background Thread 3 ] DEBUG Engine               - class com.almasb.fxgl.audio.AudioPlayer
08:31:41.529 [FXGL Background Thread 3 ] DEBUG Engine               - class com.almasb.fxgl.notification.impl.NotificationServiceProvider
08:31:41.529 [FXGL Background Thread 3 ] DEBUG Engine               - class com.almasb.fxgl.achievement.AchievementService
08:31:41.529 [FXGL Background Thread 3 ] DEBUG Engine               - class com.almasb.fxgl.cutscene.CutsceneService
08:31:41.529 [FXGL Background Thread 3 ] DEBUG Engine               - class com.almasb.fxgl.minigames.MiniGameService
08:31:41.529 [FXGL Background Thread 3 ] DEBUG Engine               - class com.almasb.fxgl.net.NetService
08:31:41.529 [FXGL Background Thread 3 ] DEBUG Engine               - class com.almasb.fxgl.app.services.UpdaterService
08:31:41.529 [FXGL Background Thread 3 ] DEBUG Engine               - class com.almasb.fxgl.dev.DevService
08:31:50.082 [FXGL Background Thread 2 ] WARN  UpdaterService       - Failed to find updates: java.net.UnknownHostException: raw.githubusercontent.com
08:32:48.420 [JavaFX Application Thread] DEBUG FXGLApplication      - Exiting FXGL
08:32:48.420 [JavaFX Application Thread] DEBUG LoopRunner           - Stopping loop
08:32:48.420 [JavaFX Application Thread] DEBUG SystemBundleService  - Saving FXGL system data
08:32:48.423 [JavaFX Application Thread] DEBUG FileSystemAccess     - Writing to: /home/chris/IdeaProjects/RestaurantSimulator/system/fxgl.bundle
08:32:48.424 [JavaFX Application Thread] DEBUG Async                - Shutting down background threads
08:32:48.424 [JavaFX Application Thread] DEBUG PrimaryStageWindow   - Closing main window
08:32:48.426 [JavaFX Application Thread] DEBUG Logger               - Closing Logger
