23:38:15.361 [main                     ] DEBUG Logger               - Configured Logger
23:38:15.399 [main                     ] DEBUG GameApplication      - Logging settings
Title: Restaurant Game
Version: 0.0
Width: 850
Height: 670
Fullscreen: false
Intro: false
Profiling: false
Single step:false
App Mode: DEVELOPER
Menu Key: ESCAPE
Stage Style: DECORATED
Scene Factory: class com.almasb.fxgl.app.scene.SceneFactory

23:38:15.843 [JavaFX Application Thread] DEBUG FXGLApplication      - Initializing FXGL
23:38:15.850 [JavaFX Application Thread] INFO  Engine               - FXGL-17.2 (20.08.2022 16.50) on LINUX (J:17.0.13 FX:18)
23:38:15.851 [JavaFX Application Thread] DEBUG Engine               - JRE Vendor Name: Red Hat, Inc.
23:38:15.851 [JavaFX Application Thread] DEBUG Engine               - Running on OS: Linux version 6.11.6-200.fc40.x86_64
23:38:15.852 [JavaFX Application Thread] DEBUG Engine               - Architecture: amd64
23:38:15.852 [JavaFX Application Thread] INFO  Engine               - Source code and latest versions at: https://github.com/AlmasB/FXGL
23:38:15.852 [JavaFX Application Thread] INFO  Engine               -       Ask questions and discuss at: https://github.com/AlmasB/FXGL/discussions
23:38:15.852 [JavaFX Application Thread] INFO  Engine               -              Join the FXGL chat at: https://gitter.im/AlmasB/FXGL
23:38:15.963 [JavaFX Application Thread] DEBUG PrimaryStageWindow   - Creating a JavaFX scene
23:38:16.053 [JavaFX Application Thread] DEBUG PrimaryStageWindow   - Target settings size: 850.0 x 670.0
23:38:16.054 [JavaFX Application Thread] DEBUG PrimaryStageWindow   - Scaled scene size:    850.0 x 670.0
23:38:16.054 [JavaFX Application Thread] DEBUG PrimaryStageWindow   - Scaled ratio: (1.0, 1.0)
23:38:16.056 [JavaFX Application Thread] DEBUG PrimaryStageWindow   - Set initial scene to FXGLStartupScene
23:38:16.065 [JavaFX Application Thread] DEBUG PrimaryStageWindow   - Opening main window
23:38:16.110 [JavaFX Application Thread] DEBUG PrimaryStageWindow   - Window border size: (2.0, 29.0)
23:38:16.111 [JavaFX Application Thread] DEBUG PrimaryStageWindow   - Scaled size: 850.0 x 670.0
23:38:16.111 [JavaFX Application Thread] DEBUG PrimaryStageWindow   - Scaled ratio: (1.0, 1.0)
23:38:16.111 [JavaFX Application Thread] DEBUG PrimaryStageWindow   - Scene size: 850.0 x 670.0
23:38:16.112 [JavaFX Application Thread] DEBUG PrimaryStageWindow   - Stage size: 852.0 x 699.0
23:38:16.118 [FXGL Background Thread 1 ] DEBUG Engine               - Initializing environment variables
23:38:16.146 [FXGL Background Thread 1 ] DEBUG FXGLAssetLoaderServi - User app class for loading assets: class fxglapp.FXGLGameApp
23:38:16.146 [FXGL Background Thread 1 ] DEBUG GameApplicationServi - Applying CSS: fxgl_dark.css
23:38:16.147 [FXGL Background Thread 1 ] DEBUG FXGLAssetLoaderServi - Loading from file system: jar:file:/home/chris/.m2/repository/com/github/almasb/fxgl/17.2/fxgl-17.2.jar!/fxglassets/ui/css/fxgl_dark.css
23:38:16.193 [FXGL Background Thread 1 ] DEBUG GameApplicationServi - Initializing application scenes
23:38:16.242 [FXGL Background Thread 1 ] DEBUG GameWorld            - Game world initialized
23:38:16.293 [FXGL Background Thread 1 ] DEBUG PhysicsWorld         - Physics world initialized: appHeight=670, physics.ppm=50.0
23:38:16.293 [FXGL Background Thread 1 ] DEBUG PhysicsWorld         - Using strategy: BRUTE_FORCE
23:38:16.299 [FXGL Background Thread 1 ] DEBUG GameScene            - Game scene initialized: 850x670
23:38:16.314 [FXGL Background Thread 1 ] DEBUG FXGL.DefaultMenu     - createMenuBodyGameMenu()
23:38:16.330 [FXGL Background Thread 1 ] DEBUG FXGL.DefaultMenu     - createOptionsMenu()
23:38:16.343 [FXGL Background Thread 1 ] DEBUG FXGLAssetLoaderServi - Loading from file system: jar:file:/home/chris/.m2/repository/com/github/almasb/fxgl/17.2/fxgl-17.2.jar!/fxglassets/textures/particles/smoke.png
23:38:16.449 [FXGL Background Thread 1 ] DEBUG FXGLAssetLoaderServi - Loading from file system: jar:file:/home/chris/.m2/repository/com/github/almasb/fxgl/17.2/fxgl-17.2.jar!/fxglassets/textures/particles/trace_horizontal.png
23:38:16.478 [FXGL Background Thread 1 ] DEBUG GameApplicationServi - Application scenes initialized
23:38:16.490 [FXGL Background Thread 1 ] DEBUG SystemBundleService  - Loading FXGL system data
23:38:16.491 [FXGL Background Thread 1 ] DEBUG FileSystemAccess     - Reading from: /home/chris/IdeaProjects/RestaurantSimulator/system/fxgl.bundle
23:38:16.494 [FXGL Background Thread 1 ] DEBUG SystemBundleService  - Bundle FXGL: {}
23:38:16.494 [FXGL Background Thread 1 ] DEBUG UpdaterService       - Checking for updates
23:38:16.499 [FXGL Background Thread 4 ] DEBUG FXGLApplication      - Loading fonts
23:38:16.499 [FXGL Background Thread 1 ] DEBUG FXGLApplication      - Loading default localization
23:38:16.499 [FXGL Background Thread 4 ] DEBUG FXGLAssetLoaderServi - Loading from file system: jar:file:/home/chris/.m2/repository/com/github/almasb/fxgl/17.2/fxgl-17.2.jar!/fxglassets/ui/fonts/VarelaRound-Regular.ttf
23:38:16.500 [FXGL Background Thread 1 ] DEBUG FXGLAssetLoaderServi - Loading from file system: jar:file:/home/chris/.m2/repository/com/github/almasb/fxgl/17.2/fxgl-17.2.jar!/fxglassets/languages/english.lang
23:38:16.508 [FXGL Background Thread 4 ] DEBUG FXGLAssetLoaderServi - Loading from file system: jar:file:/home/chris/.m2/repository/com/github/almasb/fxgl/17.2/fxgl-17.2.jar!/fxglassets/ui/fonts/Abel-Regular.ttf
23:38:16.511 [FXGL Background Thread 4 ] DEBUG FXGLAssetLoaderServi - Loading from file system: jar:file:/home/chris/.m2/repository/com/github/almasb/fxgl/17.2/fxgl-17.2.jar!/fxglassets/ui/fonts/TerminalLandMono-Regular.otf
23:38:16.513 [FXGL Background Thread 4 ] DEBUG FXGLAssetLoaderServi - Loading from file system: jar:file:/home/chris/.m2/repository/com/github/almasb/fxgl/17.2/fxgl-17.2.jar!/fxglassets/ui/fonts/Courier-Prime.ttf
23:38:16.515 [FXGL Background Thread 1 ] INFO  FXGLApplication      - FXGL initialization took: 0.397 sec
23:38:16.517 [JavaFX Application Thread] DEBUG FXGLAssetLoaderServi - Loading from file system: jar:file:/home/chris/.m2/repository/com/github/almasb/fxgl/17.2/fxgl-17.2.jar!/fxglassets/textures/fxgl_icon.png
23:38:16.541 [JavaFX Application Thread] DEBUG FXGLAssetLoaderServi - Loading from file system: jar:file:/home/chris/.m2/repository/com/github/almasb/fxgl/17.2/fxgl-17.2.jar!/fxglassets/textures/fxgl_default_cursor.png
23:38:16.552 [JavaFX Application Thread] DEBUG Input                - Registered new binding: Screenshot - CTRL+8
23:38:16.553 [JavaFX Application Thread] DEBUG Input                - Registered new binding: System info dump - CTRL+9
23:38:16.554 [JavaFX Application Thread] DEBUG Input                - Registered new binding: Restart - CTRL+R
23:38:16.554 [JavaFX Application Thread] DEBUG Input                - Registered new binding: Toggle Debug Camera - CTRL+7
23:38:16.557 [JavaFX Application Thread] DEBUG LoopRunner           - Starting loop
23:38:16.557 [JavaFX Application Thread] DEBUG LoopRunner           - Initializing JavaFX AnimationTimerLoop
23:38:16.558 [JavaFX Application Thread] DEBUG GameApplicationServi - Starting new game
23:38:16.558 [JavaFX Application Thread] DEBUG Input                - Clearing active input actions
23:38:16.572 [JavaFX Application Thread] DEBUG GameApplicationServi - Removing overlay from FXGLStartupScene and adding to FXGLLoadingScene
23:38:16.573 [JavaFX Application Thread] DEBUG PrimaryStageWindow   - FXGLStartupScene -> FXGLLoadingScene
23:38:16.573 [JavaFX Application Thread] DEBUG GameApplicationServi - Clearing previous game
23:38:16.573 [JavaFX Application Thread] DEBUG GameScene            - Clearing game scene
23:38:16.574 [JavaFX Application Thread] DEBUG GameWorld            - Clearing game world
23:38:16.574 [JavaFX Application Thread] DEBUG PhysicsWorld         - Clearing physics world
23:38:16.576 [JavaFX Application Thread] DEBUG FXGLApplication      - Registering font factories with UI factory
23:38:16.770 [FXGL Background Thread 4 ] DEBUG FXGLAssetLoaderServi - Loading from file system: file:/home/chris/IdeaProjects/RestaurantSimulator/target/classes/assets/textures/cooker.png
23:38:16.783 [FXGL Background Thread 4 ] INFO  FXGLApplication      - Game initialization took: 0.207 sec
23:38:16.784 [JavaFX Application Thread] DEBUG Input                - Clearing active input actions
23:38:16.805 [JavaFX Application Thread] DEBUG GameApplicationServi - Removing overlay from FXGLLoadingScene and adding to GameScene
23:38:16.805 [JavaFX Application Thread] DEBUG PrimaryStageWindow   - FXGLLoadingScene -> GameScene
23:38:19.497 [FXGL Background Thread 3 ] DEBUG Engine               - Logging environment variables
23:38:19.498 [FXGL Background Thread 3 ] DEBUG Engine               - achievements: []
23:38:19.498 [FXGL Background Thread 3 ] DEBUG Engine               - actualHeight: 641.0
23:38:19.499 [FXGL Background Thread 3 ] DEBUG Engine               - actualHeightProperty: ReadOnlyDoubleProperty [value: 677.0]
23:38:19.499 [FXGL Background Thread 3 ] DEBUG Engine               - actualWidth: 848.0
23:38:19.499 [FXGL Background Thread 3 ] DEBUG Engine               - actualWidthProperty: ReadOnlyDoubleProperty [value: 850.0]
23:38:19.499 [FXGL Background Thread 3 ] DEBUG Engine               - appIcon: fxgl_icon.png
23:38:19.499 [FXGL Background Thread 3 ] DEBUG Engine               - applicationMode: DEVELOPER
23:38:19.499 [FXGL Background Thread 3 ] DEBUG Engine               - cSSList: [fxgl_dark.css]
23:38:19.499 [FXGL Background Thread 3 ] DEBUG Engine               - collisionDetectionStrategy: BRUTE_FORCE
23:38:19.499 [FXGL Background Thread 3 ] DEBUG Engine               - configClass: Optional.empty
23:38:19.500 [FXGL Background Thread 3 ] DEBUG Engine               - credits: []
23:38:19.500 [FXGL Background Thread 3 ] DEBUG Engine               - defaultCursor: CursorInfo(imageName=fxgl_default_cursor.png, hotspotX=7.0, hotspotY=6.0)
23:38:19.501 [FXGL Background Thread 3 ] DEBUG Engine               - devBBoxColorProperty: ObjectProperty [value: 0xff0000ff]
23:38:19.501 [FXGL Background Thread 3 ] DEBUG Engine               - devEnableDebugCameraProperty: BooleanProperty [value: false]
23:38:19.501 [FXGL Background Thread 3 ] DEBUG Engine               - devSensorColorProperty: ObjectProperty [value: 0xffff00ff]
23:38:19.501 [FXGL Background Thread 3 ] DEBUG Engine               - devShowBBoxProperty: BooleanProperty [value: false]
23:38:19.501 [FXGL Background Thread 3 ] DEBUG Engine               - devShowPositionProperty: BooleanProperty [value: false]
23:38:19.501 [FXGL Background Thread 3 ] DEBUG Engine               - enabledMenuItems: []
23:38:19.501 [FXGL Background Thread 3 ] DEBUG Engine               - engineServices: [class com.almasb.fxgl.app.services.FXGLAssetLoaderService, class com.almasb.fxgl.app.FXGLApplication$GameApplicationService, class com.almasb.fxgl.app.services.FXGLDialogService, class com.almasb.fxgl.app.services.IOTaskExecutorService, class com.almasb.fxgl.io.FileSystemService, class com.almasb.fxgl.localization.LocalizationService, class com.almasb.fxgl.app.services.SystemBundleService, class com.almasb.fxgl.profile.SaveLoadService, class com.almasb.fxgl.ui.FXGLUIFactoryServiceProvider, class com.almasb.fxgl.ui.FXGLDialogFactoryServiceProvider, class com.almasb.fxgl.audio.AudioPlayer, class com.almasb.fxgl.notification.impl.NotificationServiceProvider, class com.almasb.fxgl.achievement.AchievementService, class com.almasb.fxgl.cutscene.CutsceneService, class com.almasb.fxgl.minigames.MiniGameService, class com.almasb.fxgl.net.NetService, class com.almasb.fxgl.app.services.UpdaterService, class com.almasb.fxgl.dev.DevService]
23:38:19.502 [FXGL Background Thread 3 ] DEBUG Engine               - fontGame: Abel-Regular.ttf
23:38:19.502 [FXGL Background Thread 3 ] DEBUG Engine               - fontMono: TerminalLandMono-Regular.otf
23:38:19.502 [FXGL Background Thread 3 ] DEBUG Engine               - fontText: Courier-Prime.ttf
23:38:19.502 [FXGL Background Thread 3 ] DEBUG Engine               - fontUI: VarelaRound-Regular.ttf
23:38:19.502 [FXGL Background Thread 3 ] DEBUG Engine               - fullScreen: BooleanProperty [value: false]
23:38:19.502 [FXGL Background Thread 3 ] DEBUG Engine               - gameDifficulty: MEDIUM
23:38:19.502 [FXGL Background Thread 3 ] DEBUG Engine               - gameDifficultyProperty: ObjectProperty [value: MEDIUM]
23:38:19.503 [FXGL Background Thread 3 ] DEBUG Engine               - globalMusicVolume: 0.5
23:38:19.503 [FXGL Background Thread 3 ] DEBUG Engine               - globalMusicVolumeProperty: DoubleProperty [value: 0.5]
23:38:19.503 [FXGL Background Thread 3 ] DEBUG Engine               - globalSoundVolume: 0.5
23:38:19.503 [FXGL Background Thread 3 ] DEBUG Engine               - globalSoundVolumeProperty: DoubleProperty [value: 0.5]
23:38:19.503 [FXGL Background Thread 3 ] DEBUG Engine               - height: 670
23:38:19.503 [FXGL Background Thread 3 ] DEBUG Engine               - is3D: false
23:38:19.503 [FXGL Background Thread 3 ] DEBUG Engine               - isAndroid: false
23:38:19.504 [FXGL Background Thread 3 ] DEBUG Engine               - isBrowser: false
23:38:19.504 [FXGL Background Thread 3 ] DEBUG Engine               - isClickFeedbackEnabled: false
23:38:19.504 [FXGL Background Thread 3 ] DEBUG Engine               - isCloseConfirmation: false
23:38:19.504 [FXGL Background Thread 3 ] DEBUG Engine               - isDesktop: true
23:38:19.505 [FXGL Background Thread 3 ] DEBUG Engine               - isDeveloperMenuEnabled: false
23:38:19.505 [FXGL Background Thread 3 ] DEBUG Engine               - isEmbedded: false
23:38:19.505 [FXGL Background Thread 3 ] DEBUG Engine               - isEntityPreloadEnabled: true
23:38:19.505 [FXGL Background Thread 3 ] DEBUG Engine               - isExperimentalTiledLargeMap: false
23:38:19.505 [FXGL Background Thread 3 ] DEBUG Engine               - isFileSystemWriteAllowed: true
23:38:19.506 [FXGL Background Thread 3 ] DEBUG Engine               - isFullScreenAllowed: false
23:38:19.506 [FXGL Background Thread 3 ] DEBUG Engine               - isFullScreenFromStart: false
23:38:19.506 [FXGL Background Thread 3 ] DEBUG Engine               - isGameMenuEnabled: true
23:38:19.506 [FXGL Background Thread 3 ] DEBUG Engine               - isIOS: false
23:38:19.506 [FXGL Background Thread 3 ] DEBUG Engine               - isIntroEnabled: false
23:38:19.506 [FXGL Background Thread 3 ] DEBUG Engine               - isLinux: true
23:38:19.506 [FXGL Background Thread 3 ] DEBUG Engine               - isMac: false
23:38:19.507 [FXGL Background Thread 3 ] DEBUG Engine               - isMainMenuEnabled: false
23:38:19.507 [FXGL Background Thread 3 ] DEBUG Engine               - isManualResizeEnabled: false
23:38:19.507 [FXGL Background Thread 3 ] DEBUG Engine               - isMobile: false
23:38:19.507 [FXGL Background Thread 3 ] DEBUG Engine               - isNative: false
23:38:19.507 [FXGL Background Thread 3 ] DEBUG Engine               - isPauseMusicWhenMinimized: true
23:38:19.507 [FXGL Background Thread 3 ] DEBUG Engine               - isPreserveResizeRatio: false
23:38:19.507 [FXGL Background Thread 3 ] DEBUG Engine               - isProfilingEnabled: false
23:38:19.508 [FXGL Background Thread 3 ] DEBUG Engine               - isScaleAffectedOnResize: true
23:38:19.508 [FXGL Background Thread 3 ] DEBUG Engine               - isSingleStep: false
23:38:19.508 [FXGL Background Thread 3 ] DEBUG Engine               - isUserProfileEnabled: false
23:38:19.508 [FXGL Background Thread 3 ] DEBUG Engine               - isWindows: false
23:38:19.508 [FXGL Background Thread 3 ] DEBUG Engine               - language: ObjectProperty [value: ENGLISH]
23:38:19.508 [FXGL Background Thread 3 ] DEBUG Engine               - menuKey: ESCAPE
23:38:19.509 [FXGL Background Thread 3 ] DEBUG Engine               - mouseSensitivity: 0.2
23:38:19.509 [FXGL Background Thread 3 ] DEBUG Engine               - notificationViewClass: class com.almasb.fxgl.notification.view.XboxNotificationView
23:38:19.509 [FXGL Background Thread 3 ] DEBUG Engine               - pixelsPerMeter: 50.0
23:38:19.509 [FXGL Background Thread 3 ] DEBUG Engine               - platform: LINUX
23:38:19.509 [FXGL Background Thread 3 ] DEBUG Engine               - prefHeightProperty: ReadOnlyDoubleProperty [value: 670.0]
23:38:19.509 [FXGL Background Thread 3 ] DEBUG Engine               - prefWidthProperty: ReadOnlyDoubleProperty [value: 850.0]
23:38:19.509 [FXGL Background Thread 3 ] DEBUG Engine               - profileDir: profiles/
23:38:19.510 [FXGL Background Thread 3 ] DEBUG Engine               - profileName: StringProperty [value: DEFAULT]
23:38:19.510 [FXGL Background Thread 3 ] DEBUG Engine               - randomSeed: -1
23:38:19.510 [FXGL Background Thread 3 ] DEBUG Engine               - runtimeInfo: RuntimeInfo(platform=LINUX, version=17.2, build=20.08.2022 16.50)
23:38:19.511 [FXGL Background Thread 3 ] DEBUG Engine               - saveFileExt: sav
23:38:19.511 [FXGL Background Thread 3 ] DEBUG Engine               - scaledHeightProp$fxgl: DoubleProperty [bound, value: 677.0]
23:38:19.511 [FXGL Background Thread 3 ] DEBUG Engine               - scaledWidthProp$fxgl: DoubleProperty [bound, value: 850.0]
23:38:19.511 [FXGL Background Thread 3 ] DEBUG Engine               - sceneFactory: com.almasb.fxgl.app.scene.SceneFactory@66edeae4
23:38:19.511 [FXGL Background Thread 3 ] DEBUG Engine               - secondsIn24h: 60
23:38:19.511 [FXGL Background Thread 3 ] DEBUG Engine               - soundMenuBack: menu/back.wav
23:38:19.511 [FXGL Background Thread 3 ] DEBUG Engine               - soundMenuPress: menu/press.wav
23:38:19.511 [FXGL Background Thread 3 ] DEBUG Engine               - soundMenuSelect: menu/select.wav
23:38:19.512 [FXGL Background Thread 3 ] DEBUG Engine               - soundNotification: core/notification.wav
23:38:19.512 [FXGL Background Thread 3 ] DEBUG Engine               - stageStyle: DECORATED
23:38:19.512 [FXGL Background Thread 3 ] DEBUG Engine               - supportedLanguages: [ENGLISH, FRENCH, GERMAN, HUNGARIAN, RUSSIAN]
23:38:19.512 [FXGL Background Thread 3 ] DEBUG Engine               - ticksPerSecond: -1
23:38:19.512 [FXGL Background Thread 3 ] DEBUG Engine               - title: Restaurant Game
23:38:19.512 [FXGL Background Thread 3 ] DEBUG Engine               - urlGithub: https://github.com/AlmasB/FXGL
23:38:19.512 [FXGL Background Thread 3 ] DEBUG Engine               - urlLeaderboard: http://fxgl-top.herokuapp.com/
23:38:19.512 [FXGL Background Thread 3 ] DEBUG Engine               - urlPOM: https://raw.githubusercontent.com/AlmasB/FXGL/release/README.md
23:38:19.512 [FXGL Background Thread 3 ] DEBUG Engine               - userAppClass: class fxglapp.FXGLGameApp
23:38:19.513 [FXGL Background Thread 3 ] DEBUG Engine               - version: 0.0
23:38:19.513 [FXGL Background Thread 3 ] DEBUG Engine               - versionCheckDays: 7
23:38:19.513 [FXGL Background Thread 3 ] DEBUG Engine               - width: 850
23:38:19.513 [FXGL Background Thread 3 ] DEBUG Engine               - Logging services
23:38:19.513 [FXGL Background Thread 3 ] DEBUG Engine               - class com.almasb.fxgl.app.services.FXGLAssetLoaderService
23:38:19.513 [FXGL Background Thread 3 ] DEBUG Engine               - class com.almasb.fxgl.app.FXGLApplication$GameApplicationService
23:38:19.513 [FXGL Background Thread 3 ] DEBUG Engine               - class com.almasb.fxgl.app.services.FXGLDialogService
23:38:19.513 [FXGL Background Thread 3 ] DEBUG Engine               - class com.almasb.fxgl.app.services.IOTaskExecutorService
23:38:19.514 [FXGL Background Thread 3 ] DEBUG Engine               - class com.almasb.fxgl.io.FileSystemService
23:38:19.514 [FXGL Background Thread 3 ] DEBUG Engine               - class com.almasb.fxgl.localization.LocalizationService
23:38:19.514 [FXGL Background Thread 3 ] DEBUG Engine               - class com.almasb.fxgl.app.services.SystemBundleService
23:38:19.514 [FXGL Background Thread 3 ] DEBUG Engine               - class com.almasb.fxgl.profile.SaveLoadService
23:38:19.514 [FXGL Background Thread 3 ] DEBUG Engine               - class com.almasb.fxgl.ui.FXGLUIFactoryServiceProvider
23:38:19.514 [FXGL Background Thread 3 ] DEBUG Engine               - class com.almasb.fxgl.ui.FXGLDialogFactoryServiceProvider
23:38:19.514 [FXGL Background Thread 3 ] DEBUG Engine               - class com.almasb.fxgl.audio.AudioPlayer
23:38:19.514 [FXGL Background Thread 3 ] DEBUG Engine               - class com.almasb.fxgl.notification.impl.NotificationServiceProvider
23:38:19.515 [FXGL Background Thread 3 ] DEBUG Engine               - class com.almasb.fxgl.achievement.AchievementService
23:38:19.515 [FXGL Background Thread 3 ] DEBUG Engine               - class com.almasb.fxgl.cutscene.CutsceneService
23:38:19.515 [FXGL Background Thread 3 ] DEBUG Engine               - class com.almasb.fxgl.minigames.MiniGameService
23:38:19.515 [FXGL Background Thread 3 ] DEBUG Engine               - class com.almasb.fxgl.net.NetService
23:38:19.515 [FXGL Background Thread 3 ] DEBUG Engine               - class com.almasb.fxgl.app.services.UpdaterService
23:38:19.515 [FXGL Background Thread 3 ] DEBUG Engine               - class com.almasb.fxgl.dev.DevService
23:38:19.747 [FXGL Background Thread 2 ] INFO  UpdaterService       - Your current version:  17.2
23:38:19.747 [FXGL Background Thread 2 ] INFO  UpdaterService       - Latest stable version: 21.1
23:39:10.494 [JavaFX Application Thread] DEBUG FXGLApplication      - Exiting FXGL
23:39:10.494 [JavaFX Application Thread] DEBUG LoopRunner           - Stopping loop
23:39:10.495 [JavaFX Application Thread] DEBUG SystemBundleService  - Saving FXGL system data
23:39:10.497 [JavaFX Application Thread] DEBUG FileSystemAccess     - Writing to: /home/chris/IdeaProjects/RestaurantSimulator/system/fxgl.bundle
23:39:10.498 [JavaFX Application Thread] DEBUG Async                - Shutting down background threads
23:39:10.499 [JavaFX Application Thread] DEBUG PrimaryStageWindow   - Closing main window
23:39:10.502 [JavaFX Application Thread] DEBUG Logger               - Closing Logger
