21:57:05.506 [main                     ] DEBUG Logger               - Configured Logger
21:57:05.542 [main                     ] DEBUG GameApplication      - Logging settings
Title: Restaurant Game
Version: 0.0
Width: 850
Height: 670
Fullscreen: false
Intro: false
Profiling: false
Single step:false
App Mode: DEVELOPER
Menu Key: ESCAPE
Stage Style: DECORATED
Scene Factory: class com.almasb.fxgl.app.scene.SceneFactory

21:57:05.945 [JavaFX Application Thread] DEBUG FXGLApplication      - Initializing FXGL
21:57:05.953 [JavaFX Application Thread] INFO  Engine               - FXGL-17.2 (20.08.2022 16.50) on LINUX (J:17.0.13 FX:18)
21:57:05.954 [JavaFX Application Thread] DEBUG Engine               - JRE Vendor Name: Red Hat, Inc.
21:57:05.954 [JavaFX Application Thread] DEBUG Engine               - Running on OS: Linux version 6.11.6-200.fc40.x86_64
21:57:05.954 [JavaFX Application Thread] DEBUG Engine               - Architecture: amd64
21:57:05.954 [JavaFX Application Thread] INFO  Engine               - Source code and latest versions at: https://github.com/AlmasB/FXGL
21:57:05.955 [JavaFX Application Thread] INFO  Engine               -       Ask questions and discuss at: https://github.com/AlmasB/FXGL/discussions
21:57:05.955 [JavaFX Application Thread] INFO  Engine               -              Join the FXGL chat at: https://gitter.im/AlmasB/FXGL
21:57:06.083 [JavaFX Application Thread] DEBUG PrimaryStageWindow   - Creating a JavaFX scene
21:57:06.167 [JavaFX Application Thread] DEBUG PrimaryStageWindow   - Target settings size: 850.0 x 670.0
21:57:06.168 [JavaFX Application Thread] DEBUG PrimaryStageWindow   - Scaled scene size:    850.0 x 670.0
21:57:06.168 [JavaFX Application Thread] DEBUG PrimaryStageWindow   - Scaled ratio: (1.0, 1.0)
21:57:06.170 [JavaFX Application Thread] DEBUG PrimaryStageWindow   - Set initial scene to FXGLStartupScene
21:57:06.180 [JavaFX Application Thread] DEBUG PrimaryStageWindow   - Opening main window
21:57:06.232 [JavaFX Application Thread] DEBUG PrimaryStageWindow   - Window border size: (2.0, 29.0)
21:57:06.232 [JavaFX Application Thread] DEBUG PrimaryStageWindow   - Scaled size: 850.0 x 670.0
21:57:06.232 [JavaFX Application Thread] DEBUG PrimaryStageWindow   - Scaled ratio: (1.0, 1.0)
21:57:06.232 [JavaFX Application Thread] DEBUG PrimaryStageWindow   - Scene size: 850.0 x 670.0
21:57:06.233 [JavaFX Application Thread] DEBUG PrimaryStageWindow   - Stage size: 852.0 x 699.0
21:57:06.238 [FXGL Background Thread 1 ] DEBUG Engine               - Initializing environment variables
21:57:06.289 [FXGL Background Thread 1 ] DEBUG FXGLAssetLoaderServi - User app class for loading assets: class fxglapp.FXGLGameApp
21:57:06.290 [FXGL Background Thread 1 ] DEBUG GameApplicationServi - Applying CSS: fxgl_dark.css
21:57:06.292 [FXGL Background Thread 1 ] DEBUG FXGLAssetLoaderServi - Loading from file system: jar:file:/home/chris/.m2/repository/com/github/almasb/fxgl/17.2/fxgl-17.2.jar!/fxglassets/ui/css/fxgl_dark.css
21:57:06.348 [FXGL Background Thread 1 ] DEBUG GameApplicationServi - Initializing application scenes
21:57:06.387 [FXGL Background Thread 1 ] DEBUG GameWorld            - Game world initialized
21:57:06.428 [FXGL Background Thread 1 ] DEBUG PhysicsWorld         - Physics world initialized: appHeight=670, physics.ppm=50.0
21:57:06.428 [FXGL Background Thread 1 ] DEBUG PhysicsWorld         - Using strategy: BRUTE_FORCE
21:57:06.432 [FXGL Background Thread 1 ] DEBUG GameScene            - Game scene initialized: 850x670
21:57:06.444 [FXGL Background Thread 1 ] DEBUG FXGL.DefaultMenu     - createMenuBodyGameMenu()
21:57:06.464 [FXGL Background Thread 1 ] DEBUG FXGL.DefaultMenu     - createOptionsMenu()
21:57:06.474 [FXGL Background Thread 1 ] DEBUG FXGLAssetLoaderServi - Loading from file system: jar:file:/home/chris/.m2/repository/com/github/almasb/fxgl/17.2/fxgl-17.2.jar!/fxglassets/textures/particles/smoke.png
21:57:06.563 [FXGL Background Thread 1 ] DEBUG FXGLAssetLoaderServi - Loading from file system: jar:file:/home/chris/.m2/repository/com/github/almasb/fxgl/17.2/fxgl-17.2.jar!/fxglassets/textures/particles/trace_horizontal.png
21:57:06.591 [FXGL Background Thread 1 ] DEBUG GameApplicationServi - Application scenes initialized
21:57:06.611 [FXGL Background Thread 1 ] DEBUG SystemBundleService  - Loading FXGL system data
21:57:06.613 [FXGL Background Thread 1 ] DEBUG FileSystemAccess     - Reading from: /home/chris/IdeaProjects/RestaurantSimulator/system/fxgl.bundle
21:57:06.617 [FXGL Background Thread 1 ] DEBUG SystemBundleService  - Bundle FXGL: {}
21:57:06.617 [FXGL Background Thread 1 ] DEBUG UpdaterService       - Checking for updates
21:57:06.623 [FXGL Background Thread 4 ] DEBUG FXGLApplication      - Loading fonts
21:57:06.624 [FXGL Background Thread 4 ] DEBUG FXGLAssetLoaderServi - Loading from file system: jar:file:/home/chris/.m2/repository/com/github/almasb/fxgl/17.2/fxgl-17.2.jar!/fxglassets/ui/fonts/VarelaRound-Regular.ttf
21:57:06.624 [FXGL Background Thread 1 ] DEBUG FXGLApplication      - Loading default localization
21:57:06.625 [FXGL Background Thread 1 ] DEBUG FXGLAssetLoaderServi - Loading from file system: jar:file:/home/chris/.m2/repository/com/github/almasb/fxgl/17.2/fxgl-17.2.jar!/fxglassets/languages/english.lang
21:57:06.629 [FXGL Background Thread 4 ] DEBUG FXGLAssetLoaderServi - Loading from file system: jar:file:/home/chris/.m2/repository/com/github/almasb/fxgl/17.2/fxgl-17.2.jar!/fxglassets/ui/fonts/Abel-Regular.ttf
21:57:06.631 [FXGL Background Thread 4 ] DEBUG FXGLAssetLoaderServi - Loading from file system: jar:file:/home/chris/.m2/repository/com/github/almasb/fxgl/17.2/fxgl-17.2.jar!/fxglassets/ui/fonts/TerminalLandMono-Regular.otf
21:57:06.633 [FXGL Background Thread 4 ] DEBUG FXGLAssetLoaderServi - Loading from file system: jar:file:/home/chris/.m2/repository/com/github/almasb/fxgl/17.2/fxgl-17.2.jar!/fxglassets/ui/fonts/Courier-Prime.ttf
21:57:06.636 [JavaFX Application Thread] DEBUG FXGLApplication      - Registering font factories with UI factory
21:57:06.648 [FXGL Background Thread 1 ] INFO  FXGLApplication      - FXGL initialization took: 0.410 sec
21:57:06.650 [JavaFX Application Thread] DEBUG FXGLAssetLoaderServi - Loading from file system: jar:file:/home/chris/.m2/repository/com/github/almasb/fxgl/17.2/fxgl-17.2.jar!/fxglassets/textures/fxgl_icon.png
21:57:06.677 [JavaFX Application Thread] DEBUG FXGLAssetLoaderServi - Loading from file system: jar:file:/home/chris/.m2/repository/com/github/almasb/fxgl/17.2/fxgl-17.2.jar!/fxglassets/textures/fxgl_default_cursor.png
21:57:06.697 [JavaFX Application Thread] DEBUG Input                - Registered new binding: Screenshot - CTRL+8
21:57:06.698 [JavaFX Application Thread] DEBUG Input                - Registered new binding: System info dump - CTRL+9
21:57:06.698 [JavaFX Application Thread] DEBUG Input                - Registered new binding: Restart - CTRL+R
21:57:06.701 [JavaFX Application Thread] DEBUG Input                - Registered new binding: Toggle Debug Camera - CTRL+7
21:57:06.704 [JavaFX Application Thread] DEBUG LoopRunner           - Starting loop
21:57:06.704 [JavaFX Application Thread] DEBUG LoopRunner           - Initializing JavaFX AnimationTimerLoop
21:57:06.706 [JavaFX Application Thread] DEBUG GameApplicationServi - Starting new game
21:57:06.706 [JavaFX Application Thread] DEBUG Input                - Clearing active input actions
21:57:06.717 [JavaFX Application Thread] DEBUG GameApplicationServi - Removing overlay from FXGLStartupScene and adding to FXGLLoadingScene
21:57:06.718 [JavaFX Application Thread] DEBUG PrimaryStageWindow   - FXGLStartupScene -> FXGLLoadingScene
21:57:06.718 [JavaFX Application Thread] DEBUG GameApplicationServi - Clearing previous game
21:57:06.718 [JavaFX Application Thread] DEBUG GameScene            - Clearing game scene
21:57:06.718 [JavaFX Application Thread] DEBUG GameWorld            - Clearing game world
21:57:06.718 [JavaFX Application Thread] DEBUG PhysicsWorld         - Clearing physics world
21:57:06.720 [FXGL Background Thread 1 ] DEBUG FXGLApplication      - Initializing game
21:57:06.924 [FXGL Background Thread 1 ] INFO  FXGLApplication      - Game initialization took: 0.204 sec
21:57:06.925 [JavaFX Application Thread] DEBUG Input                - Clearing active input actions
21:57:06.982 [JavaFX Application Thread] DEBUG GameApplicationServi - Removing overlay from FXGLLoadingScene and adding to GameScene
21:57:06.983 [JavaFX Application Thread] DEBUG PrimaryStageWindow   - FXGLLoadingScene -> GameScene
21:57:07.544 [FXGL Background Thread 2 ] INFO  UpdaterService       - Your current version:  17.2
21:57:07.544 [FXGL Background Thread 2 ] INFO  UpdaterService       - Latest stable version: 21.1
21:57:09.636 [FXGL Background Thread 3 ] DEBUG Engine               - Logging environment variables
21:57:09.638 [FXGL Background Thread 3 ] DEBUG Engine               - achievements: []
21:57:09.638 [FXGL Background Thread 3 ] DEBUG Engine               - actualHeight: -28.0
21:57:09.638 [FXGL Background Thread 3 ] DEBUG Engine               - actualHeightProperty: ReadOnlyDoubleProperty [value: 677.0]
21:57:09.639 [FXGL Background Thread 3 ] DEBUG Engine               - actualWidth: -1.0
21:57:09.639 [FXGL Background Thread 3 ] DEBUG Engine               - actualWidthProperty: ReadOnlyDoubleProperty [value: 850.0]
21:57:09.639 [FXGL Background Thread 3 ] DEBUG Engine               - appIcon: fxgl_icon.png
21:57:09.639 [FXGL Background Thread 3 ] DEBUG Engine               - applicationMode: DEVELOPER
21:57:09.639 [FXGL Background Thread 3 ] DEBUG Engine               - cSSList: [fxgl_dark.css]
21:57:09.640 [FXGL Background Thread 3 ] DEBUG Engine               - collisionDetectionStrategy: BRUTE_FORCE
21:57:09.640 [FXGL Background Thread 3 ] DEBUG Engine               - configClass: Optional.empty
21:57:09.640 [FXGL Background Thread 3 ] DEBUG Engine               - credits: []
21:57:09.641 [FXGL Background Thread 3 ] DEBUG Engine               - defaultCursor: CursorInfo(imageName=fxgl_default_cursor.png, hotspotX=7.0, hotspotY=6.0)
21:57:09.641 [FXGL Background Thread 3 ] DEBUG Engine               - devBBoxColorProperty: ObjectProperty [value: 0xff0000ff]
21:57:09.642 [FXGL Background Thread 3 ] DEBUG Engine               - devEnableDebugCameraProperty: BooleanProperty [value: false]
21:57:09.642 [FXGL Background Thread 3 ] DEBUG Engine               - devSensorColorProperty: ObjectProperty [value: 0xffff00ff]
21:57:09.642 [FXGL Background Thread 3 ] DEBUG Engine               - devShowBBoxProperty: BooleanProperty [value: false]
21:57:09.642 [FXGL Background Thread 3 ] DEBUG Engine               - devShowPositionProperty: BooleanProperty [value: false]
21:57:09.643 [FXGL Background Thread 3 ] DEBUG Engine               - enabledMenuItems: []
21:57:09.643 [FXGL Background Thread 3 ] DEBUG Engine               - engineServices: [class com.almasb.fxgl.app.services.FXGLAssetLoaderService, class com.almasb.fxgl.app.FXGLApplication$GameApplicationService, class com.almasb.fxgl.app.services.FXGLDialogService, class com.almasb.fxgl.app.services.IOTaskExecutorService, class com.almasb.fxgl.io.FileSystemService, class com.almasb.fxgl.localization.LocalizationService, class com.almasb.fxgl.app.services.SystemBundleService, class com.almasb.fxgl.profile.SaveLoadService, class com.almasb.fxgl.ui.FXGLUIFactoryServiceProvider, class com.almasb.fxgl.ui.FXGLDialogFactoryServiceProvider, class com.almasb.fxgl.audio.AudioPlayer, class com.almasb.fxgl.notification.impl.NotificationServiceProvider, class com.almasb.fxgl.achievement.AchievementService, class com.almasb.fxgl.cutscene.CutsceneService, class com.almasb.fxgl.minigames.MiniGameService, class com.almasb.fxgl.net.NetService, class com.almasb.fxgl.app.services.UpdaterService, class com.almasb.fxgl.dev.DevService]
21:57:09.643 [FXGL Background Thread 3 ] DEBUG Engine               - fontGame: Abel-Regular.ttf
21:57:09.643 [FXGL Background Thread 3 ] DEBUG Engine               - fontMono: TerminalLandMono-Regular.otf
21:57:09.643 [FXGL Background Thread 3 ] DEBUG Engine               - fontText: Courier-Prime.ttf
21:57:09.643 [FXGL Background Thread 3 ] DEBUG Engine               - fontUI: VarelaRound-Regular.ttf
21:57:09.644 [FXGL Background Thread 3 ] DEBUG Engine               - fullScreen: BooleanProperty [value: false]
21:57:09.644 [FXGL Background Thread 3 ] DEBUG Engine               - gameDifficulty: MEDIUM
21:57:09.644 [FXGL Background Thread 3 ] DEBUG Engine               - gameDifficultyProperty: ObjectProperty [value: MEDIUM]
21:57:09.644 [FXGL Background Thread 3 ] DEBUG Engine               - globalMusicVolume: 0.5
21:57:09.644 [FXGL Background Thread 3 ] DEBUG Engine               - globalMusicVolumeProperty: DoubleProperty [value: 0.5]
21:57:09.645 [FXGL Background Thread 3 ] DEBUG Engine               - globalSoundVolume: 0.5
21:57:09.645 [FXGL Background Thread 3 ] DEBUG Engine               - globalSoundVolumeProperty: DoubleProperty [value: 0.5]
21:57:09.645 [FXGL Background Thread 3 ] DEBUG Engine               - height: 670
21:57:09.645 [FXGL Background Thread 3 ] DEBUG Engine               - is3D: false
21:57:09.645 [FXGL Background Thread 3 ] DEBUG Engine               - isAndroid: false
21:57:09.645 [FXGL Background Thread 3 ] DEBUG Engine               - isBrowser: false
21:57:09.646 [FXGL Background Thread 3 ] DEBUG Engine               - isClickFeedbackEnabled: false
21:57:09.646 [FXGL Background Thread 3 ] DEBUG Engine               - isCloseConfirmation: false
21:57:09.646 [FXGL Background Thread 3 ] DEBUG Engine               - isDesktop: true
21:57:09.647 [FXGL Background Thread 3 ] DEBUG Engine               - isDeveloperMenuEnabled: false
21:57:09.647 [FXGL Background Thread 3 ] DEBUG Engine               - isEmbedded: false
21:57:09.648 [FXGL Background Thread 3 ] DEBUG Engine               - isEntityPreloadEnabled: true
21:57:09.648 [FXGL Background Thread 3 ] DEBUG Engine               - isExperimentalTiledLargeMap: false
21:57:09.648 [FXGL Background Thread 3 ] DEBUG Engine               - isFileSystemWriteAllowed: true
21:57:09.648 [FXGL Background Thread 3 ] DEBUG Engine               - isFullScreenAllowed: false
21:57:09.649 [FXGL Background Thread 3 ] DEBUG Engine               - isFullScreenFromStart: false
21:57:09.649 [FXGL Background Thread 3 ] DEBUG Engine               - isGameMenuEnabled: true
21:57:09.649 [FXGL Background Thread 3 ] DEBUG Engine               - isIOS: false
21:57:09.649 [FXGL Background Thread 3 ] DEBUG Engine               - isIntroEnabled: false
21:57:09.650 [FXGL Background Thread 3 ] DEBUG Engine               - isLinux: true
21:57:09.650 [FXGL Background Thread 3 ] DEBUG Engine               - isMac: false
21:57:09.650 [FXGL Background Thread 3 ] DEBUG Engine               - isMainMenuEnabled: false
21:57:09.650 [FXGL Background Thread 3 ] DEBUG Engine               - isManualResizeEnabled: false
21:57:09.650 [FXGL Background Thread 3 ] DEBUG Engine               - isMobile: false
21:57:09.651 [FXGL Background Thread 3 ] DEBUG Engine               - isNative: false
21:57:09.651 [FXGL Background Thread 3 ] DEBUG Engine               - isPauseMusicWhenMinimized: true
21:57:09.651 [FXGL Background Thread 3 ] DEBUG Engine               - isPreserveResizeRatio: false
21:57:09.652 [FXGL Background Thread 3 ] DEBUG Engine               - isProfilingEnabled: false
21:57:09.652 [FXGL Background Thread 3 ] DEBUG Engine               - isScaleAffectedOnResize: true
21:57:09.653 [FXGL Background Thread 3 ] DEBUG Engine               - isSingleStep: false
21:57:09.653 [FXGL Background Thread 3 ] DEBUG Engine               - isUserProfileEnabled: false
21:57:09.653 [FXGL Background Thread 3 ] DEBUG Engine               - isWindows: false
21:57:09.653 [FXGL Background Thread 3 ] DEBUG Engine               - language: ObjectProperty [value: ENGLISH]
21:57:09.653 [FXGL Background Thread 3 ] DEBUG Engine               - menuKey: ESCAPE
21:57:09.653 [FXGL Background Thread 3 ] DEBUG Engine               - mouseSensitivity: 0.2
21:57:09.654 [FXGL Background Thread 3 ] DEBUG Engine               - notificationViewClass: class com.almasb.fxgl.notification.view.XboxNotificationView
21:57:09.654 [FXGL Background Thread 3 ] DEBUG Engine               - pixelsPerMeter: 50.0
21:57:09.654 [FXGL Background Thread 3 ] DEBUG Engine               - platform: LINUX
21:57:09.654 [FXGL Background Thread 3 ] DEBUG Engine               - prefHeightProperty: ReadOnlyDoubleProperty [value: 670.0]
21:57:09.654 [FXGL Background Thread 3 ] DEBUG Engine               - prefWidthProperty: ReadOnlyDoubleProperty [value: 850.0]
21:57:09.654 [FXGL Background Thread 3 ] DEBUG Engine               - profileDir: profiles/
21:57:09.655 [FXGL Background Thread 3 ] DEBUG Engine               - profileName: StringProperty [value: DEFAULT]
21:57:09.655 [FXGL Background Thread 3 ] DEBUG Engine               - randomSeed: -1
21:57:09.656 [FXGL Background Thread 3 ] DEBUG Engine               - runtimeInfo: RuntimeInfo(platform=LINUX, version=17.2, build=20.08.2022 16.50)
21:57:09.656 [FXGL Background Thread 3 ] DEBUG Engine               - saveFileExt: sav
21:57:09.656 [FXGL Background Thread 3 ] DEBUG Engine               - scaledHeightProp$fxgl: DoubleProperty [bound, value: 677.0]
21:57:09.656 [FXGL Background Thread 3 ] DEBUG Engine               - scaledWidthProp$fxgl: DoubleProperty [bound, value: 850.0]
21:57:09.656 [FXGL Background Thread 3 ] DEBUG Engine               - sceneFactory: com.almasb.fxgl.app.scene.SceneFactory@576149f5
21:57:09.656 [FXGL Background Thread 3 ] DEBUG Engine               - secondsIn24h: 60
21:57:09.657 [FXGL Background Thread 3 ] DEBUG Engine               - soundMenuBack: menu/back.wav
21:57:09.657 [FXGL Background Thread 3 ] DEBUG Engine               - soundMenuPress: menu/press.wav
21:57:09.657 [FXGL Background Thread 3 ] DEBUG Engine               - soundMenuSelect: menu/select.wav
21:57:09.657 [FXGL Background Thread 3 ] DEBUG Engine               - soundNotification: core/notification.wav
21:57:09.657 [FXGL Background Thread 3 ] DEBUG Engine               - stageStyle: DECORATED
21:57:09.657 [FXGL Background Thread 3 ] DEBUG Engine               - supportedLanguages: [ENGLISH, FRENCH, GERMAN, HUNGARIAN, RUSSIAN]
21:57:09.658 [FXGL Background Thread 3 ] DEBUG Engine               - ticksPerSecond: -1
21:57:09.658 [FXGL Background Thread 3 ] DEBUG Engine               - title: Restaurant Game
21:57:09.658 [FXGL Background Thread 3 ] DEBUG Engine               - urlGithub: https://github.com/AlmasB/FXGL
21:57:09.658 [FXGL Background Thread 3 ] DEBUG Engine               - urlLeaderboard: http://fxgl-top.herokuapp.com/
21:57:09.658 [FXGL Background Thread 3 ] DEBUG Engine               - urlPOM: https://raw.githubusercontent.com/AlmasB/FXGL/release/README.md
21:57:09.658 [FXGL Background Thread 3 ] DEBUG Engine               - userAppClass: class fxglapp.FXGLGameApp
21:57:09.659 [FXGL Background Thread 3 ] DEBUG Engine               - version: 0.0
21:57:09.659 [FXGL Background Thread 3 ] DEBUG Engine               - versionCheckDays: 7
21:57:09.659 [FXGL Background Thread 3 ] DEBUG Engine               - width: 850
21:57:09.659 [FXGL Background Thread 3 ] DEBUG Engine               - Logging services
21:57:09.659 [FXGL Background Thread 3 ] DEBUG Engine               - class com.almasb.fxgl.app.services.FXGLAssetLoaderService
21:57:09.660 [FXGL Background Thread 3 ] DEBUG Engine               - class com.almasb.fxgl.app.FXGLApplication$GameApplicationService
21:57:09.660 [FXGL Background Thread 3 ] DEBUG Engine               - class com.almasb.fxgl.app.services.FXGLDialogService
21:57:09.660 [FXGL Background Thread 3 ] DEBUG Engine               - class com.almasb.fxgl.app.services.IOTaskExecutorService
21:57:09.660 [FXGL Background Thread 3 ] DEBUG Engine               - class com.almasb.fxgl.io.FileSystemService
21:57:09.660 [FXGL Background Thread 3 ] DEBUG Engine               - class com.almasb.fxgl.localization.LocalizationService
21:57:09.660 [FXGL Background Thread 3 ] DEBUG Engine               - class com.almasb.fxgl.app.services.SystemBundleService
21:57:09.661 [FXGL Background Thread 3 ] DEBUG Engine               - class com.almasb.fxgl.profile.SaveLoadService
21:57:09.661 [FXGL Background Thread 3 ] DEBUG Engine               - class com.almasb.fxgl.ui.FXGLUIFactoryServiceProvider
21:57:09.661 [FXGL Background Thread 3 ] DEBUG Engine               - class com.almasb.fxgl.ui.FXGLDialogFactoryServiceProvider
21:57:09.661 [FXGL Background Thread 3 ] DEBUG Engine               - class com.almasb.fxgl.audio.AudioPlayer
21:57:09.661 [FXGL Background Thread 3 ] DEBUG Engine               - class com.almasb.fxgl.notification.impl.NotificationServiceProvider
21:57:09.661 [FXGL Background Thread 3 ] DEBUG Engine               - class com.almasb.fxgl.achievement.AchievementService
21:57:09.661 [FXGL Background Thread 3 ] DEBUG Engine               - class com.almasb.fxgl.cutscene.CutsceneService
21:57:09.662 [FXGL Background Thread 3 ] DEBUG Engine               - class com.almasb.fxgl.minigames.MiniGameService
21:57:09.662 [FXGL Background Thread 3 ] DEBUG Engine               - class com.almasb.fxgl.net.NetService
21:57:09.662 [FXGL Background Thread 3 ] DEBUG Engine               - class com.almasb.fxgl.app.services.UpdaterService
21:57:09.662 [FXGL Background Thread 3 ] DEBUG Engine               - class com.almasb.fxgl.dev.DevService
21:57:41.917 [JavaFX Application Thread] DEBUG FXGLApplication      - Exiting FXGL
21:57:41.917 [JavaFX Application Thread] DEBUG LoopRunner           - Stopping loop
21:57:41.918 [JavaFX Application Thread] DEBUG SystemBundleService  - Saving FXGL system data
21:57:41.920 [JavaFX Application Thread] DEBUG FileSystemAccess     - Writing to: /home/chris/IdeaProjects/RestaurantSimulator/system/fxgl.bundle
21:57:41.921 [JavaFX Application Thread] DEBUG Async                - Shutting down background threads
21:57:41.921 [JavaFX Application Thread] DEBUG PrimaryStageWindow   - Closing main window
21:57:41.925 [JavaFX Application Thread] DEBUG Logger               - Closing Logger
