23:28:09.899 [main                     ] DEBUG Logger               - Configured Logger
23:28:09.933 [main                     ] DEBUG GameApplication      - Logging settings
Title: Restaurant Game
Version: 0.0
Width: 850
Height: 670
Fullscreen: false
Intro: false
Profiling: false
Single step:false
App Mode: DEVELOPER
Menu Key: ESCAPE
Stage Style: DECORATED
Scene Factory: class com.almasb.fxgl.app.scene.SceneFactory

23:28:10.359 [JavaFX Application Thread] DEBUG FXGLApplication      - Initializing FXGL
23:28:10.371 [JavaFX Application Thread] INFO  Engine               - FXGL-17.2 (20.08.2022 16.50) on LINUX (J:17.0.13 FX:18)
23:28:10.372 [JavaFX Application Thread] DEBUG Engine               - JRE Vendor Name: Red Hat, Inc.
23:28:10.372 [JavaFX Application Thread] DEBUG Engine               - Running on OS: Linux version 6.11.6-200.fc40.x86_64
23:28:10.373 [JavaFX Application Thread] DEBUG Engine               - Architecture: amd64
23:28:10.373 [JavaFX Application Thread] INFO  Engine               - Source code and latest versions at: https://github.com/AlmasB/FXGL
23:28:10.373 [JavaFX Application Thread] INFO  Engine               -       Ask questions and discuss at: https://github.com/AlmasB/FXGL/discussions
23:28:10.374 [JavaFX Application Thread] INFO  Engine               -              Join the FXGL chat at: https://gitter.im/AlmasB/FXGL
23:28:10.484 [JavaFX Application Thread] DEBUG PrimaryStageWindow   - Creating a JavaFX scene
23:28:10.582 [JavaFX Application Thread] DEBUG PrimaryStageWindow   - Target settings size: 850.0 x 670.0
23:28:10.582 [JavaFX Application Thread] DEBUG PrimaryStageWindow   - Scaled scene size:    850.0 x 670.0
23:28:10.583 [JavaFX Application Thread] DEBUG PrimaryStageWindow   - Scaled ratio: (1.0, 1.0)
23:28:10.584 [JavaFX Application Thread] DEBUG PrimaryStageWindow   - Set initial scene to FXGLStartupScene
23:28:10.593 [JavaFX Application Thread] DEBUG PrimaryStageWindow   - Opening main window
23:28:10.640 [JavaFX Application Thread] DEBUG PrimaryStageWindow   - Window border size: (2.0, 29.0)
23:28:10.641 [JavaFX Application Thread] DEBUG PrimaryStageWindow   - Scaled size: 850.0 x 670.0
23:28:10.641 [JavaFX Application Thread] DEBUG PrimaryStageWindow   - Scaled ratio: (1.0, 1.0)
23:28:10.642 [JavaFX Application Thread] DEBUG PrimaryStageWindow   - Scene size: 850.0 x 670.0
23:28:10.642 [JavaFX Application Thread] DEBUG PrimaryStageWindow   - Stage size: 852.0 x 699.0
23:28:10.651 [FXGL Background Thread 1 ] DEBUG Engine               - Initializing environment variables
23:28:10.677 [FXGL Background Thread 1 ] DEBUG FXGLAssetLoaderServi - User app class for loading assets: class fxglapp.FXGLGameApp
23:28:10.677 [FXGL Background Thread 1 ] DEBUG GameApplicationServi - Applying CSS: fxgl_dark.css
23:28:10.678 [FXGL Background Thread 1 ] DEBUG FXGLAssetLoaderServi - Loading from file system: jar:file:/home/chris/.m2/repository/com/github/almasb/fxgl/17.2/fxgl-17.2.jar!/fxglassets/ui/css/fxgl_dark.css
23:28:10.726 [FXGL Background Thread 1 ] DEBUG GameApplicationServi - Initializing application scenes
23:28:10.770 [FXGL Background Thread 1 ] DEBUG GameWorld            - Game world initialized
23:28:10.826 [FXGL Background Thread 1 ] DEBUG PhysicsWorld         - Physics world initialized: appHeight=670, physics.ppm=50.0
23:28:10.826 [FXGL Background Thread 1 ] DEBUG PhysicsWorld         - Using strategy: BRUTE_FORCE
23:28:10.831 [FXGL Background Thread 1 ] DEBUG GameScene            - Game scene initialized: 850x670
23:28:10.845 [FXGL Background Thread 1 ] DEBUG FXGL.DefaultMenu     - createMenuBodyGameMenu()
23:28:10.859 [FXGL Background Thread 1 ] DEBUG FXGL.DefaultMenu     - createOptionsMenu()
23:28:10.881 [FXGL Background Thread 1 ] DEBUG FXGLAssetLoaderServi - Loading from file system: jar:file:/home/chris/.m2/repository/com/github/almasb/fxgl/17.2/fxgl-17.2.jar!/fxglassets/textures/particles/smoke.png
23:28:10.983 [FXGL Background Thread 1 ] DEBUG FXGLAssetLoaderServi - Loading from file system: jar:file:/home/chris/.m2/repository/com/github/almasb/fxgl/17.2/fxgl-17.2.jar!/fxglassets/textures/particles/trace_horizontal.png
23:28:11.028 [FXGL Background Thread 1 ] DEBUG GameApplicationServi - Application scenes initialized
23:28:11.042 [FXGL Background Thread 1 ] DEBUG SystemBundleService  - Loading FXGL system data
23:28:11.044 [FXGL Background Thread 1 ] DEBUG FileSystemAccess     - Reading from: /home/chris/IdeaProjects/RestaurantSimulator/system/fxgl.bundle
23:28:11.049 [FXGL Background Thread 1 ] DEBUG SystemBundleService  - Bundle FXGL: {}
23:28:11.049 [FXGL Background Thread 1 ] DEBUG UpdaterService       - Checking for updates
23:28:11.056 [FXGL Background Thread 4 ] DEBUG FXGLApplication      - Loading fonts
23:28:11.057 [FXGL Background Thread 4 ] DEBUG FXGLAssetLoaderServi - Loading from file system: jar:file:/home/chris/.m2/repository/com/github/almasb/fxgl/17.2/fxgl-17.2.jar!/fxglassets/ui/fonts/VarelaRound-Regular.ttf
23:28:11.057 [FXGL Background Thread 1 ] DEBUG FXGLApplication      - Loading default localization
23:28:11.058 [FXGL Background Thread 1 ] DEBUG FXGLAssetLoaderServi - Loading from file system: jar:file:/home/chris/.m2/repository/com/github/almasb/fxgl/17.2/fxgl-17.2.jar!/fxglassets/languages/english.lang
23:28:11.062 [FXGL Background Thread 4 ] DEBUG FXGLAssetLoaderServi - Loading from file system: jar:file:/home/chris/.m2/repository/com/github/almasb/fxgl/17.2/fxgl-17.2.jar!/fxglassets/ui/fonts/Abel-Regular.ttf
23:28:11.064 [FXGL Background Thread 4 ] DEBUG FXGLAssetLoaderServi - Loading from file system: jar:file:/home/chris/.m2/repository/com/github/almasb/fxgl/17.2/fxgl-17.2.jar!/fxglassets/ui/fonts/TerminalLandMono-Regular.otf
23:28:11.066 [FXGL Background Thread 4 ] DEBUG FXGLAssetLoaderServi - Loading from file system: jar:file:/home/chris/.m2/repository/com/github/almasb/fxgl/17.2/fxgl-17.2.jar!/fxglassets/ui/fonts/Courier-Prime.ttf
23:28:11.071 [JavaFX Application Thread] DEBUG FXGLApplication      - Registering font factories with UI factory
23:28:11.079 [FXGL Background Thread 1 ] INFO  FXGLApplication      - FXGL initialization took: 0.428 sec
23:28:11.081 [JavaFX Application Thread] DEBUG FXGLAssetLoaderServi - Loading from file system: jar:file:/home/chris/.m2/repository/com/github/almasb/fxgl/17.2/fxgl-17.2.jar!/fxglassets/textures/fxgl_icon.png
23:28:11.113 [JavaFX Application Thread] DEBUG FXGLAssetLoaderServi - Loading from file system: jar:file:/home/chris/.m2/repository/com/github/almasb/fxgl/17.2/fxgl-17.2.jar!/fxglassets/textures/fxgl_default_cursor.png
23:28:11.130 [JavaFX Application Thread] DEBUG Input                - Registered new binding: Screenshot - CTRL+8
23:28:11.131 [JavaFX Application Thread] DEBUG Input                - Registered new binding: System info dump - CTRL+9
23:28:11.132 [JavaFX Application Thread] DEBUG Input                - Registered new binding: Restart - CTRL+R
23:28:11.135 [JavaFX Application Thread] DEBUG Input                - Registered new binding: Toggle Debug Camera - CTRL+7
23:28:11.138 [JavaFX Application Thread] DEBUG LoopRunner           - Starting loop
23:28:11.138 [JavaFX Application Thread] DEBUG LoopRunner           - Initializing JavaFX AnimationTimerLoop
23:28:11.140 [JavaFX Application Thread] DEBUG GameApplicationServi - Starting new game
23:28:11.141 [JavaFX Application Thread] DEBUG Input                - Clearing active input actions
23:28:11.157 [JavaFX Application Thread] DEBUG GameApplicationServi - Removing overlay from FXGLStartupScene and adding to FXGLLoadingScene
23:28:11.158 [JavaFX Application Thread] DEBUG PrimaryStageWindow   - FXGLStartupScene -> FXGLLoadingScene
23:28:11.158 [JavaFX Application Thread] DEBUG GameApplicationServi - Clearing previous game
23:28:11.159 [JavaFX Application Thread] DEBUG GameScene            - Clearing game scene
23:28:11.159 [JavaFX Application Thread] DEBUG GameWorld            - Clearing game world
23:28:11.159 [JavaFX Application Thread] DEBUG PhysicsWorld         - Clearing physics world
23:28:11.161 [FXGL Background Thread 1 ] DEBUG FXGLApplication      - Initializing game
23:28:11.345 [FXGL Background Thread 1 ] DEBUG FXGLAssetLoaderServi - Loading from file system: file:/home/chris/IdeaProjects/RestaurantSimulator/target/classes/assets/textures/cooker.png
23:28:11.358 [FXGL Background Thread 1 ] INFO  FXGLApplication      - Game initialization took: 0.196 sec
23:28:11.362 [JavaFX Application Thread] DEBUG Input                - Clearing active input actions
23:28:11.379 [JavaFX Application Thread] DEBUG GameApplicationServi - Removing overlay from FXGLLoadingScene and adding to GameScene
23:28:11.379 [JavaFX Application Thread] DEBUG PrimaryStageWindow   - FXGLLoadingScene -> GameScene
23:28:14.054 [FXGL Background Thread 3 ] DEBUG Engine               - Logging environment variables
23:28:14.055 [FXGL Background Thread 3 ] DEBUG Engine               - achievements: []
23:28:14.055 [FXGL Background Thread 3 ] DEBUG Engine               - actualHeight: -28.0
23:28:14.055 [FXGL Background Thread 3 ] DEBUG Engine               - actualHeightProperty: ReadOnlyDoubleProperty [value: 677.0]
23:28:14.056 [FXGL Background Thread 3 ] DEBUG Engine               - actualWidth: -1.0
23:28:14.056 [FXGL Background Thread 3 ] DEBUG Engine               - actualWidthProperty: ReadOnlyDoubleProperty [value: 850.0]
23:28:14.056 [FXGL Background Thread 3 ] DEBUG Engine               - appIcon: fxgl_icon.png
23:28:14.056 [FXGL Background Thread 3 ] DEBUG Engine               - applicationMode: DEVELOPER
23:28:14.057 [FXGL Background Thread 3 ] DEBUG Engine               - cSSList: [fxgl_dark.css]
23:28:14.057 [FXGL Background Thread 3 ] DEBUG Engine               - collisionDetectionStrategy: BRUTE_FORCE
23:28:14.057 [FXGL Background Thread 3 ] DEBUG Engine               - configClass: Optional.empty
23:28:14.057 [FXGL Background Thread 3 ] DEBUG Engine               - credits: []
23:28:14.058 [FXGL Background Thread 3 ] DEBUG Engine               - defaultCursor: CursorInfo(imageName=fxgl_default_cursor.png, hotspotX=7.0, hotspotY=6.0)
23:28:14.058 [FXGL Background Thread 3 ] DEBUG Engine               - devBBoxColorProperty: ObjectProperty [value: 0xff0000ff]
23:28:14.059 [FXGL Background Thread 3 ] DEBUG Engine               - devEnableDebugCameraProperty: BooleanProperty [value: false]
23:28:14.059 [FXGL Background Thread 3 ] DEBUG Engine               - devSensorColorProperty: ObjectProperty [value: 0xffff00ff]
23:28:14.059 [FXGL Background Thread 3 ] DEBUG Engine               - devShowBBoxProperty: BooleanProperty [value: false]
23:28:14.059 [FXGL Background Thread 3 ] DEBUG Engine               - devShowPositionProperty: BooleanProperty [value: false]
23:28:14.060 [FXGL Background Thread 3 ] DEBUG Engine               - enabledMenuItems: []
23:28:14.060 [FXGL Background Thread 3 ] DEBUG Engine               - engineServices: [class com.almasb.fxgl.app.services.FXGLAssetLoaderService, class com.almasb.fxgl.app.FXGLApplication$GameApplicationService, class com.almasb.fxgl.app.services.FXGLDialogService, class com.almasb.fxgl.app.services.IOTaskExecutorService, class com.almasb.fxgl.io.FileSystemService, class com.almasb.fxgl.localization.LocalizationService, class com.almasb.fxgl.app.services.SystemBundleService, class com.almasb.fxgl.profile.SaveLoadService, class com.almasb.fxgl.ui.FXGLUIFactoryServiceProvider, class com.almasb.fxgl.ui.FXGLDialogFactoryServiceProvider, class com.almasb.fxgl.audio.AudioPlayer, class com.almasb.fxgl.notification.impl.NotificationServiceProvider, class com.almasb.fxgl.achievement.AchievementService, class com.almasb.fxgl.cutscene.CutsceneService, class com.almasb.fxgl.minigames.MiniGameService, class com.almasb.fxgl.net.NetService, class com.almasb.fxgl.app.services.UpdaterService, class com.almasb.fxgl.dev.DevService]
23:28:14.060 [FXGL Background Thread 3 ] DEBUG Engine               - fontGame: Abel-Regular.ttf
23:28:14.060 [FXGL Background Thread 3 ] DEBUG Engine               - fontMono: TerminalLandMono-Regular.otf
23:28:14.060 [FXGL Background Thread 3 ] DEBUG Engine               - fontText: Courier-Prime.ttf
23:28:14.060 [FXGL Background Thread 3 ] DEBUG Engine               - fontUI: VarelaRound-Regular.ttf
23:28:14.061 [FXGL Background Thread 3 ] DEBUG Engine               - fullScreen: BooleanProperty [value: false]
23:28:14.061 [FXGL Background Thread 3 ] DEBUG Engine               - gameDifficulty: MEDIUM
23:28:14.061 [FXGL Background Thread 3 ] DEBUG Engine               - gameDifficultyProperty: ObjectProperty [value: MEDIUM]
23:28:14.061 [FXGL Background Thread 3 ] DEBUG Engine               - globalMusicVolume: 0.5
23:28:14.061 [FXGL Background Thread 3 ] DEBUG Engine               - globalMusicVolumeProperty: DoubleProperty [value: 0.5]
23:28:14.062 [FXGL Background Thread 3 ] DEBUG Engine               - globalSoundVolume: 0.5
23:28:14.062 [FXGL Background Thread 3 ] DEBUG Engine               - globalSoundVolumeProperty: DoubleProperty [value: 0.5]
23:28:14.062 [FXGL Background Thread 3 ] DEBUG Engine               - height: 670
23:28:14.062 [FXGL Background Thread 3 ] DEBUG Engine               - is3D: false
23:28:14.062 [FXGL Background Thread 3 ] DEBUG Engine               - isAndroid: false
23:28:14.062 [FXGL Background Thread 3 ] DEBUG Engine               - isBrowser: false
23:28:14.063 [FXGL Background Thread 3 ] DEBUG Engine               - isClickFeedbackEnabled: false
23:28:14.063 [FXGL Background Thread 3 ] DEBUG Engine               - isCloseConfirmation: false
23:28:14.063 [FXGL Background Thread 3 ] DEBUG Engine               - isDesktop: true
23:28:14.063 [FXGL Background Thread 3 ] DEBUG Engine               - isDeveloperMenuEnabled: false
23:28:14.063 [FXGL Background Thread 3 ] DEBUG Engine               - isEmbedded: false
23:28:14.063 [FXGL Background Thread 3 ] DEBUG Engine               - isEntityPreloadEnabled: true
23:28:14.063 [FXGL Background Thread 3 ] DEBUG Engine               - isExperimentalTiledLargeMap: false
23:28:14.064 [FXGL Background Thread 3 ] DEBUG Engine               - isFileSystemWriteAllowed: true
23:28:14.064 [FXGL Background Thread 3 ] DEBUG Engine               - isFullScreenAllowed: false
23:28:14.064 [FXGL Background Thread 3 ] DEBUG Engine               - isFullScreenFromStart: false
23:28:14.064 [FXGL Background Thread 3 ] DEBUG Engine               - isGameMenuEnabled: true
23:28:14.064 [FXGL Background Thread 3 ] DEBUG Engine               - isIOS: false
23:28:14.064 [FXGL Background Thread 3 ] DEBUG Engine               - isIntroEnabled: false
23:28:14.064 [FXGL Background Thread 3 ] DEBUG Engine               - isLinux: true
23:28:14.065 [FXGL Background Thread 3 ] DEBUG Engine               - isMac: false
23:28:14.065 [FXGL Background Thread 3 ] DEBUG Engine               - isMainMenuEnabled: false
23:28:14.065 [FXGL Background Thread 3 ] DEBUG Engine               - isManualResizeEnabled: false
23:28:14.065 [FXGL Background Thread 3 ] DEBUG Engine               - isMobile: false
23:28:14.065 [FXGL Background Thread 3 ] DEBUG Engine               - isNative: false
23:28:14.066 [FXGL Background Thread 3 ] DEBUG Engine               - isPauseMusicWhenMinimized: true
23:28:14.066 [FXGL Background Thread 3 ] DEBUG Engine               - isPreserveResizeRatio: false
23:28:14.066 [FXGL Background Thread 3 ] DEBUG Engine               - isProfilingEnabled: false
23:28:14.066 [FXGL Background Thread 3 ] DEBUG Engine               - isScaleAffectedOnResize: true
23:28:14.067 [FXGL Background Thread 3 ] DEBUG Engine               - isSingleStep: false
23:28:14.067 [FXGL Background Thread 3 ] DEBUG Engine               - isUserProfileEnabled: false
23:28:14.067 [FXGL Background Thread 3 ] DEBUG Engine               - isWindows: false
23:28:14.067 [FXGL Background Thread 3 ] DEBUG Engine               - language: ObjectProperty [value: ENGLISH]
23:28:14.067 [FXGL Background Thread 3 ] DEBUG Engine               - menuKey: ESCAPE
23:28:14.067 [FXGL Background Thread 3 ] DEBUG Engine               - mouseSensitivity: 0.2
23:28:14.067 [FXGL Background Thread 3 ] DEBUG Engine               - notificationViewClass: class com.almasb.fxgl.notification.view.XboxNotificationView
23:28:14.067 [FXGL Background Thread 3 ] DEBUG Engine               - pixelsPerMeter: 50.0
23:28:14.067 [FXGL Background Thread 3 ] DEBUG Engine               - platform: LINUX
23:28:14.068 [FXGL Background Thread 3 ] DEBUG Engine               - prefHeightProperty: ReadOnlyDoubleProperty [value: 670.0]
23:28:14.068 [FXGL Background Thread 3 ] DEBUG Engine               - prefWidthProperty: ReadOnlyDoubleProperty [value: 850.0]
23:28:14.068 [FXGL Background Thread 3 ] DEBUG Engine               - profileDir: profiles/
23:28:14.068 [FXGL Background Thread 3 ] DEBUG Engine               - profileName: StringProperty [value: DEFAULT]
23:28:14.068 [FXGL Background Thread 3 ] DEBUG Engine               - randomSeed: -1
23:28:14.068 [FXGL Background Thread 3 ] DEBUG Engine               - runtimeInfo: RuntimeInfo(platform=LINUX, version=17.2, build=20.08.2022 16.50)
23:28:14.069 [FXGL Background Thread 3 ] DEBUG Engine               - saveFileExt: sav
23:28:14.069 [FXGL Background Thread 3 ] DEBUG Engine               - scaledHeightProp$fxgl: DoubleProperty [bound, value: 677.0]
23:28:14.069 [FXGL Background Thread 3 ] DEBUG Engine               - scaledWidthProp$fxgl: DoubleProperty [bound, value: 850.0]
23:28:14.069 [FXGL Background Thread 3 ] DEBUG Engine               - sceneFactory: com.almasb.fxgl.app.scene.SceneFactory@2a26b31d
23:28:14.069 [FXGL Background Thread 3 ] DEBUG Engine               - secondsIn24h: 60
23:28:14.069 [FXGL Background Thread 3 ] DEBUG Engine               - soundMenuBack: menu/back.wav
23:28:14.069 [FXGL Background Thread 3 ] DEBUG Engine               - soundMenuPress: menu/press.wav
23:28:14.069 [FXGL Background Thread 3 ] DEBUG Engine               - soundMenuSelect: menu/select.wav
23:28:14.069 [FXGL Background Thread 3 ] DEBUG Engine               - soundNotification: core/notification.wav
23:28:14.069 [FXGL Background Thread 3 ] DEBUG Engine               - stageStyle: DECORATED
23:28:14.070 [FXGL Background Thread 3 ] DEBUG Engine               - supportedLanguages: [ENGLISH, FRENCH, GERMAN, HUNGARIAN, RUSSIAN]
23:28:14.070 [FXGL Background Thread 3 ] DEBUG Engine               - ticksPerSecond: -1
23:28:14.070 [FXGL Background Thread 3 ] DEBUG Engine               - title: Restaurant Game
23:28:14.070 [FXGL Background Thread 3 ] DEBUG Engine               - urlGithub: https://github.com/AlmasB/FXGL
23:28:14.070 [FXGL Background Thread 3 ] DEBUG Engine               - urlLeaderboard: http://fxgl-top.herokuapp.com/
23:28:14.070 [FXGL Background Thread 3 ] DEBUG Engine               - urlPOM: https://raw.githubusercontent.com/AlmasB/FXGL/release/README.md
23:28:14.070 [FXGL Background Thread 3 ] DEBUG Engine               - userAppClass: class fxglapp.FXGLGameApp
23:28:14.070 [FXGL Background Thread 3 ] DEBUG Engine               - version: 0.0
23:28:14.070 [FXGL Background Thread 3 ] DEBUG Engine               - versionCheckDays: 7
23:28:14.070 [FXGL Background Thread 3 ] DEBUG Engine               - width: 850
23:28:14.070 [FXGL Background Thread 3 ] DEBUG Engine               - Logging services
23:28:14.071 [FXGL Background Thread 3 ] DEBUG Engine               - class com.almasb.fxgl.app.services.FXGLAssetLoaderService
23:28:14.071 [FXGL Background Thread 3 ] DEBUG Engine               - class com.almasb.fxgl.app.FXGLApplication$GameApplicationService
23:28:14.071 [FXGL Background Thread 3 ] DEBUG Engine               - class com.almasb.fxgl.app.services.FXGLDialogService
23:28:14.071 [FXGL Background Thread 3 ] DEBUG Engine               - class com.almasb.fxgl.app.services.IOTaskExecutorService
23:28:14.071 [FXGL Background Thread 3 ] DEBUG Engine               - class com.almasb.fxgl.io.FileSystemService
23:28:14.071 [FXGL Background Thread 3 ] DEBUG Engine               - class com.almasb.fxgl.localization.LocalizationService
23:28:14.071 [FXGL Background Thread 3 ] DEBUG Engine               - class com.almasb.fxgl.app.services.SystemBundleService
23:28:14.071 [FXGL Background Thread 3 ] DEBUG Engine               - class com.almasb.fxgl.profile.SaveLoadService
23:28:14.071 [FXGL Background Thread 3 ] DEBUG Engine               - class com.almasb.fxgl.ui.FXGLUIFactoryServiceProvider
23:28:14.071 [FXGL Background Thread 3 ] DEBUG Engine               - class com.almasb.fxgl.ui.FXGLDialogFactoryServiceProvider
23:28:14.071 [FXGL Background Thread 3 ] DEBUG Engine               - class com.almasb.fxgl.audio.AudioPlayer
23:28:14.072 [FXGL Background Thread 3 ] DEBUG Engine               - class com.almasb.fxgl.notification.impl.NotificationServiceProvider
23:28:14.072 [FXGL Background Thread 3 ] DEBUG Engine               - class com.almasb.fxgl.achievement.AchievementService
23:28:14.072 [FXGL Background Thread 3 ] DEBUG Engine               - class com.almasb.fxgl.cutscene.CutsceneService
23:28:14.072 [FXGL Background Thread 3 ] DEBUG Engine               - class com.almasb.fxgl.minigames.MiniGameService
23:28:14.072 [FXGL Background Thread 3 ] DEBUG Engine               - class com.almasb.fxgl.net.NetService
23:28:14.072 [FXGL Background Thread 3 ] DEBUG Engine               - class com.almasb.fxgl.app.services.UpdaterService
23:28:14.072 [FXGL Background Thread 3 ] DEBUG Engine               - class com.almasb.fxgl.dev.DevService
23:28:14.810 [FXGL Background Thread 2 ] INFO  UpdaterService       - Your current version:  17.2
23:28:14.811 [FXGL Background Thread 2 ] INFO  UpdaterService       - Latest stable version: 21.1
23:28:37.204 [JavaFX Application Thread] DEBUG FXGLApplication      - Exiting FXGL
23:28:37.204 [JavaFX Application Thread] DEBUG LoopRunner           - Stopping loop
23:28:37.205 [JavaFX Application Thread] DEBUG SystemBundleService  - Saving FXGL system data
23:28:37.206 [JavaFX Application Thread] DEBUG FileSystemAccess     - Writing to: /home/chris/IdeaProjects/RestaurantSimulator/system/fxgl.bundle
23:28:37.207 [JavaFX Application Thread] DEBUG Async                - Shutting down background threads
23:28:37.207 [JavaFX Application Thread] DEBUG PrimaryStageWindow   - Closing main window
23:28:37.218 [JavaFX Application Thread] DEBUG Logger               - Closing Logger
