18:53:58.457 [main                     ] DEBUG Logger               - Configured Logger
18:53:58.493 [main                     ] DEBUG GameApplication      - Logging settings
Title: Restaurant Game
Version: 0.0
Width: 850
Height: 670
Fullscreen: false
Intro: false
Profiling: false
Single step:false
App Mode: DEVELOPER
Menu Key: ESCAPE
Stage Style: DECORATED
Scene Factory: class com.almasb.fxgl.app.scene.SceneFactory

18:53:58.943 [JavaFX Application Thread] DEBUG FXGLApplication      - Initializing FXGL
18:53:58.948 [JavaFX Application Thread] INFO  Engine               - FXGL-17.2 (20.08.2022 16.50) on LINUX (J:17.0.13 FX:18)
18:53:58.949 [JavaFX Application Thread] DEBUG Engine               - JRE Vendor Name: Red Hat, Inc.
18:53:58.950 [JavaFX Application Thread] DEBUG Engine               - Running on OS: Linux version 6.11.6-200.fc40.x86_64
18:53:58.950 [JavaFX Application Thread] DEBUG Engine               - Architecture: amd64
18:53:58.950 [JavaFX Application Thread] INFO  Engine               - Source code and latest versions at: https://github.com/AlmasB/FXGL
18:53:58.950 [JavaFX Application Thread] INFO  Engine               -       Ask questions and discuss at: https://github.com/AlmasB/FXGL/discussions
18:53:58.951 [JavaFX Application Thread] INFO  Engine               -              Join the FXGL chat at: https://gitter.im/AlmasB/FXGL
18:53:59.079 [JavaFX Application Thread] DEBUG PrimaryStageWindow   - Creating a JavaFX scene
18:53:59.181 [JavaFX Application Thread] DEBUG PrimaryStageWindow   - Target settings size: 850.0 x 670.0
18:53:59.181 [JavaFX Application Thread] DEBUG PrimaryStageWindow   - Scaled scene size:    850.0 x 670.0
18:53:59.181 [JavaFX Application Thread] DEBUG PrimaryStageWindow   - Scaled ratio: (1.0, 1.0)
18:53:59.183 [JavaFX Application Thread] DEBUG PrimaryStageWindow   - Set initial scene to FXGLStartupScene
18:53:59.191 [JavaFX Application Thread] DEBUG PrimaryStageWindow   - Opening main window
18:53:59.234 [JavaFX Application Thread] DEBUG PrimaryStageWindow   - Window border size: (2.0, 29.0)
18:53:59.234 [JavaFX Application Thread] DEBUG PrimaryStageWindow   - Scaled size: 850.0 x 670.0
18:53:59.235 [JavaFX Application Thread] DEBUG PrimaryStageWindow   - Scaled ratio: (1.0, 1.0)
18:53:59.235 [JavaFX Application Thread] DEBUG PrimaryStageWindow   - Scene size: 850.0 x 670.0
18:53:59.235 [JavaFX Application Thread] DEBUG PrimaryStageWindow   - Stage size: 852.0 x 699.0
18:53:59.242 [FXGL Background Thread 1 ] DEBUG Engine               - Initializing environment variables
18:53:59.273 [FXGL Background Thread 1 ] DEBUG FXGLAssetLoaderServi - User app class for loading assets: class fxglapp.FXGLGameApp
18:53:59.274 [FXGL Background Thread 1 ] DEBUG GameApplicationServi - Applying CSS: fxgl_dark.css
18:53:59.275 [FXGL Background Thread 1 ] DEBUG FXGLAssetLoaderServi - Loading from file system: jar:file:/home/chris/.m2/repository/com/github/almasb/fxgl/17.2/fxgl-17.2.jar!/fxglassets/ui/css/fxgl_dark.css
18:53:59.326 [FXGL Background Thread 1 ] DEBUG GameApplicationServi - Initializing application scenes
18:53:59.372 [FXGL Background Thread 1 ] DEBUG GameWorld            - Game world initialized
18:53:59.416 [FXGL Background Thread 1 ] DEBUG PhysicsWorld         - Physics world initialized: appHeight=670, physics.ppm=50.0
18:53:59.417 [FXGL Background Thread 1 ] DEBUG PhysicsWorld         - Using strategy: BRUTE_FORCE
18:53:59.422 [FXGL Background Thread 1 ] DEBUG GameScene            - Game scene initialized: 850x670
18:53:59.437 [FXGL Background Thread 1 ] DEBUG FXGL.DefaultMenu     - createMenuBodyGameMenu()
18:53:59.453 [FXGL Background Thread 1 ] DEBUG FXGL.DefaultMenu     - createOptionsMenu()
18:53:59.466 [FXGL Background Thread 1 ] DEBUG FXGLAssetLoaderServi - Loading from file system: jar:file:/home/chris/.m2/repository/com/github/almasb/fxgl/17.2/fxgl-17.2.jar!/fxglassets/textures/particles/smoke.png
18:53:59.564 [FXGL Background Thread 1 ] DEBUG FXGLAssetLoaderServi - Loading from file system: jar:file:/home/chris/.m2/repository/com/github/almasb/fxgl/17.2/fxgl-17.2.jar!/fxglassets/textures/particles/trace_horizontal.png
18:53:59.603 [FXGL Background Thread 1 ] DEBUG GameApplicationServi - Application scenes initialized
18:53:59.613 [FXGL Background Thread 1 ] DEBUG SystemBundleService  - Loading FXGL system data
18:53:59.615 [FXGL Background Thread 1 ] DEBUG FileSystemAccess     - Reading from: /home/chris/IdeaProjects/RestaurantSimulator/system/fxgl.bundle
18:53:59.618 [FXGL Background Thread 1 ] DEBUG SystemBundleService  - Bundle FXGL: {}
18:53:59.618 [FXGL Background Thread 1 ] DEBUG UpdaterService       - Checking for updates
18:53:59.622 [FXGL Background Thread 4 ] DEBUG FXGLApplication      - Loading fonts
18:53:59.622 [FXGL Background Thread 1 ] DEBUG FXGLApplication      - Loading default localization
18:53:59.622 [FXGL Background Thread 4 ] DEBUG FXGLAssetLoaderServi - Loading from file system: jar:file:/home/chris/.m2/repository/com/github/almasb/fxgl/17.2/fxgl-17.2.jar!/fxglassets/ui/fonts/VarelaRound-Regular.ttf
18:53:59.623 [FXGL Background Thread 1 ] DEBUG FXGLAssetLoaderServi - Loading from file system: jar:file:/home/chris/.m2/repository/com/github/almasb/fxgl/17.2/fxgl-17.2.jar!/fxglassets/languages/english.lang
18:53:59.630 [FXGL Background Thread 4 ] DEBUG FXGLAssetLoaderServi - Loading from file system: jar:file:/home/chris/.m2/repository/com/github/almasb/fxgl/17.2/fxgl-17.2.jar!/fxglassets/ui/fonts/Abel-Regular.ttf
18:53:59.632 [FXGL Background Thread 4 ] DEBUG FXGLAssetLoaderServi - Loading from file system: jar:file:/home/chris/.m2/repository/com/github/almasb/fxgl/17.2/fxgl-17.2.jar!/fxglassets/ui/fonts/TerminalLandMono-Regular.otf
18:53:59.634 [FXGL Background Thread 4 ] DEBUG FXGLAssetLoaderServi - Loading from file system: jar:file:/home/chris/.m2/repository/com/github/almasb/fxgl/17.2/fxgl-17.2.jar!/fxglassets/ui/fonts/Courier-Prime.ttf
18:53:59.639 [JavaFX Application Thread] DEBUG FXGLApplication      - Registering font factories with UI factory
18:53:59.643 [FXGL Background Thread 1 ] INFO  FXGLApplication      - FXGL initialization took: 0.401 sec
18:53:59.644 [JavaFX Application Thread] DEBUG FXGLAssetLoaderServi - Loading from file system: jar:file:/home/chris/.m2/repository/com/github/almasb/fxgl/17.2/fxgl-17.2.jar!/fxglassets/textures/fxgl_icon.png
18:53:59.670 [JavaFX Application Thread] DEBUG FXGLAssetLoaderServi - Loading from file system: jar:file:/home/chris/.m2/repository/com/github/almasb/fxgl/17.2/fxgl-17.2.jar!/fxglassets/textures/fxgl_default_cursor.png
18:53:59.689 [JavaFX Application Thread] DEBUG Input                - Registered new binding: Screenshot - CTRL+8
18:53:59.690 [JavaFX Application Thread] DEBUG Input                - Registered new binding: System info dump - CTRL+9
18:53:59.691 [JavaFX Application Thread] DEBUG Input                - Registered new binding: Restart - CTRL+R
18:53:59.691 [JavaFX Application Thread] DEBUG Input                - Registered new binding: Toggle Debug Camera - CTRL+7
18:53:59.698 [JavaFX Application Thread] DEBUG LoopRunner           - Starting loop
18:53:59.698 [JavaFX Application Thread] DEBUG LoopRunner           - Initializing JavaFX AnimationTimerLoop
18:53:59.699 [JavaFX Application Thread] DEBUG GameApplicationServi - Starting new game
18:53:59.700 [JavaFX Application Thread] DEBUG Input                - Clearing active input actions
18:53:59.713 [JavaFX Application Thread] DEBUG GameApplicationServi - Removing overlay from FXGLStartupScene and adding to FXGLLoadingScene
18:53:59.714 [JavaFX Application Thread] DEBUG PrimaryStageWindow   - FXGLStartupScene -> FXGLLoadingScene
18:53:59.714 [JavaFX Application Thread] DEBUG GameApplicationServi - Clearing previous game
18:53:59.714 [JavaFX Application Thread] DEBUG GameScene            - Clearing game scene
18:53:59.714 [JavaFX Application Thread] DEBUG GameWorld            - Clearing game world
18:53:59.715 [JavaFX Application Thread] DEBUG PhysicsWorld         - Clearing physics world
18:53:59.717 [FXGL Background Thread 1 ] DEBUG FXGLApplication      - Initializing game
18:53:59.924 [FXGL Background Thread 1 ] INFO  FXGLApplication      - Game initialization took: 0.207 sec
18:53:59.925 [JavaFX Application Thread] DEBUG Input                - Clearing active input actions
18:53:59.957 [JavaFX Application Thread] DEBUG GameApplicationServi - Removing overlay from FXGLLoadingScene and adding to GameScene
18:53:59.958 [JavaFX Application Thread] DEBUG PrimaryStageWindow   - FXGLLoadingScene -> GameScene
18:54:00.204 [FXGL Background Thread 2 ] INFO  UpdaterService       - Your current version:  17.2
18:54:00.205 [FXGL Background Thread 2 ] INFO  UpdaterService       - Latest stable version: 21.1
18:54:02.620 [FXGL Background Thread 3 ] DEBUG Engine               - Logging environment variables
18:54:02.621 [FXGL Background Thread 3 ] DEBUG Engine               - achievements: []
18:54:02.622 [FXGL Background Thread 3 ] DEBUG Engine               - actualHeight: 641.0
18:54:02.622 [FXGL Background Thread 3 ] DEBUG Engine               - actualHeightProperty: ReadOnlyDoubleProperty [value: 677.0]
18:54:02.622 [FXGL Background Thread 3 ] DEBUG Engine               - actualWidth: 848.0
18:54:02.622 [FXGL Background Thread 3 ] DEBUG Engine               - actualWidthProperty: ReadOnlyDoubleProperty [value: 850.0]
18:54:02.623 [FXGL Background Thread 3 ] DEBUG Engine               - appIcon: fxgl_icon.png
18:54:02.623 [FXGL Background Thread 3 ] DEBUG Engine               - applicationMode: DEVELOPER
18:54:02.623 [FXGL Background Thread 3 ] DEBUG Engine               - cSSList: [fxgl_dark.css]
18:54:02.623 [FXGL Background Thread 3 ] DEBUG Engine               - collisionDetectionStrategy: BRUTE_FORCE
18:54:02.623 [FXGL Background Thread 3 ] DEBUG Engine               - configClass: Optional.empty
18:54:02.624 [FXGL Background Thread 3 ] DEBUG Engine               - credits: []
18:54:02.624 [FXGL Background Thread 3 ] DEBUG Engine               - defaultCursor: CursorInfo(imageName=fxgl_default_cursor.png, hotspotX=7.0, hotspotY=6.0)
18:54:02.625 [FXGL Background Thread 3 ] DEBUG Engine               - devBBoxColorProperty: ObjectProperty [value: 0xff0000ff]
18:54:02.626 [FXGL Background Thread 3 ] DEBUG Engine               - devEnableDebugCameraProperty: BooleanProperty [value: false]
18:54:02.626 [FXGL Background Thread 3 ] DEBUG Engine               - devSensorColorProperty: ObjectProperty [value: 0xffff00ff]
18:54:02.626 [FXGL Background Thread 3 ] DEBUG Engine               - devShowBBoxProperty: BooleanProperty [value: false]
18:54:02.626 [FXGL Background Thread 3 ] DEBUG Engine               - devShowPositionProperty: BooleanProperty [value: false]
18:54:02.627 [FXGL Background Thread 3 ] DEBUG Engine               - enabledMenuItems: []
18:54:02.627 [FXGL Background Thread 3 ] DEBUG Engine               - engineServices: [class com.almasb.fxgl.app.services.FXGLAssetLoaderService, class com.almasb.fxgl.app.FXGLApplication$GameApplicationService, class com.almasb.fxgl.app.services.FXGLDialogService, class com.almasb.fxgl.app.services.IOTaskExecutorService, class com.almasb.fxgl.io.FileSystemService, class com.almasb.fxgl.localization.LocalizationService, class com.almasb.fxgl.app.services.SystemBundleService, class com.almasb.fxgl.profile.SaveLoadService, class com.almasb.fxgl.ui.FXGLUIFactoryServiceProvider, class com.almasb.fxgl.ui.FXGLDialogFactoryServiceProvider, class com.almasb.fxgl.audio.AudioPlayer, class com.almasb.fxgl.notification.impl.NotificationServiceProvider, class com.almasb.fxgl.achievement.AchievementService, class com.almasb.fxgl.cutscene.CutsceneService, class com.almasb.fxgl.minigames.MiniGameService, class com.almasb.fxgl.net.NetService, class com.almasb.fxgl.app.services.UpdaterService, class com.almasb.fxgl.dev.DevService]
18:54:02.627 [FXGL Background Thread 3 ] DEBUG Engine               - fontGame: Abel-Regular.ttf
18:54:02.627 [FXGL Background Thread 3 ] DEBUG Engine               - fontMono: TerminalLandMono-Regular.otf
18:54:02.627 [FXGL Background Thread 3 ] DEBUG Engine               - fontText: Courier-Prime.ttf
18:54:02.627 [FXGL Background Thread 3 ] DEBUG Engine               - fontUI: VarelaRound-Regular.ttf
18:54:02.627 [FXGL Background Thread 3 ] DEBUG Engine               - fullScreen: BooleanProperty [value: false]
18:54:02.628 [FXGL Background Thread 3 ] DEBUG Engine               - gameDifficulty: MEDIUM
18:54:02.628 [FXGL Background Thread 3 ] DEBUG Engine               - gameDifficultyProperty: ObjectProperty [value: MEDIUM]
18:54:02.628 [FXGL Background Thread 3 ] DEBUG Engine               - globalMusicVolume: 0.5
18:54:02.628 [FXGL Background Thread 3 ] DEBUG Engine               - globalMusicVolumeProperty: DoubleProperty [value: 0.5]
18:54:02.628 [FXGL Background Thread 3 ] DEBUG Engine               - globalSoundVolume: 0.5
18:54:02.629 [FXGL Background Thread 3 ] DEBUG Engine               - globalSoundVolumeProperty: DoubleProperty [value: 0.5]
18:54:02.629 [FXGL Background Thread 3 ] DEBUG Engine               - height: 670
18:54:02.629 [FXGL Background Thread 3 ] DEBUG Engine               - is3D: false
18:54:02.630 [FXGL Background Thread 3 ] DEBUG Engine               - isAndroid: false
18:54:02.630 [FXGL Background Thread 3 ] DEBUG Engine               - isBrowser: false
18:54:02.630 [FXGL Background Thread 3 ] DEBUG Engine               - isClickFeedbackEnabled: false
18:54:02.630 [FXGL Background Thread 3 ] DEBUG Engine               - isCloseConfirmation: false
18:54:02.630 [FXGL Background Thread 3 ] DEBUG Engine               - isDesktop: true
18:54:02.631 [FXGL Background Thread 3 ] DEBUG Engine               - isDeveloperMenuEnabled: false
18:54:02.631 [FXGL Background Thread 3 ] DEBUG Engine               - isEmbedded: false
18:54:02.631 [FXGL Background Thread 3 ] DEBUG Engine               - isEntityPreloadEnabled: true
18:54:02.631 [FXGL Background Thread 3 ] DEBUG Engine               - isExperimentalTiledLargeMap: false
18:54:02.631 [FXGL Background Thread 3 ] DEBUG Engine               - isFileSystemWriteAllowed: true
18:54:02.632 [FXGL Background Thread 3 ] DEBUG Engine               - isFullScreenAllowed: false
18:54:02.632 [FXGL Background Thread 3 ] DEBUG Engine               - isFullScreenFromStart: false
18:54:02.632 [FXGL Background Thread 3 ] DEBUG Engine               - isGameMenuEnabled: true
18:54:02.632 [FXGL Background Thread 3 ] DEBUG Engine               - isIOS: false
18:54:02.632 [FXGL Background Thread 3 ] DEBUG Engine               - isIntroEnabled: false
18:54:02.632 [FXGL Background Thread 3 ] DEBUG Engine               - isLinux: true
18:54:02.633 [FXGL Background Thread 3 ] DEBUG Engine               - isMac: false
18:54:02.633 [FXGL Background Thread 3 ] DEBUG Engine               - isMainMenuEnabled: false
18:54:02.652 [FXGL Background Thread 3 ] DEBUG Engine               - isManualResizeEnabled: false
18:54:02.653 [FXGL Background Thread 3 ] DEBUG Engine               - isMobile: false
18:54:02.653 [FXGL Background Thread 3 ] DEBUG Engine               - isNative: false
18:54:02.653 [FXGL Background Thread 3 ] DEBUG Engine               - isPauseMusicWhenMinimized: true
18:54:02.653 [FXGL Background Thread 3 ] DEBUG Engine               - isPreserveResizeRatio: false
18:54:02.653 [FXGL Background Thread 3 ] DEBUG Engine               - isProfilingEnabled: false
18:54:02.654 [FXGL Background Thread 3 ] DEBUG Engine               - isScaleAffectedOnResize: true
18:54:02.654 [FXGL Background Thread 3 ] DEBUG Engine               - isSingleStep: false
18:54:02.654 [FXGL Background Thread 3 ] DEBUG Engine               - isUserProfileEnabled: false
18:54:02.654 [FXGL Background Thread 3 ] DEBUG Engine               - isWindows: false
18:54:02.654 [FXGL Background Thread 3 ] DEBUG Engine               - language: ObjectProperty [value: ENGLISH]
18:54:02.655 [FXGL Background Thread 3 ] DEBUG Engine               - menuKey: ESCAPE
18:54:02.655 [FXGL Background Thread 3 ] DEBUG Engine               - mouseSensitivity: 0.2
18:54:02.655 [FXGL Background Thread 3 ] DEBUG Engine               - notificationViewClass: class com.almasb.fxgl.notification.view.XboxNotificationView
18:54:02.655 [FXGL Background Thread 3 ] DEBUG Engine               - pixelsPerMeter: 50.0
18:54:02.655 [FXGL Background Thread 3 ] DEBUG Engine               - platform: LINUX
18:54:02.655 [FXGL Background Thread 3 ] DEBUG Engine               - prefHeightProperty: ReadOnlyDoubleProperty [value: 670.0]
18:54:02.655 [FXGL Background Thread 3 ] DEBUG Engine               - prefWidthProperty: ReadOnlyDoubleProperty [value: 850.0]
18:54:02.655 [FXGL Background Thread 3 ] DEBUG Engine               - profileDir: profiles/
18:54:02.656 [FXGL Background Thread 3 ] DEBUG Engine               - profileName: StringProperty [value: DEFAULT]
18:54:02.656 [FXGL Background Thread 3 ] DEBUG Engine               - randomSeed: -1
18:54:02.656 [FXGL Background Thread 3 ] DEBUG Engine               - runtimeInfo: RuntimeInfo(platform=LINUX, version=17.2, build=20.08.2022 16.50)
18:54:02.656 [FXGL Background Thread 3 ] DEBUG Engine               - saveFileExt: sav
18:54:02.657 [FXGL Background Thread 3 ] DEBUG Engine               - scaledHeightProp$fxgl: DoubleProperty [bound, value: 677.0]
18:54:02.657 [FXGL Background Thread 3 ] DEBUG Engine               - scaledWidthProp$fxgl: DoubleProperty [bound, value: 850.0]
18:54:02.657 [FXGL Background Thread 3 ] DEBUG Engine               - sceneFactory: com.almasb.fxgl.app.scene.SceneFactory@3ce1b683
18:54:02.657 [FXGL Background Thread 3 ] DEBUG Engine               - secondsIn24h: 60
18:54:02.657 [FXGL Background Thread 3 ] DEBUG Engine               - soundMenuBack: menu/back.wav
18:54:02.657 [FXGL Background Thread 3 ] DEBUG Engine               - soundMenuPress: menu/press.wav
18:54:02.657 [FXGL Background Thread 3 ] DEBUG Engine               - soundMenuSelect: menu/select.wav
18:54:02.657 [FXGL Background Thread 3 ] DEBUG Engine               - soundNotification: core/notification.wav
18:54:02.657 [FXGL Background Thread 3 ] DEBUG Engine               - stageStyle: DECORATED
18:54:02.658 [FXGL Background Thread 3 ] DEBUG Engine               - supportedLanguages: [ENGLISH, FRENCH, GERMAN, HUNGARIAN, RUSSIAN]
18:54:02.658 [FXGL Background Thread 3 ] DEBUG Engine               - ticksPerSecond: -1
18:54:02.658 [FXGL Background Thread 3 ] DEBUG Engine               - title: Restaurant Game
18:54:02.658 [FXGL Background Thread 3 ] DEBUG Engine               - urlGithub: https://github.com/AlmasB/FXGL
18:54:02.658 [FXGL Background Thread 3 ] DEBUG Engine               - urlLeaderboard: http://fxgl-top.herokuapp.com/
18:54:02.658 [FXGL Background Thread 3 ] DEBUG Engine               - urlPOM: https://raw.githubusercontent.com/AlmasB/FXGL/release/README.md
18:54:02.658 [FXGL Background Thread 3 ] DEBUG Engine               - userAppClass: class fxglapp.FXGLGameApp
18:54:02.658 [FXGL Background Thread 3 ] DEBUG Engine               - version: 0.0
18:54:02.658 [FXGL Background Thread 3 ] DEBUG Engine               - versionCheckDays: 7
18:54:02.659 [FXGL Background Thread 3 ] DEBUG Engine               - width: 850
18:54:02.659 [FXGL Background Thread 3 ] DEBUG Engine               - Logging services
18:54:02.659 [FXGL Background Thread 3 ] DEBUG Engine               - class com.almasb.fxgl.app.services.FXGLAssetLoaderService
18:54:02.659 [FXGL Background Thread 3 ] DEBUG Engine               - class com.almasb.fxgl.app.FXGLApplication$GameApplicationService
18:54:02.659 [FXGL Background Thread 3 ] DEBUG Engine               - class com.almasb.fxgl.app.services.FXGLDialogService
18:54:02.659 [FXGL Background Thread 3 ] DEBUG Engine               - class com.almasb.fxgl.app.services.IOTaskExecutorService
18:54:02.659 [FXGL Background Thread 3 ] DEBUG Engine               - class com.almasb.fxgl.io.FileSystemService
18:54:02.659 [FXGL Background Thread 3 ] DEBUG Engine               - class com.almasb.fxgl.localization.LocalizationService
18:54:02.659 [FXGL Background Thread 3 ] DEBUG Engine               - class com.almasb.fxgl.app.services.SystemBundleService
18:54:02.660 [FXGL Background Thread 3 ] DEBUG Engine               - class com.almasb.fxgl.profile.SaveLoadService
18:54:02.660 [FXGL Background Thread 3 ] DEBUG Engine               - class com.almasb.fxgl.ui.FXGLUIFactoryServiceProvider
18:54:02.660 [FXGL Background Thread 3 ] DEBUG Engine               - class com.almasb.fxgl.ui.FXGLDialogFactoryServiceProvider
18:54:02.660 [FXGL Background Thread 3 ] DEBUG Engine               - class com.almasb.fxgl.audio.AudioPlayer
18:54:02.660 [FXGL Background Thread 3 ] DEBUG Engine               - class com.almasb.fxgl.notification.impl.NotificationServiceProvider
18:54:02.660 [FXGL Background Thread 3 ] DEBUG Engine               - class com.almasb.fxgl.achievement.AchievementService
18:54:02.660 [FXGL Background Thread 3 ] DEBUG Engine               - class com.almasb.fxgl.cutscene.CutsceneService
18:54:02.660 [FXGL Background Thread 3 ] DEBUG Engine               - class com.almasb.fxgl.minigames.MiniGameService
18:54:02.660 [FXGL Background Thread 3 ] DEBUG Engine               - class com.almasb.fxgl.net.NetService
18:54:02.660 [FXGL Background Thread 3 ] DEBUG Engine               - class com.almasb.fxgl.app.services.UpdaterService
18:54:02.660 [FXGL Background Thread 3 ] DEBUG Engine               - class com.almasb.fxgl.dev.DevService
18:54:06.905 [JavaFX Application Thread] DEBUG FXGLApplication      - Exiting FXGL
18:54:06.906 [JavaFX Application Thread] DEBUG LoopRunner           - Stopping loop
18:54:06.906 [JavaFX Application Thread] DEBUG SystemBundleService  - Saving FXGL system data
18:54:06.909 [JavaFX Application Thread] DEBUG FileSystemAccess     - Writing to: /home/chris/IdeaProjects/RestaurantSimulator/system/fxgl.bundle
18:54:06.910 [JavaFX Application Thread] DEBUG Async                - Shutting down background threads
18:54:06.910 [JavaFX Application Thread] DEBUG PrimaryStageWindow   - Closing main window
18:54:06.916 [JavaFX Application Thread] DEBUG Logger               - Closing Logger
