19:55:32.234 [main                     ] DEBUG Logger               - Configured Logger
19:55:32.272 [main                     ] DEBUG GameApplication      - Logging settings
Title: Restaurant Game
Version: 0.0
Width: 850
Height: 670
Fullscreen: false
Intro: false
Profiling: false
Single step:false
App Mode: DEVELOPER
Menu Key: ESCAPE
Stage Style: DECORATED
Scene Factory: class com.almasb.fxgl.app.scene.SceneFactory

19:55:32.705 [JavaFX Application Thread] DEBUG FXGLApplication      - Initializing FXGL
19:55:32.711 [JavaFX Application Thread] INFO  Engine               - FXGL-17.2 (20.08.2022 16.50) on LINUX (J:17.0.13 FX:18)
19:55:32.711 [JavaFX Application Thread] DEBUG Engine               - JRE Vendor Name: Red Hat, Inc.
19:55:32.712 [JavaFX Application Thread] DEBUG Engine               - Running on OS: Linux version 6.11.6-200.fc40.x86_64
19:55:32.712 [JavaFX Application Thread] DEBUG Engine               - Architecture: amd64
19:55:32.712 [JavaFX Application Thread] INFO  Engine               - Source code and latest versions at: https://github.com/AlmasB/FXGL
19:55:32.712 [JavaFX Application Thread] INFO  Engine               -       Ask questions and discuss at: https://github.com/AlmasB/FXGL/discussions
19:55:32.712 [JavaFX Application Thread] INFO  Engine               -              Join the FXGL chat at: https://gitter.im/AlmasB/FXGL
19:55:32.809 [JavaFX Application Thread] DEBUG PrimaryStageWindow   - Creating a JavaFX scene
19:55:32.888 [JavaFX Application Thread] DEBUG PrimaryStageWindow   - Target settings size: 850.0 x 670.0
19:55:32.889 [JavaFX Application Thread] DEBUG PrimaryStageWindow   - Scaled scene size:    850.0 x 670.0
19:55:32.889 [JavaFX Application Thread] DEBUG PrimaryStageWindow   - Scaled ratio: (1.0, 1.0)
19:55:32.890 [JavaFX Application Thread] DEBUG PrimaryStageWindow   - Set initial scene to FXGLStartupScene
19:55:32.899 [JavaFX Application Thread] DEBUG PrimaryStageWindow   - Opening main window
19:55:32.947 [JavaFX Application Thread] DEBUG PrimaryStageWindow   - Window border size: (2.0, 29.0)
19:55:32.948 [JavaFX Application Thread] DEBUG PrimaryStageWindow   - Scaled size: 850.0 x 670.0
19:55:32.948 [JavaFX Application Thread] DEBUG PrimaryStageWindow   - Scaled ratio: (1.0, 1.0)
19:55:32.949 [JavaFX Application Thread] DEBUG PrimaryStageWindow   - Scene size: 850.0 x 670.0
19:55:32.949 [JavaFX Application Thread] DEBUG PrimaryStageWindow   - Stage size: 852.0 x 699.0
19:55:32.956 [FXGL Background Thread 1 ] DEBUG Engine               - Initializing environment variables
19:55:32.985 [FXGL Background Thread 1 ] DEBUG FXGLAssetLoaderServi - User app class for loading assets: class fxglapp.FXGLGameApp
19:55:32.986 [FXGL Background Thread 1 ] DEBUG GameApplicationServi - Applying CSS: fxgl_dark.css
19:55:32.987 [FXGL Background Thread 1 ] DEBUG FXGLAssetLoaderServi - Loading from file system: jar:file:/home/chris/.m2/repository/com/github/almasb/fxgl/17.2/fxgl-17.2.jar!/fxglassets/ui/css/fxgl_dark.css
19:55:33.036 [FXGL Background Thread 1 ] DEBUG GameApplicationServi - Initializing application scenes
19:55:33.083 [FXGL Background Thread 1 ] DEBUG GameWorld            - Game world initialized
19:55:33.129 [FXGL Background Thread 1 ] DEBUG PhysicsWorld         - Physics world initialized: appHeight=670, physics.ppm=50.0
19:55:33.129 [FXGL Background Thread 1 ] DEBUG PhysicsWorld         - Using strategy: BRUTE_FORCE
19:55:33.134 [FXGL Background Thread 1 ] DEBUG GameScene            - Game scene initialized: 850x670
19:55:33.149 [FXGL Background Thread 1 ] DEBUG FXGL.DefaultMenu     - createMenuBodyGameMenu()
19:55:33.165 [FXGL Background Thread 1 ] DEBUG FXGL.DefaultMenu     - createOptionsMenu()
19:55:33.177 [FXGL Background Thread 1 ] DEBUG FXGLAssetLoaderServi - Loading from file system: jar:file:/home/chris/.m2/repository/com/github/almasb/fxgl/17.2/fxgl-17.2.jar!/fxglassets/textures/particles/smoke.png
19:55:33.279 [FXGL Background Thread 1 ] DEBUG FXGLAssetLoaderServi - Loading from file system: jar:file:/home/chris/.m2/repository/com/github/almasb/fxgl/17.2/fxgl-17.2.jar!/fxglassets/textures/particles/trace_horizontal.png
19:55:33.313 [FXGL Background Thread 1 ] DEBUG GameApplicationServi - Application scenes initialized
19:55:33.327 [FXGL Background Thread 1 ] DEBUG SystemBundleService  - Loading FXGL system data
19:55:33.328 [FXGL Background Thread 1 ] DEBUG FileSystemAccess     - Reading from: /home/chris/IdeaProjects/RestaurantSimulator/system/fxgl.bundle
19:55:33.332 [FXGL Background Thread 1 ] DEBUG SystemBundleService  - Bundle FXGL: {}
19:55:33.332 [FXGL Background Thread 1 ] DEBUG UpdaterService       - Checking for updates
19:55:33.337 [FXGL Background Thread 4 ] DEBUG FXGLApplication      - Loading fonts
19:55:33.337 [FXGL Background Thread 4 ] DEBUG FXGLAssetLoaderServi - Loading from file system: jar:file:/home/chris/.m2/repository/com/github/almasb/fxgl/17.2/fxgl-17.2.jar!/fxglassets/ui/fonts/VarelaRound-Regular.ttf
19:55:33.337 [FXGL Background Thread 1 ] DEBUG FXGLApplication      - Loading default localization
19:55:33.338 [FXGL Background Thread 1 ] DEBUG FXGLAssetLoaderServi - Loading from file system: jar:file:/home/chris/.m2/repository/com/github/almasb/fxgl/17.2/fxgl-17.2.jar!/fxglassets/languages/english.lang
19:55:33.343 [FXGL Background Thread 4 ] DEBUG FXGLAssetLoaderServi - Loading from file system: jar:file:/home/chris/.m2/repository/com/github/almasb/fxgl/17.2/fxgl-17.2.jar!/fxglassets/ui/fonts/Abel-Regular.ttf
19:55:33.344 [FXGL Background Thread 4 ] DEBUG FXGLAssetLoaderServi - Loading from file system: jar:file:/home/chris/.m2/repository/com/github/almasb/fxgl/17.2/fxgl-17.2.jar!/fxglassets/ui/fonts/TerminalLandMono-Regular.otf
19:55:33.346 [FXGL Background Thread 4 ] DEBUG FXGLAssetLoaderServi - Loading from file system: jar:file:/home/chris/.m2/repository/com/github/almasb/fxgl/17.2/fxgl-17.2.jar!/fxglassets/ui/fonts/Courier-Prime.ttf
19:55:33.350 [JavaFX Application Thread] DEBUG FXGLApplication      - Registering font factories with UI factory
19:55:33.355 [FXGL Background Thread 1 ] INFO  FXGLApplication      - FXGL initialization took: 0.398 sec
19:55:33.356 [JavaFX Application Thread] DEBUG FXGLAssetLoaderServi - Loading from file system: jar:file:/home/chris/.m2/repository/com/github/almasb/fxgl/17.2/fxgl-17.2.jar!/fxglassets/textures/fxgl_icon.png
19:55:33.391 [JavaFX Application Thread] DEBUG FXGLAssetLoaderServi - Loading from file system: jar:file:/home/chris/.m2/repository/com/github/almasb/fxgl/17.2/fxgl-17.2.jar!/fxglassets/textures/fxgl_default_cursor.png
19:55:33.402 [JavaFX Application Thread] DEBUG Input                - Registered new binding: Screenshot - CTRL+8
19:55:33.403 [JavaFX Application Thread] DEBUG Input                - Registered new binding: System info dump - CTRL+9
19:55:33.403 [JavaFX Application Thread] DEBUG Input                - Registered new binding: Restart - CTRL+R
19:55:33.404 [JavaFX Application Thread] DEBUG Input                - Registered new binding: Toggle Debug Camera - CTRL+7
19:55:33.406 [JavaFX Application Thread] DEBUG LoopRunner           - Starting loop
19:55:33.406 [JavaFX Application Thread] DEBUG LoopRunner           - Initializing JavaFX AnimationTimerLoop
19:55:33.407 [JavaFX Application Thread] DEBUG GameApplicationServi - Starting new game
19:55:33.407 [JavaFX Application Thread] DEBUG Input                - Clearing active input actions
19:55:33.417 [JavaFX Application Thread] DEBUG GameApplicationServi - Removing overlay from FXGLStartupScene and adding to FXGLLoadingScene
19:55:33.418 [JavaFX Application Thread] DEBUG PrimaryStageWindow   - FXGLStartupScene -> FXGLLoadingScene
19:55:33.418 [JavaFX Application Thread] DEBUG GameApplicationServi - Clearing previous game
19:55:33.418 [JavaFX Application Thread] DEBUG GameScene            - Clearing game scene
19:55:33.418 [JavaFX Application Thread] DEBUG GameWorld            - Clearing game world
19:55:33.418 [JavaFX Application Thread] DEBUG PhysicsWorld         - Clearing physics world
19:55:33.420 [FXGL Background Thread 1 ] DEBUG FXGLApplication      - Initializing game
19:55:33.638 [FXGL Background Thread 1 ] INFO  FXGLApplication      - Game initialization took: 0.217 sec
19:55:33.647 [JavaFX Application Thread] DEBUG Input                - Clearing active input actions
19:55:33.678 [JavaFX Application Thread] DEBUG GameApplicationServi - Removing overlay from FXGLLoadingScene and adding to GameScene
19:55:33.679 [JavaFX Application Thread] DEBUG PrimaryStageWindow   - FXGLLoadingScene -> GameScene
19:55:33.885 [FXGL Background Thread 2 ] INFO  UpdaterService       - Your current version:  17.2
19:55:33.886 [FXGL Background Thread 2 ] INFO  UpdaterService       - Latest stable version: 21.1
19:55:36.335 [FXGL Background Thread 3 ] DEBUG Engine               - Logging environment variables
19:55:36.337 [FXGL Background Thread 3 ] DEBUG Engine               - achievements: []
19:55:36.338 [FXGL Background Thread 3 ] DEBUG Engine               - actualHeight: -28.0
19:55:36.338 [FXGL Background Thread 3 ] DEBUG Engine               - actualHeightProperty: ReadOnlyDoubleProperty [value: 677.0]
19:55:36.338 [FXGL Background Thread 3 ] DEBUG Engine               - actualWidth: -1.0
19:55:36.339 [FXGL Background Thread 3 ] DEBUG Engine               - actualWidthProperty: ReadOnlyDoubleProperty [value: 850.0]
19:55:36.339 [FXGL Background Thread 3 ] DEBUG Engine               - appIcon: fxgl_icon.png
19:55:36.339 [FXGL Background Thread 3 ] DEBUG Engine               - applicationMode: DEVELOPER
19:55:36.340 [FXGL Background Thread 3 ] DEBUG Engine               - cSSList: [fxgl_dark.css]
19:55:36.340 [FXGL Background Thread 3 ] DEBUG Engine               - collisionDetectionStrategy: BRUTE_FORCE
19:55:36.340 [FXGL Background Thread 3 ] DEBUG Engine               - configClass: Optional.empty
19:55:36.341 [FXGL Background Thread 3 ] DEBUG Engine               - credits: []
19:55:36.342 [FXGL Background Thread 3 ] DEBUG Engine               - defaultCursor: CursorInfo(imageName=fxgl_default_cursor.png, hotspotX=7.0, hotspotY=6.0)
19:55:36.343 [FXGL Background Thread 3 ] DEBUG Engine               - devBBoxColorProperty: ObjectProperty [value: 0xff0000ff]
19:55:36.343 [FXGL Background Thread 3 ] DEBUG Engine               - devEnableDebugCameraProperty: BooleanProperty [value: false]
19:55:36.343 [FXGL Background Thread 3 ] DEBUG Engine               - devSensorColorProperty: ObjectProperty [value: 0xffff00ff]
19:55:36.344 [FXGL Background Thread 3 ] DEBUG Engine               - devShowBBoxProperty: BooleanProperty [value: false]
19:55:36.344 [FXGL Background Thread 3 ] DEBUG Engine               - devShowPositionProperty: BooleanProperty [value: false]
19:55:36.344 [FXGL Background Thread 3 ] DEBUG Engine               - enabledMenuItems: []
19:55:36.345 [FXGL Background Thread 3 ] DEBUG Engine               - engineServices: [class com.almasb.fxgl.app.services.FXGLAssetLoaderService, class com.almasb.fxgl.app.FXGLApplication$GameApplicationService, class com.almasb.fxgl.app.services.FXGLDialogService, class com.almasb.fxgl.app.services.IOTaskExecutorService, class com.almasb.fxgl.io.FileSystemService, class com.almasb.fxgl.localization.LocalizationService, class com.almasb.fxgl.app.services.SystemBundleService, class com.almasb.fxgl.profile.SaveLoadService, class com.almasb.fxgl.ui.FXGLUIFactoryServiceProvider, class com.almasb.fxgl.ui.FXGLDialogFactoryServiceProvider, class com.almasb.fxgl.audio.AudioPlayer, class com.almasb.fxgl.notification.impl.NotificationServiceProvider, class com.almasb.fxgl.achievement.AchievementService, class com.almasb.fxgl.cutscene.CutsceneService, class com.almasb.fxgl.minigames.MiniGameService, class com.almasb.fxgl.net.NetService, class com.almasb.fxgl.app.services.UpdaterService, class com.almasb.fxgl.dev.DevService]
19:55:36.345 [FXGL Background Thread 3 ] DEBUG Engine               - fontGame: Abel-Regular.ttf
19:55:36.345 [FXGL Background Thread 3 ] DEBUG Engine               - fontMono: TerminalLandMono-Regular.otf
19:55:36.345 [FXGL Background Thread 3 ] DEBUG Engine               - fontText: Courier-Prime.ttf
19:55:36.345 [FXGL Background Thread 3 ] DEBUG Engine               - fontUI: VarelaRound-Regular.ttf
19:55:36.346 [FXGL Background Thread 3 ] DEBUG Engine               - fullScreen: BooleanProperty [value: false]
19:55:36.346 [FXGL Background Thread 3 ] DEBUG Engine               - gameDifficulty: MEDIUM
19:55:36.346 [FXGL Background Thread 3 ] DEBUG Engine               - gameDifficultyProperty: ObjectProperty [value: MEDIUM]
19:55:36.346 [FXGL Background Thread 3 ] DEBUG Engine               - globalMusicVolume: 0.5
19:55:36.347 [FXGL Background Thread 3 ] DEBUG Engine               - globalMusicVolumeProperty: DoubleProperty [value: 0.5]
19:55:36.347 [FXGL Background Thread 3 ] DEBUG Engine               - globalSoundVolume: 0.5
19:55:36.347 [FXGL Background Thread 3 ] DEBUG Engine               - globalSoundVolumeProperty: DoubleProperty [value: 0.5]
19:55:36.348 [FXGL Background Thread 3 ] DEBUG Engine               - height: 670
19:55:36.348 [FXGL Background Thread 3 ] DEBUG Engine               - is3D: false
19:55:36.348 [FXGL Background Thread 3 ] DEBUG Engine               - isAndroid: false
19:55:36.348 [FXGL Background Thread 3 ] DEBUG Engine               - isBrowser: false
19:55:36.348 [FXGL Background Thread 3 ] DEBUG Engine               - isClickFeedbackEnabled: false
19:55:36.348 [FXGL Background Thread 3 ] DEBUG Engine               - isCloseConfirmation: false
19:55:36.348 [FXGL Background Thread 3 ] DEBUG Engine               - isDesktop: true
19:55:36.349 [FXGL Background Thread 3 ] DEBUG Engine               - isDeveloperMenuEnabled: false
19:55:36.349 [FXGL Background Thread 3 ] DEBUG Engine               - isEmbedded: false
19:55:36.349 [FXGL Background Thread 3 ] DEBUG Engine               - isEntityPreloadEnabled: true
19:55:36.349 [FXGL Background Thread 3 ] DEBUG Engine               - isExperimentalTiledLargeMap: false
19:55:36.349 [FXGL Background Thread 3 ] DEBUG Engine               - isFileSystemWriteAllowed: true
19:55:36.349 [FXGL Background Thread 3 ] DEBUG Engine               - isFullScreenAllowed: false
19:55:36.349 [FXGL Background Thread 3 ] DEBUG Engine               - isFullScreenFromStart: false
19:55:36.350 [FXGL Background Thread 3 ] DEBUG Engine               - isGameMenuEnabled: true
19:55:36.350 [FXGL Background Thread 3 ] DEBUG Engine               - isIOS: false
19:55:36.350 [FXGL Background Thread 3 ] DEBUG Engine               - isIntroEnabled: false
19:55:36.350 [FXGL Background Thread 3 ] DEBUG Engine               - isLinux: true
19:55:36.350 [FXGL Background Thread 3 ] DEBUG Engine               - isMac: false
19:55:36.350 [FXGL Background Thread 3 ] DEBUG Engine               - isMainMenuEnabled: false
19:55:36.350 [FXGL Background Thread 3 ] DEBUG Engine               - isManualResizeEnabled: false
19:55:36.350 [FXGL Background Thread 3 ] DEBUG Engine               - isMobile: false
19:55:36.351 [FXGL Background Thread 3 ] DEBUG Engine               - isNative: false
19:55:36.351 [FXGL Background Thread 3 ] DEBUG Engine               - isPauseMusicWhenMinimized: true
19:55:36.351 [FXGL Background Thread 3 ] DEBUG Engine               - isPreserveResizeRatio: false
19:55:36.351 [FXGL Background Thread 3 ] DEBUG Engine               - isProfilingEnabled: false
19:55:36.351 [FXGL Background Thread 3 ] DEBUG Engine               - isScaleAffectedOnResize: true
19:55:36.351 [FXGL Background Thread 3 ] DEBUG Engine               - isSingleStep: false
19:55:36.352 [FXGL Background Thread 3 ] DEBUG Engine               - isUserProfileEnabled: false
19:55:36.352 [FXGL Background Thread 3 ] DEBUG Engine               - isWindows: false
19:55:36.352 [FXGL Background Thread 3 ] DEBUG Engine               - language: ObjectProperty [value: ENGLISH]
19:55:36.352 [FXGL Background Thread 3 ] DEBUG Engine               - menuKey: ESCAPE
19:55:36.352 [FXGL Background Thread 3 ] DEBUG Engine               - mouseSensitivity: 0.2
19:55:36.352 [FXGL Background Thread 3 ] DEBUG Engine               - notificationViewClass: class com.almasb.fxgl.notification.view.XboxNotificationView
19:55:36.352 [FXGL Background Thread 3 ] DEBUG Engine               - pixelsPerMeter: 50.0
19:55:36.353 [FXGL Background Thread 3 ] DEBUG Engine               - platform: LINUX
19:55:36.353 [FXGL Background Thread 3 ] DEBUG Engine               - prefHeightProperty: ReadOnlyDoubleProperty [value: 670.0]
19:55:36.353 [FXGL Background Thread 3 ] DEBUG Engine               - prefWidthProperty: ReadOnlyDoubleProperty [value: 850.0]
19:55:36.353 [FXGL Background Thread 3 ] DEBUG Engine               - profileDir: profiles/
19:55:36.353 [FXGL Background Thread 3 ] DEBUG Engine               - profileName: StringProperty [value: DEFAULT]
19:55:36.353 [FXGL Background Thread 3 ] DEBUG Engine               - randomSeed: -1
19:55:36.354 [FXGL Background Thread 3 ] DEBUG Engine               - runtimeInfo: RuntimeInfo(platform=LINUX, version=17.2, build=20.08.2022 16.50)
19:55:36.354 [FXGL Background Thread 3 ] DEBUG Engine               - saveFileExt: sav
19:55:36.355 [FXGL Background Thread 3 ] DEBUG Engine               - scaledHeightProp$fxgl: DoubleProperty [bound, value: 677.0]
19:55:36.355 [FXGL Background Thread 3 ] DEBUG Engine               - scaledWidthProp$fxgl: DoubleProperty [bound, value: 850.0]
19:55:36.355 [FXGL Background Thread 3 ] DEBUG Engine               - sceneFactory: com.almasb.fxgl.app.scene.SceneFactory@1a345d84
19:55:36.355 [FXGL Background Thread 3 ] DEBUG Engine               - secondsIn24h: 60
19:55:36.355 [FXGL Background Thread 3 ] DEBUG Engine               - soundMenuBack: menu/back.wav
19:55:36.355 [FXGL Background Thread 3 ] DEBUG Engine               - soundMenuPress: menu/press.wav
19:55:36.355 [FXGL Background Thread 3 ] DEBUG Engine               - soundMenuSelect: menu/select.wav
19:55:36.355 [FXGL Background Thread 3 ] DEBUG Engine               - soundNotification: core/notification.wav
19:55:36.356 [FXGL Background Thread 3 ] DEBUG Engine               - stageStyle: DECORATED
19:55:36.356 [FXGL Background Thread 3 ] DEBUG Engine               - supportedLanguages: [ENGLISH, FRENCH, GERMAN, HUNGARIAN, RUSSIAN]
19:55:36.356 [FXGL Background Thread 3 ] DEBUG Engine               - ticksPerSecond: -1
19:55:36.356 [FXGL Background Thread 3 ] DEBUG Engine               - title: Restaurant Game
19:55:36.356 [FXGL Background Thread 3 ] DEBUG Engine               - urlGithub: https://github.com/AlmasB/FXGL
19:55:36.356 [FXGL Background Thread 3 ] DEBUG Engine               - urlLeaderboard: http://fxgl-top.herokuapp.com/
19:55:36.356 [FXGL Background Thread 3 ] DEBUG Engine               - urlPOM: https://raw.githubusercontent.com/AlmasB/FXGL/release/README.md
19:55:36.356 [FXGL Background Thread 3 ] DEBUG Engine               - userAppClass: class fxglapp.FXGLGameApp
19:55:36.356 [FXGL Background Thread 3 ] DEBUG Engine               - version: 0.0
19:55:36.357 [FXGL Background Thread 3 ] DEBUG Engine               - versionCheckDays: 7
19:55:36.357 [FXGL Background Thread 3 ] DEBUG Engine               - width: 850
19:55:36.357 [FXGL Background Thread 3 ] DEBUG Engine               - Logging services
19:55:36.357 [FXGL Background Thread 3 ] DEBUG Engine               - class com.almasb.fxgl.app.services.FXGLAssetLoaderService
19:55:36.357 [FXGL Background Thread 3 ] DEBUG Engine               - class com.almasb.fxgl.app.FXGLApplication$GameApplicationService
19:55:36.357 [FXGL Background Thread 3 ] DEBUG Engine               - class com.almasb.fxgl.app.services.FXGLDialogService
19:55:36.357 [FXGL Background Thread 3 ] DEBUG Engine               - class com.almasb.fxgl.app.services.IOTaskExecutorService
19:55:36.357 [FXGL Background Thread 3 ] DEBUG Engine               - class com.almasb.fxgl.io.FileSystemService
19:55:36.357 [FXGL Background Thread 3 ] DEBUG Engine               - class com.almasb.fxgl.localization.LocalizationService
19:55:36.358 [FXGL Background Thread 3 ] DEBUG Engine               - class com.almasb.fxgl.app.services.SystemBundleService
19:55:36.358 [FXGL Background Thread 3 ] DEBUG Engine               - class com.almasb.fxgl.profile.SaveLoadService
19:55:36.358 [FXGL Background Thread 3 ] DEBUG Engine               - class com.almasb.fxgl.ui.FXGLUIFactoryServiceProvider
19:55:36.358 [FXGL Background Thread 3 ] DEBUG Engine               - class com.almasb.fxgl.ui.FXGLDialogFactoryServiceProvider
19:55:36.358 [FXGL Background Thread 3 ] DEBUG Engine               - class com.almasb.fxgl.audio.AudioPlayer
19:55:36.358 [FXGL Background Thread 3 ] DEBUG Engine               - class com.almasb.fxgl.notification.impl.NotificationServiceProvider
19:55:36.358 [FXGL Background Thread 3 ] DEBUG Engine               - class com.almasb.fxgl.achievement.AchievementService
19:55:36.358 [FXGL Background Thread 3 ] DEBUG Engine               - class com.almasb.fxgl.cutscene.CutsceneService
19:55:36.358 [FXGL Background Thread 3 ] DEBUG Engine               - class com.almasb.fxgl.minigames.MiniGameService
19:55:36.359 [FXGL Background Thread 3 ] DEBUG Engine               - class com.almasb.fxgl.net.NetService
19:55:36.359 [FXGL Background Thread 3 ] DEBUG Engine               - class com.almasb.fxgl.app.services.UpdaterService
19:55:36.359 [FXGL Background Thread 3 ] DEBUG Engine               - class com.almasb.fxgl.dev.DevService
19:56:27.127 [JavaFX Application Thread] DEBUG FXGLApplication      - Exiting FXGL
19:56:27.127 [JavaFX Application Thread] DEBUG LoopRunner           - Stopping loop
19:56:27.127 [JavaFX Application Thread] DEBUG SystemBundleService  - Saving FXGL system data
19:56:27.130 [JavaFX Application Thread] DEBUG FileSystemAccess     - Writing to: /home/chris/IdeaProjects/RestaurantSimulator/system/fxgl.bundle
19:56:27.131 [JavaFX Application Thread] DEBUG Async                - Shutting down background threads
19:56:27.131 [JavaFX Application Thread] DEBUG PrimaryStageWindow   - Closing main window
19:56:27.135 [JavaFX Application Thread] DEBUG Logger               - Closing Logger
