18:20:22.756 [main                     ] DEBUG Logger               - Configured Logger
18:20:22.772 [main                     ] DEBUG GameApplication      - Logging settings
Title: Restaurant Game
Version: 0.0
Width: 850
Height: 670
Fullscreen: false
Intro: false
Profiling: false
Single step:false
App Mode: DEVELOPER
Menu Key: ESCAPE
Stage Style: DECORATED
Scene Factory: class com.almasb.fxgl.app.scene.SceneFactory

18:20:23.027 [JavaFX Application Thread] DEBUG FXGLApplication      - Initializing FXGL
18:20:23.033 [JavaFX Application Thread] INFO  Engine               - FXGL-17.2 (20.08.2022 16.50) on LINUX (J:17.0.13 FX:18)
18:20:23.033 [JavaFX Application Thread] DEBUG Engine               - JRE Vendor Name: Red Hat, Inc.
18:20:23.033 [JavaFX Application Thread] DEBUG Engine               - Running on OS: Linux version 6.11.6-200.fc40.x86_64
18:20:23.034 [JavaFX Application Thread] DEBUG Engine               - Architecture: amd64
18:20:23.034 [JavaFX Application Thread] INFO  Engine               - Source code and latest versions at: https://github.com/AlmasB/FXGL
18:20:23.034 [JavaFX Application Thread] INFO  Engine               -       Ask questions and discuss at: https://github.com/AlmasB/FXGL/discussions
18:20:23.034 [JavaFX Application Thread] INFO  Engine               -              Join the FXGL chat at: https://gitter.im/AlmasB/FXGL
18:20:23.099 [JavaFX Application Thread] DEBUG PrimaryStageWindow   - Creating a JavaFX scene
18:20:23.143 [JavaFX Application Thread] DEBUG PrimaryStageWindow   - Target settings size: 850.0 x 670.0
18:20:23.143 [JavaFX Application Thread] DEBUG PrimaryStageWindow   - Scaled scene size:    850.0 x 670.0
18:20:23.143 [JavaFX Application Thread] DEBUG PrimaryStageWindow   - Scaled ratio: (1.0, 1.0)
18:20:23.144 [JavaFX Application Thread] DEBUG PrimaryStageWindow   - Set initial scene to FXGLStartupScene
18:20:23.148 [JavaFX Application Thread] DEBUG PrimaryStageWindow   - Opening main window
18:20:23.172 [JavaFX Application Thread] DEBUG PrimaryStageWindow   - Window border size: (2.0, 29.0)
18:20:23.172 [JavaFX Application Thread] DEBUG PrimaryStageWindow   - Scaled size: 850.0 x 670.0
18:20:23.172 [JavaFX Application Thread] DEBUG PrimaryStageWindow   - Scaled ratio: (1.0, 1.0)
18:20:23.173 [JavaFX Application Thread] DEBUG PrimaryStageWindow   - Scene size: 850.0 x 670.0
18:20:23.173 [JavaFX Application Thread] DEBUG PrimaryStageWindow   - Stage size: 852.0 x 699.0
18:20:23.177 [FXGL Background Thread 1 ] DEBUG Engine               - Initializing environment variables
18:20:23.191 [FXGL Background Thread 1 ] DEBUG FXGLAssetLoaderServi - User app class for loading assets: class fxglapp.FXGLGameApp
18:20:23.191 [FXGL Background Thread 1 ] DEBUG GameApplicationServi - Applying CSS: fxgl_dark.css
18:20:23.191 [FXGL Background Thread 1 ] DEBUG FXGLAssetLoaderServi - Loading from file system: jar:file:/home/chris/.m2/repository/com/github/almasb/fxgl/17.2/fxgl-17.2.jar!/fxglassets/ui/css/fxgl_dark.css
18:20:23.215 [FXGL Background Thread 1 ] DEBUG GameApplicationServi - Initializing application scenes
18:20:23.240 [FXGL Background Thread 1 ] DEBUG GameWorld            - Game world initialized
18:20:23.266 [FXGL Background Thread 1 ] DEBUG PhysicsWorld         - Physics world initialized: appHeight=670, physics.ppm=50.0
18:20:23.266 [FXGL Background Thread 1 ] DEBUG PhysicsWorld         - Using strategy: BRUTE_FORCE
18:20:23.269 [FXGL Background Thread 1 ] DEBUG GameScene            - Game scene initialized: 850x670
18:20:23.276 [FXGL Background Thread 1 ] DEBUG FXGL.DefaultMenu     - createMenuBodyGameMenu()
18:20:23.285 [FXGL Background Thread 1 ] DEBUG FXGL.DefaultMenu     - createOptionsMenu()
18:20:23.291 [FXGL Background Thread 1 ] DEBUG FXGLAssetLoaderServi - Loading from file system: jar:file:/home/chris/.m2/repository/com/github/almasb/fxgl/17.2/fxgl-17.2.jar!/fxglassets/textures/particles/smoke.png
18:20:23.345 [FXGL Background Thread 1 ] DEBUG FXGLAssetLoaderServi - Loading from file system: jar:file:/home/chris/.m2/repository/com/github/almasb/fxgl/17.2/fxgl-17.2.jar!/fxglassets/textures/particles/trace_horizontal.png
18:20:23.360 [FXGL Background Thread 1 ] DEBUG GameApplicationServi - Application scenes initialized
18:20:23.367 [FXGL Background Thread 1 ] DEBUG SystemBundleService  - Loading FXGL system data
18:20:23.368 [FXGL Background Thread 1 ] DEBUG FileSystemAccess     - Reading from: /home/chris/IdeaProjects/RestaurantSimulator/system/fxgl.bundle
18:20:23.370 [FXGL Background Thread 1 ] DEBUG SystemBundleService  - Bundle FXGL: {}
18:20:23.370 [FXGL Background Thread 1 ] DEBUG UpdaterService       - Checking for updates
18:20:23.373 [FXGL Background Thread 4 ] DEBUG FXGLApplication      - Loading fonts
18:20:23.373 [FXGL Background Thread 1 ] DEBUG FXGLApplication      - Loading default localization
18:20:23.373 [FXGL Background Thread 4 ] DEBUG FXGLAssetLoaderServi - Loading from file system: jar:file:/home/chris/.m2/repository/com/github/almasb/fxgl/17.2/fxgl-17.2.jar!/fxglassets/ui/fonts/VarelaRound-Regular.ttf
18:20:23.373 [FXGL Background Thread 1 ] DEBUG FXGLAssetLoaderServi - Loading from file system: jar:file:/home/chris/.m2/repository/com/github/almasb/fxgl/17.2/fxgl-17.2.jar!/fxglassets/languages/english.lang
18:20:23.378 [FXGL Background Thread 4 ] DEBUG FXGLAssetLoaderServi - Loading from file system: jar:file:/home/chris/.m2/repository/com/github/almasb/fxgl/17.2/fxgl-17.2.jar!/fxglassets/ui/fonts/Abel-Regular.ttf
18:20:23.379 [FXGL Background Thread 4 ] DEBUG FXGLAssetLoaderServi - Loading from file system: jar:file:/home/chris/.m2/repository/com/github/almasb/fxgl/17.2/fxgl-17.2.jar!/fxglassets/ui/fonts/TerminalLandMono-Regular.otf
18:20:23.381 [FXGL Background Thread 4 ] DEBUG FXGLAssetLoaderServi - Loading from file system: jar:file:/home/chris/.m2/repository/com/github/almasb/fxgl/17.2/fxgl-17.2.jar!/fxglassets/ui/fonts/Courier-Prime.ttf
18:20:23.382 [FXGL Background Thread 1 ] INFO  FXGLApplication      - FXGL initialization took: 0.205 sec
18:20:23.383 [JavaFX Application Thread] DEBUG FXGLAssetLoaderServi - Loading from file system: jar:file:/home/chris/.m2/repository/com/github/almasb/fxgl/17.2/fxgl-17.2.jar!/fxglassets/textures/fxgl_icon.png
18:20:23.400 [JavaFX Application Thread] DEBUG FXGLAssetLoaderServi - Loading from file system: jar:file:/home/chris/.m2/repository/com/github/almasb/fxgl/17.2/fxgl-17.2.jar!/fxglassets/textures/fxgl_default_cursor.png
18:20:23.406 [JavaFX Application Thread] DEBUG Input                - Registered new binding: Screenshot - CTRL+8
18:20:23.406 [JavaFX Application Thread] DEBUG Input                - Registered new binding: System info dump - CTRL+9
18:20:23.407 [JavaFX Application Thread] DEBUG Input                - Registered new binding: Restart - CTRL+R
18:20:23.407 [JavaFX Application Thread] DEBUG Input                - Registered new binding: Toggle Debug Camera - CTRL+7
18:20:23.408 [JavaFX Application Thread] DEBUG LoopRunner           - Starting loop
18:20:23.408 [JavaFX Application Thread] DEBUG LoopRunner           - Initializing JavaFX AnimationTimerLoop
18:20:23.409 [JavaFX Application Thread] DEBUG GameApplicationServi - Starting new game
18:20:23.409 [JavaFX Application Thread] DEBUG Input                - Clearing active input actions
18:20:23.415 [JavaFX Application Thread] DEBUG GameApplicationServi - Removing overlay from FXGLStartupScene and adding to FXGLLoadingScene
18:20:23.419 [JavaFX Application Thread] DEBUG PrimaryStageWindow   - FXGLStartupScene -> FXGLLoadingScene
18:20:23.419 [JavaFX Application Thread] DEBUG GameApplicationServi - Clearing previous game
18:20:23.419 [JavaFX Application Thread] DEBUG GameScene            - Clearing game scene
18:20:23.419 [JavaFX Application Thread] DEBUG GameWorld            - Clearing game world
18:20:23.419 [JavaFX Application Thread] DEBUG PhysicsWorld         - Clearing physics world
18:20:23.420 [JavaFX Application Thread] DEBUG FXGLApplication      - Registering font factories with UI factory
18:20:23.420 [FXGL Background Thread 4 ] DEBUG FXGLApplication      - Initializing game
18:20:23.566 [JavaFX Application Thread] DEBUG LoopRunner           - Stopping loop
18:20:23.568 [JavaFX Application Thread] FATAL FXGLApplication      - Uncaught Exception:
java.lang.RuntimeException: Initialization failed
	at com.almasb.fxgl.app.FXGLApplication$InitAppTask.failed(FXGLApplication.kt:343)
	at javafx.concurrent.Task.setState(Task.java:710)
	at javafx.concurrent.Task$TaskCallable.lambda$call$2(Task.java:1456)
	at com.sun.javafx.application.PlatformImpl.lambda$runLater$10(PlatformImpl.java:457)
	at java.base/java.security.AccessController.doPrivileged(AccessController.java:399)
	at com.sun.javafx.application.PlatformImpl.lambda$runLater$11(PlatformImpl.java:456)
	at com.sun.glass.ui.InvokeLaterDispatcher$Future.run(InvokeLaterDispatcher.java:96)
	at com.sun.glass.ui.gtk.GtkApplication._runLoop(Native Method)
	at com.sun.glass.ui.gtk.GtkApplication.lambda$runLoop$11(GtkApplication.java:316)
	at java.base/java.lang.Thread.run(Thread.java:840)
Caused by: java.lang.IllegalArgumentException: No EntityFactory has a method annotated @Spawns(cooker)
	at com.almasb.fxgl.entity.GameWorld.create(GameWorld.kt:413)
	at com.almasb.fxgl.entity.GameWorld.spawn(GameWorld.kt:396)
	at com.almasb.fxgl.entity.GameWorld.spawn(GameWorld.kt:384)
	at com.almasb.fxgl.dsl.FXGL$Companion.spawn(FXGL.kt:557)
	at com.almasb.fxgl.dsl.FXGL.spawn(FXGL.kt)
	at fxglapp.cocinero.CookerManager.initCookers(CookerManager.java:24)
	at fxglapp.FXGLGameApp.initGame(FXGLGameApp.java:48)
	at com.almasb.fxgl.app.FXGLApplication$InitAppTask.initGame(FXGLApplication.kt:339)
	at com.almasb.fxgl.app.FXGLApplication$InitAppTask.call(FXGLApplication.kt:319)
	at com.almasb.fxgl.app.FXGLApplication$InitAppTask.call(FXGLApplication.kt:311)
	at javafx.concurrent.Task$TaskCallable.call(Task.java:1426)
	at java.base/java.util.concurrent.FutureTask.run(FutureTask.java:264)
	at java.base/java.util.concurrent.Executors$RunnableAdapter.call(Executors.java:539)
	at java.base/java.util.concurrent.FutureTask.run(FutureTask.java:264)
	at java.base/java.util.concurrent.ThreadPoolExecutor.runWorker(ThreadPoolExecutor.java:1136)
	at java.base/java.util.concurrent.ThreadPoolExecutor$Worker.run(ThreadPoolExecutor.java:635)
	... 1 more

18:20:23.568 [JavaFX Application Thread] FATAL FXGLApplication      - Application will now exit
18:20:23.583 [JavaFX Application Thread] DEBUG PrimaryStageWindow   - Push state: ErrorSubScene
18:20:23.583 [JavaFX Application Thread] DEBUG Input                - Clearing active input actions
18:20:23.585 [JavaFX Application Thread] DEBUG GameApplicationServi - Removing overlay from FXGLLoadingScene and adding to ErrorSubScene
18:20:23.586 [JavaFX Application Thread] DEBUG PrimaryStageWindow   - FXGLLoadingScene -> ErrorSubScene
18:20:23.734 [FXGL Background Thread 2 ] INFO  UpdaterService       - Your current version:  17.2
18:20:23.735 [FXGL Background Thread 2 ] INFO  UpdaterService       - Latest stable version: 21.1
18:20:25.394 [JavaFX Application Thread] DEBUG FXGLApplication      - Exiting FXGL
18:20:25.394 [JavaFX Application Thread] DEBUG Async                - Shutting down background threads
18:20:25.395 [JavaFX Application Thread] DEBUG PrimaryStageWindow   - Closing main window
18:20:25.398 [JavaFX Application Thread] DEBUG Logger               - Closing Logger
