22:10:27.423 [main                     ] DEBUG Logger               - Configured Logger
22:10:27.478 [main                     ] DEBUG GameApplication      - Logging settings
Title: Restaurant Game
Version: 0.0
Width: 850
Height: 670
Fullscreen: false
Intro: false
Profiling: false
Single step:false
App Mode: DEVELOPER
Menu Key: ESCAPE
Stage Style: DECORATED
Scene Factory: class com.almasb.fxgl.app.scene.SceneFactory

22:10:27.910 [JavaFX Application Thread] DEBUG FXGLApplication      - Initializing FXGL
22:10:27.921 [JavaFX Application Thread] INFO  Engine               - FXGL-17.2 (20.08.2022 16.50) on LINUX (J:17.0.13 FX:18)
22:10:27.921 [JavaFX Application Thread] DEBUG Engine               - JRE Vendor Name: Red Hat, Inc.
22:10:27.922 [JavaFX Application Thread] DEBUG Engine               - Running on OS: Linux version 6.11.6-200.fc40.x86_64
22:10:27.922 [JavaFX Application Thread] DEBUG Engine               - Architecture: amd64
22:10:27.922 [JavaFX Application Thread] INFO  Engine               - Source code and latest versions at: https://github.com/AlmasB/FXGL
22:10:27.923 [JavaFX Application Thread] INFO  Engine               -       Ask questions and discuss at: https://github.com/AlmasB/FXGL/discussions
22:10:27.923 [JavaFX Application Thread] INFO  Engine               -              Join the FXGL chat at: https://gitter.im/AlmasB/FXGL
22:10:28.028 [JavaFX Application Thread] DEBUG PrimaryStageWindow   - Creating a JavaFX scene
22:10:28.112 [JavaFX Application Thread] DEBUG PrimaryStageWindow   - Target settings size: 850.0 x 670.0
22:10:28.112 [JavaFX Application Thread] DEBUG PrimaryStageWindow   - Scaled scene size:    850.0 x 670.0
22:10:28.113 [JavaFX Application Thread] DEBUG PrimaryStageWindow   - Scaled ratio: (1.0, 1.0)
22:10:28.114 [JavaFX Application Thread] DEBUG PrimaryStageWindow   - Set initial scene to FXGLStartupScene
22:10:28.123 [JavaFX Application Thread] DEBUG PrimaryStageWindow   - Opening main window
22:10:28.188 [JavaFX Application Thread] DEBUG PrimaryStageWindow   - Window border size: (2.0, 29.0)
22:10:28.188 [JavaFX Application Thread] DEBUG PrimaryStageWindow   - Scaled size: 850.0 x 670.0
22:10:28.189 [JavaFX Application Thread] DEBUG PrimaryStageWindow   - Scaled ratio: (1.0, 1.0)
22:10:28.189 [JavaFX Application Thread] DEBUG PrimaryStageWindow   - Scene size: 850.0 x 670.0
22:10:28.190 [JavaFX Application Thread] DEBUG PrimaryStageWindow   - Stage size: 852.0 x 699.0
22:10:28.199 [FXGL Background Thread 1 ] DEBUG Engine               - Initializing environment variables
22:10:28.227 [FXGL Background Thread 1 ] DEBUG FXGLAssetLoaderServi - User app class for loading assets: class fxglapp.FXGLGameApp
22:10:28.228 [FXGL Background Thread 1 ] DEBUG GameApplicationServi - Applying CSS: fxgl_dark.css
22:10:28.229 [FXGL Background Thread 1 ] DEBUG FXGLAssetLoaderServi - Loading from file system: jar:file:/home/chris/.m2/repository/com/github/almasb/fxgl/17.2/fxgl-17.2.jar!/fxglassets/ui/css/fxgl_dark.css
22:10:28.291 [FXGL Background Thread 1 ] DEBUG GameApplicationServi - Initializing application scenes
22:10:28.341 [FXGL Background Thread 1 ] DEBUG GameWorld            - Game world initialized
22:10:28.385 [FXGL Background Thread 1 ] DEBUG PhysicsWorld         - Physics world initialized: appHeight=670, physics.ppm=50.0
22:10:28.386 [FXGL Background Thread 1 ] DEBUG PhysicsWorld         - Using strategy: BRUTE_FORCE
22:10:28.390 [FXGL Background Thread 1 ] DEBUG GameScene            - Game scene initialized: 850x670
22:10:28.403 [FXGL Background Thread 1 ] DEBUG FXGL.DefaultMenu     - createMenuBodyGameMenu()
22:10:28.418 [FXGL Background Thread 1 ] DEBUG FXGL.DefaultMenu     - createOptionsMenu()
22:10:28.430 [FXGL Background Thread 1 ] DEBUG FXGLAssetLoaderServi - Loading from file system: jar:file:/home/chris/.m2/repository/com/github/almasb/fxgl/17.2/fxgl-17.2.jar!/fxglassets/textures/particles/smoke.png
22:10:28.535 [FXGL Background Thread 1 ] DEBUG FXGLAssetLoaderServi - Loading from file system: jar:file:/home/chris/.m2/repository/com/github/almasb/fxgl/17.2/fxgl-17.2.jar!/fxglassets/textures/particles/trace_horizontal.png
22:10:28.562 [FXGL Background Thread 1 ] DEBUG GameApplicationServi - Application scenes initialized
22:10:28.575 [FXGL Background Thread 1 ] DEBUG SystemBundleService  - Loading FXGL system data
22:10:28.576 [FXGL Background Thread 1 ] DEBUG FileSystemAccess     - Reading from: /home/chris/IdeaProjects/RestaurantSimulator/system/fxgl.bundle
22:10:28.579 [FXGL Background Thread 1 ] DEBUG SystemBundleService  - Bundle FXGL: {}
22:10:28.580 [FXGL Background Thread 1 ] DEBUG UpdaterService       - Checking for updates
22:10:28.584 [FXGL Background Thread 4 ] DEBUG FXGLApplication      - Loading fonts
22:10:28.585 [FXGL Background Thread 1 ] DEBUG FXGLApplication      - Loading default localization
22:10:28.586 [FXGL Background Thread 1 ] DEBUG FXGLAssetLoaderServi - Loading from file system: jar:file:/home/chris/.m2/repository/com/github/almasb/fxgl/17.2/fxgl-17.2.jar!/fxglassets/languages/english.lang
22:10:28.593 [FXGL Background Thread 4 ] DEBUG FXGLAssetLoaderServi - Loading from file system: jar:file:/home/chris/.m2/repository/com/github/almasb/fxgl/17.2/fxgl-17.2.jar!/fxglassets/ui/fonts/Abel-Regular.ttf
22:10:28.597 [FXGL Background Thread 4 ] DEBUG FXGLAssetLoaderServi - Loading from file system: jar:file:/home/chris/.m2/repository/com/github/almasb/fxgl/17.2/fxgl-17.2.jar!/fxglassets/ui/fonts/TerminalLandMono-Regular.otf
22:10:28.600 [FXGL Background Thread 4 ] DEBUG FXGLAssetLoaderServi - Loading from file system: jar:file:/home/chris/.m2/repository/com/github/almasb/fxgl/17.2/fxgl-17.2.jar!/fxglassets/ui/fonts/Courier-Prime.ttf
22:10:28.602 [FXGL Background Thread 1 ] INFO  FXGLApplication      - FXGL initialization took: 0.403 sec
22:10:28.604 [JavaFX Application Thread] DEBUG FXGLAssetLoaderServi - Loading from file system: jar:file:/home/chris/.m2/repository/com/github/almasb/fxgl/17.2/fxgl-17.2.jar!/fxglassets/textures/fxgl_icon.png
22:10:28.643 [JavaFX Application Thread] DEBUG FXGLAssetLoaderServi - Loading from file system: jar:file:/home/chris/.m2/repository/com/github/almasb/fxgl/17.2/fxgl-17.2.jar!/fxglassets/textures/fxgl_default_cursor.png
22:10:28.664 [JavaFX Application Thread] DEBUG Input                - Registered new binding: Screenshot - CTRL+8
22:10:28.665 [JavaFX Application Thread] DEBUG Input                - Registered new binding: System info dump - CTRL+9
22:10:28.665 [JavaFX Application Thread] DEBUG Input                - Registered new binding: Restart - CTRL+R
22:10:28.668 [JavaFX Application Thread] DEBUG Input                - Registered new binding: Toggle Debug Camera - CTRL+7
22:10:28.671 [JavaFX Application Thread] DEBUG LoopRunner           - Starting loop
22:10:28.671 [JavaFX Application Thread] DEBUG LoopRunner           - Initializing JavaFX AnimationTimerLoop
22:10:28.673 [JavaFX Application Thread] DEBUG GameApplicationServi - Starting new game
22:10:28.674 [JavaFX Application Thread] DEBUG Input                - Clearing active input actions
22:10:28.688 [JavaFX Application Thread] DEBUG GameApplicationServi - Removing overlay from FXGLStartupScene and adding to FXGLLoadingScene
22:10:28.689 [JavaFX Application Thread] DEBUG PrimaryStageWindow   - FXGLStartupScene -> FXGLLoadingScene
22:10:28.689 [JavaFX Application Thread] DEBUG GameApplicationServi - Clearing previous game
22:10:28.689 [JavaFX Application Thread] DEBUG GameScene            - Clearing game scene
22:10:28.689 [JavaFX Application Thread] DEBUG GameWorld            - Clearing game world
22:10:28.689 [JavaFX Application Thread] DEBUG PhysicsWorld         - Clearing physics world
22:10:28.691 [JavaFX Application Thread] DEBUG FXGLApplication      - Registering font factories with UI factory
22:10:28.691 [FXGL Background Thread 4 ] DEBUG FXGLApplication      - Initializing game
22:10:28.904 [FXGL Background Thread 4 ] DEBUG FXGLAssetLoaderServi - Loading from file system: file:/home/chris/IdeaProjects/RestaurantSimulator/target/classes/assets/textures/cooker.png
22:10:28.914 [FXGL Background Thread 4 ] INFO  FXGLApplication      - Game initialization took: 0.223 sec
22:10:28.915 [JavaFX Application Thread] DEBUG Input                - Clearing active input actions
22:10:28.939 [JavaFX Application Thread] DEBUG GameApplicationServi - Removing overlay from FXGLLoadingScene and adding to GameScene
22:10:28.939 [JavaFX Application Thread] DEBUG PrimaryStageWindow   - FXGLLoadingScene -> GameScene
22:10:29.335 [FXGL Background Thread 2 ] INFO  UpdaterService       - Your current version:  17.2
22:10:29.337 [FXGL Background Thread 2 ] INFO  UpdaterService       - Latest stable version: 21.1
22:10:31.583 [FXGL Background Thread 3 ] DEBUG Engine               - Logging environment variables
22:10:31.585 [FXGL Background Thread 3 ] DEBUG Engine               - achievements: []
22:10:31.585 [FXGL Background Thread 3 ] DEBUG Engine               - actualHeight: 641.0
22:10:31.585 [FXGL Background Thread 3 ] DEBUG Engine               - actualHeightProperty: ReadOnlyDoubleProperty [value: 677.0]
22:10:31.586 [FXGL Background Thread 3 ] DEBUG Engine               - actualWidth: 848.0
22:10:31.586 [FXGL Background Thread 3 ] DEBUG Engine               - actualWidthProperty: ReadOnlyDoubleProperty [value: 850.0]
22:10:31.586 [FXGL Background Thread 3 ] DEBUG Engine               - appIcon: fxgl_icon.png
22:10:31.586 [FXGL Background Thread 3 ] DEBUG Engine               - applicationMode: DEVELOPER
22:10:31.587 [FXGL Background Thread 3 ] DEBUG Engine               - cSSList: [fxgl_dark.css]
22:10:31.587 [FXGL Background Thread 3 ] DEBUG Engine               - collisionDetectionStrategy: BRUTE_FORCE
22:10:31.587 [FXGL Background Thread 3 ] DEBUG Engine               - configClass: Optional.empty
22:10:31.587 [FXGL Background Thread 3 ] DEBUG Engine               - credits: []
22:10:31.588 [FXGL Background Thread 3 ] DEBUG Engine               - defaultCursor: CursorInfo(imageName=fxgl_default_cursor.png, hotspotX=7.0, hotspotY=6.0)
22:10:31.589 [FXGL Background Thread 3 ] DEBUG Engine               - devBBoxColorProperty: ObjectProperty [value: 0xff0000ff]
22:10:31.589 [FXGL Background Thread 3 ] DEBUG Engine               - devEnableDebugCameraProperty: BooleanProperty [value: false]
22:10:31.589 [FXGL Background Thread 3 ] DEBUG Engine               - devSensorColorProperty: ObjectProperty [value: 0xffff00ff]
22:10:31.589 [FXGL Background Thread 3 ] DEBUG Engine               - devShowBBoxProperty: BooleanProperty [value: false]
22:10:31.589 [FXGL Background Thread 3 ] DEBUG Engine               - devShowPositionProperty: BooleanProperty [value: false]
22:10:31.590 [FXGL Background Thread 3 ] DEBUG Engine               - enabledMenuItems: []
22:10:31.590 [FXGL Background Thread 3 ] DEBUG Engine               - engineServices: [class com.almasb.fxgl.app.services.FXGLAssetLoaderService, class com.almasb.fxgl.app.FXGLApplication$GameApplicationService, class com.almasb.fxgl.app.services.FXGLDialogService, class com.almasb.fxgl.app.services.IOTaskExecutorService, class com.almasb.fxgl.io.FileSystemService, class com.almasb.fxgl.localization.LocalizationService, class com.almasb.fxgl.app.services.SystemBundleService, class com.almasb.fxgl.profile.SaveLoadService, class com.almasb.fxgl.ui.FXGLUIFactoryServiceProvider, class com.almasb.fxgl.ui.FXGLDialogFactoryServiceProvider, class com.almasb.fxgl.audio.AudioPlayer, class com.almasb.fxgl.notification.impl.NotificationServiceProvider, class com.almasb.fxgl.achievement.AchievementService, class com.almasb.fxgl.cutscene.CutsceneService, class com.almasb.fxgl.minigames.MiniGameService, class com.almasb.fxgl.net.NetService, class com.almasb.fxgl.app.services.UpdaterService, class com.almasb.fxgl.dev.DevService]
22:10:31.590 [FXGL Background Thread 3 ] DEBUG Engine               - fontGame: Abel-Regular.ttf
22:10:31.590 [FXGL Background Thread 3 ] DEBUG Engine               - fontMono: TerminalLandMono-Regular.otf
22:10:31.590 [FXGL Background Thread 3 ] DEBUG Engine               - fontText: Courier-Prime.ttf
22:10:31.591 [FXGL Background Thread 3 ] DEBUG Engine               - fontUI: VarelaRound-Regular.ttf
22:10:31.591 [FXGL Background Thread 3 ] DEBUG Engine               - fullScreen: BooleanProperty [value: false]
22:10:31.591 [FXGL Background Thread 3 ] DEBUG Engine               - gameDifficulty: MEDIUM
22:10:31.591 [FXGL Background Thread 3 ] DEBUG Engine               - gameDifficultyProperty: ObjectProperty [value: MEDIUM]
22:10:31.592 [FXGL Background Thread 3 ] DEBUG Engine               - globalMusicVolume: 0.5
22:10:31.592 [FXGL Background Thread 3 ] DEBUG Engine               - globalMusicVolumeProperty: DoubleProperty [value: 0.5]
22:10:31.593 [FXGL Background Thread 3 ] DEBUG Engine               - globalSoundVolume: 0.5
22:10:31.593 [FXGL Background Thread 3 ] DEBUG Engine               - globalSoundVolumeProperty: DoubleProperty [value: 0.5]
22:10:31.593 [FXGL Background Thread 3 ] DEBUG Engine               - height: 670
22:10:31.593 [FXGL Background Thread 3 ] DEBUG Engine               - is3D: false
22:10:31.594 [FXGL Background Thread 3 ] DEBUG Engine               - isAndroid: false
22:10:31.594 [FXGL Background Thread 3 ] DEBUG Engine               - isBrowser: false
22:10:31.594 [FXGL Background Thread 3 ] DEBUG Engine               - isClickFeedbackEnabled: false
22:10:31.594 [FXGL Background Thread 3 ] DEBUG Engine               - isCloseConfirmation: false
22:10:31.594 [FXGL Background Thread 3 ] DEBUG Engine               - isDesktop: true
22:10:31.595 [FXGL Background Thread 3 ] DEBUG Engine               - isDeveloperMenuEnabled: false
22:10:31.595 [FXGL Background Thread 3 ] DEBUG Engine               - isEmbedded: false
22:10:31.595 [FXGL Background Thread 3 ] DEBUG Engine               - isEntityPreloadEnabled: true
22:10:31.596 [FXGL Background Thread 3 ] DEBUG Engine               - isExperimentalTiledLargeMap: false
22:10:31.596 [FXGL Background Thread 3 ] DEBUG Engine               - isFileSystemWriteAllowed: true
22:10:31.596 [FXGL Background Thread 3 ] DEBUG Engine               - isFullScreenAllowed: false
22:10:31.597 [FXGL Background Thread 3 ] DEBUG Engine               - isFullScreenFromStart: false
22:10:31.597 [FXGL Background Thread 3 ] DEBUG Engine               - isGameMenuEnabled: true
22:10:31.597 [FXGL Background Thread 3 ] DEBUG Engine               - isIOS: false
22:10:31.597 [FXGL Background Thread 3 ] DEBUG Engine               - isIntroEnabled: false
22:10:31.597 [FXGL Background Thread 3 ] DEBUG Engine               - isLinux: true
22:10:31.598 [FXGL Background Thread 3 ] DEBUG Engine               - isMac: false
22:10:31.598 [FXGL Background Thread 3 ] DEBUG Engine               - isMainMenuEnabled: false
22:10:31.598 [FXGL Background Thread 3 ] DEBUG Engine               - isManualResizeEnabled: false
22:10:31.598 [FXGL Background Thread 3 ] DEBUG Engine               - isMobile: false
22:10:31.598 [FXGL Background Thread 3 ] DEBUG Engine               - isNative: false
22:10:31.598 [FXGL Background Thread 3 ] DEBUG Engine               - isPauseMusicWhenMinimized: true
22:10:31.599 [FXGL Background Thread 3 ] DEBUG Engine               - isPreserveResizeRatio: false
22:10:31.599 [FXGL Background Thread 3 ] DEBUG Engine               - isProfilingEnabled: false
22:10:31.599 [FXGL Background Thread 3 ] DEBUG Engine               - isScaleAffectedOnResize: true
22:10:31.599 [FXGL Background Thread 3 ] DEBUG Engine               - isSingleStep: false
22:10:31.599 [FXGL Background Thread 3 ] DEBUG Engine               - isUserProfileEnabled: false
22:10:31.599 [FXGL Background Thread 3 ] DEBUG Engine               - isWindows: false
22:10:31.600 [FXGL Background Thread 3 ] DEBUG Engine               - language: ObjectProperty [value: ENGLISH]
22:10:31.600 [FXGL Background Thread 3 ] DEBUG Engine               - menuKey: ESCAPE
22:10:31.600 [FXGL Background Thread 3 ] DEBUG Engine               - mouseSensitivity: 0.2
22:10:31.600 [FXGL Background Thread 3 ] DEBUG Engine               - notificationViewClass: class com.almasb.fxgl.notification.view.XboxNotificationView
22:10:31.600 [FXGL Background Thread 3 ] DEBUG Engine               - pixelsPerMeter: 50.0
22:10:31.600 [FXGL Background Thread 3 ] DEBUG Engine               - platform: LINUX
22:10:31.601 [FXGL Background Thread 3 ] DEBUG Engine               - prefHeightProperty: ReadOnlyDoubleProperty [value: 670.0]
22:10:31.601 [FXGL Background Thread 3 ] DEBUG Engine               - prefWidthProperty: ReadOnlyDoubleProperty [value: 850.0]
22:10:31.601 [FXGL Background Thread 3 ] DEBUG Engine               - profileDir: profiles/
22:10:31.601 [FXGL Background Thread 3 ] DEBUG Engine               - profileName: StringProperty [value: DEFAULT]
22:10:31.601 [FXGL Background Thread 3 ] DEBUG Engine               - randomSeed: -1
22:10:31.602 [FXGL Background Thread 3 ] DEBUG Engine               - runtimeInfo: RuntimeInfo(platform=LINUX, version=17.2, build=20.08.2022 16.50)
22:10:31.602 [FXGL Background Thread 3 ] DEBUG Engine               - saveFileExt: sav
22:10:31.602 [FXGL Background Thread 3 ] DEBUG Engine               - scaledHeightProp$fxgl: DoubleProperty [bound, value: 677.0]
22:10:31.602 [FXGL Background Thread 3 ] DEBUG Engine               - scaledWidthProp$fxgl: DoubleProperty [bound, value: 850.0]
22:10:31.602 [FXGL Background Thread 3 ] DEBUG Engine               - sceneFactory: com.almasb.fxgl.app.scene.SceneFactory@64143741
22:10:31.603 [FXGL Background Thread 3 ] DEBUG Engine               - secondsIn24h: 60
22:10:31.603 [FXGL Background Thread 3 ] DEBUG Engine               - soundMenuBack: menu/back.wav
22:10:31.603 [FXGL Background Thread 3 ] DEBUG Engine               - soundMenuPress: menu/press.wav
22:10:31.603 [FXGL Background Thread 3 ] DEBUG Engine               - soundMenuSelect: menu/select.wav
22:10:31.603 [FXGL Background Thread 3 ] DEBUG Engine               - soundNotification: core/notification.wav
22:10:31.603 [FXGL Background Thread 3 ] DEBUG Engine               - stageStyle: DECORATED
22:10:31.603 [FXGL Background Thread 3 ] DEBUG Engine               - supportedLanguages: [ENGLISH, FRENCH, GERMAN, HUNGARIAN, RUSSIAN]
22:10:31.603 [FXGL Background Thread 3 ] DEBUG Engine               - ticksPerSecond: -1
22:10:31.603 [FXGL Background Thread 3 ] DEBUG Engine               - title: Restaurant Game
22:10:31.603 [FXGL Background Thread 3 ] DEBUG Engine               - urlGithub: https://github.com/AlmasB/FXGL
22:10:31.603 [FXGL Background Thread 3 ] DEBUG Engine               - urlLeaderboard: http://fxgl-top.herokuapp.com/
22:10:31.604 [FXGL Background Thread 3 ] DEBUG Engine               - urlPOM: https://raw.githubusercontent.com/AlmasB/FXGL/release/README.md
22:10:31.604 [FXGL Background Thread 3 ] DEBUG Engine               - userAppClass: class fxglapp.FXGLGameApp
22:10:31.604 [FXGL Background Thread 3 ] DEBUG Engine               - version: 0.0
22:10:31.604 [FXGL Background Thread 3 ] DEBUG Engine               - versionCheckDays: 7
22:10:31.604 [FXGL Background Thread 3 ] DEBUG Engine               - width: 850
22:10:31.604 [FXGL Background Thread 3 ] DEBUG Engine               - Logging services
22:10:31.604 [FXGL Background Thread 3 ] DEBUG Engine               - class com.almasb.fxgl.app.services.FXGLAssetLoaderService
22:10:31.604 [FXGL Background Thread 3 ] DEBUG Engine               - class com.almasb.fxgl.app.FXGLApplication$GameApplicationService
22:10:31.604 [FXGL Background Thread 3 ] DEBUG Engine               - class com.almasb.fxgl.app.services.FXGLDialogService
22:10:31.604 [FXGL Background Thread 3 ] DEBUG Engine               - class com.almasb.fxgl.app.services.IOTaskExecutorService
22:10:31.604 [FXGL Background Thread 3 ] DEBUG Engine               - class com.almasb.fxgl.io.FileSystemService
22:10:31.605 [FXGL Background Thread 3 ] DEBUG Engine               - class com.almasb.fxgl.localization.LocalizationService
22:10:31.605 [FXGL Background Thread 3 ] DEBUG Engine               - class com.almasb.fxgl.app.services.SystemBundleService
22:10:31.605 [FXGL Background Thread 3 ] DEBUG Engine               - class com.almasb.fxgl.profile.SaveLoadService
22:10:31.605 [FXGL Background Thread 3 ] DEBUG Engine               - class com.almasb.fxgl.ui.FXGLUIFactoryServiceProvider
22:10:31.605 [FXGL Background Thread 3 ] DEBUG Engine               - class com.almasb.fxgl.ui.FXGLDialogFactoryServiceProvider
22:10:31.605 [FXGL Background Thread 3 ] DEBUG Engine               - class com.almasb.fxgl.audio.AudioPlayer
22:10:31.605 [FXGL Background Thread 3 ] DEBUG Engine               - class com.almasb.fxgl.notification.impl.NotificationServiceProvider
22:10:31.606 [FXGL Background Thread 3 ] DEBUG Engine               - class com.almasb.fxgl.achievement.AchievementService
22:10:31.606 [FXGL Background Thread 3 ] DEBUG Engine               - class com.almasb.fxgl.cutscene.CutsceneService
22:10:31.606 [FXGL Background Thread 3 ] DEBUG Engine               - class com.almasb.fxgl.minigames.MiniGameService
22:10:31.606 [FXGL Background Thread 3 ] DEBUG Engine               - class com.almasb.fxgl.net.NetService
22:10:31.606 [FXGL Background Thread 3 ] DEBUG Engine               - class com.almasb.fxgl.app.services.UpdaterService
22:10:31.606 [FXGL Background Thread 3 ] DEBUG Engine               - class com.almasb.fxgl.dev.DevService
22:13:13.989 [JavaFX Application Thread] DEBUG FXGLApplication      - Exiting FXGL
22:13:13.990 [JavaFX Application Thread] DEBUG LoopRunner           - Stopping loop
22:13:13.991 [JavaFX Application Thread] DEBUG SystemBundleService  - Saving FXGL system data
22:13:13.998 [JavaFX Application Thread] DEBUG FileSystemAccess     - Writing to: /home/chris/IdeaProjects/RestaurantSimulator/system/fxgl.bundle
22:13:14.002 [JavaFX Application Thread] DEBUG Async                - Shutting down background threads
22:13:14.003 [JavaFX Application Thread] DEBUG PrimaryStageWindow   - Closing main window
22:13:14.029 [JavaFX Application Thread] DEBUG Logger               - Closing Logger
