08:29:15.775 [main                     ] DEBUG Logger               - Configured Logger
08:29:15.806 [main                     ] DEBUG GameApplication      - Logging settings
Title: Restaurant Game
Version: 0.0
Width: 850
Height: 670
Fullscreen: false
Intro: false
Profiling: false
Single step:false
App Mode: DEVELOPER
Menu Key: ESCAPE
Stage Style: DECORATED
Scene Factory: class com.almasb.fxgl.app.scene.SceneFactory

08:29:16.254 [JavaFX Application Thread] DEBUG FXGLApplication      - Initializing FXGL
08:29:16.265 [JavaFX Application Thread] INFO  Engine               - FXGL-17.2 (20.08.2022 16.50) on LINUX (J:17.0.13 FX:18)
08:29:16.266 [JavaFX Application Thread] DEBUG Engine               - JRE Vendor Name: Red Hat, Inc.
08:29:16.267 [JavaFX Application Thread] DEBUG Engine               - Running on OS: Linux version 6.11.6-200.fc40.x86_64
08:29:16.267 [JavaFX Application Thread] DEBUG Engine               - Architecture: amd64
08:29:16.267 [JavaFX Application Thread] INFO  Engine               - Source code and latest versions at: https://github.com/AlmasB/FXGL
08:29:16.267 [JavaFX Application Thread] INFO  Engine               -       Ask questions and discuss at: https://github.com/AlmasB/FXGL/discussions
08:29:16.268 [JavaFX Application Thread] INFO  Engine               -              Join the FXGL chat at: https://gitter.im/AlmasB/FXGL
08:29:16.385 [JavaFX Application Thread] DEBUG PrimaryStageWindow   - Creating a JavaFX scene
08:29:16.481 [JavaFX Application Thread] DEBUG PrimaryStageWindow   - Target settings size: 850.0 x 670.0
08:29:16.482 [JavaFX Application Thread] DEBUG PrimaryStageWindow   - Scaled scene size:    850.0 x 670.0
08:29:16.482 [JavaFX Application Thread] DEBUG PrimaryStageWindow   - Scaled ratio: (1.0, 1.0)
08:29:16.484 [JavaFX Application Thread] DEBUG PrimaryStageWindow   - Set initial scene to FXGLStartupScene
08:29:16.493 [JavaFX Application Thread] DEBUG PrimaryStageWindow   - Opening main window
08:29:16.548 [JavaFX Application Thread] DEBUG PrimaryStageWindow   - Window border size: (2.0, 29.0)
08:29:16.549 [JavaFX Application Thread] DEBUG PrimaryStageWindow   - Scaled size: 850.0 x 670.0
08:29:16.549 [JavaFX Application Thread] DEBUG PrimaryStageWindow   - Scaled ratio: (1.0, 1.0)
08:29:16.550 [JavaFX Application Thread] DEBUG PrimaryStageWindow   - Scene size: 850.0 x 670.0
08:29:16.550 [JavaFX Application Thread] DEBUG PrimaryStageWindow   - Stage size: 852.0 x 699.0
08:29:16.558 [FXGL Background Thread 1 ] DEBUG Engine               - Initializing environment variables
08:29:16.592 [FXGL Background Thread 1 ] DEBUG FXGLAssetLoaderServi - User app class for loading assets: class fxglapp.FXGLGameApp
08:29:16.592 [FXGL Background Thread 1 ] DEBUG GameApplicationServi - Applying CSS: fxgl_dark.css
08:29:16.593 [FXGL Background Thread 1 ] DEBUG FXGLAssetLoaderServi - Loading from file system: jar:file:/home/chris/.m2/repository/com/github/almasb/fxgl/17.2/fxgl-17.2.jar!/fxglassets/ui/css/fxgl_dark.css
08:29:16.647 [FXGL Background Thread 1 ] DEBUG GameApplicationServi - Initializing application scenes
08:29:16.701 [FXGL Background Thread 1 ] DEBUG GameWorld            - Game world initialized
08:29:16.759 [FXGL Background Thread 1 ] DEBUG PhysicsWorld         - Physics world initialized: appHeight=670, physics.ppm=50.0
08:29:16.760 [FXGL Background Thread 1 ] DEBUG PhysicsWorld         - Using strategy: BRUTE_FORCE
08:29:16.767 [FXGL Background Thread 1 ] DEBUG GameScene            - Game scene initialized: 850x670
08:29:16.784 [FXGL Background Thread 1 ] DEBUG FXGL.DefaultMenu     - createMenuBodyGameMenu()
08:29:16.805 [FXGL Background Thread 1 ] DEBUG FXGL.DefaultMenu     - createOptionsMenu()
08:29:16.834 [FXGL Background Thread 1 ] DEBUG FXGLAssetLoaderServi - Loading from file system: jar:file:/home/chris/.m2/repository/com/github/almasb/fxgl/17.2/fxgl-17.2.jar!/fxglassets/textures/particles/smoke.png
08:29:16.940 [FXGL Background Thread 1 ] DEBUG FXGLAssetLoaderServi - Loading from file system: jar:file:/home/chris/.m2/repository/com/github/almasb/fxgl/17.2/fxgl-17.2.jar!/fxglassets/textures/particles/trace_horizontal.png
08:29:16.971 [FXGL Background Thread 1 ] DEBUG GameApplicationServi - Application scenes initialized
08:29:16.983 [FXGL Background Thread 1 ] DEBUG SystemBundleService  - Loading FXGL system data
08:29:16.985 [FXGL Background Thread 1 ] DEBUG FileSystemAccess     - Reading from: /home/chris/IdeaProjects/RestaurantSimulator/system/fxgl.bundle
08:29:16.987 [FXGL Background Thread 1 ] DEBUG SystemBundleService  - Bundle FXGL: {}
08:29:16.988 [FXGL Background Thread 1 ] DEBUG UpdaterService       - Checking for updates
08:29:16.992 [FXGL Background Thread 4 ] DEBUG FXGLApplication      - Loading fonts
08:29:16.992 [FXGL Background Thread 1 ] DEBUG FXGLApplication      - Loading default localization
08:29:16.993 [FXGL Background Thread 4 ] DEBUG FXGLAssetLoaderServi - Loading from file system: jar:file:/home/chris/.m2/repository/com/github/almasb/fxgl/17.2/fxgl-17.2.jar!/fxglassets/ui/fonts/VarelaRound-Regular.ttf
08:29:16.993 [FXGL Background Thread 1 ] DEBUG FXGLAssetLoaderServi - Loading from file system: jar:file:/home/chris/.m2/repository/com/github/almasb/fxgl/17.2/fxgl-17.2.jar!/fxglassets/languages/english.lang
08:29:17.000 [FXGL Background Thread 4 ] DEBUG FXGLAssetLoaderServi - Loading from file system: jar:file:/home/chris/.m2/repository/com/github/almasb/fxgl/17.2/fxgl-17.2.jar!/fxglassets/ui/fonts/Abel-Regular.ttf
08:29:17.002 [FXGL Background Thread 4 ] DEBUG FXGLAssetLoaderServi - Loading from file system: jar:file:/home/chris/.m2/repository/com/github/almasb/fxgl/17.2/fxgl-17.2.jar!/fxglassets/ui/fonts/TerminalLandMono-Regular.otf
08:29:17.005 [FXGL Background Thread 4 ] DEBUG FXGLAssetLoaderServi - Loading from file system: jar:file:/home/chris/.m2/repository/com/github/almasb/fxgl/17.2/fxgl-17.2.jar!/fxglassets/ui/fonts/Courier-Prime.ttf
08:29:17.007 [FXGL Background Thread 1 ] INFO  FXGLApplication      - FXGL initialization took: 0.448 sec
08:29:17.008 [JavaFX Application Thread] DEBUG FXGLAssetLoaderServi - Loading from file system: jar:file:/home/chris/.m2/repository/com/github/almasb/fxgl/17.2/fxgl-17.2.jar!/fxglassets/textures/fxgl_icon.png
08:29:17.042 [JavaFX Application Thread] DEBUG FXGLAssetLoaderServi - Loading from file system: jar:file:/home/chris/.m2/repository/com/github/almasb/fxgl/17.2/fxgl-17.2.jar!/fxglassets/textures/fxgl_default_cursor.png
08:29:17.063 [JavaFX Application Thread] DEBUG Input                - Registered new binding: Screenshot - CTRL+8
08:29:17.064 [JavaFX Application Thread] DEBUG Input                - Registered new binding: System info dump - CTRL+9
08:29:17.064 [JavaFX Application Thread] DEBUG Input                - Registered new binding: Restart - CTRL+R
08:29:17.065 [JavaFX Application Thread] DEBUG Input                - Registered new binding: Toggle Debug Camera - CTRL+7
08:29:17.066 [JavaFX Application Thread] DEBUG LoopRunner           - Starting loop
08:29:17.067 [JavaFX Application Thread] DEBUG LoopRunner           - Initializing JavaFX AnimationTimerLoop
08:29:17.068 [JavaFX Application Thread] DEBUG GameApplicationServi - Starting new game
08:29:17.068 [JavaFX Application Thread] DEBUG Input                - Clearing active input actions
08:29:17.080 [JavaFX Application Thread] DEBUG GameApplicationServi - Removing overlay from FXGLStartupScene and adding to FXGLLoadingScene
08:29:17.081 [JavaFX Application Thread] DEBUG PrimaryStageWindow   - FXGLStartupScene -> FXGLLoadingScene
08:29:17.081 [JavaFX Application Thread] DEBUG GameApplicationServi - Clearing previous game
08:29:17.081 [JavaFX Application Thread] DEBUG GameScene            - Clearing game scene
08:29:17.081 [JavaFX Application Thread] DEBUG GameWorld            - Clearing game world
08:29:17.082 [JavaFX Application Thread] DEBUG PhysicsWorld         - Clearing physics world
08:29:17.084 [JavaFX Application Thread] DEBUG FXGLApplication      - Registering font factories with UI factory
08:29:17.084 [FXGL Background Thread 4 ] DEBUG FXGLApplication      - Initializing game
08:29:17.166 [FXGL Background Thread 2 ] WARN  UpdaterService       - Failed to find updates: java.net.UnknownHostException: raw.githubusercontent.com
08:29:17.278 [FXGL Background Thread 4 ] INFO  FXGLApplication      - Game initialization took: 0.193 sec
08:29:17.282 [JavaFX Application Thread] DEBUG Input                - Clearing active input actions
08:29:17.309 [JavaFX Application Thread] DEBUG GameApplicationServi - Removing overlay from FXGLLoadingScene and adding to GameScene
08:29:17.309 [JavaFX Application Thread] DEBUG PrimaryStageWindow   - FXGLLoadingScene -> GameScene
08:29:19.991 [FXGL Background Thread 3 ] DEBUG Engine               - Logging environment variables
08:29:19.993 [FXGL Background Thread 3 ] DEBUG Engine               - achievements: []
08:29:19.993 [FXGL Background Thread 3 ] DEBUG Engine               - actualHeight: -28.0
08:29:19.993 [FXGL Background Thread 3 ] DEBUG Engine               - actualHeightProperty: ReadOnlyDoubleProperty [value: 677.0]
08:29:19.994 [FXGL Background Thread 3 ] DEBUG Engine               - actualWidth: -1.0
08:29:19.994 [FXGL Background Thread 3 ] DEBUG Engine               - actualWidthProperty: ReadOnlyDoubleProperty [value: 850.0]
08:29:19.994 [FXGL Background Thread 3 ] DEBUG Engine               - appIcon: fxgl_icon.png
08:29:19.994 [FXGL Background Thread 3 ] DEBUG Engine               - applicationMode: DEVELOPER
08:29:19.995 [FXGL Background Thread 3 ] DEBUG Engine               - cSSList: [fxgl_dark.css]
08:29:19.995 [FXGL Background Thread 3 ] DEBUG Engine               - collisionDetectionStrategy: BRUTE_FORCE
08:29:19.995 [FXGL Background Thread 3 ] DEBUG Engine               - configClass: Optional.empty
08:29:19.995 [FXGL Background Thread 3 ] DEBUG Engine               - credits: []
08:29:19.996 [FXGL Background Thread 3 ] DEBUG Engine               - defaultCursor: CursorInfo(imageName=fxgl_default_cursor.png, hotspotX=7.0, hotspotY=6.0)
08:29:19.996 [FXGL Background Thread 3 ] DEBUG Engine               - devBBoxColorProperty: ObjectProperty [value: 0xff0000ff]
08:29:19.996 [FXGL Background Thread 3 ] DEBUG Engine               - devEnableDebugCameraProperty: BooleanProperty [value: false]
08:29:19.997 [FXGL Background Thread 3 ] DEBUG Engine               - devSensorColorProperty: ObjectProperty [value: 0xffff00ff]
08:29:19.997 [FXGL Background Thread 3 ] DEBUG Engine               - devShowBBoxProperty: BooleanProperty [value: false]
08:29:19.997 [FXGL Background Thread 3 ] DEBUG Engine               - devShowPositionProperty: BooleanProperty [value: false]
08:29:19.997 [FXGL Background Thread 3 ] DEBUG Engine               - enabledMenuItems: []
08:29:19.997 [FXGL Background Thread 3 ] DEBUG Engine               - engineServices: [class com.almasb.fxgl.app.services.FXGLAssetLoaderService, class com.almasb.fxgl.app.FXGLApplication$GameApplicationService, class com.almasb.fxgl.app.services.FXGLDialogService, class com.almasb.fxgl.app.services.IOTaskExecutorService, class com.almasb.fxgl.io.FileSystemService, class com.almasb.fxgl.localization.LocalizationService, class com.almasb.fxgl.app.services.SystemBundleService, class com.almasb.fxgl.profile.SaveLoadService, class com.almasb.fxgl.ui.FXGLUIFactoryServiceProvider, class com.almasb.fxgl.ui.FXGLDialogFactoryServiceProvider, class com.almasb.fxgl.audio.AudioPlayer, class com.almasb.fxgl.notification.impl.NotificationServiceProvider, class com.almasb.fxgl.achievement.AchievementService, class com.almasb.fxgl.cutscene.CutsceneService, class com.almasb.fxgl.minigames.MiniGameService, class com.almasb.fxgl.net.NetService, class com.almasb.fxgl.app.services.UpdaterService, class com.almasb.fxgl.dev.DevService]
08:29:19.998 [FXGL Background Thread 3 ] DEBUG Engine               - fontGame: Abel-Regular.ttf
08:29:19.998 [FXGL Background Thread 3 ] DEBUG Engine               - fontMono: TerminalLandMono-Regular.otf
08:29:19.998 [FXGL Background Thread 3 ] DEBUG Engine               - fontText: Courier-Prime.ttf
08:29:19.998 [FXGL Background Thread 3 ] DEBUG Engine               - fontUI: VarelaRound-Regular.ttf
08:29:19.998 [FXGL Background Thread 3 ] DEBUG Engine               - fullScreen: BooleanProperty [value: false]
08:29:19.998 [FXGL Background Thread 3 ] DEBUG Engine               - gameDifficulty: MEDIUM
08:29:19.999 [FXGL Background Thread 3 ] DEBUG Engine               - gameDifficultyProperty: ObjectProperty [value: MEDIUM]
08:29:19.999 [FXGL Background Thread 3 ] DEBUG Engine               - globalMusicVolume: 0.5
08:29:19.999 [FXGL Background Thread 3 ] DEBUG Engine               - globalMusicVolumeProperty: DoubleProperty [value: 0.5]
08:29:19.999 [FXGL Background Thread 3 ] DEBUG Engine               - globalSoundVolume: 0.5
08:29:20.000 [FXGL Background Thread 3 ] DEBUG Engine               - globalSoundVolumeProperty: DoubleProperty [value: 0.5]
08:29:20.000 [FXGL Background Thread 3 ] DEBUG Engine               - height: 670
08:29:20.000 [FXGL Background Thread 3 ] DEBUG Engine               - is3D: false
08:29:20.000 [FXGL Background Thread 3 ] DEBUG Engine               - isAndroid: false
08:29:20.000 [FXGL Background Thread 3 ] DEBUG Engine               - isBrowser: false
08:29:20.000 [FXGL Background Thread 3 ] DEBUG Engine               - isClickFeedbackEnabled: false
08:29:20.000 [FXGL Background Thread 3 ] DEBUG Engine               - isCloseConfirmation: false
08:29:20.001 [FXGL Background Thread 3 ] DEBUG Engine               - isDesktop: true
08:29:20.001 [FXGL Background Thread 3 ] DEBUG Engine               - isDeveloperMenuEnabled: false
08:29:20.001 [FXGL Background Thread 3 ] DEBUG Engine               - isEmbedded: false
08:29:20.001 [FXGL Background Thread 3 ] DEBUG Engine               - isEntityPreloadEnabled: true
08:29:20.001 [FXGL Background Thread 3 ] DEBUG Engine               - isExperimentalTiledLargeMap: false
08:29:20.001 [FXGL Background Thread 3 ] DEBUG Engine               - isFileSystemWriteAllowed: true
08:29:20.001 [FXGL Background Thread 3 ] DEBUG Engine               - isFullScreenAllowed: false
08:29:20.001 [FXGL Background Thread 3 ] DEBUG Engine               - isFullScreenFromStart: false
08:29:20.002 [FXGL Background Thread 3 ] DEBUG Engine               - isGameMenuEnabled: true
08:29:20.002 [FXGL Background Thread 3 ] DEBUG Engine               - isIOS: false
08:29:20.002 [FXGL Background Thread 3 ] DEBUG Engine               - isIntroEnabled: false
08:29:20.002 [FXGL Background Thread 3 ] DEBUG Engine               - isLinux: true
08:29:20.002 [FXGL Background Thread 3 ] DEBUG Engine               - isMac: false
08:29:20.002 [FXGL Background Thread 3 ] DEBUG Engine               - isMainMenuEnabled: false
08:29:20.002 [FXGL Background Thread 3 ] DEBUG Engine               - isManualResizeEnabled: false
08:29:20.003 [FXGL Background Thread 3 ] DEBUG Engine               - isMobile: false
08:29:20.003 [FXGL Background Thread 3 ] DEBUG Engine               - isNative: false
08:29:20.003 [FXGL Background Thread 3 ] DEBUG Engine               - isPauseMusicWhenMinimized: true
08:29:20.003 [FXGL Background Thread 3 ] DEBUG Engine               - isPreserveResizeRatio: false
08:29:20.003 [FXGL Background Thread 3 ] DEBUG Engine               - isProfilingEnabled: false
08:29:20.004 [FXGL Background Thread 3 ] DEBUG Engine               - isScaleAffectedOnResize: true
08:29:20.004 [FXGL Background Thread 3 ] DEBUG Engine               - isSingleStep: false
08:29:20.004 [FXGL Background Thread 3 ] DEBUG Engine               - isUserProfileEnabled: false
08:29:20.004 [FXGL Background Thread 3 ] DEBUG Engine               - isWindows: false
08:29:20.004 [FXGL Background Thread 3 ] DEBUG Engine               - language: ObjectProperty [value: ENGLISH]
08:29:20.004 [FXGL Background Thread 3 ] DEBUG Engine               - menuKey: ESCAPE
08:29:20.005 [FXGL Background Thread 3 ] DEBUG Engine               - mouseSensitivity: 0.2
08:29:20.005 [FXGL Background Thread 3 ] DEBUG Engine               - notificationViewClass: class com.almasb.fxgl.notification.view.XboxNotificationView
08:29:20.005 [FXGL Background Thread 3 ] DEBUG Engine               - pixelsPerMeter: 50.0
08:29:20.005 [FXGL Background Thread 3 ] DEBUG Engine               - platform: LINUX
08:29:20.005 [FXGL Background Thread 3 ] DEBUG Engine               - prefHeightProperty: ReadOnlyDoubleProperty [value: 670.0]
08:29:20.005 [FXGL Background Thread 3 ] DEBUG Engine               - prefWidthProperty: ReadOnlyDoubleProperty [value: 850.0]
08:29:20.005 [FXGL Background Thread 3 ] DEBUG Engine               - profileDir: profiles/
08:29:20.006 [FXGL Background Thread 3 ] DEBUG Engine               - profileName: StringProperty [value: DEFAULT]
08:29:20.006 [FXGL Background Thread 3 ] DEBUG Engine               - randomSeed: -1
08:29:20.006 [FXGL Background Thread 3 ] DEBUG Engine               - runtimeInfo: RuntimeInfo(platform=LINUX, version=17.2, build=20.08.2022 16.50)
08:29:20.006 [FXGL Background Thread 3 ] DEBUG Engine               - saveFileExt: sav
08:29:20.007 [FXGL Background Thread 3 ] DEBUG Engine               - scaledHeightProp$fxgl: DoubleProperty [bound, value: 677.0]
08:29:20.007 [FXGL Background Thread 3 ] DEBUG Engine               - scaledWidthProp$fxgl: DoubleProperty [bound, value: 850.0]
08:29:20.007 [FXGL Background Thread 3 ] DEBUG Engine               - sceneFactory: com.almasb.fxgl.app.scene.SceneFactory@675c916c
08:29:20.007 [FXGL Background Thread 3 ] DEBUG Engine               - secondsIn24h: 60
08:29:20.007 [FXGL Background Thread 3 ] DEBUG Engine               - soundMenuBack: menu/back.wav
08:29:20.007 [FXGL Background Thread 3 ] DEBUG Engine               - soundMenuPress: menu/press.wav
08:29:20.007 [FXGL Background Thread 3 ] DEBUG Engine               - soundMenuSelect: menu/select.wav
08:29:20.007 [FXGL Background Thread 3 ] DEBUG Engine               - soundNotification: core/notification.wav
08:29:20.008 [FXGL Background Thread 3 ] DEBUG Engine               - stageStyle: DECORATED
08:29:20.008 [FXGL Background Thread 3 ] DEBUG Engine               - supportedLanguages: [ENGLISH, FRENCH, GERMAN, HUNGARIAN, RUSSIAN]
08:29:20.008 [FXGL Background Thread 3 ] DEBUG Engine               - ticksPerSecond: -1
08:29:20.008 [FXGL Background Thread 3 ] DEBUG Engine               - title: Restaurant Game
08:29:20.008 [FXGL Background Thread 3 ] DEBUG Engine               - urlGithub: https://github.com/AlmasB/FXGL
08:29:20.008 [FXGL Background Thread 3 ] DEBUG Engine               - urlLeaderboard: http://fxgl-top.herokuapp.com/
08:29:20.008 [FXGL Background Thread 3 ] DEBUG Engine               - urlPOM: https://raw.githubusercontent.com/AlmasB/FXGL/release/README.md
08:29:20.008 [FXGL Background Thread 3 ] DEBUG Engine               - userAppClass: class fxglapp.FXGLGameApp
08:29:20.009 [FXGL Background Thread 3 ] DEBUG Engine               - version: 0.0
08:29:20.009 [FXGL Background Thread 3 ] DEBUG Engine               - versionCheckDays: 7
08:29:20.009 [FXGL Background Thread 3 ] DEBUG Engine               - width: 850
08:29:20.009 [FXGL Background Thread 3 ] DEBUG Engine               - Logging services
08:29:20.009 [FXGL Background Thread 3 ] DEBUG Engine               - class com.almasb.fxgl.app.services.FXGLAssetLoaderService
08:29:20.009 [FXGL Background Thread 3 ] DEBUG Engine               - class com.almasb.fxgl.app.FXGLApplication$GameApplicationService
08:29:20.009 [FXGL Background Thread 3 ] DEBUG Engine               - class com.almasb.fxgl.app.services.FXGLDialogService
08:29:20.009 [FXGL Background Thread 3 ] DEBUG Engine               - class com.almasb.fxgl.app.services.IOTaskExecutorService
08:29:20.010 [FXGL Background Thread 3 ] DEBUG Engine               - class com.almasb.fxgl.io.FileSystemService
08:29:20.010 [FXGL Background Thread 3 ] DEBUG Engine               - class com.almasb.fxgl.localization.LocalizationService
08:29:20.010 [FXGL Background Thread 3 ] DEBUG Engine               - class com.almasb.fxgl.app.services.SystemBundleService
08:29:20.010 [FXGL Background Thread 3 ] DEBUG Engine               - class com.almasb.fxgl.profile.SaveLoadService
08:29:20.010 [FXGL Background Thread 3 ] DEBUG Engine               - class com.almasb.fxgl.ui.FXGLUIFactoryServiceProvider
08:29:20.010 [FXGL Background Thread 3 ] DEBUG Engine               - class com.almasb.fxgl.ui.FXGLDialogFactoryServiceProvider
08:29:20.010 [FXGL Background Thread 3 ] DEBUG Engine               - class com.almasb.fxgl.audio.AudioPlayer
08:29:20.010 [FXGL Background Thread 3 ] DEBUG Engine               - class com.almasb.fxgl.notification.impl.NotificationServiceProvider
08:29:20.011 [FXGL Background Thread 3 ] DEBUG Engine               - class com.almasb.fxgl.achievement.AchievementService
08:29:20.011 [FXGL Background Thread 3 ] DEBUG Engine               - class com.almasb.fxgl.cutscene.CutsceneService
08:29:20.011 [FXGL Background Thread 3 ] DEBUG Engine               - class com.almasb.fxgl.minigames.MiniGameService
08:29:20.011 [FXGL Background Thread 3 ] DEBUG Engine               - class com.almasb.fxgl.net.NetService
08:29:20.011 [FXGL Background Thread 3 ] DEBUG Engine               - class com.almasb.fxgl.app.services.UpdaterService
08:29:20.011 [FXGL Background Thread 3 ] DEBUG Engine               - class com.almasb.fxgl.dev.DevService
08:29:27.052 [JavaFX Application Thread] DEBUG FXGLApplication      - Exiting FXGL
08:29:27.053 [JavaFX Application Thread] DEBUG LoopRunner           - Stopping loop
08:29:27.053 [JavaFX Application Thread] DEBUG SystemBundleService  - Saving FXGL system data
08:29:27.056 [JavaFX Application Thread] DEBUG FileSystemAccess     - Writing to: /home/chris/IdeaProjects/RestaurantSimulator/system/fxgl.bundle
08:29:27.057 [JavaFX Application Thread] DEBUG Async                - Shutting down background threads
08:29:27.057 [JavaFX Application Thread] DEBUG PrimaryStageWindow   - Closing main window
08:29:27.062 [JavaFX Application Thread] DEBUG Logger               - Closing Logger
