17:09:34.700 [main                     ] DEBUG Logger               - Configured Logger
17:09:34.754 [main                     ] DEBUG GameApplication      - Logging settings
Title: Restaurant Game
Version: 0.0
Width: 850
Height: 670
Fullscreen: false
Intro: false
Profiling: false
Single step:false
App Mode: DEVELOPER
Menu Key: ESCAPE
Stage Style: DECORATED
Scene Factory: class com.almasb.fxgl.app.scene.SceneFactory

17:09:35.217 [JavaFX Application Thread] DEBUG FXGLApplication      - Initializing FXGL
17:09:35.227 [JavaFX Application Thread] INFO  Engine               - FXGL-17.2 (20.08.2022 16.50) on LINUX (J:17.0.13 FX:18)
17:09:35.227 [JavaFX Application Thread] DEBUG Engine               - JRE Vendor Name: Red Hat, Inc.
17:09:35.228 [JavaFX Application Thread] DEBUG Engine               - Running on OS: Linux version 6.11.6-200.fc40.x86_64
17:09:35.228 [JavaFX Application Thread] DEBUG Engine               - Architecture: amd64
17:09:35.228 [JavaFX Application Thread] INFO  Engine               - Source code and latest versions at: https://github.com/AlmasB/FXGL
17:09:35.229 [JavaFX Application Thread] INFO  Engine               -       Ask questions and discuss at: https://github.com/AlmasB/FXGL/discussions
17:09:35.229 [JavaFX Application Thread] INFO  Engine               -              Join the FXGL chat at: https://gitter.im/AlmasB/FXGL
17:09:35.331 [JavaFX Application Thread] DEBUG PrimaryStageWindow   - Creating a JavaFX scene
17:09:35.424 [JavaFX Application Thread] DEBUG PrimaryStageWindow   - Target settings size: 850.0 x 670.0
17:09:35.424 [JavaFX Application Thread] DEBUG PrimaryStageWindow   - Scaled scene size:    850.0 x 670.0
17:09:35.425 [JavaFX Application Thread] DEBUG PrimaryStageWindow   - Scaled ratio: (1.0, 1.0)
17:09:35.426 [JavaFX Application Thread] DEBUG PrimaryStageWindow   - Set initial scene to FXGLStartupScene
17:09:35.433 [JavaFX Application Thread] DEBUG PrimaryStageWindow   - Opening main window
17:09:35.478 [JavaFX Application Thread] DEBUG PrimaryStageWindow   - Window border size: (2.0, 29.0)
17:09:35.478 [JavaFX Application Thread] DEBUG PrimaryStageWindow   - Scaled size: 850.0 x 670.0
17:09:35.479 [JavaFX Application Thread] DEBUG PrimaryStageWindow   - Scaled ratio: (1.0, 1.0)
17:09:35.479 [JavaFX Application Thread] DEBUG PrimaryStageWindow   - Scene size: 850.0 x 670.0
17:09:35.480 [JavaFX Application Thread] DEBUG PrimaryStageWindow   - Stage size: 852.0 x 699.0
17:09:35.487 [FXGL Background Thread 1 ] DEBUG Engine               - Initializing environment variables
17:09:35.511 [FXGL Background Thread 1 ] DEBUG FXGLAssetLoaderServi - User app class for loading assets: class fxglapp.FXGLGameApp
17:09:35.512 [FXGL Background Thread 1 ] DEBUG GameApplicationServi - Applying CSS: fxgl_dark.css
17:09:35.513 [FXGL Background Thread 1 ] DEBUG FXGLAssetLoaderServi - Loading from file system: jar:file:/home/chris/.m2/repository/com/github/almasb/fxgl/17.2/fxgl-17.2.jar!/fxglassets/ui/css/fxgl_dark.css
17:09:35.576 [FXGL Background Thread 1 ] DEBUG GameApplicationServi - Initializing application scenes
17:09:35.644 [FXGL Background Thread 1 ] DEBUG GameWorld            - Game world initialized
17:09:35.695 [FXGL Background Thread 1 ] DEBUG PhysicsWorld         - Physics world initialized: appHeight=670, physics.ppm=50.0
17:09:35.695 [FXGL Background Thread 1 ] DEBUG PhysicsWorld         - Using strategy: BRUTE_FORCE
17:09:35.700 [FXGL Background Thread 1 ] DEBUG GameScene            - Game scene initialized: 850x670
17:09:35.711 [FXGL Background Thread 1 ] DEBUG FXGL.DefaultMenu     - createMenuBodyGameMenu()
17:09:35.733 [FXGL Background Thread 1 ] DEBUG FXGL.DefaultMenu     - createOptionsMenu()
17:09:35.743 [FXGL Background Thread 1 ] DEBUG FXGLAssetLoaderServi - Loading from file system: jar:file:/home/chris/.m2/repository/com/github/almasb/fxgl/17.2/fxgl-17.2.jar!/fxglassets/textures/particles/smoke.png
17:09:35.828 [FXGL Background Thread 1 ] DEBUG FXGLAssetLoaderServi - Loading from file system: jar:file:/home/chris/.m2/repository/com/github/almasb/fxgl/17.2/fxgl-17.2.jar!/fxglassets/textures/particles/trace_horizontal.png
17:09:35.861 [FXGL Background Thread 1 ] DEBUG GameApplicationServi - Application scenes initialized
17:09:35.872 [FXGL Background Thread 1 ] DEBUG SystemBundleService  - Loading FXGL system data
17:09:35.873 [FXGL Background Thread 1 ] DEBUG FileSystemAccess     - Reading from: /home/chris/IdeaProjects/RestaurantSimulator/system/fxgl.bundle
17:09:35.876 [FXGL Background Thread 1 ] DEBUG SystemBundleService  - Bundle FXGL: {}
17:09:35.876 [FXGL Background Thread 1 ] DEBUG UpdaterService       - Checking for updates
17:09:35.880 [FXGL Background Thread 4 ] DEBUG FXGLApplication      - Loading fonts
17:09:35.880 [FXGL Background Thread 4 ] DEBUG FXGLAssetLoaderServi - Loading from file system: jar:file:/home/chris/.m2/repository/com/github/almasb/fxgl/17.2/fxgl-17.2.jar!/fxglassets/ui/fonts/VarelaRound-Regular.ttf
17:09:35.880 [FXGL Background Thread 1 ] DEBUG FXGLApplication      - Loading default localization
17:09:35.881 [FXGL Background Thread 1 ] DEBUG FXGLAssetLoaderServi - Loading from file system: jar:file:/home/chris/.m2/repository/com/github/almasb/fxgl/17.2/fxgl-17.2.jar!/fxglassets/languages/english.lang
17:09:35.885 [FXGL Background Thread 4 ] DEBUG FXGLAssetLoaderServi - Loading from file system: jar:file:/home/chris/.m2/repository/com/github/almasb/fxgl/17.2/fxgl-17.2.jar!/fxglassets/ui/fonts/Abel-Regular.ttf
17:09:35.887 [FXGL Background Thread 4 ] DEBUG FXGLAssetLoaderServi - Loading from file system: jar:file:/home/chris/.m2/repository/com/github/almasb/fxgl/17.2/fxgl-17.2.jar!/fxglassets/ui/fonts/TerminalLandMono-Regular.otf
17:09:35.890 [FXGL Background Thread 4 ] DEBUG FXGLAssetLoaderServi - Loading from file system: jar:file:/home/chris/.m2/repository/com/github/almasb/fxgl/17.2/fxgl-17.2.jar!/fxglassets/ui/fonts/Courier-Prime.ttf
17:09:35.894 [JavaFX Application Thread] DEBUG FXGLApplication      - Registering font factories with UI factory
17:09:35.896 [FXGL Background Thread 1 ] INFO  FXGLApplication      - FXGL initialization took: 0.408 sec
17:09:35.897 [JavaFX Application Thread] DEBUG FXGLAssetLoaderServi - Loading from file system: jar:file:/home/chris/.m2/repository/com/github/almasb/fxgl/17.2/fxgl-17.2.jar!/fxglassets/textures/fxgl_icon.png
17:09:35.923 [JavaFX Application Thread] DEBUG FXGLAssetLoaderServi - Loading from file system: jar:file:/home/chris/.m2/repository/com/github/almasb/fxgl/17.2/fxgl-17.2.jar!/fxglassets/textures/fxgl_default_cursor.png
17:09:35.937 [JavaFX Application Thread] DEBUG Input                - Registered new binding: Screenshot - CTRL+8
17:09:35.938 [JavaFX Application Thread] DEBUG Input                - Registered new binding: System info dump - CTRL+9
17:09:35.939 [JavaFX Application Thread] DEBUG Input                - Registered new binding: Restart - CTRL+R
17:09:35.939 [JavaFX Application Thread] DEBUG Input                - Registered new binding: Toggle Debug Camera - CTRL+7
17:09:35.942 [JavaFX Application Thread] DEBUG LoopRunner           - Starting loop
17:09:35.943 [JavaFX Application Thread] DEBUG LoopRunner           - Initializing JavaFX AnimationTimerLoop
17:09:35.944 [JavaFX Application Thread] DEBUG GameApplicationServi - Starting new game
17:09:35.945 [JavaFX Application Thread] DEBUG Input                - Clearing active input actions
17:09:35.965 [JavaFX Application Thread] DEBUG GameApplicationServi - Removing overlay from FXGLStartupScene and adding to FXGLLoadingScene
17:09:35.966 [JavaFX Application Thread] DEBUG PrimaryStageWindow   - FXGLStartupScene -> FXGLLoadingScene
17:09:35.966 [JavaFX Application Thread] DEBUG GameApplicationServi - Clearing previous game
17:09:35.966 [JavaFX Application Thread] DEBUG GameScene            - Clearing game scene
17:09:35.966 [JavaFX Application Thread] DEBUG GameWorld            - Clearing game world
17:09:35.966 [JavaFX Application Thread] DEBUG PhysicsWorld         - Clearing physics world
17:09:35.968 [FXGL Background Thread 1 ] DEBUG FXGLApplication      - Initializing game
17:09:36.214 [FXGL Background Thread 1 ] INFO  FXGLApplication      - Game initialization took: 0.246 sec
17:09:36.217 [JavaFX Application Thread] DEBUG Input                - Clearing active input actions
17:09:36.253 [JavaFX Application Thread] DEBUG GameApplicationServi - Removing overlay from FXGLLoadingScene and adding to GameScene
17:09:36.254 [JavaFX Application Thread] DEBUG PrimaryStageWindow   - FXGLLoadingScene -> GameScene
17:09:36.603 [FXGL Background Thread 2 ] INFO  UpdaterService       - Your current version:  17.2
17:09:36.604 [FXGL Background Thread 2 ] INFO  UpdaterService       - Latest stable version: 21.1
17:09:38.879 [FXGL Background Thread 3 ] DEBUG Engine               - Logging environment variables
17:09:38.880 [FXGL Background Thread 3 ] DEBUG Engine               - achievements: []
17:09:38.880 [FXGL Background Thread 3 ] DEBUG Engine               - actualHeight: -28.0
17:09:38.881 [FXGL Background Thread 3 ] DEBUG Engine               - actualHeightProperty: ReadOnlyDoubleProperty [value: 677.0]
17:09:38.881 [FXGL Background Thread 3 ] DEBUG Engine               - actualWidth: -1.0
17:09:38.881 [FXGL Background Thread 3 ] DEBUG Engine               - actualWidthProperty: ReadOnlyDoubleProperty [value: 850.0]
17:09:38.881 [FXGL Background Thread 3 ] DEBUG Engine               - appIcon: fxgl_icon.png
17:09:38.882 [FXGL Background Thread 3 ] DEBUG Engine               - applicationMode: DEVELOPER
17:09:38.882 [FXGL Background Thread 3 ] DEBUG Engine               - cSSList: [fxgl_dark.css]
17:09:38.882 [FXGL Background Thread 3 ] DEBUG Engine               - collisionDetectionStrategy: BRUTE_FORCE
17:09:38.882 [FXGL Background Thread 3 ] DEBUG Engine               - configClass: Optional.empty
17:09:38.882 [FXGL Background Thread 3 ] DEBUG Engine               - credits: []
17:09:38.883 [FXGL Background Thread 3 ] DEBUG Engine               - defaultCursor: CursorInfo(imageName=fxgl_default_cursor.png, hotspotX=7.0, hotspotY=6.0)
17:09:38.884 [FXGL Background Thread 3 ] DEBUG Engine               - devBBoxColorProperty: ObjectProperty [value: 0xff0000ff]
17:09:38.884 [FXGL Background Thread 3 ] DEBUG Engine               - devEnableDebugCameraProperty: BooleanProperty [value: false]
17:09:38.885 [FXGL Background Thread 3 ] DEBUG Engine               - devSensorColorProperty: ObjectProperty [value: 0xffff00ff]
17:09:38.885 [FXGL Background Thread 3 ] DEBUG Engine               - devShowBBoxProperty: BooleanProperty [value: false]
17:09:38.885 [FXGL Background Thread 3 ] DEBUG Engine               - devShowPositionProperty: BooleanProperty [value: false]
17:09:38.886 [FXGL Background Thread 3 ] DEBUG Engine               - enabledMenuItems: []
17:09:38.886 [FXGL Background Thread 3 ] DEBUG Engine               - engineServices: [class com.almasb.fxgl.app.services.FXGLAssetLoaderService, class com.almasb.fxgl.app.FXGLApplication$GameApplicationService, class com.almasb.fxgl.app.services.FXGLDialogService, class com.almasb.fxgl.app.services.IOTaskExecutorService, class com.almasb.fxgl.io.FileSystemService, class com.almasb.fxgl.localization.LocalizationService, class com.almasb.fxgl.app.services.SystemBundleService, class com.almasb.fxgl.profile.SaveLoadService, class com.almasb.fxgl.ui.FXGLUIFactoryServiceProvider, class com.almasb.fxgl.ui.FXGLDialogFactoryServiceProvider, class com.almasb.fxgl.audio.AudioPlayer, class com.almasb.fxgl.notification.impl.NotificationServiceProvider, class com.almasb.fxgl.achievement.AchievementService, class com.almasb.fxgl.cutscene.CutsceneService, class com.almasb.fxgl.minigames.MiniGameService, class com.almasb.fxgl.net.NetService, class com.almasb.fxgl.app.services.UpdaterService, class com.almasb.fxgl.dev.DevService]
17:09:38.886 [FXGL Background Thread 3 ] DEBUG Engine               - fontGame: Abel-Regular.ttf
17:09:38.886 [FXGL Background Thread 3 ] DEBUG Engine               - fontMono: TerminalLandMono-Regular.otf
17:09:38.886 [FXGL Background Thread 3 ] DEBUG Engine               - fontText: Courier-Prime.ttf
17:09:38.887 [FXGL Background Thread 3 ] DEBUG Engine               - fontUI: VarelaRound-Regular.ttf
17:09:38.887 [FXGL Background Thread 3 ] DEBUG Engine               - fullScreen: BooleanProperty [value: false]
17:09:38.887 [FXGL Background Thread 3 ] DEBUG Engine               - gameDifficulty: MEDIUM
17:09:38.887 [FXGL Background Thread 3 ] DEBUG Engine               - gameDifficultyProperty: ObjectProperty [value: MEDIUM]
17:09:38.887 [FXGL Background Thread 3 ] DEBUG Engine               - globalMusicVolume: 0.5
17:09:38.888 [FXGL Background Thread 3 ] DEBUG Engine               - globalMusicVolumeProperty: DoubleProperty [value: 0.5]
17:09:38.888 [FXGL Background Thread 3 ] DEBUG Engine               - globalSoundVolume: 0.5
17:09:38.888 [FXGL Background Thread 3 ] DEBUG Engine               - globalSoundVolumeProperty: DoubleProperty [value: 0.5]
17:09:38.888 [FXGL Background Thread 3 ] DEBUG Engine               - height: 670
17:09:38.888 [FXGL Background Thread 3 ] DEBUG Engine               - is3D: false
17:09:38.889 [FXGL Background Thread 3 ] DEBUG Engine               - isAndroid: false
17:09:38.889 [FXGL Background Thread 3 ] DEBUG Engine               - isBrowser: false
17:09:38.889 [FXGL Background Thread 3 ] DEBUG Engine               - isClickFeedbackEnabled: false
17:09:38.890 [FXGL Background Thread 3 ] DEBUG Engine               - isCloseConfirmation: false
17:09:38.890 [FXGL Background Thread 3 ] DEBUG Engine               - isDesktop: true
17:09:38.890 [FXGL Background Thread 3 ] DEBUG Engine               - isDeveloperMenuEnabled: false
17:09:38.890 [FXGL Background Thread 3 ] DEBUG Engine               - isEmbedded: false
17:09:38.890 [FXGL Background Thread 3 ] DEBUG Engine               - isEntityPreloadEnabled: true
17:09:38.891 [FXGL Background Thread 3 ] DEBUG Engine               - isExperimentalTiledLargeMap: false
17:09:38.891 [FXGL Background Thread 3 ] DEBUG Engine               - isFileSystemWriteAllowed: true
17:09:38.891 [FXGL Background Thread 3 ] DEBUG Engine               - isFullScreenAllowed: false
17:09:38.891 [FXGL Background Thread 3 ] DEBUG Engine               - isFullScreenFromStart: false
17:09:38.891 [FXGL Background Thread 3 ] DEBUG Engine               - isGameMenuEnabled: true
17:09:38.891 [FXGL Background Thread 3 ] DEBUG Engine               - isIOS: false
17:09:38.892 [FXGL Background Thread 3 ] DEBUG Engine               - isIntroEnabled: false
17:09:38.892 [FXGL Background Thread 3 ] DEBUG Engine               - isLinux: true
17:09:38.892 [FXGL Background Thread 3 ] DEBUG Engine               - isMac: false
17:09:38.892 [FXGL Background Thread 3 ] DEBUG Engine               - isMainMenuEnabled: false
17:09:38.892 [FXGL Background Thread 3 ] DEBUG Engine               - isManualResizeEnabled: false
17:09:38.892 [FXGL Background Thread 3 ] DEBUG Engine               - isMobile: false
17:09:38.893 [FXGL Background Thread 3 ] DEBUG Engine               - isNative: false
17:09:38.893 [FXGL Background Thread 3 ] DEBUG Engine               - isPauseMusicWhenMinimized: true
17:09:38.893 [FXGL Background Thread 3 ] DEBUG Engine               - isPreserveResizeRatio: false
17:09:38.894 [FXGL Background Thread 3 ] DEBUG Engine               - isProfilingEnabled: false
17:09:38.894 [FXGL Background Thread 3 ] DEBUG Engine               - isScaleAffectedOnResize: true
17:09:38.894 [FXGL Background Thread 3 ] DEBUG Engine               - isSingleStep: false
17:09:38.895 [FXGL Background Thread 3 ] DEBUG Engine               - isUserProfileEnabled: false
17:09:38.895 [FXGL Background Thread 3 ] DEBUG Engine               - isWindows: false
17:09:38.895 [FXGL Background Thread 3 ] DEBUG Engine               - language: ObjectProperty [value: ENGLISH]
17:09:38.895 [FXGL Background Thread 3 ] DEBUG Engine               - menuKey: ESCAPE
17:09:38.895 [FXGL Background Thread 3 ] DEBUG Engine               - mouseSensitivity: 0.2
17:09:38.895 [FXGL Background Thread 3 ] DEBUG Engine               - notificationViewClass: class com.almasb.fxgl.notification.view.XboxNotificationView
17:09:38.896 [FXGL Background Thread 3 ] DEBUG Engine               - pixelsPerMeter: 50.0
17:09:38.896 [FXGL Background Thread 3 ] DEBUG Engine               - platform: LINUX
17:09:38.896 [FXGL Background Thread 3 ] DEBUG Engine               - prefHeightProperty: ReadOnlyDoubleProperty [value: 670.0]
17:09:38.896 [FXGL Background Thread 3 ] DEBUG Engine               - prefWidthProperty: ReadOnlyDoubleProperty [value: 850.0]
17:09:38.896 [FXGL Background Thread 3 ] DEBUG Engine               - profileDir: profiles/
17:09:38.897 [FXGL Background Thread 3 ] DEBUG Engine               - profileName: StringProperty [value: DEFAULT]
17:09:38.897 [FXGL Background Thread 3 ] DEBUG Engine               - randomSeed: -1
17:09:38.898 [FXGL Background Thread 3 ] DEBUG Engine               - runtimeInfo: RuntimeInfo(platform=LINUX, version=17.2, build=20.08.2022 16.50)
17:09:38.898 [FXGL Background Thread 3 ] DEBUG Engine               - saveFileExt: sav
17:09:38.898 [FXGL Background Thread 3 ] DEBUG Engine               - scaledHeightProp$fxgl: DoubleProperty [bound, value: 677.0]
17:09:38.898 [FXGL Background Thread 3 ] DEBUG Engine               - scaledWidthProp$fxgl: DoubleProperty [bound, value: 850.0]
17:09:38.898 [FXGL Background Thread 3 ] DEBUG Engine               - sceneFactory: com.almasb.fxgl.app.scene.SceneFactory@7cd025ae
17:09:38.899 [FXGL Background Thread 3 ] DEBUG Engine               - secondsIn24h: 60
17:09:38.899 [FXGL Background Thread 3 ] DEBUG Engine               - soundMenuBack: menu/back.wav
17:09:38.899 [FXGL Background Thread 3 ] DEBUG Engine               - soundMenuPress: menu/press.wav
17:09:38.899 [FXGL Background Thread 3 ] DEBUG Engine               - soundMenuSelect: menu/select.wav
17:09:38.899 [FXGL Background Thread 3 ] DEBUG Engine               - soundNotification: core/notification.wav
17:09:38.900 [FXGL Background Thread 3 ] DEBUG Engine               - stageStyle: DECORATED
17:09:38.900 [FXGL Background Thread 3 ] DEBUG Engine               - supportedLanguages: [ENGLISH, FRENCH, GERMAN, HUNGARIAN, RUSSIAN]
17:09:38.900 [FXGL Background Thread 3 ] DEBUG Engine               - ticksPerSecond: -1
17:09:38.900 [FXGL Background Thread 3 ] DEBUG Engine               - title: Restaurant Game
17:09:38.900 [FXGL Background Thread 3 ] DEBUG Engine               - urlGithub: https://github.com/AlmasB/FXGL
17:09:38.900 [FXGL Background Thread 3 ] DEBUG Engine               - urlLeaderboard: http://fxgl-top.herokuapp.com/
17:09:38.901 [FXGL Background Thread 3 ] DEBUG Engine               - urlPOM: https://raw.githubusercontent.com/AlmasB/FXGL/release/README.md
17:09:38.901 [FXGL Background Thread 3 ] DEBUG Engine               - userAppClass: class fxglapp.FXGLGameApp
17:09:38.901 [FXGL Background Thread 3 ] DEBUG Engine               - version: 0.0
17:09:38.901 [FXGL Background Thread 3 ] DEBUG Engine               - versionCheckDays: 7
17:09:38.902 [FXGL Background Thread 3 ] DEBUG Engine               - width: 850
17:09:38.902 [FXGL Background Thread 3 ] DEBUG Engine               - Logging services
17:09:38.902 [FXGL Background Thread 3 ] DEBUG Engine               - class com.almasb.fxgl.app.services.FXGLAssetLoaderService
17:09:38.902 [FXGL Background Thread 3 ] DEBUG Engine               - class com.almasb.fxgl.app.FXGLApplication$GameApplicationService
17:09:38.902 [FXGL Background Thread 3 ] DEBUG Engine               - class com.almasb.fxgl.app.services.FXGLDialogService
17:09:38.902 [FXGL Background Thread 3 ] DEBUG Engine               - class com.almasb.fxgl.app.services.IOTaskExecutorService
17:09:38.903 [FXGL Background Thread 3 ] DEBUG Engine               - class com.almasb.fxgl.io.FileSystemService
17:09:38.903 [FXGL Background Thread 3 ] DEBUG Engine               - class com.almasb.fxgl.localization.LocalizationService
17:09:38.903 [FXGL Background Thread 3 ] DEBUG Engine               - class com.almasb.fxgl.app.services.SystemBundleService
17:09:38.903 [FXGL Background Thread 3 ] DEBUG Engine               - class com.almasb.fxgl.profile.SaveLoadService
17:09:38.903 [FXGL Background Thread 3 ] DEBUG Engine               - class com.almasb.fxgl.ui.FXGLUIFactoryServiceProvider
17:09:38.904 [FXGL Background Thread 3 ] DEBUG Engine               - class com.almasb.fxgl.ui.FXGLDialogFactoryServiceProvider
17:09:38.904 [FXGL Background Thread 3 ] DEBUG Engine               - class com.almasb.fxgl.audio.AudioPlayer
17:09:38.904 [FXGL Background Thread 3 ] DEBUG Engine               - class com.almasb.fxgl.notification.impl.NotificationServiceProvider
17:09:38.904 [FXGL Background Thread 3 ] DEBUG Engine               - class com.almasb.fxgl.achievement.AchievementService
17:09:38.904 [FXGL Background Thread 3 ] DEBUG Engine               - class com.almasb.fxgl.cutscene.CutsceneService
17:09:38.904 [FXGL Background Thread 3 ] DEBUG Engine               - class com.almasb.fxgl.minigames.MiniGameService
17:09:38.904 [FXGL Background Thread 3 ] DEBUG Engine               - class com.almasb.fxgl.net.NetService
17:09:38.905 [FXGL Background Thread 3 ] DEBUG Engine               - class com.almasb.fxgl.app.services.UpdaterService
17:09:38.905 [FXGL Background Thread 3 ] DEBUG Engine               - class com.almasb.fxgl.dev.DevService
17:10:39.933 [JavaFX Application Thread] DEBUG FXGLApplication      - Exiting FXGL
17:10:39.934 [JavaFX Application Thread] DEBUG LoopRunner           - Stopping loop
17:10:39.934 [JavaFX Application Thread] DEBUG SystemBundleService  - Saving FXGL system data
17:10:39.938 [JavaFX Application Thread] DEBUG FileSystemAccess     - Writing to: /home/chris/IdeaProjects/RestaurantSimulator/system/fxgl.bundle
17:10:39.939 [JavaFX Application Thread] DEBUG Async                - Shutting down background threads
17:10:39.939 [JavaFX Application Thread] DEBUG PrimaryStageWindow   - Closing main window
17:10:39.944 [JavaFX Application Thread] DEBUG Logger               - Closing Logger
