23:40:38.695 [main                     ] DEBUG Logger               - Configured Logger
23:40:38.720 [main                     ] DEBUG GameApplication      - Logging settings
Title: Restaurant Game
Version: 0.0
Width: 850
Height: 670
Fullscreen: false
Intro: false
Profiling: false
Single step:false
App Mode: DEVELOPER
Menu Key: ESCAPE
Stage Style: DECORATED
Scene Factory: class com.almasb.fxgl.app.scene.SceneFactory

23:40:38.967 [JavaFX Application Thread] DEBUG FXGLApplication      - Initializing FXGL
23:40:38.973 [JavaFX Application Thread] INFO  Engine               - FXGL-17.2 (20.08.2022 16.50) on LINUX (J:17.0.13 FX:18)
23:40:38.974 [JavaFX Application Thread] DEBUG Engine               - JRE Vendor Name: Red Hat, Inc.
23:40:38.974 [JavaFX Application Thread] DEBUG Engine               - Running on OS: Linux version 6.11.6-200.fc40.x86_64
23:40:38.974 [JavaFX Application Thread] DEBUG Engine               - Architecture: amd64
23:40:38.974 [JavaFX Application Thread] INFO  Engine               - Source code and latest versions at: https://github.com/AlmasB/FXGL
23:40:38.974 [JavaFX Application Thread] INFO  Engine               -       Ask questions and discuss at: https://github.com/AlmasB/FXGL/discussions
23:40:38.975 [JavaFX Application Thread] INFO  Engine               -              Join the FXGL chat at: https://gitter.im/AlmasB/FXGL
23:40:39.038 [JavaFX Application Thread] DEBUG PrimaryStageWindow   - Creating a JavaFX scene
23:40:39.088 [JavaFX Application Thread] DEBUG PrimaryStageWindow   - Target settings size: 850.0 x 670.0
23:40:39.088 [JavaFX Application Thread] DEBUG PrimaryStageWindow   - Scaled scene size:    850.0 x 670.0
23:40:39.088 [JavaFX Application Thread] DEBUG PrimaryStageWindow   - Scaled ratio: (1.0, 1.0)
23:40:39.089 [JavaFX Application Thread] DEBUG PrimaryStageWindow   - Set initial scene to FXGLStartupScene
23:40:39.094 [JavaFX Application Thread] DEBUG PrimaryStageWindow   - Opening main window
23:40:39.121 [JavaFX Application Thread] DEBUG PrimaryStageWindow   - Window border size: (2.0, 29.0)
23:40:39.121 [JavaFX Application Thread] DEBUG PrimaryStageWindow   - Scaled size: 850.0 x 670.0
23:40:39.121 [JavaFX Application Thread] DEBUG PrimaryStageWindow   - Scaled ratio: (1.0, 1.0)
23:40:39.121 [JavaFX Application Thread] DEBUG PrimaryStageWindow   - Scene size: 850.0 x 670.0
23:40:39.122 [JavaFX Application Thread] DEBUG PrimaryStageWindow   - Stage size: 852.0 x 699.0
23:40:39.125 [FXGL Background Thread 1 ] DEBUG Engine               - Initializing environment variables
23:40:39.144 [FXGL Background Thread 1 ] DEBUG FXGLAssetLoaderServi - User app class for loading assets: class fxglapp.FXGLGameApp
23:40:39.145 [FXGL Background Thread 1 ] DEBUG GameApplicationServi - Applying CSS: fxgl_dark.css
23:40:39.146 [FXGL Background Thread 1 ] DEBUG FXGLAssetLoaderServi - Loading from file system: jar:file:/home/chris/.m2/repository/com/github/almasb/fxgl/17.2/fxgl-17.2.jar!/fxglassets/ui/css/fxgl_dark.css
23:40:39.177 [FXGL Background Thread 1 ] DEBUG GameApplicationServi - Initializing application scenes
23:40:39.215 [FXGL Background Thread 1 ] DEBUG GameWorld            - Game world initialized
23:40:39.240 [FXGL Background Thread 1 ] DEBUG PhysicsWorld         - Physics world initialized: appHeight=670, physics.ppm=50.0
23:40:39.241 [FXGL Background Thread 1 ] DEBUG PhysicsWorld         - Using strategy: BRUTE_FORCE
23:40:39.243 [FXGL Background Thread 1 ] DEBUG GameScene            - Game scene initialized: 850x670
23:40:39.251 [FXGL Background Thread 1 ] DEBUG FXGL.DefaultMenu     - createMenuBodyGameMenu()
23:40:39.258 [FXGL Background Thread 1 ] DEBUG FXGL.DefaultMenu     - createOptionsMenu()
23:40:39.266 [FXGL Background Thread 1 ] DEBUG FXGLAssetLoaderServi - Loading from file system: jar:file:/home/chris/.m2/repository/com/github/almasb/fxgl/17.2/fxgl-17.2.jar!/fxglassets/textures/particles/smoke.png
23:40:39.316 [FXGL Background Thread 1 ] DEBUG FXGLAssetLoaderServi - Loading from file system: jar:file:/home/chris/.m2/repository/com/github/almasb/fxgl/17.2/fxgl-17.2.jar!/fxglassets/textures/particles/trace_horizontal.png
23:40:39.335 [FXGL Background Thread 1 ] DEBUG GameApplicationServi - Application scenes initialized
23:40:39.341 [FXGL Background Thread 1 ] DEBUG SystemBundleService  - Loading FXGL system data
23:40:39.342 [FXGL Background Thread 1 ] DEBUG FileSystemAccess     - Reading from: /home/chris/IdeaProjects/RestaurantSimulator/system/fxgl.bundle
23:40:39.344 [FXGL Background Thread 1 ] DEBUG SystemBundleService  - Bundle FXGL: {}
23:40:39.344 [FXGL Background Thread 1 ] DEBUG UpdaterService       - Checking for updates
23:40:39.347 [FXGL Background Thread 4 ] DEBUG FXGLApplication      - Loading fonts
23:40:39.348 [FXGL Background Thread 1 ] DEBUG FXGLApplication      - Loading default localization
23:40:39.348 [FXGL Background Thread 4 ] DEBUG FXGLAssetLoaderServi - Loading from file system: jar:file:/home/chris/.m2/repository/com/github/almasb/fxgl/17.2/fxgl-17.2.jar!/fxglassets/ui/fonts/VarelaRound-Regular.ttf
23:40:39.348 [FXGL Background Thread 1 ] DEBUG FXGLAssetLoaderServi - Loading from file system: jar:file:/home/chris/.m2/repository/com/github/almasb/fxgl/17.2/fxgl-17.2.jar!/fxglassets/languages/english.lang
23:40:39.352 [FXGL Background Thread 4 ] DEBUG FXGLAssetLoaderServi - Loading from file system: jar:file:/home/chris/.m2/repository/com/github/almasb/fxgl/17.2/fxgl-17.2.jar!/fxglassets/ui/fonts/Abel-Regular.ttf
23:40:39.354 [FXGL Background Thread 4 ] DEBUG FXGLAssetLoaderServi - Loading from file system: jar:file:/home/chris/.m2/repository/com/github/almasb/fxgl/17.2/fxgl-17.2.jar!/fxglassets/ui/fonts/TerminalLandMono-Regular.otf
23:40:39.355 [FXGL Background Thread 4 ] DEBUG FXGLAssetLoaderServi - Loading from file system: jar:file:/home/chris/.m2/repository/com/github/almasb/fxgl/17.2/fxgl-17.2.jar!/fxglassets/ui/fonts/Courier-Prime.ttf
23:40:39.359 [JavaFX Application Thread] DEBUG FXGLApplication      - Registering font factories with UI factory
23:40:39.359 [FXGL Background Thread 1 ] INFO  FXGLApplication      - FXGL initialization took: 0.234 sec
23:40:39.360 [JavaFX Application Thread] DEBUG FXGLAssetLoaderServi - Loading from file system: jar:file:/home/chris/.m2/repository/com/github/almasb/fxgl/17.2/fxgl-17.2.jar!/fxglassets/textures/fxgl_icon.png
23:40:39.374 [JavaFX Application Thread] DEBUG FXGLAssetLoaderServi - Loading from file system: jar:file:/home/chris/.m2/repository/com/github/almasb/fxgl/17.2/fxgl-17.2.jar!/fxglassets/textures/fxgl_default_cursor.png
23:40:39.380 [JavaFX Application Thread] DEBUG Input                - Registered new binding: Screenshot - CTRL+8
23:40:39.381 [JavaFX Application Thread] DEBUG Input                - Registered new binding: System info dump - CTRL+9
23:40:39.381 [JavaFX Application Thread] DEBUG Input                - Registered new binding: Restart - CTRL+R
23:40:39.381 [JavaFX Application Thread] DEBUG Input                - Registered new binding: Toggle Debug Camera - CTRL+7
23:40:39.383 [JavaFX Application Thread] DEBUG LoopRunner           - Starting loop
23:40:39.383 [JavaFX Application Thread] DEBUG LoopRunner           - Initializing JavaFX AnimationTimerLoop
23:40:39.383 [JavaFX Application Thread] DEBUG GameApplicationServi - Starting new game
23:40:39.384 [JavaFX Application Thread] DEBUG Input                - Clearing active input actions
23:40:39.389 [JavaFX Application Thread] DEBUG GameApplicationServi - Removing overlay from FXGLStartupScene and adding to FXGLLoadingScene
23:40:39.390 [JavaFX Application Thread] DEBUG PrimaryStageWindow   - FXGLStartupScene -> FXGLLoadingScene
23:40:39.390 [JavaFX Application Thread] DEBUG GameApplicationServi - Clearing previous game
23:40:39.390 [JavaFX Application Thread] DEBUG GameScene            - Clearing game scene
23:40:39.390 [JavaFX Application Thread] DEBUG GameWorld            - Clearing game world
23:40:39.390 [JavaFX Application Thread] DEBUG PhysicsWorld         - Clearing physics world
23:40:39.391 [FXGL Background Thread 1 ] DEBUG FXGLApplication      - Initializing game
23:40:39.522 [FXGL Background Thread 1 ] INFO  FXGLApplication      - Game initialization took: 0.131 sec
23:40:39.522 [JavaFX Application Thread] DEBUG Input                - Clearing active input actions
23:40:39.535 [JavaFX Application Thread] DEBUG GameApplicationServi - Removing overlay from FXGLLoadingScene and adding to GameScene
23:40:39.535 [JavaFX Application Thread] DEBUG PrimaryStageWindow   - FXGLLoadingScene -> GameScene
23:40:42.347 [FXGL Background Thread 3 ] DEBUG Engine               - Logging environment variables
23:40:42.351 [FXGL Background Thread 3 ] DEBUG Engine               - achievements: []
23:40:42.351 [FXGL Background Thread 3 ] DEBUG Engine               - actualHeight: 641.0
23:40:42.352 [FXGL Background Thread 3 ] DEBUG Engine               - actualHeightProperty: ReadOnlyDoubleProperty [value: 677.0]
23:40:42.353 [FXGL Background Thread 3 ] DEBUG Engine               - actualWidth: 848.0
23:40:42.353 [FXGL Background Thread 3 ] DEBUG Engine               - actualWidthProperty: ReadOnlyDoubleProperty [value: 850.0]
23:40:42.354 [FXGL Background Thread 3 ] DEBUG Engine               - appIcon: fxgl_icon.png
23:40:42.354 [FXGL Background Thread 3 ] DEBUG Engine               - applicationMode: DEVELOPER
23:40:42.355 [FXGL Background Thread 3 ] DEBUG Engine               - cSSList: [fxgl_dark.css]
23:40:42.355 [FXGL Background Thread 3 ] DEBUG Engine               - collisionDetectionStrategy: BRUTE_FORCE
23:40:42.355 [FXGL Background Thread 3 ] DEBUG Engine               - configClass: Optional.empty
23:40:42.356 [FXGL Background Thread 3 ] DEBUG Engine               - credits: []
23:40:42.357 [FXGL Background Thread 3 ] DEBUG Engine               - defaultCursor: CursorInfo(imageName=fxgl_default_cursor.png, hotspotX=7.0, hotspotY=6.0)
23:40:42.358 [FXGL Background Thread 3 ] DEBUG Engine               - devBBoxColorProperty: ObjectProperty [value: 0xff0000ff]
23:40:42.359 [FXGL Background Thread 3 ] DEBUG Engine               - devEnableDebugCameraProperty: BooleanProperty [value: false]
23:40:42.359 [FXGL Background Thread 3 ] DEBUG Engine               - devSensorColorProperty: ObjectProperty [value: 0xffff00ff]
23:40:42.360 [FXGL Background Thread 3 ] DEBUG Engine               - devShowBBoxProperty: BooleanProperty [value: false]
23:40:42.360 [FXGL Background Thread 3 ] DEBUG Engine               - devShowPositionProperty: BooleanProperty [value: false]
23:40:42.360 [FXGL Background Thread 3 ] DEBUG Engine               - enabledMenuItems: []
23:40:42.361 [FXGL Background Thread 3 ] DEBUG Engine               - engineServices: [class com.almasb.fxgl.app.services.FXGLAssetLoaderService, class com.almasb.fxgl.app.FXGLApplication$GameApplicationService, class com.almasb.fxgl.app.services.FXGLDialogService, class com.almasb.fxgl.app.services.IOTaskExecutorService, class com.almasb.fxgl.io.FileSystemService, class com.almasb.fxgl.localization.LocalizationService, class com.almasb.fxgl.app.services.SystemBundleService, class com.almasb.fxgl.profile.SaveLoadService, class com.almasb.fxgl.ui.FXGLUIFactoryServiceProvider, class com.almasb.fxgl.ui.FXGLDialogFactoryServiceProvider, class com.almasb.fxgl.audio.AudioPlayer, class com.almasb.fxgl.notification.impl.NotificationServiceProvider, class com.almasb.fxgl.achievement.AchievementService, class com.almasb.fxgl.cutscene.CutsceneService, class com.almasb.fxgl.minigames.MiniGameService, class com.almasb.fxgl.net.NetService, class com.almasb.fxgl.app.services.UpdaterService, class com.almasb.fxgl.dev.DevService]
23:40:42.361 [FXGL Background Thread 3 ] DEBUG Engine               - fontGame: Abel-Regular.ttf
23:40:42.362 [FXGL Background Thread 3 ] DEBUG Engine               - fontMono: TerminalLandMono-Regular.otf
23:40:42.362 [FXGL Background Thread 3 ] DEBUG Engine               - fontText: Courier-Prime.ttf
23:40:42.362 [FXGL Background Thread 3 ] DEBUG Engine               - fontUI: VarelaRound-Regular.ttf
23:40:42.363 [FXGL Background Thread 3 ] DEBUG Engine               - fullScreen: BooleanProperty [value: false]
23:40:42.363 [FXGL Background Thread 3 ] DEBUG Engine               - gameDifficulty: MEDIUM
23:40:42.363 [FXGL Background Thread 3 ] DEBUG Engine               - gameDifficultyProperty: ObjectProperty [value: MEDIUM]
23:40:42.364 [FXGL Background Thread 3 ] DEBUG Engine               - globalMusicVolume: 0.5
23:40:42.365 [FXGL Background Thread 3 ] DEBUG Engine               - globalMusicVolumeProperty: DoubleProperty [value: 0.5]
23:40:42.366 [FXGL Background Thread 3 ] DEBUG Engine               - globalSoundVolume: 0.5
23:40:42.366 [FXGL Background Thread 3 ] DEBUG Engine               - globalSoundVolumeProperty: DoubleProperty [value: 0.5]
23:40:42.367 [FXGL Background Thread 3 ] DEBUG Engine               - height: 670
23:40:42.367 [FXGL Background Thread 3 ] DEBUG Engine               - is3D: false
23:40:42.367 [FXGL Background Thread 3 ] DEBUG Engine               - isAndroid: false
23:40:42.368 [FXGL Background Thread 3 ] DEBUG Engine               - isBrowser: false
23:40:42.368 [FXGL Background Thread 3 ] DEBUG Engine               - isClickFeedbackEnabled: false
23:40:42.368 [FXGL Background Thread 3 ] DEBUG Engine               - isCloseConfirmation: false
23:40:42.369 [FXGL Background Thread 3 ] DEBUG Engine               - isDesktop: true
23:40:42.370 [FXGL Background Thread 3 ] DEBUG Engine               - isDeveloperMenuEnabled: false
23:40:42.370 [FXGL Background Thread 3 ] DEBUG Engine               - isEmbedded: false
23:40:42.371 [FXGL Background Thread 3 ] DEBUG Engine               - isEntityPreloadEnabled: true
23:40:42.371 [FXGL Background Thread 3 ] DEBUG Engine               - isExperimentalTiledLargeMap: false
23:40:42.371 [FXGL Background Thread 3 ] DEBUG Engine               - isFileSystemWriteAllowed: true
23:40:42.371 [FXGL Background Thread 3 ] DEBUG Engine               - isFullScreenAllowed: false
23:40:42.371 [FXGL Background Thread 3 ] DEBUG Engine               - isFullScreenFromStart: false
23:40:42.372 [FXGL Background Thread 3 ] DEBUG Engine               - isGameMenuEnabled: true
23:40:42.372 [FXGL Background Thread 3 ] DEBUG Engine               - isIOS: false
23:40:42.372 [FXGL Background Thread 3 ] DEBUG Engine               - isIntroEnabled: false
23:40:42.372 [FXGL Background Thread 3 ] DEBUG Engine               - isLinux: true
23:40:42.372 [FXGL Background Thread 3 ] DEBUG Engine               - isMac: false
23:40:42.372 [FXGL Background Thread 3 ] DEBUG Engine               - isMainMenuEnabled: false
23:40:42.372 [FXGL Background Thread 3 ] DEBUG Engine               - isManualResizeEnabled: false
23:40:42.372 [FXGL Background Thread 3 ] DEBUG Engine               - isMobile: false
23:40:42.372 [FXGL Background Thread 3 ] DEBUG Engine               - isNative: false
23:40:42.372 [FXGL Background Thread 3 ] DEBUG Engine               - isPauseMusicWhenMinimized: true
23:40:42.372 [FXGL Background Thread 3 ] DEBUG Engine               - isPreserveResizeRatio: false
23:40:42.372 [FXGL Background Thread 3 ] DEBUG Engine               - isProfilingEnabled: false
23:40:42.373 [FXGL Background Thread 3 ] DEBUG Engine               - isScaleAffectedOnResize: true
23:40:42.373 [FXGL Background Thread 3 ] DEBUG Engine               - isSingleStep: false
23:40:42.373 [FXGL Background Thread 3 ] DEBUG Engine               - isUserProfileEnabled: false
23:40:42.373 [FXGL Background Thread 3 ] DEBUG Engine               - isWindows: false
23:40:42.373 [FXGL Background Thread 3 ] DEBUG Engine               - language: ObjectProperty [value: ENGLISH]
23:40:42.373 [FXGL Background Thread 3 ] DEBUG Engine               - menuKey: ESCAPE
23:40:42.373 [FXGL Background Thread 3 ] DEBUG Engine               - mouseSensitivity: 0.2
23:40:42.373 [FXGL Background Thread 3 ] DEBUG Engine               - notificationViewClass: class com.almasb.fxgl.notification.view.XboxNotificationView
23:40:42.373 [FXGL Background Thread 3 ] DEBUG Engine               - pixelsPerMeter: 50.0
23:40:42.373 [FXGL Background Thread 3 ] DEBUG Engine               - platform: LINUX
23:40:42.373 [FXGL Background Thread 3 ] DEBUG Engine               - prefHeightProperty: ReadOnlyDoubleProperty [value: 670.0]
23:40:42.373 [FXGL Background Thread 3 ] DEBUG Engine               - prefWidthProperty: ReadOnlyDoubleProperty [value: 850.0]
23:40:42.373 [FXGL Background Thread 3 ] DEBUG Engine               - profileDir: profiles/
23:40:42.373 [FXGL Background Thread 3 ] DEBUG Engine               - profileName: StringProperty [value: DEFAULT]
23:40:42.373 [FXGL Background Thread 3 ] DEBUG Engine               - randomSeed: -1
23:40:42.374 [FXGL Background Thread 3 ] DEBUG Engine               - runtimeInfo: RuntimeInfo(platform=LINUX, version=17.2, build=20.08.2022 16.50)
23:40:42.374 [FXGL Background Thread 3 ] DEBUG Engine               - saveFileExt: sav
23:40:42.374 [FXGL Background Thread 3 ] DEBUG Engine               - scaledHeightProp$fxgl: DoubleProperty [bound, value: 677.0]
23:40:42.374 [FXGL Background Thread 3 ] DEBUG Engine               - scaledWidthProp$fxgl: DoubleProperty [bound, value: 850.0]
23:40:42.374 [FXGL Background Thread 3 ] DEBUG Engine               - sceneFactory: com.almasb.fxgl.app.scene.SceneFactory@75796d9c
23:40:42.374 [FXGL Background Thread 3 ] DEBUG Engine               - secondsIn24h: 60
23:40:42.374 [FXGL Background Thread 3 ] DEBUG Engine               - soundMenuBack: menu/back.wav
23:40:42.374 [FXGL Background Thread 3 ] DEBUG Engine               - soundMenuPress: menu/press.wav
23:40:42.374 [FXGL Background Thread 3 ] DEBUG Engine               - soundMenuSelect: menu/select.wav
23:40:42.374 [FXGL Background Thread 3 ] DEBUG Engine               - soundNotification: core/notification.wav
23:40:42.374 [FXGL Background Thread 3 ] DEBUG Engine               - stageStyle: DECORATED
23:40:42.374 [FXGL Background Thread 3 ] DEBUG Engine               - supportedLanguages: [ENGLISH, FRENCH, GERMAN, HUNGARIAN, RUSSIAN]
23:40:42.374 [FXGL Background Thread 3 ] DEBUG Engine               - ticksPerSecond: -1
23:40:42.374 [FXGL Background Thread 3 ] DEBUG Engine               - title: Restaurant Game
23:40:42.374 [FXGL Background Thread 3 ] DEBUG Engine               - urlGithub: https://github.com/AlmasB/FXGL
23:40:42.374 [FXGL Background Thread 3 ] DEBUG Engine               - urlLeaderboard: http://fxgl-top.herokuapp.com/
23:40:42.374 [FXGL Background Thread 3 ] DEBUG Engine               - urlPOM: https://raw.githubusercontent.com/AlmasB/FXGL/release/README.md
23:40:42.374 [FXGL Background Thread 3 ] DEBUG Engine               - userAppClass: class fxglapp.FXGLGameApp
23:40:42.374 [FXGL Background Thread 3 ] DEBUG Engine               - version: 0.0
23:40:42.374 [FXGL Background Thread 3 ] DEBUG Engine               - versionCheckDays: 7
23:40:42.374 [FXGL Background Thread 3 ] DEBUG Engine               - width: 850
23:40:42.374 [FXGL Background Thread 3 ] DEBUG Engine               - Logging services
23:40:42.375 [FXGL Background Thread 3 ] DEBUG Engine               - class com.almasb.fxgl.app.services.FXGLAssetLoaderService
23:40:42.375 [FXGL Background Thread 3 ] DEBUG Engine               - class com.almasb.fxgl.app.FXGLApplication$GameApplicationService
23:40:42.375 [FXGL Background Thread 3 ] DEBUG Engine               - class com.almasb.fxgl.app.services.FXGLDialogService
23:40:42.375 [FXGL Background Thread 3 ] DEBUG Engine               - class com.almasb.fxgl.app.services.IOTaskExecutorService
23:40:42.375 [FXGL Background Thread 3 ] DEBUG Engine               - class com.almasb.fxgl.io.FileSystemService
23:40:42.375 [FXGL Background Thread 3 ] DEBUG Engine               - class com.almasb.fxgl.localization.LocalizationService
23:40:42.375 [FXGL Background Thread 3 ] DEBUG Engine               - class com.almasb.fxgl.app.services.SystemBundleService
23:40:42.375 [FXGL Background Thread 3 ] DEBUG Engine               - class com.almasb.fxgl.profile.SaveLoadService
23:40:42.375 [FXGL Background Thread 3 ] DEBUG Engine               - class com.almasb.fxgl.ui.FXGLUIFactoryServiceProvider
23:40:42.375 [FXGL Background Thread 3 ] DEBUG Engine               - class com.almasb.fxgl.ui.FXGLDialogFactoryServiceProvider
23:40:42.375 [FXGL Background Thread 3 ] DEBUG Engine               - class com.almasb.fxgl.audio.AudioPlayer
23:40:42.375 [FXGL Background Thread 3 ] DEBUG Engine               - class com.almasb.fxgl.notification.impl.NotificationServiceProvider
23:40:42.375 [FXGL Background Thread 3 ] DEBUG Engine               - class com.almasb.fxgl.achievement.AchievementService
23:40:42.375 [FXGL Background Thread 3 ] DEBUG Engine               - class com.almasb.fxgl.cutscene.CutsceneService
23:40:42.375 [FXGL Background Thread 3 ] DEBUG Engine               - class com.almasb.fxgl.minigames.MiniGameService
23:40:42.375 [FXGL Background Thread 3 ] DEBUG Engine               - class com.almasb.fxgl.net.NetService
23:40:42.375 [FXGL Background Thread 3 ] DEBUG Engine               - class com.almasb.fxgl.app.services.UpdaterService
23:40:42.375 [FXGL Background Thread 3 ] DEBUG Engine               - class com.almasb.fxgl.dev.DevService
23:40:51.905 [FXGL Background Thread 2 ] WARN  UpdaterService       - Failed to find updates: java.net.SocketException: Connection reset
23:41:48.301 [JavaFX Application Thread] DEBUG FXGLApplication      - Exiting FXGL
23:41:48.301 [JavaFX Application Thread] DEBUG LoopRunner           - Stopping loop
23:41:48.301 [JavaFX Application Thread] DEBUG SystemBundleService  - Saving FXGL system data
23:41:48.304 [JavaFX Application Thread] DEBUG FileSystemAccess     - Writing to: /home/chris/IdeaProjects/RestaurantSimulator/system/fxgl.bundle
23:41:48.305 [JavaFX Application Thread] DEBUG Async                - Shutting down background threads
23:41:48.305 [JavaFX Application Thread] DEBUG PrimaryStageWindow   - Closing main window
23:41:48.308 [JavaFX Application Thread] DEBUG Logger               - Closing Logger
