18:19:59.073 [main                     ] DEBUG Logger               - Configured Logger
18:19:59.090 [main                     ] DEBUG GameApplication      - Logging settings
Title: Restaurant Game
Version: 0.0
Width: 850
Height: 670
Fullscreen: false
Intro: false
Profiling: false
Single step:false
App Mode: DEVELOPER
Menu Key: ESCAPE
Stage Style: DECORATED
Scene Factory: class com.almasb.fxgl.app.scene.SceneFactory

18:19:59.329 [JavaFX Application Thread] DEBUG FXGLApplication      - Initializing FXGL
18:19:59.334 [JavaFX Application Thread] INFO  Engine               - FXGL-17.2 (20.08.2022 16.50) on LINUX (J:17.0.13 FX:18)
18:19:59.335 [JavaFX Application Thread] DEBUG Engine               - JRE Vendor Name: Red Hat, Inc.
18:19:59.335 [JavaFX Application Thread] DEBUG Engine               - Running on OS: Linux version 6.11.6-200.fc40.x86_64
18:19:59.335 [JavaFX Application Thread] DEBUG Engine               - Architecture: amd64
18:19:59.335 [JavaFX Application Thread] INFO  Engine               - Source code and latest versions at: https://github.com/AlmasB/FXGL
18:19:59.336 [JavaFX Application Thread] INFO  Engine               -       Ask questions and discuss at: https://github.com/AlmasB/FXGL/discussions
18:19:59.336 [JavaFX Application Thread] INFO  Engine               -              Join the FXGL chat at: https://gitter.im/AlmasB/FXGL
18:19:59.422 [JavaFX Application Thread] DEBUG PrimaryStageWindow   - Creating a JavaFX scene
18:19:59.465 [JavaFX Application Thread] DEBUG PrimaryStageWindow   - Target settings size: 850.0 x 670.0
18:19:59.465 [JavaFX Application Thread] DEBUG PrimaryStageWindow   - Scaled scene size:    850.0 x 670.0
18:19:59.465 [JavaFX Application Thread] DEBUG PrimaryStageWindow   - Scaled ratio: (1.0, 1.0)
18:19:59.466 [JavaFX Application Thread] DEBUG PrimaryStageWindow   - Set initial scene to FXGLStartupScene
18:19:59.470 [JavaFX Application Thread] DEBUG PrimaryStageWindow   - Opening main window
18:19:59.494 [JavaFX Application Thread] DEBUG PrimaryStageWindow   - Window border size: (2.0, 29.0)
18:19:59.494 [JavaFX Application Thread] DEBUG PrimaryStageWindow   - Scaled size: 850.0 x 670.0
18:19:59.494 [JavaFX Application Thread] DEBUG PrimaryStageWindow   - Scaled ratio: (1.0, 1.0)
18:19:59.494 [JavaFX Application Thread] DEBUG PrimaryStageWindow   - Scene size: 850.0 x 670.0
18:19:59.494 [JavaFX Application Thread] DEBUG PrimaryStageWindow   - Stage size: 852.0 x 699.0
18:19:59.498 [FXGL Background Thread 1 ] DEBUG Engine               - Initializing environment variables
18:19:59.512 [FXGL Background Thread 1 ] DEBUG FXGLAssetLoaderServi - User app class for loading assets: class fxglapp.FXGLGameApp
18:19:59.512 [FXGL Background Thread 1 ] DEBUG GameApplicationServi - Applying CSS: fxgl_dark.css
18:19:59.513 [FXGL Background Thread 1 ] DEBUG FXGLAssetLoaderServi - Loading from file system: jar:file:/home/chris/.m2/repository/com/github/almasb/fxgl/17.2/fxgl-17.2.jar!/fxglassets/ui/css/fxgl_dark.css
18:19:59.538 [FXGL Background Thread 1 ] DEBUG GameApplicationServi - Initializing application scenes
18:19:59.563 [FXGL Background Thread 1 ] DEBUG GameWorld            - Game world initialized
18:19:59.588 [FXGL Background Thread 1 ] DEBUG PhysicsWorld         - Physics world initialized: appHeight=670, physics.ppm=50.0
18:19:59.588 [FXGL Background Thread 1 ] DEBUG PhysicsWorld         - Using strategy: BRUTE_FORCE
18:19:59.591 [FXGL Background Thread 1 ] DEBUG GameScene            - Game scene initialized: 850x670
18:19:59.599 [FXGL Background Thread 1 ] DEBUG FXGL.DefaultMenu     - createMenuBodyGameMenu()
18:19:59.607 [FXGL Background Thread 1 ] DEBUG FXGL.DefaultMenu     - createOptionsMenu()
18:19:59.618 [FXGL Background Thread 1 ] DEBUG FXGLAssetLoaderServi - Loading from file system: jar:file:/home/chris/.m2/repository/com/github/almasb/fxgl/17.2/fxgl-17.2.jar!/fxglassets/textures/particles/smoke.png
18:19:59.672 [FXGL Background Thread 1 ] DEBUG FXGLAssetLoaderServi - Loading from file system: jar:file:/home/chris/.m2/repository/com/github/almasb/fxgl/17.2/fxgl-17.2.jar!/fxglassets/textures/particles/trace_horizontal.png
18:19:59.688 [FXGL Background Thread 1 ] DEBUG GameApplicationServi - Application scenes initialized
18:19:59.695 [FXGL Background Thread 1 ] DEBUG SystemBundleService  - Loading FXGL system data
18:19:59.696 [FXGL Background Thread 1 ] DEBUG FileSystemAccess     - Reading from: /home/chris/IdeaProjects/RestaurantSimulator/system/fxgl.bundle
18:19:59.698 [FXGL Background Thread 1 ] DEBUG SystemBundleService  - Bundle FXGL: {}
18:19:59.698 [FXGL Background Thread 1 ] DEBUG UpdaterService       - Checking for updates
18:19:59.701 [FXGL Background Thread 4 ] DEBUG FXGLApplication      - Loading fonts
18:19:59.701 [FXGL Background Thread 1 ] DEBUG FXGLApplication      - Loading default localization
18:19:59.701 [FXGL Background Thread 4 ] DEBUG FXGLAssetLoaderServi - Loading from file system: jar:file:/home/chris/.m2/repository/com/github/almasb/fxgl/17.2/fxgl-17.2.jar!/fxglassets/ui/fonts/VarelaRound-Regular.ttf
18:19:59.701 [FXGL Background Thread 1 ] DEBUG FXGLAssetLoaderServi - Loading from file system: jar:file:/home/chris/.m2/repository/com/github/almasb/fxgl/17.2/fxgl-17.2.jar!/fxglassets/languages/english.lang
18:19:59.704 [FXGL Background Thread 4 ] DEBUG FXGLAssetLoaderServi - Loading from file system: jar:file:/home/chris/.m2/repository/com/github/almasb/fxgl/17.2/fxgl-17.2.jar!/fxglassets/ui/fonts/Abel-Regular.ttf
18:19:59.705 [FXGL Background Thread 4 ] DEBUG FXGLAssetLoaderServi - Loading from file system: jar:file:/home/chris/.m2/repository/com/github/almasb/fxgl/17.2/fxgl-17.2.jar!/fxglassets/ui/fonts/TerminalLandMono-Regular.otf
18:19:59.706 [FXGL Background Thread 4 ] DEBUG FXGLAssetLoaderServi - Loading from file system: jar:file:/home/chris/.m2/repository/com/github/almasb/fxgl/17.2/fxgl-17.2.jar!/fxglassets/ui/fonts/Courier-Prime.ttf
18:19:59.709 [JavaFX Application Thread] DEBUG FXGLApplication      - Registering font factories with UI factory
18:19:59.714 [FXGL Background Thread 1 ] INFO  FXGLApplication      - FXGL initialization took: 0.216 sec
18:19:59.715 [JavaFX Application Thread] DEBUG FXGLAssetLoaderServi - Loading from file system: jar:file:/home/chris/.m2/repository/com/github/almasb/fxgl/17.2/fxgl-17.2.jar!/fxglassets/textures/fxgl_icon.png
18:19:59.731 [JavaFX Application Thread] DEBUG FXGLAssetLoaderServi - Loading from file system: jar:file:/home/chris/.m2/repository/com/github/almasb/fxgl/17.2/fxgl-17.2.jar!/fxglassets/textures/fxgl_default_cursor.png
18:19:59.739 [JavaFX Application Thread] DEBUG Input                - Registered new binding: Screenshot - CTRL+8
18:19:59.739 [JavaFX Application Thread] DEBUG Input                - Registered new binding: System info dump - CTRL+9
18:19:59.740 [JavaFX Application Thread] DEBUG Input                - Registered new binding: Restart - CTRL+R
18:19:59.743 [JavaFX Application Thread] DEBUG Input                - Registered new binding: Toggle Debug Camera - CTRL+7
18:19:59.745 [JavaFX Application Thread] DEBUG LoopRunner           - Starting loop
18:19:59.745 [JavaFX Application Thread] DEBUG LoopRunner           - Initializing JavaFX AnimationTimerLoop
18:19:59.746 [JavaFX Application Thread] DEBUG GameApplicationServi - Starting new game
18:19:59.747 [JavaFX Application Thread] DEBUG Input                - Clearing active input actions
18:19:59.754 [JavaFX Application Thread] DEBUG GameApplicationServi - Removing overlay from FXGLStartupScene and adding to FXGLLoadingScene
18:19:59.754 [JavaFX Application Thread] DEBUG PrimaryStageWindow   - FXGLStartupScene -> FXGLLoadingScene
18:19:59.755 [JavaFX Application Thread] DEBUG GameApplicationServi - Clearing previous game
18:19:59.755 [JavaFX Application Thread] DEBUG GameScene            - Clearing game scene
18:19:59.755 [JavaFX Application Thread] DEBUG GameWorld            - Clearing game world
18:19:59.755 [JavaFX Application Thread] DEBUG PhysicsWorld         - Clearing physics world
18:19:59.756 [FXGL Background Thread 1 ] DEBUG FXGLApplication      - Initializing game
18:19:59.862 [FXGL Background Thread 1 ] INFO  FXGLApplication      - Game initialization took: 0.106 sec
18:19:59.868 [JavaFX Application Thread] DEBUG Input                - Clearing active input actions
18:19:59.881 [JavaFX Application Thread] DEBUG GameApplicationServi - Removing overlay from FXGLLoadingScene and adding to GameScene
18:19:59.882 [JavaFX Application Thread] DEBUG PrimaryStageWindow   - FXGLLoadingScene -> GameScene
18:20:00.124 [FXGL Background Thread 2 ] INFO  UpdaterService       - Your current version:  17.2
18:20:00.124 [FXGL Background Thread 2 ] INFO  UpdaterService       - Latest stable version: 21.1
18:20:01.172 [JavaFX Application Thread] DEBUG FXGLApplication      - Exiting FXGL
18:20:01.172 [JavaFX Application Thread] DEBUG LoopRunner           - Stopping loop
18:20:01.172 [JavaFX Application Thread] DEBUG SystemBundleService  - Saving FXGL system data
18:20:01.173 [JavaFX Application Thread] DEBUG FileSystemAccess     - Writing to: /home/chris/IdeaProjects/RestaurantSimulator/system/fxgl.bundle
18:20:01.173 [JavaFX Application Thread] DEBUG Async                - Shutting down background threads
18:20:01.173 [JavaFX Application Thread] DEBUG PrimaryStageWindow   - Closing main window
18:20:01.175 [JavaFX Application Thread] DEBUG Logger               - Closing Logger
