01:03:58.411 [main                     ] DEBUG Logger               - Configured Logger
01:03:58.429 [main                     ] DEBUG GameApplication      - Logging settings
Title: Restaurant Game
Version: 0.0
Width: 850
Height: 670
Fullscreen: false
Intro: false
Profiling: false
Single step:false
App Mode: DEVELOPER
Menu Key: ESCAPE
Stage Style: DECORATED
Scene Factory: class com.almasb.fxgl.app.scene.SceneFactory

01:03:58.667 [JavaFX Application Thread] DEBUG FXGLApplication      - Initializing FXGL
01:03:58.670 [JavaFX Application Thread] INFO  Engine               - FXGL-17.2 (20.08.2022 16.50) on LINUX (J:17.0.13 FX:18)
01:03:58.671 [JavaFX Application Thread] DEBUG Engine               - JRE Vendor Name: Red Hat, Inc.
01:03:58.671 [JavaFX Application Thread] DEBUG Engine               - Running on OS: Linux version 6.11.6-200.fc40.x86_64
01:03:58.671 [JavaFX Application Thread] DEBUG Engine               - Architecture: amd64
01:03:58.671 [JavaFX Application Thread] INFO  Engine               - Source code and latest versions at: https://github.com/AlmasB/FXGL
01:03:58.671 [JavaFX Application Thread] INFO  Engine               -       Ask questions and discuss at: https://github.com/AlmasB/FXGL/discussions
01:03:58.671 [JavaFX Application Thread] INFO  Engine               -              Join the FXGL chat at: https://gitter.im/AlmasB/FXGL
01:03:58.723 [JavaFX Application Thread] DEBUG PrimaryStageWindow   - Creating a JavaFX scene
01:03:58.764 [JavaFX Application Thread] DEBUG PrimaryStageWindow   - Target settings size: 850.0 x 670.0
01:03:58.764 [JavaFX Application Thread] DEBUG PrimaryStageWindow   - Scaled scene size:    850.0 x 670.0
01:03:58.764 [JavaFX Application Thread] DEBUG PrimaryStageWindow   - Scaled ratio: (1.0, 1.0)
01:03:58.765 [JavaFX Application Thread] DEBUG PrimaryStageWindow   - Set initial scene to FXGLStartupScene
01:03:58.768 [JavaFX Application Thread] DEBUG PrimaryStageWindow   - Opening main window
01:03:58.790 [JavaFX Application Thread] DEBUG PrimaryStageWindow   - Window border size: (2.0, 29.0)
01:03:58.790 [JavaFX Application Thread] DEBUG PrimaryStageWindow   - Scaled size: 850.0 x 670.0
01:03:58.790 [JavaFX Application Thread] DEBUG PrimaryStageWindow   - Scaled ratio: (1.0, 1.0)
01:03:58.791 [JavaFX Application Thread] DEBUG PrimaryStageWindow   - Scene size: 850.0 x 670.0
01:03:58.791 [JavaFX Application Thread] DEBUG PrimaryStageWindow   - Stage size: 852.0 x 699.0
01:03:58.794 [FXGL Background Thread 1 ] DEBUG Engine               - Initializing environment variables
01:03:58.808 [FXGL Background Thread 1 ] DEBUG FXGLAssetLoaderServi - User app class for loading assets: class fxglapp.FXGLGameApp
01:03:58.808 [FXGL Background Thread 1 ] DEBUG GameApplicationServi - Applying CSS: fxgl_dark.css
01:03:58.809 [FXGL Background Thread 1 ] DEBUG FXGLAssetLoaderServi - Loading from file system: jar:file:/home/chris/.m2/repository/com/github/almasb/fxgl/17.2/fxgl-17.2.jar!/fxglassets/ui/css/fxgl_dark.css
01:03:58.843 [FXGL Background Thread 1 ] DEBUG GameApplicationServi - Initializing application scenes
01:03:58.881 [FXGL Background Thread 1 ] DEBUG GameWorld            - Game world initialized
01:03:58.905 [FXGL Background Thread 1 ] DEBUG PhysicsWorld         - Physics world initialized: appHeight=670, physics.ppm=50.0
01:03:58.905 [FXGL Background Thread 1 ] DEBUG PhysicsWorld         - Using strategy: BRUTE_FORCE
01:03:58.908 [FXGL Background Thread 1 ] DEBUG GameScene            - Game scene initialized: 850x670
01:03:58.915 [FXGL Background Thread 1 ] DEBUG FXGL.DefaultMenu     - createMenuBodyGameMenu()
01:03:58.923 [FXGL Background Thread 1 ] DEBUG FXGL.DefaultMenu     - createOptionsMenu()
01:03:58.929 [FXGL Background Thread 1 ] DEBUG FXGLAssetLoaderServi - Loading from file system: jar:file:/home/chris/.m2/repository/com/github/almasb/fxgl/17.2/fxgl-17.2.jar!/fxglassets/textures/particles/smoke.png
01:03:58.984 [FXGL Background Thread 1 ] DEBUG FXGLAssetLoaderServi - Loading from file system: jar:file:/home/chris/.m2/repository/com/github/almasb/fxgl/17.2/fxgl-17.2.jar!/fxglassets/textures/particles/trace_horizontal.png
01:03:58.999 [FXGL Background Thread 1 ] DEBUG GameApplicationServi - Application scenes initialized
01:03:59.006 [FXGL Background Thread 1 ] DEBUG SystemBundleService  - Loading FXGL system data
01:03:59.006 [FXGL Background Thread 1 ] DEBUG FileSystemAccess     - Reading from: /home/chris/IdeaProjects/RestaurantSimulator/system/fxgl.bundle
01:03:59.008 [FXGL Background Thread 1 ] DEBUG SystemBundleService  - Bundle FXGL: {}
01:03:59.008 [FXGL Background Thread 1 ] DEBUG UpdaterService       - Checking for updates
01:03:59.011 [FXGL Background Thread 4 ] DEBUG FXGLApplication      - Loading fonts
01:03:59.011 [FXGL Background Thread 1 ] DEBUG FXGLApplication      - Loading default localization
01:03:59.011 [FXGL Background Thread 4 ] DEBUG FXGLAssetLoaderServi - Loading from file system: jar:file:/home/chris/.m2/repository/com/github/almasb/fxgl/17.2/fxgl-17.2.jar!/fxglassets/ui/fonts/VarelaRound-Regular.ttf
01:03:59.011 [FXGL Background Thread 1 ] DEBUG FXGLAssetLoaderServi - Loading from file system: jar:file:/home/chris/.m2/repository/com/github/almasb/fxgl/17.2/fxgl-17.2.jar!/fxglassets/languages/english.lang
01:03:59.016 [FXGL Background Thread 4 ] DEBUG FXGLAssetLoaderServi - Loading from file system: jar:file:/home/chris/.m2/repository/com/github/almasb/fxgl/17.2/fxgl-17.2.jar!/fxglassets/ui/fonts/Abel-Regular.ttf
01:03:59.017 [FXGL Background Thread 4 ] DEBUG FXGLAssetLoaderServi - Loading from file system: jar:file:/home/chris/.m2/repository/com/github/almasb/fxgl/17.2/fxgl-17.2.jar!/fxglassets/ui/fonts/TerminalLandMono-Regular.otf
01:03:59.019 [FXGL Background Thread 4 ] DEBUG FXGLAssetLoaderServi - Loading from file system: jar:file:/home/chris/.m2/repository/com/github/almasb/fxgl/17.2/fxgl-17.2.jar!/fxglassets/ui/fonts/Courier-Prime.ttf
01:03:59.020 [FXGL Background Thread 1 ] INFO  FXGLApplication      - FXGL initialization took: 0.226 sec
01:03:59.021 [JavaFX Application Thread] DEBUG FXGLAssetLoaderServi - Loading from file system: jar:file:/home/chris/.m2/repository/com/github/almasb/fxgl/17.2/fxgl-17.2.jar!/fxglassets/textures/fxgl_icon.png
01:03:59.038 [JavaFX Application Thread] DEBUG FXGLAssetLoaderServi - Loading from file system: jar:file:/home/chris/.m2/repository/com/github/almasb/fxgl/17.2/fxgl-17.2.jar!/fxglassets/textures/fxgl_default_cursor.png
01:03:59.047 [JavaFX Application Thread] DEBUG Input                - Registered new binding: Screenshot - CTRL+8
01:03:59.048 [JavaFX Application Thread] DEBUG Input                - Registered new binding: System info dump - CTRL+9
01:03:59.048 [JavaFX Application Thread] DEBUG Input                - Registered new binding: Restart - CTRL+R
01:03:59.048 [JavaFX Application Thread] DEBUG Input                - Registered new binding: Toggle Debug Camera - CTRL+7
01:03:59.050 [JavaFX Application Thread] DEBUG LoopRunner           - Starting loop
01:03:59.050 [JavaFX Application Thread] DEBUG LoopRunner           - Initializing JavaFX AnimationTimerLoop
01:03:59.051 [JavaFX Application Thread] DEBUG GameApplicationServi - Starting new game
01:03:59.052 [JavaFX Application Thread] DEBUG Input                - Clearing active input actions
01:03:59.068 [JavaFX Application Thread] DEBUG GameApplicationServi - Removing overlay from FXGLStartupScene and adding to FXGLLoadingScene
01:03:59.069 [JavaFX Application Thread] DEBUG PrimaryStageWindow   - FXGLStartupScene -> FXGLLoadingScene
01:03:59.069 [JavaFX Application Thread] DEBUG GameApplicationServi - Clearing previous game
01:03:59.069 [JavaFX Application Thread] DEBUG GameScene            - Clearing game scene
01:03:59.069 [JavaFX Application Thread] DEBUG GameWorld            - Clearing game world
01:03:59.069 [JavaFX Application Thread] DEBUG PhysicsWorld         - Clearing physics world
01:03:59.071 [FXGL Background Thread 4 ] DEBUG FXGLApplication      - Initializing game
01:03:59.075 [JavaFX Application Thread] DEBUG FXGLApplication      - Registering font factories with UI factory
01:03:59.197 [FXGL Background Thread 4 ] INFO  FXGLApplication      - Game initialization took: 0.126 sec
01:03:59.198 [JavaFX Application Thread] DEBUG Input                - Clearing active input actions
01:03:59.227 [JavaFX Application Thread] DEBUG GameApplicationServi - Removing overlay from FXGLLoadingScene and adding to GameScene
01:03:59.228 [JavaFX Application Thread] DEBUG PrimaryStageWindow   - FXGLLoadingScene -> GameScene
01:03:59.795 [FXGL Background Thread 2 ] INFO  UpdaterService       - Your current version:  17.2
01:03:59.795 [FXGL Background Thread 2 ] INFO  UpdaterService       - Latest stable version: 21.1
01:04:02.010 [FXGL Background Thread 3 ] DEBUG Engine               - Logging environment variables
01:04:02.012 [FXGL Background Thread 3 ] DEBUG Engine               - achievements: []
01:04:02.012 [FXGL Background Thread 3 ] DEBUG Engine               - actualHeight: 641.0
01:04:02.012 [FXGL Background Thread 3 ] DEBUG Engine               - actualHeightProperty: ReadOnlyDoubleProperty [value: 677.0]
01:04:02.013 [FXGL Background Thread 3 ] DEBUG Engine               - actualWidth: 848.0
01:04:02.013 [FXGL Background Thread 3 ] DEBUG Engine               - actualWidthProperty: ReadOnlyDoubleProperty [value: 850.0]
01:04:02.013 [FXGL Background Thread 3 ] DEBUG Engine               - appIcon: fxgl_icon.png
01:04:02.013 [FXGL Background Thread 3 ] DEBUG Engine               - applicationMode: DEVELOPER
01:04:02.013 [FXGL Background Thread 3 ] DEBUG Engine               - cSSList: [fxgl_dark.css]
01:04:02.014 [FXGL Background Thread 3 ] DEBUG Engine               - collisionDetectionStrategy: BRUTE_FORCE
01:04:02.014 [FXGL Background Thread 3 ] DEBUG Engine               - configClass: Optional.empty
01:04:02.014 [FXGL Background Thread 3 ] DEBUG Engine               - credits: []
01:04:02.014 [FXGL Background Thread 3 ] DEBUG Engine               - defaultCursor: CursorInfo(imageName=fxgl_default_cursor.png, hotspotX=7.0, hotspotY=6.0)
01:04:02.015 [FXGL Background Thread 3 ] DEBUG Engine               - devBBoxColorProperty: ObjectProperty [value: 0xff0000ff]
01:04:02.015 [FXGL Background Thread 3 ] DEBUG Engine               - devEnableDebugCameraProperty: BooleanProperty [value: false]
01:04:02.015 [FXGL Background Thread 3 ] DEBUG Engine               - devSensorColorProperty: ObjectProperty [value: 0xffff00ff]
01:04:02.015 [FXGL Background Thread 3 ] DEBUG Engine               - devShowBBoxProperty: BooleanProperty [value: false]
01:04:02.015 [FXGL Background Thread 3 ] DEBUG Engine               - devShowPositionProperty: BooleanProperty [value: false]
01:04:02.015 [FXGL Background Thread 3 ] DEBUG Engine               - enabledMenuItems: []
01:04:02.016 [FXGL Background Thread 3 ] DEBUG Engine               - engineServices: [class com.almasb.fxgl.app.services.FXGLAssetLoaderService, class com.almasb.fxgl.app.FXGLApplication$GameApplicationService, class com.almasb.fxgl.app.services.FXGLDialogService, class com.almasb.fxgl.app.services.IOTaskExecutorService, class com.almasb.fxgl.io.FileSystemService, class com.almasb.fxgl.localization.LocalizationService, class com.almasb.fxgl.app.services.SystemBundleService, class com.almasb.fxgl.profile.SaveLoadService, class com.almasb.fxgl.ui.FXGLUIFactoryServiceProvider, class com.almasb.fxgl.ui.FXGLDialogFactoryServiceProvider, class com.almasb.fxgl.audio.AudioPlayer, class com.almasb.fxgl.notification.impl.NotificationServiceProvider, class com.almasb.fxgl.achievement.AchievementService, class com.almasb.fxgl.cutscene.CutsceneService, class com.almasb.fxgl.minigames.MiniGameService, class com.almasb.fxgl.net.NetService, class com.almasb.fxgl.app.services.UpdaterService, class com.almasb.fxgl.dev.DevService]
01:04:02.016 [FXGL Background Thread 3 ] DEBUG Engine               - fontGame: Abel-Regular.ttf
01:04:02.016 [FXGL Background Thread 3 ] DEBUG Engine               - fontMono: TerminalLandMono-Regular.otf
01:04:02.016 [FXGL Background Thread 3 ] DEBUG Engine               - fontText: Courier-Prime.ttf
01:04:02.016 [FXGL Background Thread 3 ] DEBUG Engine               - fontUI: VarelaRound-Regular.ttf
01:04:02.016 [FXGL Background Thread 3 ] DEBUG Engine               - fullScreen: BooleanProperty [value: false]
01:04:02.016 [FXGL Background Thread 3 ] DEBUG Engine               - gameDifficulty: MEDIUM
01:04:02.016 [FXGL Background Thread 3 ] DEBUG Engine               - gameDifficultyProperty: ObjectProperty [value: MEDIUM]
01:04:02.016 [FXGL Background Thread 3 ] DEBUG Engine               - globalMusicVolume: 0.5
01:04:02.017 [FXGL Background Thread 3 ] DEBUG Engine               - globalMusicVolumeProperty: DoubleProperty [value: 0.5]
01:04:02.017 [FXGL Background Thread 3 ] DEBUG Engine               - globalSoundVolume: 0.5
01:04:02.017 [FXGL Background Thread 3 ] DEBUG Engine               - globalSoundVolumeProperty: DoubleProperty [value: 0.5]
01:04:02.017 [FXGL Background Thread 3 ] DEBUG Engine               - height: 670
01:04:02.017 [FXGL Background Thread 3 ] DEBUG Engine               - is3D: false
01:04:02.017 [FXGL Background Thread 3 ] DEBUG Engine               - isAndroid: false
01:04:02.018 [FXGL Background Thread 3 ] DEBUG Engine               - isBrowser: false
01:04:02.018 [FXGL Background Thread 3 ] DEBUG Engine               - isClickFeedbackEnabled: false
01:04:02.018 [FXGL Background Thread 3 ] DEBUG Engine               - isCloseConfirmation: false
01:04:02.018 [FXGL Background Thread 3 ] DEBUG Engine               - isDesktop: true
01:04:02.018 [FXGL Background Thread 3 ] DEBUG Engine               - isDeveloperMenuEnabled: false
01:04:02.018 [FXGL Background Thread 3 ] DEBUG Engine               - isEmbedded: false
01:04:02.018 [FXGL Background Thread 3 ] DEBUG Engine               - isEntityPreloadEnabled: true
01:04:02.018 [FXGL Background Thread 3 ] DEBUG Engine               - isExperimentalTiledLargeMap: false
01:04:02.018 [FXGL Background Thread 3 ] DEBUG Engine               - isFileSystemWriteAllowed: true
01:04:02.018 [FXGL Background Thread 3 ] DEBUG Engine               - isFullScreenAllowed: false
01:04:02.019 [FXGL Background Thread 3 ] DEBUG Engine               - isFullScreenFromStart: false
01:04:02.019 [FXGL Background Thread 3 ] DEBUG Engine               - isGameMenuEnabled: true
01:04:02.019 [FXGL Background Thread 3 ] DEBUG Engine               - isIOS: false
01:04:02.019 [FXGL Background Thread 3 ] DEBUG Engine               - isIntroEnabled: false
01:04:02.019 [FXGL Background Thread 3 ] DEBUG Engine               - isLinux: true
01:04:02.019 [FXGL Background Thread 3 ] DEBUG Engine               - isMac: false
01:04:02.019 [FXGL Background Thread 3 ] DEBUG Engine               - isMainMenuEnabled: false
01:04:02.019 [FXGL Background Thread 3 ] DEBUG Engine               - isManualResizeEnabled: false
01:04:02.019 [FXGL Background Thread 3 ] DEBUG Engine               - isMobile: false
01:04:02.020 [FXGL Background Thread 3 ] DEBUG Engine               - isNative: false
01:04:02.020 [FXGL Background Thread 3 ] DEBUG Engine               - isPauseMusicWhenMinimized: true
01:04:02.020 [FXGL Background Thread 3 ] DEBUG Engine               - isPreserveResizeRatio: false
01:04:02.020 [FXGL Background Thread 3 ] DEBUG Engine               - isProfilingEnabled: false
01:04:02.020 [FXGL Background Thread 3 ] DEBUG Engine               - isScaleAffectedOnResize: true
01:04:02.020 [FXGL Background Thread 3 ] DEBUG Engine               - isSingleStep: false
01:04:02.020 [FXGL Background Thread 3 ] DEBUG Engine               - isUserProfileEnabled: false
01:04:02.020 [FXGL Background Thread 3 ] DEBUG Engine               - isWindows: false
01:04:02.020 [FXGL Background Thread 3 ] DEBUG Engine               - language: ObjectProperty [value: ENGLISH]
01:04:02.020 [FXGL Background Thread 3 ] DEBUG Engine               - menuKey: ESCAPE
01:04:02.020 [FXGL Background Thread 3 ] DEBUG Engine               - mouseSensitivity: 0.2
01:04:02.020 [FXGL Background Thread 3 ] DEBUG Engine               - notificationViewClass: class com.almasb.fxgl.notification.view.XboxNotificationView
01:04:02.020 [FXGL Background Thread 3 ] DEBUG Engine               - pixelsPerMeter: 50.0
01:04:02.020 [FXGL Background Thread 3 ] DEBUG Engine               - platform: LINUX
01:04:02.020 [FXGL Background Thread 3 ] DEBUG Engine               - prefHeightProperty: ReadOnlyDoubleProperty [value: 670.0]
01:04:02.021 [FXGL Background Thread 3 ] DEBUG Engine               - prefWidthProperty: ReadOnlyDoubleProperty [value: 850.0]
01:04:02.021 [FXGL Background Thread 3 ] DEBUG Engine               - profileDir: profiles/
01:04:02.021 [FXGL Background Thread 3 ] DEBUG Engine               - profileName: StringProperty [value: DEFAULT]
01:04:02.021 [FXGL Background Thread 3 ] DEBUG Engine               - randomSeed: -1
01:04:02.021 [FXGL Background Thread 3 ] DEBUG Engine               - runtimeInfo: RuntimeInfo(platform=LINUX, version=17.2, build=20.08.2022 16.50)
01:04:02.021 [FXGL Background Thread 3 ] DEBUG Engine               - saveFileExt: sav
01:04:02.021 [FXGL Background Thread 3 ] DEBUG Engine               - scaledHeightProp$fxgl: DoubleProperty [bound, value: 677.0]
01:04:02.021 [FXGL Background Thread 3 ] DEBUG Engine               - scaledWidthProp$fxgl: DoubleProperty [bound, value: 850.0]
01:04:02.021 [FXGL Background Thread 3 ] DEBUG Engine               - sceneFactory: com.almasb.fxgl.app.scene.SceneFactory@50703f9d
01:04:02.021 [FXGL Background Thread 3 ] DEBUG Engine               - secondsIn24h: 60
01:04:02.021 [FXGL Background Thread 3 ] DEBUG Engine               - soundMenuBack: menu/back.wav
01:04:02.021 [FXGL Background Thread 3 ] DEBUG Engine               - soundMenuPress: menu/press.wav
01:04:02.021 [FXGL Background Thread 3 ] DEBUG Engine               - soundMenuSelect: menu/select.wav
01:04:02.021 [FXGL Background Thread 3 ] DEBUG Engine               - soundNotification: core/notification.wav
01:04:02.021 [FXGL Background Thread 3 ] DEBUG Engine               - stageStyle: DECORATED
01:04:02.021 [FXGL Background Thread 3 ] DEBUG Engine               - supportedLanguages: [ENGLISH, FRENCH, GERMAN, HUNGARIAN, RUSSIAN]
01:04:02.021 [FXGL Background Thread 3 ] DEBUG Engine               - ticksPerSecond: -1
01:04:02.021 [FXGL Background Thread 3 ] DEBUG Engine               - title: Restaurant Game
01:04:02.021 [FXGL Background Thread 3 ] DEBUG Engine               - urlGithub: https://github.com/AlmasB/FXGL
01:04:02.021 [FXGL Background Thread 3 ] DEBUG Engine               - urlLeaderboard: http://fxgl-top.herokuapp.com/
01:04:02.022 [FXGL Background Thread 3 ] DEBUG Engine               - urlPOM: https://raw.githubusercontent.com/AlmasB/FXGL/release/README.md
01:04:02.022 [FXGL Background Thread 3 ] DEBUG Engine               - userAppClass: class fxglapp.FXGLGameApp
01:04:02.022 [FXGL Background Thread 3 ] DEBUG Engine               - version: 0.0
01:04:02.022 [FXGL Background Thread 3 ] DEBUG Engine               - versionCheckDays: 7
01:04:02.022 [FXGL Background Thread 3 ] DEBUG Engine               - width: 850
01:04:02.022 [FXGL Background Thread 3 ] DEBUG Engine               - Logging services
01:04:02.022 [FXGL Background Thread 3 ] DEBUG Engine               - class com.almasb.fxgl.app.services.FXGLAssetLoaderService
01:04:02.022 [FXGL Background Thread 3 ] DEBUG Engine               - class com.almasb.fxgl.app.FXGLApplication$GameApplicationService
01:04:02.022 [FXGL Background Thread 3 ] DEBUG Engine               - class com.almasb.fxgl.app.services.FXGLDialogService
01:04:02.022 [FXGL Background Thread 3 ] DEBUG Engine               - class com.almasb.fxgl.app.services.IOTaskExecutorService
01:04:02.022 [FXGL Background Thread 3 ] DEBUG Engine               - class com.almasb.fxgl.io.FileSystemService
01:04:02.022 [FXGL Background Thread 3 ] DEBUG Engine               - class com.almasb.fxgl.localization.LocalizationService
01:04:02.022 [FXGL Background Thread 3 ] DEBUG Engine               - class com.almasb.fxgl.app.services.SystemBundleService
01:04:02.022 [FXGL Background Thread 3 ] DEBUG Engine               - class com.almasb.fxgl.profile.SaveLoadService
01:04:02.022 [FXGL Background Thread 3 ] DEBUG Engine               - class com.almasb.fxgl.ui.FXGLUIFactoryServiceProvider
01:04:02.022 [FXGL Background Thread 3 ] DEBUG Engine               - class com.almasb.fxgl.ui.FXGLDialogFactoryServiceProvider
01:04:02.022 [FXGL Background Thread 3 ] DEBUG Engine               - class com.almasb.fxgl.audio.AudioPlayer
01:04:02.022 [FXGL Background Thread 3 ] DEBUG Engine               - class com.almasb.fxgl.notification.impl.NotificationServiceProvider
01:04:02.022 [FXGL Background Thread 3 ] DEBUG Engine               - class com.almasb.fxgl.achievement.AchievementService
01:04:02.022 [FXGL Background Thread 3 ] DEBUG Engine               - class com.almasb.fxgl.cutscene.CutsceneService
01:04:02.022 [FXGL Background Thread 3 ] DEBUG Engine               - class com.almasb.fxgl.minigames.MiniGameService
01:04:02.022 [FXGL Background Thread 3 ] DEBUG Engine               - class com.almasb.fxgl.net.NetService
01:04:02.022 [FXGL Background Thread 3 ] DEBUG Engine               - class com.almasb.fxgl.app.services.UpdaterService
01:04:02.022 [FXGL Background Thread 3 ] DEBUG Engine               - class com.almasb.fxgl.dev.DevService
01:04:06.889 [JavaFX Application Thread] DEBUG FXGLApplication      - Exiting FXGL
01:04:06.890 [JavaFX Application Thread] DEBUG LoopRunner           - Stopping loop
01:04:06.890 [JavaFX Application Thread] DEBUG SystemBundleService  - Saving FXGL system data
01:04:06.893 [JavaFX Application Thread] DEBUG FileSystemAccess     - Writing to: /home/chris/IdeaProjects/RestaurantSimulator/system/fxgl.bundle
01:04:06.894 [JavaFX Application Thread] DEBUG Async                - Shutting down background threads
01:04:06.895 [JavaFX Application Thread] DEBUG PrimaryStageWindow   - Closing main window
01:04:06.897 [JavaFX Application Thread] DEBUG Logger               - Closing Logger
