17:50:58.746 [main                     ] DEBUG Logger               - Configured Logger
17:50:58.780 [main                     ] DEBUG GameApplication      - Logging settings
Title: Restaurant Game
Version: 0.0
Width: 850
Height: 670
Fullscreen: false
Intro: false
Profiling: false
Single step:false
App Mode: DEVELOPER
Menu Key: ESCAPE
Stage Style: DECORATED
Scene Factory: class com.almasb.fxgl.app.scene.SceneFactory

17:50:59.208 [JavaFX Application Thread] DEBUG FXGLApplication      - Initializing FXGL
17:50:59.215 [JavaFX Application Thread] INFO  Engine               - FXGL-17.2 (20.08.2022 16.50) on LINUX (J:17.0.13 FX:18)
17:50:59.215 [JavaFX Application Thread] DEBUG Engine               - JRE Vendor Name: Red Hat, Inc.
17:50:59.216 [JavaFX Application Thread] DEBUG Engine               - Running on OS: Linux version 6.11.6-200.fc40.x86_64
17:50:59.216 [JavaFX Application Thread] DEBUG Engine               - Architecture: amd64
17:50:59.216 [JavaFX Application Thread] INFO  Engine               - Source code and latest versions at: https://github.com/AlmasB/FXGL
17:50:59.216 [JavaFX Application Thread] INFO  Engine               -       Ask questions and discuss at: https://github.com/AlmasB/FXGL/discussions
17:50:59.217 [JavaFX Application Thread] INFO  Engine               -              Join the FXGL chat at: https://gitter.im/AlmasB/FXGL
17:50:59.315 [JavaFX Application Thread] DEBUG PrimaryStageWindow   - Creating a JavaFX scene
17:50:59.405 [JavaFX Application Thread] DEBUG PrimaryStageWindow   - Target settings size: 850.0 x 670.0
17:50:59.405 [JavaFX Application Thread] DEBUG PrimaryStageWindow   - Scaled scene size:    850.0 x 670.0
17:50:59.405 [JavaFX Application Thread] DEBUG PrimaryStageWindow   - Scaled ratio: (1.0, 1.0)
17:50:59.407 [JavaFX Application Thread] DEBUG PrimaryStageWindow   - Set initial scene to FXGLStartupScene
17:50:59.415 [JavaFX Application Thread] DEBUG PrimaryStageWindow   - Opening main window
17:50:59.466 [JavaFX Application Thread] DEBUG PrimaryStageWindow   - Window border size: (2.0, 29.0)
17:50:59.467 [JavaFX Application Thread] DEBUG PrimaryStageWindow   - Scaled size: 850.0 x 670.0
17:50:59.467 [JavaFX Application Thread] DEBUG PrimaryStageWindow   - Scaled ratio: (1.0, 1.0)
17:50:59.467 [JavaFX Application Thread] DEBUG PrimaryStageWindow   - Scene size: 850.0 x 670.0
17:50:59.467 [JavaFX Application Thread] DEBUG PrimaryStageWindow   - Stage size: 852.0 x 699.0
17:50:59.473 [FXGL Background Thread 1 ] DEBUG Engine               - Initializing environment variables
17:50:59.505 [FXGL Background Thread 1 ] DEBUG FXGLAssetLoaderServi - User app class for loading assets: class fxglapp.FXGLGameApp
17:50:59.506 [FXGL Background Thread 1 ] DEBUG GameApplicationServi - Applying CSS: fxgl_dark.css
17:50:59.507 [FXGL Background Thread 1 ] DEBUG FXGLAssetLoaderServi - Loading from file system: jar:file:/home/chris/.m2/repository/com/github/almasb/fxgl/17.2/fxgl-17.2.jar!/fxglassets/ui/css/fxgl_dark.css
17:50:59.556 [FXGL Background Thread 1 ] DEBUG GameApplicationServi - Initializing application scenes
17:50:59.605 [FXGL Background Thread 1 ] DEBUG GameWorld            - Game world initialized
17:50:59.651 [FXGL Background Thread 1 ] DEBUG PhysicsWorld         - Physics world initialized: appHeight=670, physics.ppm=50.0
17:50:59.652 [FXGL Background Thread 1 ] DEBUG PhysicsWorld         - Using strategy: BRUTE_FORCE
17:50:59.656 [FXGL Background Thread 1 ] DEBUG GameScene            - Game scene initialized: 850x670
17:50:59.668 [FXGL Background Thread 1 ] DEBUG FXGL.DefaultMenu     - createMenuBodyGameMenu()
17:50:59.681 [FXGL Background Thread 1 ] DEBUG FXGL.DefaultMenu     - createOptionsMenu()
17:50:59.691 [FXGL Background Thread 1 ] DEBUG FXGLAssetLoaderServi - Loading from file system: jar:file:/home/chris/.m2/repository/com/github/almasb/fxgl/17.2/fxgl-17.2.jar!/fxglassets/textures/particles/smoke.png
17:50:59.782 [FXGL Background Thread 1 ] DEBUG FXGLAssetLoaderServi - Loading from file system: jar:file:/home/chris/.m2/repository/com/github/almasb/fxgl/17.2/fxgl-17.2.jar!/fxglassets/textures/particles/trace_horizontal.png
17:50:59.822 [FXGL Background Thread 1 ] DEBUG GameApplicationServi - Application scenes initialized
17:50:59.833 [FXGL Background Thread 1 ] DEBUG SystemBundleService  - Loading FXGL system data
17:50:59.834 [FXGL Background Thread 1 ] DEBUG FileSystemAccess     - Reading from: /home/chris/IdeaProjects/RestaurantSimulator/system/fxgl.bundle
17:50:59.837 [FXGL Background Thread 1 ] DEBUG SystemBundleService  - Bundle FXGL: {}
17:50:59.837 [FXGL Background Thread 1 ] DEBUG UpdaterService       - Checking for updates
17:50:59.842 [FXGL Background Thread 4 ] DEBUG FXGLApplication      - Loading fonts
17:50:59.842 [FXGL Background Thread 1 ] DEBUG FXGLApplication      - Loading default localization
17:50:59.842 [FXGL Background Thread 4 ] DEBUG FXGLAssetLoaderServi - Loading from file system: jar:file:/home/chris/.m2/repository/com/github/almasb/fxgl/17.2/fxgl-17.2.jar!/fxglassets/ui/fonts/VarelaRound-Regular.ttf
17:50:59.843 [FXGL Background Thread 1 ] DEBUG FXGLAssetLoaderServi - Loading from file system: jar:file:/home/chris/.m2/repository/com/github/almasb/fxgl/17.2/fxgl-17.2.jar!/fxglassets/languages/english.lang
17:50:59.848 [FXGL Background Thread 4 ] DEBUG FXGLAssetLoaderServi - Loading from file system: jar:file:/home/chris/.m2/repository/com/github/almasb/fxgl/17.2/fxgl-17.2.jar!/fxglassets/ui/fonts/Abel-Regular.ttf
17:50:59.850 [FXGL Background Thread 4 ] DEBUG FXGLAssetLoaderServi - Loading from file system: jar:file:/home/chris/.m2/repository/com/github/almasb/fxgl/17.2/fxgl-17.2.jar!/fxglassets/ui/fonts/TerminalLandMono-Regular.otf
17:50:59.852 [FXGL Background Thread 4 ] DEBUG FXGLAssetLoaderServi - Loading from file system: jar:file:/home/chris/.m2/repository/com/github/almasb/fxgl/17.2/fxgl-17.2.jar!/fxglassets/ui/fonts/Courier-Prime.ttf
17:50:59.856 [JavaFX Application Thread] DEBUG FXGLApplication      - Registering font factories with UI factory
17:50:59.861 [FXGL Background Thread 1 ] INFO  FXGLApplication      - FXGL initialization took: 0.388 sec
17:50:59.862 [JavaFX Application Thread] DEBUG FXGLAssetLoaderServi - Loading from file system: jar:file:/home/chris/.m2/repository/com/github/almasb/fxgl/17.2/fxgl-17.2.jar!/fxglassets/textures/fxgl_icon.png
17:50:59.884 [JavaFX Application Thread] DEBUG FXGLAssetLoaderServi - Loading from file system: jar:file:/home/chris/.m2/repository/com/github/almasb/fxgl/17.2/fxgl-17.2.jar!/fxglassets/textures/fxgl_default_cursor.png
17:50:59.899 [JavaFX Application Thread] DEBUG Input                - Registered new binding: Screenshot - CTRL+8
17:50:59.899 [JavaFX Application Thread] DEBUG Input                - Registered new binding: System info dump - CTRL+9
17:50:59.900 [JavaFX Application Thread] DEBUG Input                - Registered new binding: Restart - CTRL+R
17:50:59.901 [JavaFX Application Thread] DEBUG Input                - Registered new binding: Toggle Debug Camera - CTRL+7
17:50:59.904 [JavaFX Application Thread] DEBUG LoopRunner           - Starting loop
17:50:59.904 [JavaFX Application Thread] DEBUG LoopRunner           - Initializing JavaFX AnimationTimerLoop
17:50:59.906 [JavaFX Application Thread] DEBUG GameApplicationServi - Starting new game
17:50:59.906 [JavaFX Application Thread] DEBUG Input                - Clearing active input actions
17:50:59.927 [JavaFX Application Thread] DEBUG GameApplicationServi - Removing overlay from FXGLStartupScene and adding to FXGLLoadingScene
17:50:59.930 [JavaFX Application Thread] DEBUG PrimaryStageWindow   - FXGLStartupScene -> FXGLLoadingScene
17:50:59.930 [JavaFX Application Thread] DEBUG GameApplicationServi - Clearing previous game
17:50:59.930 [JavaFX Application Thread] DEBUG GameScene            - Clearing game scene
17:50:59.930 [JavaFX Application Thread] DEBUG GameWorld            - Clearing game world
17:50:59.930 [JavaFX Application Thread] DEBUG PhysicsWorld         - Clearing physics world
17:50:59.932 [FXGL Background Thread 1 ] DEBUG FXGLApplication      - Initializing game
17:51:00.161 [FXGL Background Thread 1 ] INFO  FXGLApplication      - Game initialization took: 0.228 sec
17:51:00.162 [JavaFX Application Thread] DEBUG Input                - Clearing active input actions
17:51:00.214 [JavaFX Application Thread] DEBUG GameApplicationServi - Removing overlay from FXGLLoadingScene and adding to GameScene
17:51:00.215 [JavaFX Application Thread] DEBUG PrimaryStageWindow   - FXGLLoadingScene -> GameScene
17:51:00.356 [FXGL Background Thread 2 ] INFO  UpdaterService       - Your current version:  17.2
17:51:00.356 [FXGL Background Thread 2 ] INFO  UpdaterService       - Latest stable version: 21.1
17:51:02.840 [FXGL Background Thread 3 ] DEBUG Engine               - Logging environment variables
17:51:02.841 [FXGL Background Thread 3 ] DEBUG Engine               - achievements: []
17:51:02.841 [FXGL Background Thread 3 ] DEBUG Engine               - actualHeight: 641.0
17:51:02.841 [FXGL Background Thread 3 ] DEBUG Engine               - actualHeightProperty: ReadOnlyDoubleProperty [value: 677.0]
17:51:02.841 [FXGL Background Thread 3 ] DEBUG Engine               - actualWidth: 848.0
17:51:02.842 [FXGL Background Thread 3 ] DEBUG Engine               - actualWidthProperty: ReadOnlyDoubleProperty [value: 850.0]
17:51:02.842 [FXGL Background Thread 3 ] DEBUG Engine               - appIcon: fxgl_icon.png
17:51:02.842 [FXGL Background Thread 3 ] DEBUG Engine               - applicationMode: DEVELOPER
17:51:02.842 [FXGL Background Thread 3 ] DEBUG Engine               - cSSList: [fxgl_dark.css]
17:51:02.842 [FXGL Background Thread 3 ] DEBUG Engine               - collisionDetectionStrategy: BRUTE_FORCE
17:51:02.842 [FXGL Background Thread 3 ] DEBUG Engine               - configClass: Optional.empty
17:51:02.842 [FXGL Background Thread 3 ] DEBUG Engine               - credits: []
17:51:02.843 [FXGL Background Thread 3 ] DEBUG Engine               - defaultCursor: CursorInfo(imageName=fxgl_default_cursor.png, hotspotX=7.0, hotspotY=6.0)
17:51:02.843 [FXGL Background Thread 3 ] DEBUG Engine               - devBBoxColorProperty: ObjectProperty [value: 0xff0000ff]
17:51:02.843 [FXGL Background Thread 3 ] DEBUG Engine               - devEnableDebugCameraProperty: BooleanProperty [value: false]
17:51:02.843 [FXGL Background Thread 3 ] DEBUG Engine               - devSensorColorProperty: ObjectProperty [value: 0xffff00ff]
17:51:02.843 [FXGL Background Thread 3 ] DEBUG Engine               - devShowBBoxProperty: BooleanProperty [value: false]
17:51:02.843 [FXGL Background Thread 3 ] DEBUG Engine               - devShowPositionProperty: BooleanProperty [value: false]
17:51:02.843 [FXGL Background Thread 3 ] DEBUG Engine               - enabledMenuItems: []
17:51:02.843 [FXGL Background Thread 3 ] DEBUG Engine               - engineServices: [class com.almasb.fxgl.app.services.FXGLAssetLoaderService, class com.almasb.fxgl.app.FXGLApplication$GameApplicationService, class com.almasb.fxgl.app.services.FXGLDialogService, class com.almasb.fxgl.app.services.IOTaskExecutorService, class com.almasb.fxgl.io.FileSystemService, class com.almasb.fxgl.localization.LocalizationService, class com.almasb.fxgl.app.services.SystemBundleService, class com.almasb.fxgl.profile.SaveLoadService, class com.almasb.fxgl.ui.FXGLUIFactoryServiceProvider, class com.almasb.fxgl.ui.FXGLDialogFactoryServiceProvider, class com.almasb.fxgl.audio.AudioPlayer, class com.almasb.fxgl.notification.impl.NotificationServiceProvider, class com.almasb.fxgl.achievement.AchievementService, class com.almasb.fxgl.cutscene.CutsceneService, class com.almasb.fxgl.minigames.MiniGameService, class com.almasb.fxgl.net.NetService, class com.almasb.fxgl.app.services.UpdaterService, class com.almasb.fxgl.dev.DevService]
17:51:02.844 [FXGL Background Thread 3 ] DEBUG Engine               - fontGame: Abel-Regular.ttf
17:51:02.844 [FXGL Background Thread 3 ] DEBUG Engine               - fontMono: TerminalLandMono-Regular.otf
17:51:02.844 [FXGL Background Thread 3 ] DEBUG Engine               - fontText: Courier-Prime.ttf
17:51:02.844 [FXGL Background Thread 3 ] DEBUG Engine               - fontUI: VarelaRound-Regular.ttf
17:51:02.844 [FXGL Background Thread 3 ] DEBUG Engine               - fullScreen: BooleanProperty [value: false]
17:51:02.844 [FXGL Background Thread 3 ] DEBUG Engine               - gameDifficulty: MEDIUM
17:51:02.844 [FXGL Background Thread 3 ] DEBUG Engine               - gameDifficultyProperty: ObjectProperty [value: MEDIUM]
17:51:02.844 [FXGL Background Thread 3 ] DEBUG Engine               - globalMusicVolume: 0.5
17:51:02.844 [FXGL Background Thread 3 ] DEBUG Engine               - globalMusicVolumeProperty: DoubleProperty [value: 0.5]
17:51:02.844 [FXGL Background Thread 3 ] DEBUG Engine               - globalSoundVolume: 0.5
17:51:02.844 [FXGL Background Thread 3 ] DEBUG Engine               - globalSoundVolumeProperty: DoubleProperty [value: 0.5]
17:51:02.845 [FXGL Background Thread 3 ] DEBUG Engine               - height: 670
17:51:02.845 [FXGL Background Thread 3 ] DEBUG Engine               - is3D: false
17:51:02.845 [FXGL Background Thread 3 ] DEBUG Engine               - isAndroid: false
17:51:02.845 [FXGL Background Thread 3 ] DEBUG Engine               - isBrowser: false
17:51:02.845 [FXGL Background Thread 3 ] DEBUG Engine               - isClickFeedbackEnabled: false
17:51:02.845 [FXGL Background Thread 3 ] DEBUG Engine               - isCloseConfirmation: false
17:51:02.845 [FXGL Background Thread 3 ] DEBUG Engine               - isDesktop: true
17:51:02.845 [FXGL Background Thread 3 ] DEBUG Engine               - isDeveloperMenuEnabled: false
17:51:02.845 [FXGL Background Thread 3 ] DEBUG Engine               - isEmbedded: false
17:51:02.845 [FXGL Background Thread 3 ] DEBUG Engine               - isEntityPreloadEnabled: true
17:51:02.845 [FXGL Background Thread 3 ] DEBUG Engine               - isExperimentalTiledLargeMap: false
17:51:02.846 [FXGL Background Thread 3 ] DEBUG Engine               - isFileSystemWriteAllowed: true
17:51:02.846 [FXGL Background Thread 3 ] DEBUG Engine               - isFullScreenAllowed: false
17:51:02.846 [FXGL Background Thread 3 ] DEBUG Engine               - isFullScreenFromStart: false
17:51:02.846 [FXGL Background Thread 3 ] DEBUG Engine               - isGameMenuEnabled: true
17:51:02.846 [FXGL Background Thread 3 ] DEBUG Engine               - isIOS: false
17:51:02.846 [FXGL Background Thread 3 ] DEBUG Engine               - isIntroEnabled: false
17:51:02.846 [FXGL Background Thread 3 ] DEBUG Engine               - isLinux: true
17:51:02.846 [FXGL Background Thread 3 ] DEBUG Engine               - isMac: false
17:51:02.846 [FXGL Background Thread 3 ] DEBUG Engine               - isMainMenuEnabled: false
17:51:02.847 [FXGL Background Thread 3 ] DEBUG Engine               - isManualResizeEnabled: false
17:51:02.847 [FXGL Background Thread 3 ] DEBUG Engine               - isMobile: false
17:51:02.847 [FXGL Background Thread 3 ] DEBUG Engine               - isNative: false
17:51:02.847 [FXGL Background Thread 3 ] DEBUG Engine               - isPauseMusicWhenMinimized: true
17:51:02.847 [FXGL Background Thread 3 ] DEBUG Engine               - isPreserveResizeRatio: false
17:51:02.847 [FXGL Background Thread 3 ] DEBUG Engine               - isProfilingEnabled: false
17:51:02.847 [FXGL Background Thread 3 ] DEBUG Engine               - isScaleAffectedOnResize: true
17:51:02.847 [FXGL Background Thread 3 ] DEBUG Engine               - isSingleStep: false
17:51:02.848 [FXGL Background Thread 3 ] DEBUG Engine               - isUserProfileEnabled: false
17:51:02.848 [FXGL Background Thread 3 ] DEBUG Engine               - isWindows: false
17:51:02.848 [FXGL Background Thread 3 ] DEBUG Engine               - language: ObjectProperty [value: ENGLISH]
17:51:02.848 [FXGL Background Thread 3 ] DEBUG Engine               - menuKey: ESCAPE
17:51:02.848 [FXGL Background Thread 3 ] DEBUG Engine               - mouseSensitivity: 0.2
17:51:02.848 [FXGL Background Thread 3 ] DEBUG Engine               - notificationViewClass: class com.almasb.fxgl.notification.view.XboxNotificationView
17:51:02.848 [FXGL Background Thread 3 ] DEBUG Engine               - pixelsPerMeter: 50.0
17:51:02.848 [FXGL Background Thread 3 ] DEBUG Engine               - platform: LINUX
17:51:02.848 [FXGL Background Thread 3 ] DEBUG Engine               - prefHeightProperty: ReadOnlyDoubleProperty [value: 670.0]
17:51:02.848 [FXGL Background Thread 3 ] DEBUG Engine               - prefWidthProperty: ReadOnlyDoubleProperty [value: 850.0]
17:51:02.849 [FXGL Background Thread 3 ] DEBUG Engine               - profileDir: profiles/
17:51:02.849 [FXGL Background Thread 3 ] DEBUG Engine               - profileName: StringProperty [value: DEFAULT]
17:51:02.849 [FXGL Background Thread 3 ] DEBUG Engine               - randomSeed: -1
17:51:02.849 [FXGL Background Thread 3 ] DEBUG Engine               - runtimeInfo: RuntimeInfo(platform=LINUX, version=17.2, build=20.08.2022 16.50)
17:51:02.849 [FXGL Background Thread 3 ] DEBUG Engine               - saveFileExt: sav
17:51:02.850 [FXGL Background Thread 3 ] DEBUG Engine               - scaledHeightProp$fxgl: DoubleProperty [bound, value: 677.0]
17:51:02.850 [FXGL Background Thread 3 ] DEBUG Engine               - scaledWidthProp$fxgl: DoubleProperty [bound, value: 850.0]
17:51:02.850 [FXGL Background Thread 3 ] DEBUG Engine               - sceneFactory: com.almasb.fxgl.app.scene.SceneFactory@3158482e
17:51:02.850 [FXGL Background Thread 3 ] DEBUG Engine               - secondsIn24h: 60
17:51:02.850 [FXGL Background Thread 3 ] DEBUG Engine               - soundMenuBack: menu/back.wav
17:51:02.850 [FXGL Background Thread 3 ] DEBUG Engine               - soundMenuPress: menu/press.wav
17:51:02.850 [FXGL Background Thread 3 ] DEBUG Engine               - soundMenuSelect: menu/select.wav
17:51:02.850 [FXGL Background Thread 3 ] DEBUG Engine               - soundNotification: core/notification.wav
17:51:02.850 [FXGL Background Thread 3 ] DEBUG Engine               - stageStyle: DECORATED
17:51:02.850 [FXGL Background Thread 3 ] DEBUG Engine               - supportedLanguages: [ENGLISH, FRENCH, GERMAN, HUNGARIAN, RUSSIAN]
17:51:02.850 [FXGL Background Thread 3 ] DEBUG Engine               - ticksPerSecond: -1
17:51:02.850 [FXGL Background Thread 3 ] DEBUG Engine               - title: Restaurant Game
17:51:02.850 [FXGL Background Thread 3 ] DEBUG Engine               - urlGithub: https://github.com/AlmasB/FXGL
17:51:02.850 [FXGL Background Thread 3 ] DEBUG Engine               - urlLeaderboard: http://fxgl-top.herokuapp.com/
17:51:02.850 [FXGL Background Thread 3 ] DEBUG Engine               - urlPOM: https://raw.githubusercontent.com/AlmasB/FXGL/release/README.md
17:51:02.851 [FXGL Background Thread 3 ] DEBUG Engine               - userAppClass: class fxglapp.FXGLGameApp
17:51:02.851 [FXGL Background Thread 3 ] DEBUG Engine               - version: 0.0
17:51:02.851 [FXGL Background Thread 3 ] DEBUG Engine               - versionCheckDays: 7
17:51:02.851 [FXGL Background Thread 3 ] DEBUG Engine               - width: 850
17:51:02.851 [FXGL Background Thread 3 ] DEBUG Engine               - Logging services
17:51:02.851 [FXGL Background Thread 3 ] DEBUG Engine               - class com.almasb.fxgl.app.services.FXGLAssetLoaderService
17:51:02.851 [FXGL Background Thread 3 ] DEBUG Engine               - class com.almasb.fxgl.app.FXGLApplication$GameApplicationService
17:51:02.851 [FXGL Background Thread 3 ] DEBUG Engine               - class com.almasb.fxgl.app.services.FXGLDialogService
17:51:02.851 [FXGL Background Thread 3 ] DEBUG Engine               - class com.almasb.fxgl.app.services.IOTaskExecutorService
17:51:02.851 [FXGL Background Thread 3 ] DEBUG Engine               - class com.almasb.fxgl.io.FileSystemService
17:51:02.851 [FXGL Background Thread 3 ] DEBUG Engine               - class com.almasb.fxgl.localization.LocalizationService
17:51:02.851 [FXGL Background Thread 3 ] DEBUG Engine               - class com.almasb.fxgl.app.services.SystemBundleService
17:51:02.851 [FXGL Background Thread 3 ] DEBUG Engine               - class com.almasb.fxgl.profile.SaveLoadService
17:51:02.851 [FXGL Background Thread 3 ] DEBUG Engine               - class com.almasb.fxgl.ui.FXGLUIFactoryServiceProvider
17:51:02.852 [FXGL Background Thread 3 ] DEBUG Engine               - class com.almasb.fxgl.ui.FXGLDialogFactoryServiceProvider
17:51:02.852 [FXGL Background Thread 3 ] DEBUG Engine               - class com.almasb.fxgl.audio.AudioPlayer
17:51:02.852 [FXGL Background Thread 3 ] DEBUG Engine               - class com.almasb.fxgl.notification.impl.NotificationServiceProvider
17:51:02.852 [FXGL Background Thread 3 ] DEBUG Engine               - class com.almasb.fxgl.achievement.AchievementService
17:51:02.852 [FXGL Background Thread 3 ] DEBUG Engine               - class com.almasb.fxgl.cutscene.CutsceneService
17:51:02.852 [FXGL Background Thread 3 ] DEBUG Engine               - class com.almasb.fxgl.minigames.MiniGameService
17:51:02.852 [FXGL Background Thread 3 ] DEBUG Engine               - class com.almasb.fxgl.net.NetService
17:51:02.852 [FXGL Background Thread 3 ] DEBUG Engine               - class com.almasb.fxgl.app.services.UpdaterService
17:51:02.852 [FXGL Background Thread 3 ] DEBUG Engine               - class com.almasb.fxgl.dev.DevService
17:51:49.130 [JavaFX Application Thread] DEBUG FXGLApplication      - Exiting FXGL
17:51:49.130 [JavaFX Application Thread] DEBUG LoopRunner           - Stopping loop
17:51:49.130 [JavaFX Application Thread] DEBUG SystemBundleService  - Saving FXGL system data
17:51:49.133 [JavaFX Application Thread] DEBUG FileSystemAccess     - Writing to: /home/chris/IdeaProjects/RestaurantSimulator/system/fxgl.bundle
17:51:49.134 [JavaFX Application Thread] DEBUG Async                - Shutting down background threads
17:51:49.134 [JavaFX Application Thread] DEBUG PrimaryStageWindow   - Closing main window
17:51:49.147 [JavaFX Application Thread] DEBUG Logger               - Closing Logger
