17:57:06.285 [main                     ] DEBUG Logger               - Configured Logger
17:57:06.339 [main                     ] DEBUG GameApplication      - Logging settings
Title: Restaurant Game
Version: 0.0
Width: 850
Height: 670
Fullscreen: false
Intro: false
Profiling: false
Single step:false
App Mode: DEVELOPER
Menu Key: ESCAPE
Stage Style: DECORATED
Scene Factory: class com.almasb.fxgl.app.scene.SceneFactory

17:57:06.873 [JavaFX Application Thread] DEBUG FXGLApplication      - Initializing FXGL
17:57:06.880 [JavaFX Application Thread] INFO  Engine               - FXGL-17.2 (20.08.2022 16.50) on LINUX (J:17.0.13 FX:18)
17:57:06.881 [JavaFX Application Thread] DEBUG Engine               - JRE Vendor Name: Red Hat, Inc.
17:57:06.881 [JavaFX Application Thread] DEBUG Engine               - Running on OS: Linux version 6.11.6-200.fc40.x86_64
17:57:06.882 [JavaFX Application Thread] DEBUG Engine               - Architecture: amd64
17:57:06.882 [JavaFX Application Thread] INFO  Engine               - Source code and latest versions at: https://github.com/AlmasB/FXGL
17:57:06.882 [JavaFX Application Thread] INFO  Engine               -       Ask questions and discuss at: https://github.com/AlmasB/FXGL/discussions
17:57:06.882 [JavaFX Application Thread] INFO  Engine               -              Join the FXGL chat at: https://gitter.im/AlmasB/FXGL
17:57:06.988 [JavaFX Application Thread] DEBUG PrimaryStageWindow   - Creating a JavaFX scene
17:57:07.070 [JavaFX Application Thread] DEBUG PrimaryStageWindow   - Target settings size: 850.0 x 670.0
17:57:07.071 [JavaFX Application Thread] DEBUG PrimaryStageWindow   - Scaled scene size:    850.0 x 670.0
17:57:07.071 [JavaFX Application Thread] DEBUG PrimaryStageWindow   - Scaled ratio: (1.0, 1.0)
17:57:07.073 [JavaFX Application Thread] DEBUG PrimaryStageWindow   - Set initial scene to FXGLStartupScene
17:57:07.084 [JavaFX Application Thread] DEBUG PrimaryStageWindow   - Opening main window
17:57:07.142 [JavaFX Application Thread] DEBUG PrimaryStageWindow   - Window border size: (2.0, 29.0)
17:57:07.142 [JavaFX Application Thread] DEBUG PrimaryStageWindow   - Scaled size: 850.0 x 670.0
17:57:07.143 [JavaFX Application Thread] DEBUG PrimaryStageWindow   - Scaled ratio: (1.0, 1.0)
17:57:07.143 [JavaFX Application Thread] DEBUG PrimaryStageWindow   - Scene size: 850.0 x 670.0
17:57:07.143 [JavaFX Application Thread] DEBUG PrimaryStageWindow   - Stage size: 852.0 x 699.0
17:57:07.150 [FXGL Background Thread 1 ] DEBUG Engine               - Initializing environment variables
17:57:07.171 [FXGL Background Thread 1 ] DEBUG FXGLAssetLoaderServi - User app class for loading assets: class fxglapp.FXGLGameApp
17:57:07.171 [FXGL Background Thread 1 ] DEBUG GameApplicationServi - Applying CSS: fxgl_dark.css
17:57:07.173 [FXGL Background Thread 1 ] DEBUG FXGLAssetLoaderServi - Loading from file system: jar:file:/home/chris/.m2/repository/com/github/almasb/fxgl/17.2/fxgl-17.2.jar!/fxglassets/ui/css/fxgl_dark.css
17:57:07.221 [FXGL Background Thread 1 ] DEBUG GameApplicationServi - Initializing application scenes
17:57:07.261 [FXGL Background Thread 1 ] DEBUG GameWorld            - Game world initialized
17:57:07.301 [FXGL Background Thread 1 ] DEBUG PhysicsWorld         - Physics world initialized: appHeight=670, physics.ppm=50.0
17:57:07.301 [FXGL Background Thread 1 ] DEBUG PhysicsWorld         - Using strategy: BRUTE_FORCE
17:57:07.306 [FXGL Background Thread 1 ] DEBUG GameScene            - Game scene initialized: 850x670
17:57:07.317 [FXGL Background Thread 1 ] DEBUG FXGL.DefaultMenu     - createMenuBodyGameMenu()
17:57:07.330 [FXGL Background Thread 1 ] DEBUG FXGL.DefaultMenu     - createOptionsMenu()
17:57:07.340 [FXGL Background Thread 1 ] DEBUG FXGLAssetLoaderServi - Loading from file system: jar:file:/home/chris/.m2/repository/com/github/almasb/fxgl/17.2/fxgl-17.2.jar!/fxglassets/textures/particles/smoke.png
17:57:07.430 [FXGL Background Thread 1 ] DEBUG FXGLAssetLoaderServi - Loading from file system: jar:file:/home/chris/.m2/repository/com/github/almasb/fxgl/17.2/fxgl-17.2.jar!/fxglassets/textures/particles/trace_horizontal.png
17:57:07.460 [FXGL Background Thread 1 ] DEBUG GameApplicationServi - Application scenes initialized
17:57:07.473 [FXGL Background Thread 1 ] DEBUG SystemBundleService  - Loading FXGL system data
17:57:07.475 [FXGL Background Thread 1 ] DEBUG FileSystemAccess     - Reading from: /home/chris/IdeaProjects/RestaurantSimulator/system/fxgl.bundle
17:57:07.477 [FXGL Background Thread 1 ] DEBUG SystemBundleService  - Bundle FXGL: {}
17:57:07.478 [FXGL Background Thread 1 ] DEBUG UpdaterService       - Checking for updates
17:57:07.481 [FXGL Background Thread 4 ] DEBUG FXGLApplication      - Loading fonts
17:57:07.482 [FXGL Background Thread 1 ] DEBUG FXGLApplication      - Loading default localization
17:57:07.482 [FXGL Background Thread 4 ] DEBUG FXGLAssetLoaderServi - Loading from file system: jar:file:/home/chris/.m2/repository/com/github/almasb/fxgl/17.2/fxgl-17.2.jar!/fxglassets/ui/fonts/VarelaRound-Regular.ttf
17:57:07.482 [FXGL Background Thread 1 ] DEBUG FXGLAssetLoaderServi - Loading from file system: jar:file:/home/chris/.m2/repository/com/github/almasb/fxgl/17.2/fxgl-17.2.jar!/fxglassets/languages/english.lang
17:57:07.490 [FXGL Background Thread 4 ] DEBUG FXGLAssetLoaderServi - Loading from file system: jar:file:/home/chris/.m2/repository/com/github/almasb/fxgl/17.2/fxgl-17.2.jar!/fxglassets/ui/fonts/Abel-Regular.ttf
17:57:07.492 [FXGL Background Thread 4 ] DEBUG FXGLAssetLoaderServi - Loading from file system: jar:file:/home/chris/.m2/repository/com/github/almasb/fxgl/17.2/fxgl-17.2.jar!/fxglassets/ui/fonts/TerminalLandMono-Regular.otf
17:57:07.495 [FXGL Background Thread 4 ] DEBUG FXGLAssetLoaderServi - Loading from file system: jar:file:/home/chris/.m2/repository/com/github/almasb/fxgl/17.2/fxgl-17.2.jar!/fxglassets/ui/fonts/Courier-Prime.ttf
17:57:07.496 [FXGL Background Thread 1 ] INFO  FXGLApplication      - FXGL initialization took: 0.346 sec
17:57:07.497 [JavaFX Application Thread] DEBUG FXGLAssetLoaderServi - Loading from file system: jar:file:/home/chris/.m2/repository/com/github/almasb/fxgl/17.2/fxgl-17.2.jar!/fxglassets/textures/fxgl_icon.png
17:57:07.523 [JavaFX Application Thread] DEBUG FXGLAssetLoaderServi - Loading from file system: jar:file:/home/chris/.m2/repository/com/github/almasb/fxgl/17.2/fxgl-17.2.jar!/fxglassets/textures/fxgl_default_cursor.png
17:57:07.533 [JavaFX Application Thread] DEBUG Input                - Registered new binding: Screenshot - CTRL+8
17:57:07.534 [JavaFX Application Thread] DEBUG Input                - Registered new binding: System info dump - CTRL+9
17:57:07.534 [JavaFX Application Thread] DEBUG Input                - Registered new binding: Restart - CTRL+R
17:57:07.534 [JavaFX Application Thread] DEBUG Input                - Registered new binding: Toggle Debug Camera - CTRL+7
17:57:07.536 [JavaFX Application Thread] DEBUG LoopRunner           - Starting loop
17:57:07.536 [JavaFX Application Thread] DEBUG LoopRunner           - Initializing JavaFX AnimationTimerLoop
17:57:07.537 [JavaFX Application Thread] DEBUG GameApplicationServi - Starting new game
17:57:07.538 [JavaFX Application Thread] DEBUG Input                - Clearing active input actions
17:57:07.555 [JavaFX Application Thread] DEBUG GameApplicationServi - Removing overlay from FXGLStartupScene and adding to FXGLLoadingScene
17:57:07.555 [JavaFX Application Thread] DEBUG PrimaryStageWindow   - FXGLStartupScene -> FXGLLoadingScene
17:57:07.556 [JavaFX Application Thread] DEBUG GameApplicationServi - Clearing previous game
17:57:07.556 [JavaFX Application Thread] DEBUG GameScene            - Clearing game scene
17:57:07.556 [JavaFX Application Thread] DEBUG GameWorld            - Clearing game world
17:57:07.556 [JavaFX Application Thread] DEBUG PhysicsWorld         - Clearing physics world
17:57:07.562 [JavaFX Application Thread] DEBUG FXGLApplication      - Registering font factories with UI factory
17:57:07.562 [FXGL Background Thread 4 ] DEBUG FXGLApplication      - Initializing game
17:57:07.832 [FXGL Background Thread 4 ] INFO  FXGLApplication      - Game initialization took: 0.270 sec
17:57:07.835 [JavaFX Application Thread] DEBUG Input                - Clearing active input actions
17:57:07.862 [JavaFX Application Thread] DEBUG GameApplicationServi - Removing overlay from FXGLLoadingScene and adding to GameScene
17:57:07.863 [JavaFX Application Thread] DEBUG PrimaryStageWindow   - FXGLLoadingScene -> GameScene
17:57:08.075 [FXGL Background Thread 2 ] INFO  UpdaterService       - Your current version:  17.2
17:57:08.076 [FXGL Background Thread 2 ] INFO  UpdaterService       - Latest stable version: 21.1
17:57:10.480 [FXGL Background Thread 3 ] DEBUG Engine               - Logging environment variables
17:57:10.481 [FXGL Background Thread 3 ] DEBUG Engine               - achievements: []
17:57:10.481 [FXGL Background Thread 3 ] DEBUG Engine               - actualHeight: -28.0
17:57:10.481 [FXGL Background Thread 3 ] DEBUG Engine               - actualHeightProperty: ReadOnlyDoubleProperty [value: 677.0]
17:57:10.482 [FXGL Background Thread 3 ] DEBUG Engine               - actualWidth: -1.0
17:57:10.482 [FXGL Background Thread 3 ] DEBUG Engine               - actualWidthProperty: ReadOnlyDoubleProperty [value: 850.0]
17:57:10.482 [FXGL Background Thread 3 ] DEBUG Engine               - appIcon: fxgl_icon.png
17:57:10.482 [FXGL Background Thread 3 ] DEBUG Engine               - applicationMode: DEVELOPER
17:57:10.482 [FXGL Background Thread 3 ] DEBUG Engine               - cSSList: [fxgl_dark.css]
17:57:10.482 [FXGL Background Thread 3 ] DEBUG Engine               - collisionDetectionStrategy: BRUTE_FORCE
17:57:10.483 [FXGL Background Thread 3 ] DEBUG Engine               - configClass: Optional.empty
17:57:10.483 [FXGL Background Thread 3 ] DEBUG Engine               - credits: []
17:57:10.483 [FXGL Background Thread 3 ] DEBUG Engine               - defaultCursor: CursorInfo(imageName=fxgl_default_cursor.png, hotspotX=7.0, hotspotY=6.0)
17:57:10.484 [FXGL Background Thread 3 ] DEBUG Engine               - devBBoxColorProperty: ObjectProperty [value: 0xff0000ff]
17:57:10.484 [FXGL Background Thread 3 ] DEBUG Engine               - devEnableDebugCameraProperty: BooleanProperty [value: false]
17:57:10.484 [FXGL Background Thread 3 ] DEBUG Engine               - devSensorColorProperty: ObjectProperty [value: 0xffff00ff]
17:57:10.484 [FXGL Background Thread 3 ] DEBUG Engine               - devShowBBoxProperty: BooleanProperty [value: false]
17:57:10.484 [FXGL Background Thread 3 ] DEBUG Engine               - devShowPositionProperty: BooleanProperty [value: false]
17:57:10.485 [FXGL Background Thread 3 ] DEBUG Engine               - enabledMenuItems: []
17:57:10.485 [FXGL Background Thread 3 ] DEBUG Engine               - engineServices: [class com.almasb.fxgl.app.services.FXGLAssetLoaderService, class com.almasb.fxgl.app.FXGLApplication$GameApplicationService, class com.almasb.fxgl.app.services.FXGLDialogService, class com.almasb.fxgl.app.services.IOTaskExecutorService, class com.almasb.fxgl.io.FileSystemService, class com.almasb.fxgl.localization.LocalizationService, class com.almasb.fxgl.app.services.SystemBundleService, class com.almasb.fxgl.profile.SaveLoadService, class com.almasb.fxgl.ui.FXGLUIFactoryServiceProvider, class com.almasb.fxgl.ui.FXGLDialogFactoryServiceProvider, class com.almasb.fxgl.audio.AudioPlayer, class com.almasb.fxgl.notification.impl.NotificationServiceProvider, class com.almasb.fxgl.achievement.AchievementService, class com.almasb.fxgl.cutscene.CutsceneService, class com.almasb.fxgl.minigames.MiniGameService, class com.almasb.fxgl.net.NetService, class com.almasb.fxgl.app.services.UpdaterService, class com.almasb.fxgl.dev.DevService]
17:57:10.485 [FXGL Background Thread 3 ] DEBUG Engine               - fontGame: Abel-Regular.ttf
17:57:10.485 [FXGL Background Thread 3 ] DEBUG Engine               - fontMono: TerminalLandMono-Regular.otf
17:57:10.485 [FXGL Background Thread 3 ] DEBUG Engine               - fontText: Courier-Prime.ttf
17:57:10.485 [FXGL Background Thread 3 ] DEBUG Engine               - fontUI: VarelaRound-Regular.ttf
17:57:10.485 [FXGL Background Thread 3 ] DEBUG Engine               - fullScreen: BooleanProperty [value: false]
17:57:10.485 [FXGL Background Thread 3 ] DEBUG Engine               - gameDifficulty: MEDIUM
17:57:10.486 [FXGL Background Thread 3 ] DEBUG Engine               - gameDifficultyProperty: ObjectProperty [value: MEDIUM]
17:57:10.486 [FXGL Background Thread 3 ] DEBUG Engine               - globalMusicVolume: 0.5
17:57:10.486 [FXGL Background Thread 3 ] DEBUG Engine               - globalMusicVolumeProperty: DoubleProperty [value: 0.5]
17:57:10.486 [FXGL Background Thread 3 ] DEBUG Engine               - globalSoundVolume: 0.5
17:57:10.486 [FXGL Background Thread 3 ] DEBUG Engine               - globalSoundVolumeProperty: DoubleProperty [value: 0.5]
17:57:10.486 [FXGL Background Thread 3 ] DEBUG Engine               - height: 670
17:57:10.486 [FXGL Background Thread 3 ] DEBUG Engine               - is3D: false
17:57:10.486 [FXGL Background Thread 3 ] DEBUG Engine               - isAndroid: false
17:57:10.487 [FXGL Background Thread 3 ] DEBUG Engine               - isBrowser: false
17:57:10.487 [FXGL Background Thread 3 ] DEBUG Engine               - isClickFeedbackEnabled: false
17:57:10.487 [FXGL Background Thread 3 ] DEBUG Engine               - isCloseConfirmation: false
17:57:10.487 [FXGL Background Thread 3 ] DEBUG Engine               - isDesktop: true
17:57:10.487 [FXGL Background Thread 3 ] DEBUG Engine               - isDeveloperMenuEnabled: false
17:57:10.487 [FXGL Background Thread 3 ] DEBUG Engine               - isEmbedded: false
17:57:10.487 [FXGL Background Thread 3 ] DEBUG Engine               - isEntityPreloadEnabled: true
17:57:10.487 [FXGL Background Thread 3 ] DEBUG Engine               - isExperimentalTiledLargeMap: false
17:57:10.488 [FXGL Background Thread 3 ] DEBUG Engine               - isFileSystemWriteAllowed: true
17:57:10.488 [FXGL Background Thread 3 ] DEBUG Engine               - isFullScreenAllowed: false
17:57:10.488 [FXGL Background Thread 3 ] DEBUG Engine               - isFullScreenFromStart: false
17:57:10.488 [FXGL Background Thread 3 ] DEBUG Engine               - isGameMenuEnabled: true
17:57:10.488 [FXGL Background Thread 3 ] DEBUG Engine               - isIOS: false
17:57:10.488 [FXGL Background Thread 3 ] DEBUG Engine               - isIntroEnabled: false
17:57:10.488 [FXGL Background Thread 3 ] DEBUG Engine               - isLinux: true
17:57:10.488 [FXGL Background Thread 3 ] DEBUG Engine               - isMac: false
17:57:10.489 [FXGL Background Thread 3 ] DEBUG Engine               - isMainMenuEnabled: false
17:57:10.489 [FXGL Background Thread 3 ] DEBUG Engine               - isManualResizeEnabled: false
17:57:10.489 [FXGL Background Thread 3 ] DEBUG Engine               - isMobile: false
17:57:10.489 [FXGL Background Thread 3 ] DEBUG Engine               - isNative: false
17:57:10.489 [FXGL Background Thread 3 ] DEBUG Engine               - isPauseMusicWhenMinimized: true
17:57:10.489 [FXGL Background Thread 3 ] DEBUG Engine               - isPreserveResizeRatio: false
17:57:10.489 [FXGL Background Thread 3 ] DEBUG Engine               - isProfilingEnabled: false
17:57:10.490 [FXGL Background Thread 3 ] DEBUG Engine               - isScaleAffectedOnResize: true
17:57:10.490 [FXGL Background Thread 3 ] DEBUG Engine               - isSingleStep: false
17:57:10.490 [FXGL Background Thread 3 ] DEBUG Engine               - isUserProfileEnabled: false
17:57:10.490 [FXGL Background Thread 3 ] DEBUG Engine               - isWindows: false
17:57:10.490 [FXGL Background Thread 3 ] DEBUG Engine               - language: ObjectProperty [value: ENGLISH]
17:57:10.490 [FXGL Background Thread 3 ] DEBUG Engine               - menuKey: ESCAPE
17:57:10.490 [FXGL Background Thread 3 ] DEBUG Engine               - mouseSensitivity: 0.2
17:57:10.490 [FXGL Background Thread 3 ] DEBUG Engine               - notificationViewClass: class com.almasb.fxgl.notification.view.XboxNotificationView
17:57:10.490 [FXGL Background Thread 3 ] DEBUG Engine               - pixelsPerMeter: 50.0
17:57:10.490 [FXGL Background Thread 3 ] DEBUG Engine               - platform: LINUX
17:57:10.491 [FXGL Background Thread 3 ] DEBUG Engine               - prefHeightProperty: ReadOnlyDoubleProperty [value: 670.0]
17:57:10.491 [FXGL Background Thread 3 ] DEBUG Engine               - prefWidthProperty: ReadOnlyDoubleProperty [value: 850.0]
17:57:10.491 [FXGL Background Thread 3 ] DEBUG Engine               - profileDir: profiles/
17:57:10.491 [FXGL Background Thread 3 ] DEBUG Engine               - profileName: StringProperty [value: DEFAULT]
17:57:10.491 [FXGL Background Thread 3 ] DEBUG Engine               - randomSeed: -1
17:57:10.492 [FXGL Background Thread 3 ] DEBUG Engine               - runtimeInfo: RuntimeInfo(platform=LINUX, version=17.2, build=20.08.2022 16.50)
17:57:10.492 [FXGL Background Thread 3 ] DEBUG Engine               - saveFileExt: sav
17:57:10.492 [FXGL Background Thread 3 ] DEBUG Engine               - scaledHeightProp$fxgl: DoubleProperty [bound, value: 677.0]
17:57:10.492 [FXGL Background Thread 3 ] DEBUG Engine               - scaledWidthProp$fxgl: DoubleProperty [bound, value: 850.0]
17:57:10.492 [FXGL Background Thread 3 ] DEBUG Engine               - sceneFactory: com.almasb.fxgl.app.scene.SceneFactory@47ce0a73
17:57:10.492 [FXGL Background Thread 3 ] DEBUG Engine               - secondsIn24h: 60
17:57:10.492 [FXGL Background Thread 3 ] DEBUG Engine               - soundMenuBack: menu/back.wav
17:57:10.492 [FXGL Background Thread 3 ] DEBUG Engine               - soundMenuPress: menu/press.wav
17:57:10.492 [FXGL Background Thread 3 ] DEBUG Engine               - soundMenuSelect: menu/select.wav
17:57:10.493 [FXGL Background Thread 3 ] DEBUG Engine               - soundNotification: core/notification.wav
17:57:10.493 [FXGL Background Thread 3 ] DEBUG Engine               - stageStyle: DECORATED
17:57:10.493 [FXGL Background Thread 3 ] DEBUG Engine               - supportedLanguages: [ENGLISH, FRENCH, GERMAN, HUNGARIAN, RUSSIAN]
17:57:10.493 [FXGL Background Thread 3 ] DEBUG Engine               - ticksPerSecond: -1
17:57:10.493 [FXGL Background Thread 3 ] DEBUG Engine               - title: Restaurant Game
17:57:10.493 [FXGL Background Thread 3 ] DEBUG Engine               - urlGithub: https://github.com/AlmasB/FXGL
17:57:10.493 [FXGL Background Thread 3 ] DEBUG Engine               - urlLeaderboard: http://fxgl-top.herokuapp.com/
17:57:10.493 [FXGL Background Thread 3 ] DEBUG Engine               - urlPOM: https://raw.githubusercontent.com/AlmasB/FXGL/release/README.md
17:57:10.493 [FXGL Background Thread 3 ] DEBUG Engine               - userAppClass: class fxglapp.FXGLGameApp
17:57:10.493 [FXGL Background Thread 3 ] DEBUG Engine               - version: 0.0
17:57:10.493 [FXGL Background Thread 3 ] DEBUG Engine               - versionCheckDays: 7
17:57:10.493 [FXGL Background Thread 3 ] DEBUG Engine               - width: 850
17:57:10.494 [FXGL Background Thread 3 ] DEBUG Engine               - Logging services
17:57:10.494 [FXGL Background Thread 3 ] DEBUG Engine               - class com.almasb.fxgl.app.services.FXGLAssetLoaderService
17:57:10.494 [FXGL Background Thread 3 ] DEBUG Engine               - class com.almasb.fxgl.app.FXGLApplication$GameApplicationService
17:57:10.494 [FXGL Background Thread 3 ] DEBUG Engine               - class com.almasb.fxgl.app.services.FXGLDialogService
17:57:10.494 [FXGL Background Thread 3 ] DEBUG Engine               - class com.almasb.fxgl.app.services.IOTaskExecutorService
17:57:10.494 [FXGL Background Thread 3 ] DEBUG Engine               - class com.almasb.fxgl.io.FileSystemService
17:57:10.494 [FXGL Background Thread 3 ] DEBUG Engine               - class com.almasb.fxgl.localization.LocalizationService
17:57:10.494 [FXGL Background Thread 3 ] DEBUG Engine               - class com.almasb.fxgl.app.services.SystemBundleService
17:57:10.494 [FXGL Background Thread 3 ] DEBUG Engine               - class com.almasb.fxgl.profile.SaveLoadService
17:57:10.494 [FXGL Background Thread 3 ] DEBUG Engine               - class com.almasb.fxgl.ui.FXGLUIFactoryServiceProvider
17:57:10.494 [FXGL Background Thread 3 ] DEBUG Engine               - class com.almasb.fxgl.ui.FXGLDialogFactoryServiceProvider
17:57:10.495 [FXGL Background Thread 3 ] DEBUG Engine               - class com.almasb.fxgl.audio.AudioPlayer
17:57:10.495 [FXGL Background Thread 3 ] DEBUG Engine               - class com.almasb.fxgl.notification.impl.NotificationServiceProvider
17:57:10.495 [FXGL Background Thread 3 ] DEBUG Engine               - class com.almasb.fxgl.achievement.AchievementService
17:57:10.495 [FXGL Background Thread 3 ] DEBUG Engine               - class com.almasb.fxgl.cutscene.CutsceneService
17:57:10.495 [FXGL Background Thread 3 ] DEBUG Engine               - class com.almasb.fxgl.minigames.MiniGameService
17:57:10.495 [FXGL Background Thread 3 ] DEBUG Engine               - class com.almasb.fxgl.net.NetService
17:57:10.495 [FXGL Background Thread 3 ] DEBUG Engine               - class com.almasb.fxgl.app.services.UpdaterService
17:57:10.495 [FXGL Background Thread 3 ] DEBUG Engine               - class com.almasb.fxgl.dev.DevService
17:58:49.118 [JavaFX Application Thread] DEBUG FXGLApplication      - Exiting FXGL
17:58:49.118 [JavaFX Application Thread] DEBUG LoopRunner           - Stopping loop
17:58:49.119 [JavaFX Application Thread] DEBUG SystemBundleService  - Saving FXGL system data
17:58:49.121 [JavaFX Application Thread] DEBUG FileSystemAccess     - Writing to: /home/chris/IdeaProjects/RestaurantSimulator/system/fxgl.bundle
17:58:49.123 [JavaFX Application Thread] DEBUG Async                - Shutting down background threads
17:58:49.123 [JavaFX Application Thread] DEBUG PrimaryStageWindow   - Closing main window
17:58:49.137 [JavaFX Application Thread] DEBUG Logger               - Closing Logger
