00:47:18.824 [main                     ] DEBUG Logger               - Configured Logger
00:47:18.840 [main                     ] DEBUG GameApplication      - Logging settings
Title: Restaurant Game
Version: 0.0
Width: 850
Height: 670
Fullscreen: false
Intro: false
Profiling: false
Single step:false
App Mode: DEVELOPER
Menu Key: ESCAPE
Stage Style: DECORATED
Scene Factory: class com.almasb.fxgl.app.scene.SceneFactory

00:47:19.084 [JavaFX Application Thread] DEBUG FXGLApplication      - Initializing FXGL
00:47:19.088 [JavaFX Application Thread] INFO  Engine               - FXGL-17.2 (20.08.2022 16.50) on LINUX (J:17.0.13 FX:18)
00:47:19.088 [JavaFX Application Thread] DEBUG Engine               - JRE Vendor Name: Red Hat, Inc.
00:47:19.088 [JavaFX Application Thread] DEBUG Engine               - Running on OS: Linux version 6.11.6-200.fc40.x86_64
00:47:19.088 [JavaFX Application Thread] DEBUG Engine               - Architecture: amd64
00:47:19.088 [JavaFX Application Thread] INFO  Engine               - Source code and latest versions at: https://github.com/AlmasB/FXGL
00:47:19.088 [JavaFX Application Thread] INFO  Engine               -       Ask questions and discuss at: https://github.com/AlmasB/FXGL/discussions
00:47:19.089 [JavaFX Application Thread] INFO  Engine               -              Join the FXGL chat at: https://gitter.im/AlmasB/FXGL
00:47:19.140 [JavaFX Application Thread] DEBUG PrimaryStageWindow   - Creating a JavaFX scene
00:47:19.183 [JavaFX Application Thread] DEBUG PrimaryStageWindow   - Target settings size: 850.0 x 670.0
00:47:19.183 [JavaFX Application Thread] DEBUG PrimaryStageWindow   - Scaled scene size:    850.0 x 670.0
00:47:19.183 [JavaFX Application Thread] DEBUG PrimaryStageWindow   - Scaled ratio: (1.0, 1.0)
00:47:19.184 [JavaFX Application Thread] DEBUG PrimaryStageWindow   - Set initial scene to FXGLStartupScene
00:47:19.188 [JavaFX Application Thread] DEBUG PrimaryStageWindow   - Opening main window
00:47:19.214 [JavaFX Application Thread] DEBUG PrimaryStageWindow   - Window border size: (2.0, 29.0)
00:47:19.214 [JavaFX Application Thread] DEBUG PrimaryStageWindow   - Scaled size: 850.0 x 670.0
00:47:19.214 [JavaFX Application Thread] DEBUG PrimaryStageWindow   - Scaled ratio: (1.0, 1.0)
00:47:19.215 [JavaFX Application Thread] DEBUG PrimaryStageWindow   - Scene size: 850.0 x 670.0
00:47:19.215 [JavaFX Application Thread] DEBUG PrimaryStageWindow   - Stage size: 852.0 x 699.0
00:47:19.220 [FXGL Background Thread 1 ] DEBUG Engine               - Initializing environment variables
00:47:19.235 [FXGL Background Thread 1 ] DEBUG FXGLAssetLoaderServi - User app class for loading assets: class fxglapp.FXGLGameApp
00:47:19.235 [FXGL Background Thread 1 ] DEBUG GameApplicationServi - Applying CSS: fxgl_dark.css
00:47:19.236 [FXGL Background Thread 1 ] DEBUG FXGLAssetLoaderServi - Loading from file system: jar:file:/home/chris/.m2/repository/com/github/almasb/fxgl/17.2/fxgl-17.2.jar!/fxglassets/ui/css/fxgl_dark.css
00:47:19.261 [FXGL Background Thread 1 ] DEBUG GameApplicationServi - Initializing application scenes
00:47:19.287 [FXGL Background Thread 1 ] DEBUG GameWorld            - Game world initialized
00:47:19.317 [FXGL Background Thread 1 ] DEBUG PhysicsWorld         - Physics world initialized: appHeight=670, physics.ppm=50.0
00:47:19.317 [FXGL Background Thread 1 ] DEBUG PhysicsWorld         - Using strategy: BRUTE_FORCE
00:47:19.320 [FXGL Background Thread 1 ] DEBUG GameScene            - Game scene initialized: 850x670
00:47:19.328 [FXGL Background Thread 1 ] DEBUG FXGL.DefaultMenu     - createMenuBodyGameMenu()
00:47:19.336 [FXGL Background Thread 1 ] DEBUG FXGL.DefaultMenu     - createOptionsMenu()
00:47:19.343 [FXGL Background Thread 1 ] DEBUG FXGLAssetLoaderServi - Loading from file system: jar:file:/home/chris/.m2/repository/com/github/almasb/fxgl/17.2/fxgl-17.2.jar!/fxglassets/textures/particles/smoke.png
00:47:19.401 [FXGL Background Thread 1 ] DEBUG FXGLAssetLoaderServi - Loading from file system: jar:file:/home/chris/.m2/repository/com/github/almasb/fxgl/17.2/fxgl-17.2.jar!/fxglassets/textures/particles/trace_horizontal.png
00:47:19.420 [FXGL Background Thread 1 ] DEBUG GameApplicationServi - Application scenes initialized
00:47:19.428 [FXGL Background Thread 1 ] DEBUG SystemBundleService  - Loading FXGL system data
00:47:19.429 [FXGL Background Thread 1 ] DEBUG FileSystemAccess     - Reading from: /home/chris/IdeaProjects/RestaurantSimulator/system/fxgl.bundle
00:47:19.431 [FXGL Background Thread 1 ] DEBUG SystemBundleService  - Bundle FXGL: {}
00:47:19.431 [FXGL Background Thread 1 ] DEBUG UpdaterService       - Checking for updates
00:47:19.433 [FXGL Background Thread 4 ] DEBUG FXGLApplication      - Loading fonts
00:47:19.434 [FXGL Background Thread 4 ] DEBUG FXGLAssetLoaderServi - Loading from file system: jar:file:/home/chris/.m2/repository/com/github/almasb/fxgl/17.2/fxgl-17.2.jar!/fxglassets/ui/fonts/VarelaRound-Regular.ttf
00:47:19.434 [FXGL Background Thread 1 ] DEBUG FXGLApplication      - Loading default localization
00:47:19.434 [FXGL Background Thread 1 ] DEBUG FXGLAssetLoaderServi - Loading from file system: jar:file:/home/chris/.m2/repository/com/github/almasb/fxgl/17.2/fxgl-17.2.jar!/fxglassets/languages/english.lang
00:47:19.437 [FXGL Background Thread 4 ] DEBUG FXGLAssetLoaderServi - Loading from file system: jar:file:/home/chris/.m2/repository/com/github/almasb/fxgl/17.2/fxgl-17.2.jar!/fxglassets/ui/fonts/Abel-Regular.ttf
00:47:19.438 [FXGL Background Thread 4 ] DEBUG FXGLAssetLoaderServi - Loading from file system: jar:file:/home/chris/.m2/repository/com/github/almasb/fxgl/17.2/fxgl-17.2.jar!/fxglassets/ui/fonts/TerminalLandMono-Regular.otf
00:47:19.439 [FXGL Background Thread 4 ] DEBUG FXGLAssetLoaderServi - Loading from file system: jar:file:/home/chris/.m2/repository/com/github/almasb/fxgl/17.2/fxgl-17.2.jar!/fxglassets/ui/fonts/Courier-Prime.ttf
00:47:19.441 [JavaFX Application Thread] DEBUG FXGLApplication      - Registering font factories with UI factory
00:47:19.444 [FXGL Background Thread 1 ] INFO  FXGLApplication      - FXGL initialization took: 0.224 sec
00:47:19.444 [JavaFX Application Thread] DEBUG FXGLAssetLoaderServi - Loading from file system: jar:file:/home/chris/.m2/repository/com/github/almasb/fxgl/17.2/fxgl-17.2.jar!/fxglassets/textures/fxgl_icon.png
00:47:19.461 [JavaFX Application Thread] DEBUG FXGLAssetLoaderServi - Loading from file system: jar:file:/home/chris/.m2/repository/com/github/almasb/fxgl/17.2/fxgl-17.2.jar!/fxglassets/textures/fxgl_default_cursor.png
00:47:19.470 [JavaFX Application Thread] DEBUG Input                - Registered new binding: Screenshot - CTRL+8
00:47:19.471 [JavaFX Application Thread] DEBUG Input                - Registered new binding: System info dump - CTRL+9
00:47:19.471 [JavaFX Application Thread] DEBUG Input                - Registered new binding: Restart - CTRL+R
00:47:19.472 [JavaFX Application Thread] DEBUG Input                - Registered new binding: Toggle Debug Camera - CTRL+7
00:47:19.474 [JavaFX Application Thread] DEBUG LoopRunner           - Starting loop
00:47:19.474 [JavaFX Application Thread] DEBUG LoopRunner           - Initializing JavaFX AnimationTimerLoop
00:47:19.475 [JavaFX Application Thread] DEBUG GameApplicationServi - Starting new game
00:47:19.476 [JavaFX Application Thread] DEBUG Input                - Clearing active input actions
00:47:19.489 [JavaFX Application Thread] DEBUG GameApplicationServi - Removing overlay from FXGLStartupScene and adding to FXGLLoadingScene
00:47:19.489 [JavaFX Application Thread] DEBUG PrimaryStageWindow   - FXGLStartupScene -> FXGLLoadingScene
00:47:19.489 [JavaFX Application Thread] DEBUG GameApplicationServi - Clearing previous game
00:47:19.489 [JavaFX Application Thread] DEBUG GameScene            - Clearing game scene
00:47:19.489 [JavaFX Application Thread] DEBUG GameWorld            - Clearing game world
00:47:19.489 [JavaFX Application Thread] DEBUG PhysicsWorld         - Clearing physics world
00:47:19.492 [FXGL Background Thread 1 ] DEBUG FXGLApplication      - Initializing game
00:47:19.608 [FXGL Background Thread 1 ] INFO  FXGLApplication      - Game initialization took: 0.116 sec
00:47:19.609 [JavaFX Application Thread] DEBUG Input                - Clearing active input actions
00:47:19.626 [JavaFX Application Thread] DEBUG GameApplicationServi - Removing overlay from FXGLLoadingScene and adding to GameScene
00:47:19.627 [JavaFX Application Thread] DEBUG PrimaryStageWindow   - FXGLLoadingScene -> GameScene
00:47:19.757 [FXGL Background Thread 2 ] INFO  UpdaterService       - Your current version:  17.2
00:47:19.757 [FXGL Background Thread 2 ] INFO  UpdaterService       - Latest stable version: 21.1
00:47:22.433 [FXGL Background Thread 3 ] DEBUG Engine               - Logging environment variables
00:47:22.434 [FXGL Background Thread 3 ] DEBUG Engine               - achievements: []
00:47:22.434 [FXGL Background Thread 3 ] DEBUG Engine               - actualHeight: 641.0
00:47:22.434 [FXGL Background Thread 3 ] DEBUG Engine               - actualHeightProperty: ReadOnlyDoubleProperty [value: 677.0]
00:47:22.435 [FXGL Background Thread 3 ] DEBUG Engine               - actualWidth: 848.0
00:47:22.435 [FXGL Background Thread 3 ] DEBUG Engine               - actualWidthProperty: ReadOnlyDoubleProperty [value: 850.0]
00:47:22.435 [FXGL Background Thread 3 ] DEBUG Engine               - appIcon: fxgl_icon.png
00:47:22.435 [FXGL Background Thread 3 ] DEBUG Engine               - applicationMode: DEVELOPER
00:47:22.436 [FXGL Background Thread 3 ] DEBUG Engine               - cSSList: [fxgl_dark.css]
00:47:22.436 [FXGL Background Thread 3 ] DEBUG Engine               - collisionDetectionStrategy: BRUTE_FORCE
00:47:22.436 [FXGL Background Thread 3 ] DEBUG Engine               - configClass: Optional.empty
00:47:22.436 [FXGL Background Thread 3 ] DEBUG Engine               - credits: []
00:47:22.437 [FXGL Background Thread 3 ] DEBUG Engine               - defaultCursor: CursorInfo(imageName=fxgl_default_cursor.png, hotspotX=7.0, hotspotY=6.0)
00:47:22.438 [FXGL Background Thread 3 ] DEBUG Engine               - devBBoxColorProperty: ObjectProperty [value: 0xff0000ff]
00:47:22.438 [FXGL Background Thread 3 ] DEBUG Engine               - devEnableDebugCameraProperty: BooleanProperty [value: false]
00:47:22.438 [FXGL Background Thread 3 ] DEBUG Engine               - devSensorColorProperty: ObjectProperty [value: 0xffff00ff]
00:47:22.438 [FXGL Background Thread 3 ] DEBUG Engine               - devShowBBoxProperty: BooleanProperty [value: false]
00:47:22.439 [FXGL Background Thread 3 ] DEBUG Engine               - devShowPositionProperty: BooleanProperty [value: false]
00:47:22.439 [FXGL Background Thread 3 ] DEBUG Engine               - enabledMenuItems: []
00:47:22.439 [FXGL Background Thread 3 ] DEBUG Engine               - engineServices: [class com.almasb.fxgl.app.services.FXGLAssetLoaderService, class com.almasb.fxgl.app.FXGLApplication$GameApplicationService, class com.almasb.fxgl.app.services.FXGLDialogService, class com.almasb.fxgl.app.services.IOTaskExecutorService, class com.almasb.fxgl.io.FileSystemService, class com.almasb.fxgl.localization.LocalizationService, class com.almasb.fxgl.app.services.SystemBundleService, class com.almasb.fxgl.profile.SaveLoadService, class com.almasb.fxgl.ui.FXGLUIFactoryServiceProvider, class com.almasb.fxgl.ui.FXGLDialogFactoryServiceProvider, class com.almasb.fxgl.audio.AudioPlayer, class com.almasb.fxgl.notification.impl.NotificationServiceProvider, class com.almasb.fxgl.achievement.AchievementService, class com.almasb.fxgl.cutscene.CutsceneService, class com.almasb.fxgl.minigames.MiniGameService, class com.almasb.fxgl.net.NetService, class com.almasb.fxgl.app.services.UpdaterService, class com.almasb.fxgl.dev.DevService]
00:47:22.439 [FXGL Background Thread 3 ] DEBUG Engine               - fontGame: Abel-Regular.ttf
00:47:22.440 [FXGL Background Thread 3 ] DEBUG Engine               - fontMono: TerminalLandMono-Regular.otf
00:47:22.440 [FXGL Background Thread 3 ] DEBUG Engine               - fontText: Courier-Prime.ttf
00:47:22.440 [FXGL Background Thread 3 ] DEBUG Engine               - fontUI: VarelaRound-Regular.ttf
00:47:22.440 [FXGL Background Thread 3 ] DEBUG Engine               - fullScreen: BooleanProperty [value: false]
00:47:22.441 [FXGL Background Thread 3 ] DEBUG Engine               - gameDifficulty: MEDIUM
00:47:22.441 [FXGL Background Thread 3 ] DEBUG Engine               - gameDifficultyProperty: ObjectProperty [value: MEDIUM]
00:47:22.441 [FXGL Background Thread 3 ] DEBUG Engine               - globalMusicVolume: 0.5
00:47:22.441 [FXGL Background Thread 3 ] DEBUG Engine               - globalMusicVolumeProperty: DoubleProperty [value: 0.5]
00:47:22.442 [FXGL Background Thread 3 ] DEBUG Engine               - globalSoundVolume: 0.5
00:47:22.442 [FXGL Background Thread 3 ] DEBUG Engine               - globalSoundVolumeProperty: DoubleProperty [value: 0.5]
00:47:22.442 [FXGL Background Thread 3 ] DEBUG Engine               - height: 670
00:47:22.442 [FXGL Background Thread 3 ] DEBUG Engine               - is3D: false
00:47:22.442 [FXGL Background Thread 3 ] DEBUG Engine               - isAndroid: false
00:47:22.442 [FXGL Background Thread 3 ] DEBUG Engine               - isBrowser: false
00:47:22.443 [FXGL Background Thread 3 ] DEBUG Engine               - isClickFeedbackEnabled: false
00:47:22.443 [FXGL Background Thread 3 ] DEBUG Engine               - isCloseConfirmation: false
00:47:22.443 [FXGL Background Thread 3 ] DEBUG Engine               - isDesktop: true
00:47:22.443 [FXGL Background Thread 3 ] DEBUG Engine               - isDeveloperMenuEnabled: false
00:47:22.443 [FXGL Background Thread 3 ] DEBUG Engine               - isEmbedded: false
00:47:22.443 [FXGL Background Thread 3 ] DEBUG Engine               - isEntityPreloadEnabled: true
00:47:22.444 [FXGL Background Thread 3 ] DEBUG Engine               - isExperimentalTiledLargeMap: false
00:47:22.444 [FXGL Background Thread 3 ] DEBUG Engine               - isFileSystemWriteAllowed: true
00:47:22.444 [FXGL Background Thread 3 ] DEBUG Engine               - isFullScreenAllowed: false
00:47:22.444 [FXGL Background Thread 3 ] DEBUG Engine               - isFullScreenFromStart: false
00:47:22.444 [FXGL Background Thread 3 ] DEBUG Engine               - isGameMenuEnabled: true
00:47:22.444 [FXGL Background Thread 3 ] DEBUG Engine               - isIOS: false
00:47:22.444 [FXGL Background Thread 3 ] DEBUG Engine               - isIntroEnabled: false
00:47:22.444 [FXGL Background Thread 3 ] DEBUG Engine               - isLinux: true
00:47:22.445 [FXGL Background Thread 3 ] DEBUG Engine               - isMac: false
00:47:22.445 [FXGL Background Thread 3 ] DEBUG Engine               - isMainMenuEnabled: false
00:47:22.445 [FXGL Background Thread 3 ] DEBUG Engine               - isManualResizeEnabled: false
00:47:22.445 [FXGL Background Thread 3 ] DEBUG Engine               - isMobile: false
00:47:22.445 [FXGL Background Thread 3 ] DEBUG Engine               - isNative: false
00:47:22.445 [FXGL Background Thread 3 ] DEBUG Engine               - isPauseMusicWhenMinimized: true
00:47:22.445 [FXGL Background Thread 3 ] DEBUG Engine               - isPreserveResizeRatio: false
00:47:22.445 [FXGL Background Thread 3 ] DEBUG Engine               - isProfilingEnabled: false
00:47:22.446 [FXGL Background Thread 3 ] DEBUG Engine               - isScaleAffectedOnResize: true
00:47:22.446 [FXGL Background Thread 3 ] DEBUG Engine               - isSingleStep: false
00:47:22.446 [FXGL Background Thread 3 ] DEBUG Engine               - isUserProfileEnabled: false
00:47:22.446 [FXGL Background Thread 3 ] DEBUG Engine               - isWindows: false
00:47:22.446 [FXGL Background Thread 3 ] DEBUG Engine               - language: ObjectProperty [value: ENGLISH]
00:47:22.446 [FXGL Background Thread 3 ] DEBUG Engine               - menuKey: ESCAPE
00:47:22.446 [FXGL Background Thread 3 ] DEBUG Engine               - mouseSensitivity: 0.2
00:47:22.446 [FXGL Background Thread 3 ] DEBUG Engine               - notificationViewClass: class com.almasb.fxgl.notification.view.XboxNotificationView
00:47:22.446 [FXGL Background Thread 3 ] DEBUG Engine               - pixelsPerMeter: 50.0
00:47:22.446 [FXGL Background Thread 3 ] DEBUG Engine               - platform: LINUX
00:47:22.446 [FXGL Background Thread 3 ] DEBUG Engine               - prefHeightProperty: ReadOnlyDoubleProperty [value: 670.0]
00:47:22.447 [FXGL Background Thread 3 ] DEBUG Engine               - prefWidthProperty: ReadOnlyDoubleProperty [value: 850.0]
00:47:22.447 [FXGL Background Thread 3 ] DEBUG Engine               - profileDir: profiles/
00:47:22.447 [FXGL Background Thread 3 ] DEBUG Engine               - profileName: StringProperty [value: DEFAULT]
00:47:22.447 [FXGL Background Thread 3 ] DEBUG Engine               - randomSeed: -1
00:47:22.447 [FXGL Background Thread 3 ] DEBUG Engine               - runtimeInfo: RuntimeInfo(platform=LINUX, version=17.2, build=20.08.2022 16.50)
00:47:22.447 [FXGL Background Thread 3 ] DEBUG Engine               - saveFileExt: sav
00:47:22.447 [FXGL Background Thread 3 ] DEBUG Engine               - scaledHeightProp$fxgl: DoubleProperty [bound, value: 677.0]
00:47:22.447 [FXGL Background Thread 3 ] DEBUG Engine               - scaledWidthProp$fxgl: DoubleProperty [bound, value: 850.0]
00:47:22.447 [FXGL Background Thread 3 ] DEBUG Engine               - sceneFactory: com.almasb.fxgl.app.scene.SceneFactory@3d8a5d23
00:47:22.448 [FXGL Background Thread 3 ] DEBUG Engine               - secondsIn24h: 60
00:47:22.448 [FXGL Background Thread 3 ] DEBUG Engine               - soundMenuBack: menu/back.wav
00:47:22.448 [FXGL Background Thread 3 ] DEBUG Engine               - soundMenuPress: menu/press.wav
00:47:22.448 [FXGL Background Thread 3 ] DEBUG Engine               - soundMenuSelect: menu/select.wav
00:47:22.448 [FXGL Background Thread 3 ] DEBUG Engine               - soundNotification: core/notification.wav
00:47:22.448 [FXGL Background Thread 3 ] DEBUG Engine               - stageStyle: DECORATED
00:47:22.448 [FXGL Background Thread 3 ] DEBUG Engine               - supportedLanguages: [ENGLISH, FRENCH, GERMAN, HUNGARIAN, RUSSIAN]
00:47:22.448 [FXGL Background Thread 3 ] DEBUG Engine               - ticksPerSecond: -1
00:47:22.448 [FXGL Background Thread 3 ] DEBUG Engine               - title: Restaurant Game
00:47:22.448 [FXGL Background Thread 3 ] DEBUG Engine               - urlGithub: https://github.com/AlmasB/FXGL
00:47:22.448 [FXGL Background Thread 3 ] DEBUG Engine               - urlLeaderboard: http://fxgl-top.herokuapp.com/
00:47:22.449 [FXGL Background Thread 3 ] DEBUG Engine               - urlPOM: https://raw.githubusercontent.com/AlmasB/FXGL/release/README.md
00:47:22.449 [FXGL Background Thread 3 ] DEBUG Engine               - userAppClass: class fxglapp.FXGLGameApp
00:47:22.449 [FXGL Background Thread 3 ] DEBUG Engine               - version: 0.0
00:47:22.449 [FXGL Background Thread 3 ] DEBUG Engine               - versionCheckDays: 7
00:47:22.449 [FXGL Background Thread 3 ] DEBUG Engine               - width: 850
00:47:22.449 [FXGL Background Thread 3 ] DEBUG Engine               - Logging services
00:47:22.449 [FXGL Background Thread 3 ] DEBUG Engine               - class com.almasb.fxgl.app.services.FXGLAssetLoaderService
00:47:22.449 [FXGL Background Thread 3 ] DEBUG Engine               - class com.almasb.fxgl.app.FXGLApplication$GameApplicationService
00:47:22.449 [FXGL Background Thread 3 ] DEBUG Engine               - class com.almasb.fxgl.app.services.FXGLDialogService
00:47:22.449 [FXGL Background Thread 3 ] DEBUG Engine               - class com.almasb.fxgl.app.services.IOTaskExecutorService
00:47:22.449 [FXGL Background Thread 3 ] DEBUG Engine               - class com.almasb.fxgl.io.FileSystemService
00:47:22.449 [FXGL Background Thread 3 ] DEBUG Engine               - class com.almasb.fxgl.localization.LocalizationService
00:47:22.449 [FXGL Background Thread 3 ] DEBUG Engine               - class com.almasb.fxgl.app.services.SystemBundleService
00:47:22.450 [FXGL Background Thread 3 ] DEBUG Engine               - class com.almasb.fxgl.profile.SaveLoadService
00:47:22.450 [FXGL Background Thread 3 ] DEBUG Engine               - class com.almasb.fxgl.ui.FXGLUIFactoryServiceProvider
00:47:22.450 [FXGL Background Thread 3 ] DEBUG Engine               - class com.almasb.fxgl.ui.FXGLDialogFactoryServiceProvider
00:47:22.450 [FXGL Background Thread 3 ] DEBUG Engine               - class com.almasb.fxgl.audio.AudioPlayer
00:47:22.450 [FXGL Background Thread 3 ] DEBUG Engine               - class com.almasb.fxgl.notification.impl.NotificationServiceProvider
00:47:22.450 [FXGL Background Thread 3 ] DEBUG Engine               - class com.almasb.fxgl.achievement.AchievementService
00:47:22.450 [FXGL Background Thread 3 ] DEBUG Engine               - class com.almasb.fxgl.cutscene.CutsceneService
00:47:22.450 [FXGL Background Thread 3 ] DEBUG Engine               - class com.almasb.fxgl.minigames.MiniGameService
00:47:22.450 [FXGL Background Thread 3 ] DEBUG Engine               - class com.almasb.fxgl.net.NetService
00:47:22.450 [FXGL Background Thread 3 ] DEBUG Engine               - class com.almasb.fxgl.app.services.UpdaterService
00:47:22.450 [FXGL Background Thread 3 ] DEBUG Engine               - class com.almasb.fxgl.dev.DevService
00:48:06.295 [JavaFX Application Thread] DEBUG FXGLApplication      - Exiting FXGL
00:48:06.295 [JavaFX Application Thread] DEBUG LoopRunner           - Stopping loop
00:48:06.296 [JavaFX Application Thread] DEBUG SystemBundleService  - Saving FXGL system data
00:48:06.297 [JavaFX Application Thread] DEBUG FileSystemAccess     - Writing to: /home/chris/IdeaProjects/RestaurantSimulator/system/fxgl.bundle
00:48:06.298 [JavaFX Application Thread] DEBUG Async                - Shutting down background threads
00:48:06.298 [JavaFX Application Thread] DEBUG PrimaryStageWindow   - Closing main window
00:48:06.301 [JavaFX Application Thread] DEBUG Logger               - Closing Logger
