15:22:38.818 [main                     ] DEBUG Logger               - Configured Logger
15:22:38.868 [main                     ] DEBUG GameApplication      - Logging settings
Title: Restaurant Game
Version: 0.0
Width: 850
Height: 670
Fullscreen: false
Intro: false
Profiling: false
Single step:false
App Mode: DEVELOPER
Menu Key: ESCAPE
Stage Style: DECORATED
Scene Factory: class com.almasb.fxgl.app.scene.SceneFactory

15:22:39.344 [JavaFX Application Thread] DEBUG FXGLApplication      - Initializing FXGL
15:22:39.351 [JavaFX Application Thread] INFO  Engine               - FXGL-17.2 (20.08.2022 16.50) on LINUX (J:17.0.13 FX:18)
15:22:39.352 [JavaFX Application Thread] DEBUG Engine               - JRE Vendor Name: Red Hat, Inc.
15:22:39.352 [JavaFX Application Thread] DEBUG Engine               - Running on OS: Linux version 6.11.6-200.fc40.x86_64
15:22:39.352 [JavaFX Application Thread] DEBUG Engine               - Architecture: amd64
15:22:39.352 [JavaFX Application Thread] INFO  Engine               - Source code and latest versions at: https://github.com/AlmasB/FXGL
15:22:39.352 [JavaFX Application Thread] INFO  Engine               -       Ask questions and discuss at: https://github.com/AlmasB/FXGL/discussions
15:22:39.353 [JavaFX Application Thread] INFO  Engine               -              Join the FXGL chat at: https://gitter.im/AlmasB/FXGL
15:22:39.510 [JavaFX Application Thread] DEBUG PrimaryStageWindow   - Creating a JavaFX scene
15:22:39.602 [JavaFX Application Thread] DEBUG PrimaryStageWindow   - Target settings size: 850.0 x 670.0
15:22:39.603 [JavaFX Application Thread] DEBUG PrimaryStageWindow   - Scaled scene size:    850.0 x 670.0
15:22:39.603 [JavaFX Application Thread] DEBUG PrimaryStageWindow   - Scaled ratio: (1.0, 1.0)
15:22:39.605 [JavaFX Application Thread] DEBUG PrimaryStageWindow   - Set initial scene to FXGLStartupScene
15:22:39.618 [JavaFX Application Thread] DEBUG PrimaryStageWindow   - Opening main window
15:22:39.663 [JavaFX Application Thread] DEBUG PrimaryStageWindow   - Window border size: (2.0, 29.0)
15:22:39.664 [JavaFX Application Thread] DEBUG PrimaryStageWindow   - Scaled size: 850.0 x 670.0
15:22:39.664 [JavaFX Application Thread] DEBUG PrimaryStageWindow   - Scaled ratio: (1.0, 1.0)
15:22:39.664 [JavaFX Application Thread] DEBUG PrimaryStageWindow   - Scene size: 850.0 x 670.0
15:22:39.665 [JavaFX Application Thread] DEBUG PrimaryStageWindow   - Stage size: 852.0 x 699.0
15:22:39.671 [FXGL Background Thread 1 ] DEBUG Engine               - Initializing environment variables
15:22:39.712 [FXGL Background Thread 1 ] DEBUG FXGLAssetLoaderServi - User app class for loading assets: class fxglapp.FXGLGameApp
15:22:39.713 [FXGL Background Thread 1 ] DEBUG GameApplicationServi - Applying CSS: fxgl_dark.css
15:22:39.714 [FXGL Background Thread 1 ] DEBUG FXGLAssetLoaderServi - Loading from file system: jar:file:/home/chris/.m2/repository/com/github/almasb/fxgl/17.2/fxgl-17.2.jar!/fxglassets/ui/css/fxgl_dark.css
15:22:39.772 [FXGL Background Thread 1 ] DEBUG GameApplicationServi - Initializing application scenes
15:22:39.822 [FXGL Background Thread 1 ] DEBUG GameWorld            - Game world initialized
15:22:39.862 [FXGL Background Thread 1 ] DEBUG PhysicsWorld         - Physics world initialized: appHeight=670, physics.ppm=50.0
15:22:39.862 [FXGL Background Thread 1 ] DEBUG PhysicsWorld         - Using strategy: BRUTE_FORCE
15:22:39.866 [FXGL Background Thread 1 ] DEBUG GameScene            - Game scene initialized: 850x670
15:22:39.878 [FXGL Background Thread 1 ] DEBUG FXGL.DefaultMenu     - createMenuBodyGameMenu()
15:22:39.891 [FXGL Background Thread 1 ] DEBUG FXGL.DefaultMenu     - createOptionsMenu()
15:22:39.901 [FXGL Background Thread 1 ] DEBUG FXGLAssetLoaderServi - Loading from file system: jar:file:/home/chris/.m2/repository/com/github/almasb/fxgl/17.2/fxgl-17.2.jar!/fxglassets/textures/particles/smoke.png
15:22:39.991 [FXGL Background Thread 1 ] DEBUG FXGLAssetLoaderServi - Loading from file system: jar:file:/home/chris/.m2/repository/com/github/almasb/fxgl/17.2/fxgl-17.2.jar!/fxglassets/textures/particles/trace_horizontal.png
15:22:40.016 [FXGL Background Thread 1 ] DEBUG GameApplicationServi - Application scenes initialized
15:22:40.027 [FXGL Background Thread 1 ] DEBUG SystemBundleService  - Loading FXGL system data
15:22:40.029 [FXGL Background Thread 1 ] DEBUG FileSystemAccess     - Reading from: /home/chris/IdeaProjects/RestaurantSimulator/system/fxgl.bundle
15:22:40.031 [FXGL Background Thread 1 ] DEBUG SystemBundleService  - Bundle FXGL: {}
15:22:40.032 [FXGL Background Thread 1 ] DEBUG UpdaterService       - Checking for updates
15:22:40.036 [FXGL Background Thread 4 ] DEBUG FXGLApplication      - Loading fonts
15:22:40.036 [FXGL Background Thread 4 ] DEBUG FXGLAssetLoaderServi - Loading from file system: jar:file:/home/chris/.m2/repository/com/github/almasb/fxgl/17.2/fxgl-17.2.jar!/fxglassets/ui/fonts/VarelaRound-Regular.ttf
15:22:40.036 [FXGL Background Thread 1 ] DEBUG FXGLApplication      - Loading default localization
15:22:40.037 [FXGL Background Thread 1 ] DEBUG FXGLAssetLoaderServi - Loading from file system: jar:file:/home/chris/.m2/repository/com/github/almasb/fxgl/17.2/fxgl-17.2.jar!/fxglassets/languages/english.lang
15:22:40.043 [FXGL Background Thread 4 ] DEBUG FXGLAssetLoaderServi - Loading from file system: jar:file:/home/chris/.m2/repository/com/github/almasb/fxgl/17.2/fxgl-17.2.jar!/fxglassets/ui/fonts/Abel-Regular.ttf
15:22:40.045 [FXGL Background Thread 4 ] DEBUG FXGLAssetLoaderServi - Loading from file system: jar:file:/home/chris/.m2/repository/com/github/almasb/fxgl/17.2/fxgl-17.2.jar!/fxglassets/ui/fonts/TerminalLandMono-Regular.otf
15:22:40.047 [FXGL Background Thread 4 ] DEBUG FXGLAssetLoaderServi - Loading from file system: jar:file:/home/chris/.m2/repository/com/github/almasb/fxgl/17.2/fxgl-17.2.jar!/fxglassets/ui/fonts/Courier-Prime.ttf
15:22:40.052 [JavaFX Application Thread] DEBUG FXGLApplication      - Registering font factories with UI factory
15:22:40.054 [FXGL Background Thread 1 ] INFO  FXGLApplication      - FXGL initialization took: 0.383 sec
15:22:40.055 [JavaFX Application Thread] DEBUG FXGLAssetLoaderServi - Loading from file system: jar:file:/home/chris/.m2/repository/com/github/almasb/fxgl/17.2/fxgl-17.2.jar!/fxglassets/textures/fxgl_icon.png
15:22:40.084 [JavaFX Application Thread] DEBUG FXGLAssetLoaderServi - Loading from file system: jar:file:/home/chris/.m2/repository/com/github/almasb/fxgl/17.2/fxgl-17.2.jar!/fxglassets/textures/fxgl_default_cursor.png
15:22:40.094 [JavaFX Application Thread] DEBUG Input                - Registered new binding: Screenshot - CTRL+8
15:22:40.095 [JavaFX Application Thread] DEBUG Input                - Registered new binding: System info dump - CTRL+9
15:22:40.095 [JavaFX Application Thread] DEBUG Input                - Registered new binding: Restart - CTRL+R
15:22:40.095 [JavaFX Application Thread] DEBUG Input                - Registered new binding: Toggle Debug Camera - CTRL+7
15:22:40.097 [JavaFX Application Thread] DEBUG LoopRunner           - Starting loop
15:22:40.097 [JavaFX Application Thread] DEBUG LoopRunner           - Initializing JavaFX AnimationTimerLoop
15:22:40.098 [JavaFX Application Thread] DEBUG GameApplicationServi - Starting new game
15:22:40.099 [JavaFX Application Thread] DEBUG Input                - Clearing active input actions
15:22:40.114 [JavaFX Application Thread] DEBUG GameApplicationServi - Removing overlay from FXGLStartupScene and adding to FXGLLoadingScene
15:22:40.115 [JavaFX Application Thread] DEBUG PrimaryStageWindow   - FXGLStartupScene -> FXGLLoadingScene
15:22:40.115 [JavaFX Application Thread] DEBUG GameApplicationServi - Clearing previous game
15:22:40.115 [JavaFX Application Thread] DEBUG GameScene            - Clearing game scene
15:22:40.115 [JavaFX Application Thread] DEBUG GameWorld            - Clearing game world
15:22:40.116 [JavaFX Application Thread] DEBUG PhysicsWorld         - Clearing physics world
15:22:40.119 [FXGL Background Thread 1 ] DEBUG FXGLApplication      - Initializing game
15:22:40.292 [FXGL Background Thread 1 ] INFO  FXGLApplication      - Game initialization took: 0.172 sec
15:22:40.292 [JavaFX Application Thread] DEBUG Input                - Clearing active input actions
15:22:40.314 [JavaFX Application Thread] DEBUG GameApplicationServi - Removing overlay from FXGLLoadingScene and adding to GameScene
15:22:40.315 [JavaFX Application Thread] DEBUG PrimaryStageWindow   - FXGLLoadingScene -> GameScene
15:22:41.329 [FXGL Background Thread 2 ] INFO  UpdaterService       - Your current version:  17.2
15:22:41.330 [FXGL Background Thread 2 ] INFO  UpdaterService       - Latest stable version: 21.1
15:22:43.034 [FXGL Background Thread 3 ] DEBUG Engine               - Logging environment variables
15:22:43.035 [FXGL Background Thread 3 ] DEBUG Engine               - achievements: []
15:22:43.036 [FXGL Background Thread 3 ] DEBUG Engine               - actualHeight: 670.0
15:22:43.036 [FXGL Background Thread 3 ] DEBUG Engine               - actualHeightProperty: ReadOnlyDoubleProperty [value: 677.0]
15:22:43.036 [FXGL Background Thread 3 ] DEBUG Engine               - actualWidth: 850.0
15:22:43.037 [FXGL Background Thread 3 ] DEBUG Engine               - actualWidthProperty: ReadOnlyDoubleProperty [value: 850.0]
15:22:43.037 [FXGL Background Thread 3 ] DEBUG Engine               - appIcon: fxgl_icon.png
15:22:43.037 [FXGL Background Thread 3 ] DEBUG Engine               - applicationMode: DEVELOPER
15:22:43.037 [FXGL Background Thread 3 ] DEBUG Engine               - cSSList: [fxgl_dark.css]
15:22:43.037 [FXGL Background Thread 3 ] DEBUG Engine               - collisionDetectionStrategy: BRUTE_FORCE
15:22:43.038 [FXGL Background Thread 3 ] DEBUG Engine               - configClass: Optional.empty
15:22:43.038 [FXGL Background Thread 3 ] DEBUG Engine               - credits: []
15:22:43.039 [FXGL Background Thread 3 ] DEBUG Engine               - defaultCursor: CursorInfo(imageName=fxgl_default_cursor.png, hotspotX=7.0, hotspotY=6.0)
15:22:43.040 [FXGL Background Thread 3 ] DEBUG Engine               - devBBoxColorProperty: ObjectProperty [value: 0xff0000ff]
15:22:43.040 [FXGL Background Thread 3 ] DEBUG Engine               - devEnableDebugCameraProperty: BooleanProperty [value: false]
15:22:43.041 [FXGL Background Thread 3 ] DEBUG Engine               - devSensorColorProperty: ObjectProperty [value: 0xffff00ff]
15:22:43.041 [FXGL Background Thread 3 ] DEBUG Engine               - devShowBBoxProperty: BooleanProperty [value: false]
15:22:43.041 [FXGL Background Thread 3 ] DEBUG Engine               - devShowPositionProperty: BooleanProperty [value: false]
15:22:43.041 [FXGL Background Thread 3 ] DEBUG Engine               - enabledMenuItems: []
15:22:43.041 [FXGL Background Thread 3 ] DEBUG Engine               - engineServices: [class com.almasb.fxgl.app.services.FXGLAssetLoaderService, class com.almasb.fxgl.app.FXGLApplication$GameApplicationService, class com.almasb.fxgl.app.services.FXGLDialogService, class com.almasb.fxgl.app.services.IOTaskExecutorService, class com.almasb.fxgl.io.FileSystemService, class com.almasb.fxgl.localization.LocalizationService, class com.almasb.fxgl.app.services.SystemBundleService, class com.almasb.fxgl.profile.SaveLoadService, class com.almasb.fxgl.ui.FXGLUIFactoryServiceProvider, class com.almasb.fxgl.ui.FXGLDialogFactoryServiceProvider, class com.almasb.fxgl.audio.AudioPlayer, class com.almasb.fxgl.notification.impl.NotificationServiceProvider, class com.almasb.fxgl.achievement.AchievementService, class com.almasb.fxgl.cutscene.CutsceneService, class com.almasb.fxgl.minigames.MiniGameService, class com.almasb.fxgl.net.NetService, class com.almasb.fxgl.app.services.UpdaterService, class com.almasb.fxgl.dev.DevService]
15:22:43.042 [FXGL Background Thread 3 ] DEBUG Engine               - fontGame: Abel-Regular.ttf
15:22:43.042 [FXGL Background Thread 3 ] DEBUG Engine               - fontMono: TerminalLandMono-Regular.otf
15:22:43.042 [FXGL Background Thread 3 ] DEBUG Engine               - fontText: Courier-Prime.ttf
15:22:43.042 [FXGL Background Thread 3 ] DEBUG Engine               - fontUI: VarelaRound-Regular.ttf
15:22:43.042 [FXGL Background Thread 3 ] DEBUG Engine               - fullScreen: BooleanProperty [value: false]
15:22:43.043 [FXGL Background Thread 3 ] DEBUG Engine               - gameDifficulty: MEDIUM
15:22:43.043 [FXGL Background Thread 3 ] DEBUG Engine               - gameDifficultyProperty: ObjectProperty [value: MEDIUM]
15:22:43.043 [FXGL Background Thread 3 ] DEBUG Engine               - globalMusicVolume: 0.5
15:22:43.044 [FXGL Background Thread 3 ] DEBUG Engine               - globalMusicVolumeProperty: DoubleProperty [value: 0.5]
15:22:43.045 [FXGL Background Thread 3 ] DEBUG Engine               - globalSoundVolume: 0.5
15:22:43.045 [FXGL Background Thread 3 ] DEBUG Engine               - globalSoundVolumeProperty: DoubleProperty [value: 0.5]
15:22:43.045 [FXGL Background Thread 3 ] DEBUG Engine               - height: 670
15:22:43.046 [FXGL Background Thread 3 ] DEBUG Engine               - is3D: false
15:22:43.046 [FXGL Background Thread 3 ] DEBUG Engine               - isAndroid: false
15:22:43.046 [FXGL Background Thread 3 ] DEBUG Engine               - isBrowser: false
15:22:43.047 [FXGL Background Thread 3 ] DEBUG Engine               - isClickFeedbackEnabled: false
15:22:43.047 [FXGL Background Thread 3 ] DEBUG Engine               - isCloseConfirmation: false
15:22:43.047 [FXGL Background Thread 3 ] DEBUG Engine               - isDesktop: true
15:22:43.048 [FXGL Background Thread 3 ] DEBUG Engine               - isDeveloperMenuEnabled: false
15:22:43.048 [FXGL Background Thread 3 ] DEBUG Engine               - isEmbedded: false
15:22:43.048 [FXGL Background Thread 3 ] DEBUG Engine               - isEntityPreloadEnabled: true
15:22:43.049 [FXGL Background Thread 3 ] DEBUG Engine               - isExperimentalTiledLargeMap: false
15:22:43.049 [FXGL Background Thread 3 ] DEBUG Engine               - isFileSystemWriteAllowed: true
15:22:43.049 [FXGL Background Thread 3 ] DEBUG Engine               - isFullScreenAllowed: false
15:22:43.049 [FXGL Background Thread 3 ] DEBUG Engine               - isFullScreenFromStart: false
15:22:43.049 [FXGL Background Thread 3 ] DEBUG Engine               - isGameMenuEnabled: true
15:22:43.049 [FXGL Background Thread 3 ] DEBUG Engine               - isIOS: false
15:22:43.049 [FXGL Background Thread 3 ] DEBUG Engine               - isIntroEnabled: false
15:22:43.050 [FXGL Background Thread 3 ] DEBUG Engine               - isLinux: true
15:22:43.050 [FXGL Background Thread 3 ] DEBUG Engine               - isMac: false
15:22:43.050 [FXGL Background Thread 3 ] DEBUG Engine               - isMainMenuEnabled: false
15:22:43.050 [FXGL Background Thread 3 ] DEBUG Engine               - isManualResizeEnabled: false
15:22:43.050 [FXGL Background Thread 3 ] DEBUG Engine               - isMobile: false
15:22:43.050 [FXGL Background Thread 3 ] DEBUG Engine               - isNative: false
15:22:43.050 [FXGL Background Thread 3 ] DEBUG Engine               - isPauseMusicWhenMinimized: true
15:22:43.051 [FXGL Background Thread 3 ] DEBUG Engine               - isPreserveResizeRatio: false
15:22:43.051 [FXGL Background Thread 3 ] DEBUG Engine               - isProfilingEnabled: false
15:22:43.051 [FXGL Background Thread 3 ] DEBUG Engine               - isScaleAffectedOnResize: true
15:22:43.051 [FXGL Background Thread 3 ] DEBUG Engine               - isSingleStep: false
15:22:43.051 [FXGL Background Thread 3 ] DEBUG Engine               - isUserProfileEnabled: false
15:22:43.051 [FXGL Background Thread 3 ] DEBUG Engine               - isWindows: false
15:22:43.051 [FXGL Background Thread 3 ] DEBUG Engine               - language: ObjectProperty [value: ENGLISH]
15:22:43.052 [FXGL Background Thread 3 ] DEBUG Engine               - menuKey: ESCAPE
15:22:43.052 [FXGL Background Thread 3 ] DEBUG Engine               - mouseSensitivity: 0.2
15:22:43.052 [FXGL Background Thread 3 ] DEBUG Engine               - notificationViewClass: class com.almasb.fxgl.notification.view.XboxNotificationView
15:22:43.052 [FXGL Background Thread 3 ] DEBUG Engine               - pixelsPerMeter: 50.0
15:22:43.052 [FXGL Background Thread 3 ] DEBUG Engine               - platform: LINUX
15:22:43.052 [FXGL Background Thread 3 ] DEBUG Engine               - prefHeightProperty: ReadOnlyDoubleProperty [value: 670.0]
15:22:43.052 [FXGL Background Thread 3 ] DEBUG Engine               - prefWidthProperty: ReadOnlyDoubleProperty [value: 850.0]
15:22:43.052 [FXGL Background Thread 3 ] DEBUG Engine               - profileDir: profiles/
15:22:43.053 [FXGL Background Thread 3 ] DEBUG Engine               - profileName: StringProperty [value: DEFAULT]
15:22:43.053 [FXGL Background Thread 3 ] DEBUG Engine               - randomSeed: -1
15:22:43.053 [FXGL Background Thread 3 ] DEBUG Engine               - runtimeInfo: RuntimeInfo(platform=LINUX, version=17.2, build=20.08.2022 16.50)
15:22:43.054 [FXGL Background Thread 3 ] DEBUG Engine               - saveFileExt: sav
15:22:43.054 [FXGL Background Thread 3 ] DEBUG Engine               - scaledHeightProp$fxgl: DoubleProperty [bound, value: 677.0]
15:22:43.054 [FXGL Background Thread 3 ] DEBUG Engine               - scaledWidthProp$fxgl: DoubleProperty [bound, value: 850.0]
15:22:43.054 [FXGL Background Thread 3 ] DEBUG Engine               - sceneFactory: com.almasb.fxgl.app.scene.SceneFactory@4b623416
15:22:43.054 [FXGL Background Thread 3 ] DEBUG Engine               - secondsIn24h: 60
15:22:43.054 [FXGL Background Thread 3 ] DEBUG Engine               - soundMenuBack: menu/back.wav
15:22:43.054 [FXGL Background Thread 3 ] DEBUG Engine               - soundMenuPress: menu/press.wav
15:22:43.054 [FXGL Background Thread 3 ] DEBUG Engine               - soundMenuSelect: menu/select.wav
15:22:43.055 [FXGL Background Thread 3 ] DEBUG Engine               - soundNotification: core/notification.wav
15:22:43.055 [FXGL Background Thread 3 ] DEBUG Engine               - stageStyle: DECORATED
15:22:43.055 [FXGL Background Thread 3 ] DEBUG Engine               - supportedLanguages: [ENGLISH, FRENCH, GERMAN, HUNGARIAN, RUSSIAN]
15:22:43.055 [FXGL Background Thread 3 ] DEBUG Engine               - ticksPerSecond: -1
15:22:43.055 [FXGL Background Thread 3 ] DEBUG Engine               - title: Restaurant Game
15:22:43.055 [FXGL Background Thread 3 ] DEBUG Engine               - urlGithub: https://github.com/AlmasB/FXGL
15:22:43.055 [FXGL Background Thread 3 ] DEBUG Engine               - urlLeaderboard: http://fxgl-top.herokuapp.com/
15:22:43.055 [FXGL Background Thread 3 ] DEBUG Engine               - urlPOM: https://raw.githubusercontent.com/AlmasB/FXGL/release/README.md
15:22:43.055 [FXGL Background Thread 3 ] DEBUG Engine               - userAppClass: class fxglapp.FXGLGameApp
15:22:43.056 [FXGL Background Thread 3 ] DEBUG Engine               - version: 0.0
15:22:43.056 [FXGL Background Thread 3 ] DEBUG Engine               - versionCheckDays: 7
15:22:43.056 [FXGL Background Thread 3 ] DEBUG Engine               - width: 850
15:22:43.056 [FXGL Background Thread 3 ] DEBUG Engine               - Logging services
15:22:43.056 [FXGL Background Thread 3 ] DEBUG Engine               - class com.almasb.fxgl.app.services.FXGLAssetLoaderService
15:22:43.056 [FXGL Background Thread 3 ] DEBUG Engine               - class com.almasb.fxgl.app.FXGLApplication$GameApplicationService
15:22:43.056 [FXGL Background Thread 3 ] DEBUG Engine               - class com.almasb.fxgl.app.services.FXGLDialogService
15:22:43.056 [FXGL Background Thread 3 ] DEBUG Engine               - class com.almasb.fxgl.app.services.IOTaskExecutorService
15:22:43.057 [FXGL Background Thread 3 ] DEBUG Engine               - class com.almasb.fxgl.io.FileSystemService
15:22:43.057 [FXGL Background Thread 3 ] DEBUG Engine               - class com.almasb.fxgl.localization.LocalizationService
15:22:43.057 [FXGL Background Thread 3 ] DEBUG Engine               - class com.almasb.fxgl.app.services.SystemBundleService
15:22:43.057 [FXGL Background Thread 3 ] DEBUG Engine               - class com.almasb.fxgl.profile.SaveLoadService
15:22:43.057 [FXGL Background Thread 3 ] DEBUG Engine               - class com.almasb.fxgl.ui.FXGLUIFactoryServiceProvider
15:22:43.057 [FXGL Background Thread 3 ] DEBUG Engine               - class com.almasb.fxgl.ui.FXGLDialogFactoryServiceProvider
15:22:43.057 [FXGL Background Thread 3 ] DEBUG Engine               - class com.almasb.fxgl.audio.AudioPlayer
15:22:43.057 [FXGL Background Thread 3 ] DEBUG Engine               - class com.almasb.fxgl.notification.impl.NotificationServiceProvider
15:22:43.057 [FXGL Background Thread 3 ] DEBUG Engine               - class com.almasb.fxgl.achievement.AchievementService
15:22:43.058 [FXGL Background Thread 3 ] DEBUG Engine               - class com.almasb.fxgl.cutscene.CutsceneService
15:22:43.058 [FXGL Background Thread 3 ] DEBUG Engine               - class com.almasb.fxgl.minigames.MiniGameService
15:22:43.058 [FXGL Background Thread 3 ] DEBUG Engine               - class com.almasb.fxgl.net.NetService
15:22:43.058 [FXGL Background Thread 3 ] DEBUG Engine               - class com.almasb.fxgl.app.services.UpdaterService
15:22:43.058 [FXGL Background Thread 3 ] DEBUG Engine               - class com.almasb.fxgl.dev.DevService
15:23:13.710 [JavaFX Application Thread] DEBUG FXGLApplication      - Exiting FXGL
15:23:13.711 [JavaFX Application Thread] DEBUG LoopRunner           - Stopping loop
15:23:13.711 [JavaFX Application Thread] DEBUG SystemBundleService  - Saving FXGL system data
15:23:13.713 [JavaFX Application Thread] DEBUG FileSystemAccess     - Writing to: /home/chris/IdeaProjects/RestaurantSimulator/system/fxgl.bundle
15:23:13.714 [JavaFX Application Thread] DEBUG Async                - Shutting down background threads
15:23:13.715 [JavaFX Application Thread] DEBUG PrimaryStageWindow   - Closing main window
15:23:13.725 [JavaFX Application Thread] DEBUG Logger               - Closing Logger
