00:48:12.500 [main                     ] DEBUG Logger               - Configured Logger
00:48:12.517 [main                     ] DEBUG GameApplication      - Logging settings
Title: Restaurant Game
Version: 0.0
Width: 850
Height: 670
Fullscreen: false
Intro: false
Profiling: false
Single step:false
App Mode: DEVELOPER
Menu Key: ESCAPE
Stage Style: DECORATED
Scene Factory: class com.almasb.fxgl.app.scene.SceneFactory

00:48:12.744 [JavaFX Application Thread] DEBUG FXGLApplication      - Initializing FXGL
00:48:12.750 [JavaFX Application Thread] INFO  Engine               - FXGL-17.2 (20.08.2022 16.50) on LINUX (J:17.0.13 FX:18)
00:48:12.750 [JavaFX Application Thread] DEBUG Engine               - JRE Vendor Name: Red Hat, Inc.
00:48:12.750 [JavaFX Application Thread] DEBUG Engine               - Running on OS: Linux version 6.11.6-200.fc40.x86_64
00:48:12.750 [JavaFX Application Thread] DEBUG Engine               - Architecture: amd64
00:48:12.750 [JavaFX Application Thread] INFO  Engine               - Source code and latest versions at: https://github.com/AlmasB/FXGL
00:48:12.751 [JavaFX Application Thread] INFO  Engine               -       Ask questions and discuss at: https://github.com/AlmasB/FXGL/discussions
00:48:12.751 [JavaFX Application Thread] INFO  Engine               -              Join the FXGL chat at: https://gitter.im/AlmasB/FXGL
00:48:12.812 [JavaFX Application Thread] DEBUG PrimaryStageWindow   - Creating a JavaFX scene
00:48:12.857 [JavaFX Application Thread] DEBUG PrimaryStageWindow   - Target settings size: 850.0 x 670.0
00:48:12.857 [JavaFX Application Thread] DEBUG PrimaryStageWindow   - Scaled scene size:    850.0 x 670.0
00:48:12.857 [JavaFX Application Thread] DEBUG PrimaryStageWindow   - Scaled ratio: (1.0, 1.0)
00:48:12.858 [JavaFX Application Thread] DEBUG PrimaryStageWindow   - Set initial scene to FXGLStartupScene
00:48:12.863 [JavaFX Application Thread] DEBUG PrimaryStageWindow   - Opening main window
00:48:12.890 [JavaFX Application Thread] DEBUG PrimaryStageWindow   - Window border size: (2.0, 29.0)
00:48:12.890 [JavaFX Application Thread] DEBUG PrimaryStageWindow   - Scaled size: 850.0 x 670.0
00:48:12.890 [JavaFX Application Thread] DEBUG PrimaryStageWindow   - Scaled ratio: (1.0, 1.0)
00:48:12.891 [JavaFX Application Thread] DEBUG PrimaryStageWindow   - Scene size: 850.0 x 670.0
00:48:12.891 [JavaFX Application Thread] DEBUG PrimaryStageWindow   - Stage size: 852.0 x 699.0
00:48:12.894 [FXGL Background Thread 1 ] DEBUG Engine               - Initializing environment variables
00:48:12.909 [FXGL Background Thread 1 ] DEBUG FXGLAssetLoaderServi - User app class for loading assets: class fxglapp.FXGLGameApp
00:48:12.910 [FXGL Background Thread 1 ] DEBUG GameApplicationServi - Applying CSS: fxgl_dark.css
00:48:12.910 [FXGL Background Thread 1 ] DEBUG FXGLAssetLoaderServi - Loading from file system: jar:file:/home/chris/.m2/repository/com/github/almasb/fxgl/17.2/fxgl-17.2.jar!/fxglassets/ui/css/fxgl_dark.css
00:48:12.934 [FXGL Background Thread 1 ] DEBUG GameApplicationServi - Initializing application scenes
00:48:12.962 [FXGL Background Thread 1 ] DEBUG GameWorld            - Game world initialized
00:48:12.985 [FXGL Background Thread 1 ] DEBUG PhysicsWorld         - Physics world initialized: appHeight=670, physics.ppm=50.0
00:48:12.986 [FXGL Background Thread 1 ] DEBUG PhysicsWorld         - Using strategy: BRUTE_FORCE
00:48:12.988 [FXGL Background Thread 1 ] DEBUG GameScene            - Game scene initialized: 850x670
00:48:12.995 [FXGL Background Thread 1 ] DEBUG FXGL.DefaultMenu     - createMenuBodyGameMenu()
00:48:13.002 [FXGL Background Thread 1 ] DEBUG FXGL.DefaultMenu     - createOptionsMenu()
00:48:13.009 [FXGL Background Thread 1 ] DEBUG FXGLAssetLoaderServi - Loading from file system: jar:file:/home/chris/.m2/repository/com/github/almasb/fxgl/17.2/fxgl-17.2.jar!/fxglassets/textures/particles/smoke.png
00:48:13.063 [FXGL Background Thread 1 ] DEBUG FXGLAssetLoaderServi - Loading from file system: jar:file:/home/chris/.m2/repository/com/github/almasb/fxgl/17.2/fxgl-17.2.jar!/fxglassets/textures/particles/trace_horizontal.png
00:48:13.077 [FXGL Background Thread 1 ] DEBUG GameApplicationServi - Application scenes initialized
00:48:13.084 [FXGL Background Thread 1 ] DEBUG SystemBundleService  - Loading FXGL system data
00:48:13.085 [FXGL Background Thread 1 ] DEBUG FileSystemAccess     - Reading from: /home/chris/IdeaProjects/RestaurantSimulator/system/fxgl.bundle
00:48:13.087 [FXGL Background Thread 1 ] DEBUG SystemBundleService  - Bundle FXGL: {}
00:48:13.087 [FXGL Background Thread 1 ] DEBUG UpdaterService       - Checking for updates
00:48:13.090 [FXGL Background Thread 4 ] DEBUG FXGLApplication      - Loading fonts
00:48:13.090 [FXGL Background Thread 1 ] DEBUG FXGLApplication      - Loading default localization
00:48:13.090 [FXGL Background Thread 4 ] DEBUG FXGLAssetLoaderServi - Loading from file system: jar:file:/home/chris/.m2/repository/com/github/almasb/fxgl/17.2/fxgl-17.2.jar!/fxglassets/ui/fonts/VarelaRound-Regular.ttf
00:48:13.091 [FXGL Background Thread 1 ] DEBUG FXGLAssetLoaderServi - Loading from file system: jar:file:/home/chris/.m2/repository/com/github/almasb/fxgl/17.2/fxgl-17.2.jar!/fxglassets/languages/english.lang
00:48:13.095 [FXGL Background Thread 4 ] DEBUG FXGLAssetLoaderServi - Loading from file system: jar:file:/home/chris/.m2/repository/com/github/almasb/fxgl/17.2/fxgl-17.2.jar!/fxglassets/ui/fonts/Abel-Regular.ttf
00:48:13.096 [FXGL Background Thread 4 ] DEBUG FXGLAssetLoaderServi - Loading from file system: jar:file:/home/chris/.m2/repository/com/github/almasb/fxgl/17.2/fxgl-17.2.jar!/fxglassets/ui/fonts/TerminalLandMono-Regular.otf
00:48:13.098 [FXGL Background Thread 4 ] DEBUG FXGLAssetLoaderServi - Loading from file system: jar:file:/home/chris/.m2/repository/com/github/almasb/fxgl/17.2/fxgl-17.2.jar!/fxglassets/ui/fonts/Courier-Prime.ttf
00:48:13.100 [JavaFX Application Thread] DEBUG FXGLApplication      - Registering font factories with UI factory
00:48:13.102 [FXGL Background Thread 1 ] INFO  FXGLApplication      - FXGL initialization took: 0.208 sec
00:48:13.103 [JavaFX Application Thread] DEBUG FXGLAssetLoaderServi - Loading from file system: jar:file:/home/chris/.m2/repository/com/github/almasb/fxgl/17.2/fxgl-17.2.jar!/fxglassets/textures/fxgl_icon.png
00:48:13.120 [JavaFX Application Thread] DEBUG FXGLAssetLoaderServi - Loading from file system: jar:file:/home/chris/.m2/repository/com/github/almasb/fxgl/17.2/fxgl-17.2.jar!/fxglassets/textures/fxgl_default_cursor.png
00:48:13.125 [JavaFX Application Thread] DEBUG Input                - Registered new binding: Screenshot - CTRL+8
00:48:13.125 [JavaFX Application Thread] DEBUG Input                - Registered new binding: System info dump - CTRL+9
00:48:13.126 [JavaFX Application Thread] DEBUG Input                - Registered new binding: Restart - CTRL+R
00:48:13.126 [JavaFX Application Thread] DEBUG Input                - Registered new binding: Toggle Debug Camera - CTRL+7
00:48:13.127 [JavaFX Application Thread] DEBUG LoopRunner           - Starting loop
00:48:13.127 [JavaFX Application Thread] DEBUG LoopRunner           - Initializing JavaFX AnimationTimerLoop
00:48:13.128 [JavaFX Application Thread] DEBUG GameApplicationServi - Starting new game
00:48:13.128 [JavaFX Application Thread] DEBUG Input                - Clearing active input actions
00:48:13.134 [JavaFX Application Thread] DEBUG GameApplicationServi - Removing overlay from FXGLStartupScene and adding to FXGLLoadingScene
00:48:13.134 [JavaFX Application Thread] DEBUG PrimaryStageWindow   - FXGLStartupScene -> FXGLLoadingScene
00:48:13.134 [JavaFX Application Thread] DEBUG GameApplicationServi - Clearing previous game
00:48:13.134 [JavaFX Application Thread] DEBUG GameScene            - Clearing game scene
00:48:13.134 [JavaFX Application Thread] DEBUG GameWorld            - Clearing game world
00:48:13.134 [JavaFX Application Thread] DEBUG PhysicsWorld         - Clearing physics world
00:48:13.135 [FXGL Background Thread 1 ] DEBUG FXGLApplication      - Initializing game
00:48:13.242 [FXGL Background Thread 1 ] INFO  FXGLApplication      - Game initialization took: 0.106 sec
00:48:13.242 [JavaFX Application Thread] DEBUG Input                - Clearing active input actions
00:48:13.257 [JavaFX Application Thread] DEBUG GameApplicationServi - Removing overlay from FXGLLoadingScene and adding to GameScene
00:48:13.258 [JavaFX Application Thread] DEBUG PrimaryStageWindow   - FXGLLoadingScene -> GameScene
00:48:13.513 [FXGL Background Thread 2 ] INFO  UpdaterService       - Your current version:  17.2
00:48:13.514 [FXGL Background Thread 2 ] INFO  UpdaterService       - Latest stable version: 21.1
00:48:14.930 [JavaFX Application Thread] DEBUG FXGLApplication      - Exiting FXGL
00:48:14.930 [JavaFX Application Thread] DEBUG LoopRunner           - Stopping loop
00:48:14.931 [JavaFX Application Thread] DEBUG SystemBundleService  - Saving FXGL system data
00:48:14.933 [JavaFX Application Thread] DEBUG FileSystemAccess     - Writing to: /home/chris/IdeaProjects/RestaurantSimulator/system/fxgl.bundle
00:48:14.934 [JavaFX Application Thread] DEBUG Async                - Shutting down background threads
00:48:14.935 [JavaFX Application Thread] DEBUG PrimaryStageWindow   - Closing main window
00:48:14.936 [JavaFX Application Thread] DEBUG Logger               - Closing Logger
