10:53:34.333 [main                     ] DEBUG Logger               - Configured Logger
10:53:34.375 [main                     ] DEBUG GameApplication      - Logging settings
Title: Restaurant Game
Version: 0.0
Width: 850
Height: 670
Fullscreen: false
Intro: false
Profiling: false
Single step:false
App Mode: DEVELOPER
Menu Key: ESCAPE
Stage Style: DECORATED
Scene Factory: class com.almasb.fxgl.app.scene.SceneFactory

10:53:34.835 [JavaFX Application Thread] DEBUG FXGLApplication      - Initializing FXGL
10:53:34.844 [JavaFX Application Thread] INFO  Engine               - FXGL-17.2 (20.08.2022 16.50) on LINUX (J:17.0.13 FX:18)
10:53:34.845 [JavaFX Application Thread] DEBUG Engine               - JRE Vendor Name: Red Hat, Inc.
10:53:34.845 [JavaFX Application Thread] DEBUG Engine               - Running on OS: Linux version 6.11.6-200.fc40.x86_64
10:53:34.846 [JavaFX Application Thread] DEBUG Engine               - Architecture: amd64
10:53:34.846 [JavaFX Application Thread] INFO  Engine               - Source code and latest versions at: https://github.com/AlmasB/FXGL
10:53:34.846 [JavaFX Application Thread] INFO  Engine               -       Ask questions and discuss at: https://github.com/AlmasB/FXGL/discussions
10:53:34.846 [JavaFX Application Thread] INFO  Engine               -              Join the FXGL chat at: https://gitter.im/AlmasB/FXGL
10:53:34.983 [JavaFX Application Thread] DEBUG PrimaryStageWindow   - Creating a JavaFX scene
10:53:35.069 [JavaFX Application Thread] DEBUG PrimaryStageWindow   - Target settings size: 850.0 x 670.0
10:53:35.070 [JavaFX Application Thread] DEBUG PrimaryStageWindow   - Scaled scene size:    850.0 x 670.0
10:53:35.070 [JavaFX Application Thread] DEBUG PrimaryStageWindow   - Scaled ratio: (1.0, 1.0)
10:53:35.071 [JavaFX Application Thread] DEBUG PrimaryStageWindow   - Set initial scene to FXGLStartupScene
10:53:35.078 [JavaFX Application Thread] DEBUG PrimaryStageWindow   - Opening main window
10:53:35.122 [JavaFX Application Thread] DEBUG PrimaryStageWindow   - Window border size: (2.0, 29.0)
10:53:35.123 [JavaFX Application Thread] DEBUG PrimaryStageWindow   - Scaled size: 850.0 x 670.0
10:53:35.123 [JavaFX Application Thread] DEBUG PrimaryStageWindow   - Scaled ratio: (1.0, 1.0)
10:53:35.124 [JavaFX Application Thread] DEBUG PrimaryStageWindow   - Scene size: 850.0 x 670.0
10:53:35.124 [JavaFX Application Thread] DEBUG PrimaryStageWindow   - Stage size: 852.0 x 699.0
10:53:35.133 [FXGL Background Thread 1 ] DEBUG Engine               - Initializing environment variables
10:53:35.165 [FXGL Background Thread 1 ] DEBUG FXGLAssetLoaderServi - User app class for loading assets: class fxglapp.FXGLGameApp
10:53:35.166 [FXGL Background Thread 1 ] DEBUG GameApplicationServi - Applying CSS: fxgl_dark.css
10:53:35.167 [FXGL Background Thread 1 ] DEBUG FXGLAssetLoaderServi - Loading from file system: jar:file:/home/chris/.m2/repository/com/github/almasb/fxgl/17.2/fxgl-17.2.jar!/fxglassets/ui/css/fxgl_dark.css
10:53:35.223 [FXGL Background Thread 1 ] DEBUG GameApplicationServi - Initializing application scenes
10:53:35.285 [FXGL Background Thread 1 ] DEBUG GameWorld            - Game world initialized
10:53:35.338 [FXGL Background Thread 1 ] DEBUG PhysicsWorld         - Physics world initialized: appHeight=670, physics.ppm=50.0
10:53:35.339 [FXGL Background Thread 1 ] DEBUG PhysicsWorld         - Using strategy: BRUTE_FORCE
10:53:35.345 [FXGL Background Thread 1 ] DEBUG GameScene            - Game scene initialized: 850x670
10:53:35.363 [FXGL Background Thread 1 ] DEBUG FXGL.DefaultMenu     - createMenuBodyGameMenu()
10:53:35.379 [FXGL Background Thread 1 ] DEBUG FXGL.DefaultMenu     - createOptionsMenu()
10:53:35.394 [FXGL Background Thread 1 ] DEBUG FXGLAssetLoaderServi - Loading from file system: jar:file:/home/chris/.m2/repository/com/github/almasb/fxgl/17.2/fxgl-17.2.jar!/fxglassets/textures/particles/smoke.png
10:53:35.494 [FXGL Background Thread 1 ] DEBUG FXGLAssetLoaderServi - Loading from file system: jar:file:/home/chris/.m2/repository/com/github/almasb/fxgl/17.2/fxgl-17.2.jar!/fxglassets/textures/particles/trace_horizontal.png
10:53:35.524 [FXGL Background Thread 1 ] DEBUG GameApplicationServi - Application scenes initialized
10:53:35.535 [FXGL Background Thread 1 ] DEBUG SystemBundleService  - Loading FXGL system data
10:53:35.536 [FXGL Background Thread 1 ] DEBUG FileSystemAccess     - Reading from: /home/chris/IdeaProjects/RestaurantSimulator/system/fxgl.bundle
10:53:35.538 [FXGL Background Thread 1 ] DEBUG SystemBundleService  - Bundle FXGL: {}
10:53:35.538 [FXGL Background Thread 1 ] DEBUG UpdaterService       - Checking for updates
10:53:35.543 [FXGL Background Thread 4 ] DEBUG FXGLApplication      - Loading fonts
10:53:35.544 [FXGL Background Thread 4 ] DEBUG FXGLAssetLoaderServi - Loading from file system: jar:file:/home/chris/.m2/repository/com/github/almasb/fxgl/17.2/fxgl-17.2.jar!/fxglassets/ui/fonts/VarelaRound-Regular.ttf
10:53:35.544 [FXGL Background Thread 1 ] DEBUG FXGLApplication      - Loading default localization
10:53:35.546 [FXGL Background Thread 1 ] DEBUG FXGLAssetLoaderServi - Loading from file system: jar:file:/home/chris/.m2/repository/com/github/almasb/fxgl/17.2/fxgl-17.2.jar!/fxglassets/languages/english.lang
10:53:35.551 [FXGL Background Thread 4 ] DEBUG FXGLAssetLoaderServi - Loading from file system: jar:file:/home/chris/.m2/repository/com/github/almasb/fxgl/17.2/fxgl-17.2.jar!/fxglassets/ui/fonts/Abel-Regular.ttf
10:53:35.553 [FXGL Background Thread 4 ] DEBUG FXGLAssetLoaderServi - Loading from file system: jar:file:/home/chris/.m2/repository/com/github/almasb/fxgl/17.2/fxgl-17.2.jar!/fxglassets/ui/fonts/TerminalLandMono-Regular.otf
10:53:35.555 [FXGL Background Thread 4 ] DEBUG FXGLAssetLoaderServi - Loading from file system: jar:file:/home/chris/.m2/repository/com/github/almasb/fxgl/17.2/fxgl-17.2.jar!/fxglassets/ui/fonts/Courier-Prime.ttf
10:53:35.559 [JavaFX Application Thread] DEBUG FXGLApplication      - Registering font factories with UI factory
10:53:35.566 [FXGL Background Thread 1 ] INFO  FXGLApplication      - FXGL initialization took: 0.433 sec
10:53:35.567 [JavaFX Application Thread] DEBUG FXGLAssetLoaderServi - Loading from file system: jar:file:/home/chris/.m2/repository/com/github/almasb/fxgl/17.2/fxgl-17.2.jar!/fxglassets/textures/fxgl_icon.png
10:53:35.594 [JavaFX Application Thread] DEBUG FXGLAssetLoaderServi - Loading from file system: jar:file:/home/chris/.m2/repository/com/github/almasb/fxgl/17.2/fxgl-17.2.jar!/fxglassets/textures/fxgl_default_cursor.png
10:53:35.607 [JavaFX Application Thread] DEBUG Input                - Registered new binding: Screenshot - CTRL+8
10:53:35.608 [JavaFX Application Thread] DEBUG Input                - Registered new binding: System info dump - CTRL+9
10:53:35.608 [JavaFX Application Thread] DEBUG Input                - Registered new binding: Restart - CTRL+R
10:53:35.609 [JavaFX Application Thread] DEBUG Input                - Registered new binding: Toggle Debug Camera - CTRL+7
10:53:35.616 [JavaFX Application Thread] DEBUG LoopRunner           - Starting loop
10:53:35.616 [JavaFX Application Thread] DEBUG LoopRunner           - Initializing JavaFX AnimationTimerLoop
10:53:35.617 [JavaFX Application Thread] DEBUG GameApplicationServi - Starting new game
10:53:35.618 [JavaFX Application Thread] DEBUG Input                - Clearing active input actions
10:53:35.630 [JavaFX Application Thread] DEBUG GameApplicationServi - Removing overlay from FXGLStartupScene and adding to FXGLLoadingScene
10:53:35.630 [JavaFX Application Thread] DEBUG PrimaryStageWindow   - FXGLStartupScene -> FXGLLoadingScene
10:53:35.631 [JavaFX Application Thread] DEBUG GameApplicationServi - Clearing previous game
10:53:35.631 [JavaFX Application Thread] DEBUG GameScene            - Clearing game scene
10:53:35.631 [JavaFX Application Thread] DEBUG GameWorld            - Clearing game world
10:53:35.631 [JavaFX Application Thread] DEBUG PhysicsWorld         - Clearing physics world
10:53:35.634 [FXGL Background Thread 1 ] DEBUG FXGLApplication      - Initializing game
10:53:35.870 [FXGL Background Thread 1 ] INFO  FXGLApplication      - Game initialization took: 0.237 sec
10:53:35.875 [JavaFX Application Thread] DEBUG Input                - Clearing active input actions
10:53:35.907 [JavaFX Application Thread] DEBUG GameApplicationServi - Removing overlay from FXGLLoadingScene and adding to GameScene
10:53:35.907 [JavaFX Application Thread] DEBUG PrimaryStageWindow   - FXGLLoadingScene -> GameScene
10:53:36.796 [FXGL Background Thread 2 ] INFO  UpdaterService       - Your current version:  17.2
10:53:36.796 [FXGL Background Thread 2 ] INFO  UpdaterService       - Latest stable version: 21.1
10:53:38.541 [FXGL Background Thread 3 ] DEBUG Engine               - Logging environment variables
10:53:38.542 [FXGL Background Thread 3 ] DEBUG Engine               - achievements: []
10:53:38.542 [FXGL Background Thread 3 ] DEBUG Engine               - actualHeight: 670.0
10:53:38.543 [FXGL Background Thread 3 ] DEBUG Engine               - actualHeightProperty: ReadOnlyDoubleProperty [value: 677.0]
10:53:38.543 [FXGL Background Thread 3 ] DEBUG Engine               - actualWidth: 850.0
10:53:38.543 [FXGL Background Thread 3 ] DEBUG Engine               - actualWidthProperty: ReadOnlyDoubleProperty [value: 850.0]
10:53:38.543 [FXGL Background Thread 3 ] DEBUG Engine               - appIcon: fxgl_icon.png
10:53:38.544 [FXGL Background Thread 3 ] DEBUG Engine               - applicationMode: DEVELOPER
10:53:38.544 [FXGL Background Thread 3 ] DEBUG Engine               - cSSList: [fxgl_dark.css]
10:53:38.544 [FXGL Background Thread 3 ] DEBUG Engine               - collisionDetectionStrategy: BRUTE_FORCE
10:53:38.544 [FXGL Background Thread 3 ] DEBUG Engine               - configClass: Optional.empty
10:53:38.545 [FXGL Background Thread 3 ] DEBUG Engine               - credits: []
10:53:38.545 [FXGL Background Thread 3 ] DEBUG Engine               - defaultCursor: CursorInfo(imageName=fxgl_default_cursor.png, hotspotX=7.0, hotspotY=6.0)
10:53:38.546 [FXGL Background Thread 3 ] DEBUG Engine               - devBBoxColorProperty: ObjectProperty [value: 0xff0000ff]
10:53:38.546 [FXGL Background Thread 3 ] DEBUG Engine               - devEnableDebugCameraProperty: BooleanProperty [value: false]
10:53:38.547 [FXGL Background Thread 3 ] DEBUG Engine               - devSensorColorProperty: ObjectProperty [value: 0xffff00ff]
10:53:38.547 [FXGL Background Thread 3 ] DEBUG Engine               - devShowBBoxProperty: BooleanProperty [value: false]
10:53:38.547 [FXGL Background Thread 3 ] DEBUG Engine               - devShowPositionProperty: BooleanProperty [value: false]
10:53:38.548 [FXGL Background Thread 3 ] DEBUG Engine               - enabledMenuItems: []
10:53:38.548 [FXGL Background Thread 3 ] DEBUG Engine               - engineServices: [class com.almasb.fxgl.app.services.FXGLAssetLoaderService, class com.almasb.fxgl.app.FXGLApplication$GameApplicationService, class com.almasb.fxgl.app.services.FXGLDialogService, class com.almasb.fxgl.app.services.IOTaskExecutorService, class com.almasb.fxgl.io.FileSystemService, class com.almasb.fxgl.localization.LocalizationService, class com.almasb.fxgl.app.services.SystemBundleService, class com.almasb.fxgl.profile.SaveLoadService, class com.almasb.fxgl.ui.FXGLUIFactoryServiceProvider, class com.almasb.fxgl.ui.FXGLDialogFactoryServiceProvider, class com.almasb.fxgl.audio.AudioPlayer, class com.almasb.fxgl.notification.impl.NotificationServiceProvider, class com.almasb.fxgl.achievement.AchievementService, class com.almasb.fxgl.cutscene.CutsceneService, class com.almasb.fxgl.minigames.MiniGameService, class com.almasb.fxgl.net.NetService, class com.almasb.fxgl.app.services.UpdaterService, class com.almasb.fxgl.dev.DevService]
10:53:38.548 [FXGL Background Thread 3 ] DEBUG Engine               - fontGame: Abel-Regular.ttf
10:53:38.548 [FXGL Background Thread 3 ] DEBUG Engine               - fontMono: TerminalLandMono-Regular.otf
10:53:38.548 [FXGL Background Thread 3 ] DEBUG Engine               - fontText: Courier-Prime.ttf
10:53:38.549 [FXGL Background Thread 3 ] DEBUG Engine               - fontUI: VarelaRound-Regular.ttf
10:53:38.549 [FXGL Background Thread 3 ] DEBUG Engine               - fullScreen: BooleanProperty [value: false]
10:53:38.549 [FXGL Background Thread 3 ] DEBUG Engine               - gameDifficulty: MEDIUM
10:53:38.549 [FXGL Background Thread 3 ] DEBUG Engine               - gameDifficultyProperty: ObjectProperty [value: MEDIUM]
10:53:38.550 [FXGL Background Thread 3 ] DEBUG Engine               - globalMusicVolume: 0.5
10:53:38.550 [FXGL Background Thread 3 ] DEBUG Engine               - globalMusicVolumeProperty: DoubleProperty [value: 0.5]
10:53:38.550 [FXGL Background Thread 3 ] DEBUG Engine               - globalSoundVolume: 0.5
10:53:38.550 [FXGL Background Thread 3 ] DEBUG Engine               - globalSoundVolumeProperty: DoubleProperty [value: 0.5]
10:53:38.551 [FXGL Background Thread 3 ] DEBUG Engine               - height: 670
10:53:38.551 [FXGL Background Thread 3 ] DEBUG Engine               - is3D: false
10:53:38.551 [FXGL Background Thread 3 ] DEBUG Engine               - isAndroid: false
10:53:38.551 [FXGL Background Thread 3 ] DEBUG Engine               - isBrowser: false
10:53:38.551 [FXGL Background Thread 3 ] DEBUG Engine               - isClickFeedbackEnabled: false
10:53:38.551 [FXGL Background Thread 3 ] DEBUG Engine               - isCloseConfirmation: false
10:53:38.552 [FXGL Background Thread 3 ] DEBUG Engine               - isDesktop: true
10:53:38.552 [FXGL Background Thread 3 ] DEBUG Engine               - isDeveloperMenuEnabled: false
10:53:38.552 [FXGL Background Thread 3 ] DEBUG Engine               - isEmbedded: false
10:53:38.552 [FXGL Background Thread 3 ] DEBUG Engine               - isEntityPreloadEnabled: true
10:53:38.552 [FXGL Background Thread 3 ] DEBUG Engine               - isExperimentalTiledLargeMap: false
10:53:38.552 [FXGL Background Thread 3 ] DEBUG Engine               - isFileSystemWriteAllowed: true
10:53:38.553 [FXGL Background Thread 3 ] DEBUG Engine               - isFullScreenAllowed: false
10:53:38.553 [FXGL Background Thread 3 ] DEBUG Engine               - isFullScreenFromStart: false
10:53:38.553 [FXGL Background Thread 3 ] DEBUG Engine               - isGameMenuEnabled: true
10:53:38.553 [FXGL Background Thread 3 ] DEBUG Engine               - isIOS: false
10:53:38.553 [FXGL Background Thread 3 ] DEBUG Engine               - isIntroEnabled: false
10:53:38.553 [FXGL Background Thread 3 ] DEBUG Engine               - isLinux: true
10:53:38.553 [FXGL Background Thread 3 ] DEBUG Engine               - isMac: false
10:53:38.554 [FXGL Background Thread 3 ] DEBUG Engine               - isMainMenuEnabled: false
10:53:38.554 [FXGL Background Thread 3 ] DEBUG Engine               - isManualResizeEnabled: false
10:53:38.554 [FXGL Background Thread 3 ] DEBUG Engine               - isMobile: false
10:53:38.554 [FXGL Background Thread 3 ] DEBUG Engine               - isNative: false
10:53:38.554 [FXGL Background Thread 3 ] DEBUG Engine               - isPauseMusicWhenMinimized: true
10:53:38.555 [FXGL Background Thread 3 ] DEBUG Engine               - isPreserveResizeRatio: false
10:53:38.555 [FXGL Background Thread 3 ] DEBUG Engine               - isProfilingEnabled: false
10:53:38.555 [FXGL Background Thread 3 ] DEBUG Engine               - isScaleAffectedOnResize: true
10:53:38.555 [FXGL Background Thread 3 ] DEBUG Engine               - isSingleStep: false
10:53:38.555 [FXGL Background Thread 3 ] DEBUG Engine               - isUserProfileEnabled: false
10:53:38.556 [FXGL Background Thread 3 ] DEBUG Engine               - isWindows: false
10:53:38.556 [FXGL Background Thread 3 ] DEBUG Engine               - language: ObjectProperty [value: ENGLISH]
10:53:38.556 [FXGL Background Thread 3 ] DEBUG Engine               - menuKey: ESCAPE
10:53:38.556 [FXGL Background Thread 3 ] DEBUG Engine               - mouseSensitivity: 0.2
10:53:38.556 [FXGL Background Thread 3 ] DEBUG Engine               - notificationViewClass: class com.almasb.fxgl.notification.view.XboxNotificationView
10:53:38.556 [FXGL Background Thread 3 ] DEBUG Engine               - pixelsPerMeter: 50.0
10:53:38.556 [FXGL Background Thread 3 ] DEBUG Engine               - platform: LINUX
10:53:38.557 [FXGL Background Thread 3 ] DEBUG Engine               - prefHeightProperty: ReadOnlyDoubleProperty [value: 670.0]
10:53:38.557 [FXGL Background Thread 3 ] DEBUG Engine               - prefWidthProperty: ReadOnlyDoubleProperty [value: 850.0]
10:53:38.557 [FXGL Background Thread 3 ] DEBUG Engine               - profileDir: profiles/
10:53:38.557 [FXGL Background Thread 3 ] DEBUG Engine               - profileName: StringProperty [value: DEFAULT]
10:53:38.557 [FXGL Background Thread 3 ] DEBUG Engine               - randomSeed: -1
10:53:38.558 [FXGL Background Thread 3 ] DEBUG Engine               - runtimeInfo: RuntimeInfo(platform=LINUX, version=17.2, build=20.08.2022 16.50)
10:53:38.558 [FXGL Background Thread 3 ] DEBUG Engine               - saveFileExt: sav
10:53:38.558 [FXGL Background Thread 3 ] DEBUG Engine               - scaledHeightProp$fxgl: DoubleProperty [bound, value: 677.0]
10:53:38.558 [FXGL Background Thread 3 ] DEBUG Engine               - scaledWidthProp$fxgl: DoubleProperty [bound, value: 850.0]
10:53:38.558 [FXGL Background Thread 3 ] DEBUG Engine               - sceneFactory: com.almasb.fxgl.app.scene.SceneFactory@6c5527de
10:53:38.558 [FXGL Background Thread 3 ] DEBUG Engine               - secondsIn24h: 60
10:53:38.558 [FXGL Background Thread 3 ] DEBUG Engine               - soundMenuBack: menu/back.wav
10:53:38.559 [FXGL Background Thread 3 ] DEBUG Engine               - soundMenuPress: menu/press.wav
10:53:38.559 [FXGL Background Thread 3 ] DEBUG Engine               - soundMenuSelect: menu/select.wav
10:53:38.559 [FXGL Background Thread 3 ] DEBUG Engine               - soundNotification: core/notification.wav
10:53:38.559 [FXGL Background Thread 3 ] DEBUG Engine               - stageStyle: DECORATED
10:53:38.559 [FXGL Background Thread 3 ] DEBUG Engine               - supportedLanguages: [ENGLISH, FRENCH, GERMAN, HUNGARIAN, RUSSIAN]
10:53:38.559 [FXGL Background Thread 3 ] DEBUG Engine               - ticksPerSecond: -1
10:53:38.559 [FXGL Background Thread 3 ] DEBUG Engine               - title: Restaurant Game
10:53:38.559 [FXGL Background Thread 3 ] DEBUG Engine               - urlGithub: https://github.com/AlmasB/FXGL
10:53:38.559 [FXGL Background Thread 3 ] DEBUG Engine               - urlLeaderboard: http://fxgl-top.herokuapp.com/
10:53:38.560 [FXGL Background Thread 3 ] DEBUG Engine               - urlPOM: https://raw.githubusercontent.com/AlmasB/FXGL/release/README.md
10:53:38.560 [FXGL Background Thread 3 ] DEBUG Engine               - userAppClass: class fxglapp.FXGLGameApp
10:53:38.560 [FXGL Background Thread 3 ] DEBUG Engine               - version: 0.0
10:53:38.560 [FXGL Background Thread 3 ] DEBUG Engine               - versionCheckDays: 7
10:53:38.560 [FXGL Background Thread 3 ] DEBUG Engine               - width: 850
10:53:38.560 [FXGL Background Thread 3 ] DEBUG Engine               - Logging services
10:53:38.560 [FXGL Background Thread 3 ] DEBUG Engine               - class com.almasb.fxgl.app.services.FXGLAssetLoaderService
10:53:38.560 [FXGL Background Thread 3 ] DEBUG Engine               - class com.almasb.fxgl.app.FXGLApplication$GameApplicationService
10:53:38.560 [FXGL Background Thread 3 ] DEBUG Engine               - class com.almasb.fxgl.app.services.FXGLDialogService
10:53:38.561 [FXGL Background Thread 3 ] DEBUG Engine               - class com.almasb.fxgl.app.services.IOTaskExecutorService
10:53:38.561 [FXGL Background Thread 3 ] DEBUG Engine               - class com.almasb.fxgl.io.FileSystemService
10:53:38.561 [FXGL Background Thread 3 ] DEBUG Engine               - class com.almasb.fxgl.localization.LocalizationService
10:53:38.561 [FXGL Background Thread 3 ] DEBUG Engine               - class com.almasb.fxgl.app.services.SystemBundleService
10:53:38.561 [FXGL Background Thread 3 ] DEBUG Engine               - class com.almasb.fxgl.profile.SaveLoadService
10:53:38.561 [FXGL Background Thread 3 ] DEBUG Engine               - class com.almasb.fxgl.ui.FXGLUIFactoryServiceProvider
10:53:38.561 [FXGL Background Thread 3 ] DEBUG Engine               - class com.almasb.fxgl.ui.FXGLDialogFactoryServiceProvider
10:53:38.561 [FXGL Background Thread 3 ] DEBUG Engine               - class com.almasb.fxgl.audio.AudioPlayer
10:53:38.562 [FXGL Background Thread 3 ] DEBUG Engine               - class com.almasb.fxgl.notification.impl.NotificationServiceProvider
10:53:38.562 [FXGL Background Thread 3 ] DEBUG Engine               - class com.almasb.fxgl.achievement.AchievementService
10:53:38.562 [FXGL Background Thread 3 ] DEBUG Engine               - class com.almasb.fxgl.cutscene.CutsceneService
10:53:38.562 [FXGL Background Thread 3 ] DEBUG Engine               - class com.almasb.fxgl.minigames.MiniGameService
10:53:38.562 [FXGL Background Thread 3 ] DEBUG Engine               - class com.almasb.fxgl.net.NetService
10:53:38.562 [FXGL Background Thread 3 ] DEBUG Engine               - class com.almasb.fxgl.app.services.UpdaterService
10:53:38.562 [FXGL Background Thread 3 ] DEBUG Engine               - class com.almasb.fxgl.dev.DevService
10:54:35.237 [JavaFX Application Thread] DEBUG FXGLApplication      - Exiting FXGL
10:54:35.237 [JavaFX Application Thread] DEBUG LoopRunner           - Stopping loop
10:54:35.238 [JavaFX Application Thread] DEBUG SystemBundleService  - Saving FXGL system data
10:54:35.241 [JavaFX Application Thread] DEBUG FileSystemAccess     - Writing to: /home/chris/IdeaProjects/RestaurantSimulator/system/fxgl.bundle
10:54:35.242 [JavaFX Application Thread] DEBUG Async                - Shutting down background threads
10:54:35.243 [JavaFX Application Thread] DEBUG PrimaryStageWindow   - Closing main window
10:54:35.254 [JavaFX Application Thread] DEBUG Logger               - Closing Logger
