15:07:18.381 [main                     ] DEBUG Logger               - Configured Logger
15:07:18.412 [main                     ] DEBUG GameApplication      - Logging settings
Title: Restaurant Game
Version: 0.0
Width: 850
Height: 670
Fullscreen: false
Intro: false
Profiling: false
Single step:false
App Mode: DEVELOPER
Menu Key: ESCAPE
Stage Style: DECORATED
Scene Factory: class com.almasb.fxgl.app.scene.SceneFactory

15:07:18.867 [JavaFX Application Thread] DEBUG FXGLApplication      - Initializing FXGL
15:07:18.873 [JavaFX Application Thread] INFO  Engine               - FXGL-17.2 (20.08.2022 16.50) on LINUX (J:17.0.13 FX:18)
15:07:18.873 [JavaFX Application Thread] DEBUG Engine               - JRE Vendor Name: Red Hat, Inc.
15:07:18.874 [JavaFX Application Thread] DEBUG Engine               - Running on OS: Linux version 6.11.6-200.fc40.x86_64
15:07:18.874 [JavaFX Application Thread] DEBUG Engine               - Architecture: amd64
15:07:18.874 [JavaFX Application Thread] INFO  Engine               - Source code and latest versions at: https://github.com/AlmasB/FXGL
15:07:18.874 [JavaFX Application Thread] INFO  Engine               -       Ask questions and discuss at: https://github.com/AlmasB/FXGL/discussions
15:07:18.875 [JavaFX Application Thread] INFO  Engine               -              Join the FXGL chat at: https://gitter.im/AlmasB/FXGL
15:07:18.969 [JavaFX Application Thread] DEBUG PrimaryStageWindow   - Creating a JavaFX scene
15:07:19.069 [JavaFX Application Thread] DEBUG PrimaryStageWindow   - Target settings size: 850.0 x 670.0
15:07:19.069 [JavaFX Application Thread] DEBUG PrimaryStageWindow   - Scaled scene size:    850.0 x 670.0
15:07:19.070 [JavaFX Application Thread] DEBUG PrimaryStageWindow   - Scaled ratio: (1.0, 1.0)
15:07:19.071 [JavaFX Application Thread] DEBUG PrimaryStageWindow   - Set initial scene to FXGLStartupScene
15:07:19.084 [JavaFX Application Thread] DEBUG PrimaryStageWindow   - Opening main window
15:07:19.127 [JavaFX Application Thread] DEBUG PrimaryStageWindow   - Window border size: (2.0, 29.0)
15:07:19.127 [JavaFX Application Thread] DEBUG PrimaryStageWindow   - Scaled size: 850.0 x 670.0
15:07:19.128 [JavaFX Application Thread] DEBUG PrimaryStageWindow   - Scaled ratio: (1.0, 1.0)
15:07:19.128 [JavaFX Application Thread] DEBUG PrimaryStageWindow   - Scene size: 850.0 x 670.0
15:07:19.128 [JavaFX Application Thread] DEBUG PrimaryStageWindow   - Stage size: 852.0 x 699.0
15:07:19.135 [FXGL Background Thread 1 ] DEBUG Engine               - Initializing environment variables
15:07:19.171 [FXGL Background Thread 1 ] DEBUG FXGLAssetLoaderServi - User app class for loading assets: class fxglapp.FXGLGameApp
15:07:19.172 [FXGL Background Thread 1 ] DEBUG GameApplicationServi - Applying CSS: fxgl_dark.css
15:07:19.173 [FXGL Background Thread 1 ] DEBUG FXGLAssetLoaderServi - Loading from file system: jar:file:/home/chris/.m2/repository/com/github/almasb/fxgl/17.2/fxgl-17.2.jar!/fxglassets/ui/css/fxgl_dark.css
15:07:19.247 [FXGL Background Thread 1 ] DEBUG GameApplicationServi - Initializing application scenes
15:07:19.311 [FXGL Background Thread 1 ] DEBUG GameWorld            - Game world initialized
15:07:19.360 [FXGL Background Thread 1 ] DEBUG PhysicsWorld         - Physics world initialized: appHeight=670, physics.ppm=50.0
15:07:19.360 [FXGL Background Thread 1 ] DEBUG PhysicsWorld         - Using strategy: BRUTE_FORCE
15:07:19.365 [FXGL Background Thread 1 ] DEBUG GameScene            - Game scene initialized: 850x670
15:07:19.377 [FXGL Background Thread 1 ] DEBUG FXGL.DefaultMenu     - createMenuBodyGameMenu()
15:07:19.390 [FXGL Background Thread 1 ] DEBUG FXGL.DefaultMenu     - createOptionsMenu()
15:07:19.399 [FXGL Background Thread 1 ] DEBUG FXGLAssetLoaderServi - Loading from file system: jar:file:/home/chris/.m2/repository/com/github/almasb/fxgl/17.2/fxgl-17.2.jar!/fxglassets/textures/particles/smoke.png
15:07:19.538 [FXGL Background Thread 1 ] DEBUG FXGLAssetLoaderServi - Loading from file system: jar:file:/home/chris/.m2/repository/com/github/almasb/fxgl/17.2/fxgl-17.2.jar!/fxglassets/textures/particles/trace_horizontal.png
15:07:19.571 [FXGL Background Thread 1 ] DEBUG GameApplicationServi - Application scenes initialized
15:07:19.582 [FXGL Background Thread 1 ] DEBUG SystemBundleService  - Loading FXGL system data
15:07:19.583 [FXGL Background Thread 1 ] DEBUG FileSystemAccess     - Reading from: /home/chris/IdeaProjects/RestaurantSimulator/system/fxgl.bundle
15:07:19.586 [FXGL Background Thread 1 ] DEBUG SystemBundleService  - Bundle FXGL: {}
15:07:19.586 [FXGL Background Thread 1 ] DEBUG UpdaterService       - Checking for updates
15:07:19.594 [FXGL Background Thread 4 ] DEBUG FXGLApplication      - Loading fonts
15:07:19.595 [FXGL Background Thread 4 ] DEBUG FXGLAssetLoaderServi - Loading from file system: jar:file:/home/chris/.m2/repository/com/github/almasb/fxgl/17.2/fxgl-17.2.jar!/fxglassets/ui/fonts/VarelaRound-Regular.ttf
15:07:19.602 [FXGL Background Thread 4 ] DEBUG FXGLAssetLoaderServi - Loading from file system: jar:file:/home/chris/.m2/repository/com/github/almasb/fxgl/17.2/fxgl-17.2.jar!/fxglassets/ui/fonts/Abel-Regular.ttf
15:07:19.603 [FXGL Background Thread 1 ] DEBUG FXGLApplication      - Loading default localization
15:07:19.604 [FXGL Background Thread 1 ] DEBUG FXGLAssetLoaderServi - Loading from file system: jar:file:/home/chris/.m2/repository/com/github/almasb/fxgl/17.2/fxgl-17.2.jar!/fxglassets/languages/english.lang
15:07:19.605 [FXGL Background Thread 4 ] DEBUG FXGLAssetLoaderServi - Loading from file system: jar:file:/home/chris/.m2/repository/com/github/almasb/fxgl/17.2/fxgl-17.2.jar!/fxglassets/ui/fonts/TerminalLandMono-Regular.otf
15:07:19.608 [FXGL Background Thread 4 ] DEBUG FXGLAssetLoaderServi - Loading from file system: jar:file:/home/chris/.m2/repository/com/github/almasb/fxgl/17.2/fxgl-17.2.jar!/fxglassets/ui/fonts/Courier-Prime.ttf
15:07:19.614 [JavaFX Application Thread] DEBUG FXGLApplication      - Registering font factories with UI factory
15:07:19.636 [FXGL Background Thread 1 ] INFO  FXGLApplication      - FXGL initialization took: 0.501 sec
15:07:19.637 [JavaFX Application Thread] DEBUG FXGLAssetLoaderServi - Loading from file system: jar:file:/home/chris/.m2/repository/com/github/almasb/fxgl/17.2/fxgl-17.2.jar!/fxglassets/textures/fxgl_icon.png
15:07:19.676 [JavaFX Application Thread] DEBUG FXGLAssetLoaderServi - Loading from file system: jar:file:/home/chris/.m2/repository/com/github/almasb/fxgl/17.2/fxgl-17.2.jar!/fxglassets/textures/fxgl_default_cursor.png
15:07:19.686 [JavaFX Application Thread] DEBUG Input                - Registered new binding: Screenshot - CTRL+8
15:07:19.686 [JavaFX Application Thread] DEBUG Input                - Registered new binding: System info dump - CTRL+9
15:07:19.687 [JavaFX Application Thread] DEBUG Input                - Registered new binding: Restart - CTRL+R
15:07:19.687 [JavaFX Application Thread] DEBUG Input                - Registered new binding: Toggle Debug Camera - CTRL+7
15:07:19.689 [JavaFX Application Thread] DEBUG LoopRunner           - Starting loop
15:07:19.689 [JavaFX Application Thread] DEBUG LoopRunner           - Initializing JavaFX AnimationTimerLoop
15:07:19.690 [JavaFX Application Thread] DEBUG GameApplicationServi - Starting new game
15:07:19.690 [JavaFX Application Thread] DEBUG Input                - Clearing active input actions
15:07:19.707 [JavaFX Application Thread] DEBUG GameApplicationServi - Removing overlay from FXGLStartupScene and adding to FXGLLoadingScene
15:07:19.707 [JavaFX Application Thread] DEBUG PrimaryStageWindow   - FXGLStartupScene -> FXGLLoadingScene
15:07:19.707 [JavaFX Application Thread] DEBUG GameApplicationServi - Clearing previous game
15:07:19.707 [JavaFX Application Thread] DEBUG GameScene            - Clearing game scene
15:07:19.708 [JavaFX Application Thread] DEBUG GameWorld            - Clearing game world
15:07:19.708 [JavaFX Application Thread] DEBUG PhysicsWorld         - Clearing physics world
15:07:19.709 [FXGL Background Thread 1 ] DEBUG FXGLApplication      - Initializing game
15:07:19.986 [FXGL Background Thread 1 ] INFO  FXGLApplication      - Game initialization took: 0.277 sec
15:07:19.992 [JavaFX Application Thread] DEBUG Input                - Clearing active input actions
15:07:20.011 [JavaFX Application Thread] DEBUG GameApplicationServi - Removing overlay from FXGLLoadingScene and adding to GameScene
15:07:20.012 [JavaFX Application Thread] DEBUG PrimaryStageWindow   - FXGLLoadingScene -> GameScene
15:07:20.431 [FXGL Background Thread 2 ] INFO  UpdaterService       - Your current version:  17.2
15:07:20.432 [FXGL Background Thread 2 ] INFO  UpdaterService       - Latest stable version: 21.1
15:07:22.591 [FXGL Background Thread 3 ] DEBUG Engine               - Logging environment variables
15:07:22.592 [FXGL Background Thread 3 ] DEBUG Engine               - achievements: []
15:07:22.593 [FXGL Background Thread 3 ] DEBUG Engine               - actualHeight: -28.0
15:07:22.593 [FXGL Background Thread 3 ] DEBUG Engine               - actualHeightProperty: ReadOnlyDoubleProperty [value: 677.0]
15:07:22.593 [FXGL Background Thread 3 ] DEBUG Engine               - actualWidth: -1.0
15:07:22.593 [FXGL Background Thread 3 ] DEBUG Engine               - actualWidthProperty: ReadOnlyDoubleProperty [value: 850.0]
15:07:22.594 [FXGL Background Thread 3 ] DEBUG Engine               - appIcon: fxgl_icon.png
15:07:22.594 [FXGL Background Thread 3 ] DEBUG Engine               - applicationMode: DEVELOPER
15:07:22.594 [FXGL Background Thread 3 ] DEBUG Engine               - cSSList: [fxgl_dark.css]
15:07:22.594 [FXGL Background Thread 3 ] DEBUG Engine               - collisionDetectionStrategy: BRUTE_FORCE
15:07:22.595 [FXGL Background Thread 3 ] DEBUG Engine               - configClass: Optional.empty
15:07:22.595 [FXGL Background Thread 3 ] DEBUG Engine               - credits: []
15:07:22.596 [FXGL Background Thread 3 ] DEBUG Engine               - defaultCursor: CursorInfo(imageName=fxgl_default_cursor.png, hotspotX=7.0, hotspotY=6.0)
15:07:22.596 [FXGL Background Thread 3 ] DEBUG Engine               - devBBoxColorProperty: ObjectProperty [value: 0xff0000ff]
15:07:22.597 [FXGL Background Thread 3 ] DEBUG Engine               - devEnableDebugCameraProperty: BooleanProperty [value: false]
15:07:22.598 [FXGL Background Thread 3 ] DEBUG Engine               - devSensorColorProperty: ObjectProperty [value: 0xffff00ff]
15:07:22.598 [FXGL Background Thread 3 ] DEBUG Engine               - devShowBBoxProperty: BooleanProperty [value: false]
15:07:22.598 [FXGL Background Thread 3 ] DEBUG Engine               - devShowPositionProperty: BooleanProperty [value: false]
15:07:22.598 [FXGL Background Thread 3 ] DEBUG Engine               - enabledMenuItems: []
15:07:22.598 [FXGL Background Thread 3 ] DEBUG Engine               - engineServices: [class com.almasb.fxgl.app.services.FXGLAssetLoaderService, class com.almasb.fxgl.app.FXGLApplication$GameApplicationService, class com.almasb.fxgl.app.services.FXGLDialogService, class com.almasb.fxgl.app.services.IOTaskExecutorService, class com.almasb.fxgl.io.FileSystemService, class com.almasb.fxgl.localization.LocalizationService, class com.almasb.fxgl.app.services.SystemBundleService, class com.almasb.fxgl.profile.SaveLoadService, class com.almasb.fxgl.ui.FXGLUIFactoryServiceProvider, class com.almasb.fxgl.ui.FXGLDialogFactoryServiceProvider, class com.almasb.fxgl.audio.AudioPlayer, class com.almasb.fxgl.notification.impl.NotificationServiceProvider, class com.almasb.fxgl.achievement.AchievementService, class com.almasb.fxgl.cutscene.CutsceneService, class com.almasb.fxgl.minigames.MiniGameService, class com.almasb.fxgl.net.NetService, class com.almasb.fxgl.app.services.UpdaterService, class com.almasb.fxgl.dev.DevService]
15:07:22.599 [FXGL Background Thread 3 ] DEBUG Engine               - fontGame: Abel-Regular.ttf
15:07:22.599 [FXGL Background Thread 3 ] DEBUG Engine               - fontMono: TerminalLandMono-Regular.otf
15:07:22.599 [FXGL Background Thread 3 ] DEBUG Engine               - fontText: Courier-Prime.ttf
15:07:22.599 [FXGL Background Thread 3 ] DEBUG Engine               - fontUI: VarelaRound-Regular.ttf
15:07:22.599 [FXGL Background Thread 3 ] DEBUG Engine               - fullScreen: BooleanProperty [value: false]
15:07:22.600 [FXGL Background Thread 3 ] DEBUG Engine               - gameDifficulty: MEDIUM
15:07:22.600 [FXGL Background Thread 3 ] DEBUG Engine               - gameDifficultyProperty: ObjectProperty [value: MEDIUM]
15:07:22.600 [FXGL Background Thread 3 ] DEBUG Engine               - globalMusicVolume: 0.5
15:07:22.600 [FXGL Background Thread 3 ] DEBUG Engine               - globalMusicVolumeProperty: DoubleProperty [value: 0.5]
15:07:22.601 [FXGL Background Thread 3 ] DEBUG Engine               - globalSoundVolume: 0.5
15:07:22.601 [FXGL Background Thread 3 ] DEBUG Engine               - globalSoundVolumeProperty: DoubleProperty [value: 0.5]
15:07:22.601 [FXGL Background Thread 3 ] DEBUG Engine               - height: 670
15:07:22.601 [FXGL Background Thread 3 ] DEBUG Engine               - is3D: false
15:07:22.601 [FXGL Background Thread 3 ] DEBUG Engine               - isAndroid: false
15:07:22.602 [FXGL Background Thread 3 ] DEBUG Engine               - isBrowser: false
15:07:22.602 [FXGL Background Thread 3 ] DEBUG Engine               - isClickFeedbackEnabled: false
15:07:22.602 [FXGL Background Thread 3 ] DEBUG Engine               - isCloseConfirmation: false
15:07:22.602 [FXGL Background Thread 3 ] DEBUG Engine               - isDesktop: true
15:07:22.602 [FXGL Background Thread 3 ] DEBUG Engine               - isDeveloperMenuEnabled: false
15:07:22.603 [FXGL Background Thread 3 ] DEBUG Engine               - isEmbedded: false
15:07:22.603 [FXGL Background Thread 3 ] DEBUG Engine               - isEntityPreloadEnabled: true
15:07:22.603 [FXGL Background Thread 3 ] DEBUG Engine               - isExperimentalTiledLargeMap: false
15:07:22.603 [FXGL Background Thread 3 ] DEBUG Engine               - isFileSystemWriteAllowed: true
15:07:22.604 [FXGL Background Thread 3 ] DEBUG Engine               - isFullScreenAllowed: false
15:07:22.604 [FXGL Background Thread 3 ] DEBUG Engine               - isFullScreenFromStart: false
15:07:22.604 [FXGL Background Thread 3 ] DEBUG Engine               - isGameMenuEnabled: true
15:07:22.604 [FXGL Background Thread 3 ] DEBUG Engine               - isIOS: false
15:07:22.604 [FXGL Background Thread 3 ] DEBUG Engine               - isIntroEnabled: false
15:07:22.604 [FXGL Background Thread 3 ] DEBUG Engine               - isLinux: true
15:07:22.604 [FXGL Background Thread 3 ] DEBUG Engine               - isMac: false
15:07:22.605 [FXGL Background Thread 3 ] DEBUG Engine               - isMainMenuEnabled: false
15:07:22.605 [FXGL Background Thread 3 ] DEBUG Engine               - isManualResizeEnabled: false
15:07:22.605 [FXGL Background Thread 3 ] DEBUG Engine               - isMobile: false
15:07:22.605 [FXGL Background Thread 3 ] DEBUG Engine               - isNative: false
15:07:22.605 [FXGL Background Thread 3 ] DEBUG Engine               - isPauseMusicWhenMinimized: true
15:07:22.606 [FXGL Background Thread 3 ] DEBUG Engine               - isPreserveResizeRatio: false
15:07:22.606 [FXGL Background Thread 3 ] DEBUG Engine               - isProfilingEnabled: false
15:07:22.606 [FXGL Background Thread 3 ] DEBUG Engine               - isScaleAffectedOnResize: true
15:07:22.606 [FXGL Background Thread 3 ] DEBUG Engine               - isSingleStep: false
15:07:22.607 [FXGL Background Thread 3 ] DEBUG Engine               - isUserProfileEnabled: false
15:07:22.607 [FXGL Background Thread 3 ] DEBUG Engine               - isWindows: false
15:07:22.607 [FXGL Background Thread 3 ] DEBUG Engine               - language: ObjectProperty [value: ENGLISH]
15:07:22.607 [FXGL Background Thread 3 ] DEBUG Engine               - menuKey: ESCAPE
15:07:22.607 [FXGL Background Thread 3 ] DEBUG Engine               - mouseSensitivity: 0.2
15:07:22.607 [FXGL Background Thread 3 ] DEBUG Engine               - notificationViewClass: class com.almasb.fxgl.notification.view.XboxNotificationView
15:07:22.608 [FXGL Background Thread 3 ] DEBUG Engine               - pixelsPerMeter: 50.0
15:07:22.608 [FXGL Background Thread 3 ] DEBUG Engine               - platform: LINUX
15:07:22.608 [FXGL Background Thread 3 ] DEBUG Engine               - prefHeightProperty: ReadOnlyDoubleProperty [value: 670.0]
15:07:22.608 [FXGL Background Thread 3 ] DEBUG Engine               - prefWidthProperty: ReadOnlyDoubleProperty [value: 850.0]
15:07:22.608 [FXGL Background Thread 3 ] DEBUG Engine               - profileDir: profiles/
15:07:22.608 [FXGL Background Thread 3 ] DEBUG Engine               - profileName: StringProperty [value: DEFAULT]
15:07:22.609 [FXGL Background Thread 3 ] DEBUG Engine               - randomSeed: -1
15:07:22.609 [FXGL Background Thread 3 ] DEBUG Engine               - runtimeInfo: RuntimeInfo(platform=LINUX, version=17.2, build=20.08.2022 16.50)
15:07:22.610 [FXGL Background Thread 3 ] DEBUG Engine               - saveFileExt: sav
15:07:22.610 [FXGL Background Thread 3 ] DEBUG Engine               - scaledHeightProp$fxgl: DoubleProperty [bound, value: 677.0]
15:07:22.610 [FXGL Background Thread 3 ] DEBUG Engine               - scaledWidthProp$fxgl: DoubleProperty [bound, value: 850.0]
15:07:22.610 [FXGL Background Thread 3 ] DEBUG Engine               - sceneFactory: com.almasb.fxgl.app.scene.SceneFactory@299e559
15:07:22.610 [FXGL Background Thread 3 ] DEBUG Engine               - secondsIn24h: 60
15:07:22.611 [FXGL Background Thread 3 ] DEBUG Engine               - soundMenuBack: menu/back.wav
15:07:22.611 [FXGL Background Thread 3 ] DEBUG Engine               - soundMenuPress: menu/press.wav
15:07:22.611 [FXGL Background Thread 3 ] DEBUG Engine               - soundMenuSelect: menu/select.wav
15:07:22.611 [FXGL Background Thread 3 ] DEBUG Engine               - soundNotification: core/notification.wav
15:07:22.611 [FXGL Background Thread 3 ] DEBUG Engine               - stageStyle: DECORATED
15:07:22.611 [FXGL Background Thread 3 ] DEBUG Engine               - supportedLanguages: [ENGLISH, FRENCH, GERMAN, HUNGARIAN, RUSSIAN]
15:07:22.612 [FXGL Background Thread 3 ] DEBUG Engine               - ticksPerSecond: -1
15:07:22.612 [FXGL Background Thread 3 ] DEBUG Engine               - title: Restaurant Game
15:07:22.612 [FXGL Background Thread 3 ] DEBUG Engine               - urlGithub: https://github.com/AlmasB/FXGL
15:07:22.612 [FXGL Background Thread 3 ] DEBUG Engine               - urlLeaderboard: http://fxgl-top.herokuapp.com/
15:07:22.612 [FXGL Background Thread 3 ] DEBUG Engine               - urlPOM: https://raw.githubusercontent.com/AlmasB/FXGL/release/README.md
15:07:22.612 [FXGL Background Thread 3 ] DEBUG Engine               - userAppClass: class fxglapp.FXGLGameApp
15:07:22.612 [FXGL Background Thread 3 ] DEBUG Engine               - version: 0.0
15:07:22.612 [FXGL Background Thread 3 ] DEBUG Engine               - versionCheckDays: 7
15:07:22.613 [FXGL Background Thread 3 ] DEBUG Engine               - width: 850
15:07:22.613 [FXGL Background Thread 3 ] DEBUG Engine               - Logging services
15:07:22.613 [FXGL Background Thread 3 ] DEBUG Engine               - class com.almasb.fxgl.app.services.FXGLAssetLoaderService
15:07:22.613 [FXGL Background Thread 3 ] DEBUG Engine               - class com.almasb.fxgl.app.FXGLApplication$GameApplicationService
15:07:22.613 [FXGL Background Thread 3 ] DEBUG Engine               - class com.almasb.fxgl.app.services.FXGLDialogService
15:07:22.613 [FXGL Background Thread 3 ] DEBUG Engine               - class com.almasb.fxgl.app.services.IOTaskExecutorService
15:07:22.613 [FXGL Background Thread 3 ] DEBUG Engine               - class com.almasb.fxgl.io.FileSystemService
15:07:22.613 [FXGL Background Thread 3 ] DEBUG Engine               - class com.almasb.fxgl.localization.LocalizationService
15:07:22.614 [FXGL Background Thread 3 ] DEBUG Engine               - class com.almasb.fxgl.app.services.SystemBundleService
15:07:22.614 [FXGL Background Thread 3 ] DEBUG Engine               - class com.almasb.fxgl.profile.SaveLoadService
15:07:22.614 [FXGL Background Thread 3 ] DEBUG Engine               - class com.almasb.fxgl.ui.FXGLUIFactoryServiceProvider
15:07:22.614 [FXGL Background Thread 3 ] DEBUG Engine               - class com.almasb.fxgl.ui.FXGLDialogFactoryServiceProvider
15:07:22.614 [FXGL Background Thread 3 ] DEBUG Engine               - class com.almasb.fxgl.audio.AudioPlayer
15:07:22.614 [FXGL Background Thread 3 ] DEBUG Engine               - class com.almasb.fxgl.notification.impl.NotificationServiceProvider
15:07:22.614 [FXGL Background Thread 3 ] DEBUG Engine               - class com.almasb.fxgl.achievement.AchievementService
15:07:22.614 [FXGL Background Thread 3 ] DEBUG Engine               - class com.almasb.fxgl.cutscene.CutsceneService
15:07:22.615 [FXGL Background Thread 3 ] DEBUG Engine               - class com.almasb.fxgl.minigames.MiniGameService
15:07:22.615 [FXGL Background Thread 3 ] DEBUG Engine               - class com.almasb.fxgl.net.NetService
15:07:22.615 [FXGL Background Thread 3 ] DEBUG Engine               - class com.almasb.fxgl.app.services.UpdaterService
15:07:22.615 [FXGL Background Thread 3 ] DEBUG Engine               - class com.almasb.fxgl.dev.DevService
15:07:57.377 [JavaFX Application Thread] DEBUG FXGLApplication      - Exiting FXGL
15:07:57.378 [JavaFX Application Thread] DEBUG LoopRunner           - Stopping loop
15:07:57.378 [JavaFX Application Thread] DEBUG SystemBundleService  - Saving FXGL system data
15:07:57.381 [JavaFX Application Thread] DEBUG FileSystemAccess     - Writing to: /home/chris/IdeaProjects/RestaurantSimulator/system/fxgl.bundle
15:07:57.382 [JavaFX Application Thread] DEBUG Async                - Shutting down background threads
15:07:57.382 [JavaFX Application Thread] DEBUG PrimaryStageWindow   - Closing main window
15:07:57.395 [JavaFX Application Thread] DEBUG Logger               - Closing Logger
