20:27:34.556 [main                     ] DEBUG Logger               - Configured Logger
20:27:34.608 [main                     ] DEBUG GameApplication      - Logging settings
Title: Restaurant Game
Version: 0.0
Width: 850
Height: 670
Fullscreen: false
Intro: false
Profiling: false
Single step:false
App Mode: DEVELOPER
Menu Key: ESCAPE
Stage Style: DECORATED
Scene Factory: class com.almasb.fxgl.app.scene.SceneFactory

20:27:35.038 [JavaFX Application Thread] DEBUG FXGLApplication      - Initializing FXGL
20:27:35.048 [JavaFX Application Thread] INFO  Engine               - FXGL-17.2 (20.08.2022 16.50) on LINUX (J:17.0.13 FX:18)
20:27:35.049 [JavaFX Application Thread] DEBUG Engine               - JRE Vendor Name: Red Hat, Inc.
20:27:35.049 [JavaFX Application Thread] DEBUG Engine               - Running on OS: Linux version 6.11.6-200.fc40.x86_64
20:27:35.050 [JavaFX Application Thread] DEBUG Engine               - Architecture: amd64
20:27:35.050 [JavaFX Application Thread] INFO  Engine               - Source code and latest versions at: https://github.com/AlmasB/FXGL
20:27:35.051 [JavaFX Application Thread] INFO  Engine               -       Ask questions and discuss at: https://github.com/AlmasB/FXGL/discussions
20:27:35.051 [JavaFX Application Thread] INFO  Engine               -              Join the FXGL chat at: https://gitter.im/AlmasB/FXGL
20:27:35.180 [JavaFX Application Thread] DEBUG PrimaryStageWindow   - Creating a JavaFX scene
20:27:35.259 [JavaFX Application Thread] DEBUG PrimaryStageWindow   - Target settings size: 850.0 x 670.0
20:27:35.259 [JavaFX Application Thread] DEBUG PrimaryStageWindow   - Scaled scene size:    850.0 x 670.0
20:27:35.259 [JavaFX Application Thread] DEBUG PrimaryStageWindow   - Scaled ratio: (1.0, 1.0)
20:27:35.261 [JavaFX Application Thread] DEBUG PrimaryStageWindow   - Set initial scene to FXGLStartupScene
20:27:35.268 [JavaFX Application Thread] DEBUG PrimaryStageWindow   - Opening main window
20:27:35.315 [JavaFX Application Thread] DEBUG PrimaryStageWindow   - Window border size: (2.0, 29.0)
20:27:35.315 [JavaFX Application Thread] DEBUG PrimaryStageWindow   - Scaled size: 850.0 x 670.0
20:27:35.315 [JavaFX Application Thread] DEBUG PrimaryStageWindow   - Scaled ratio: (1.0, 1.0)
20:27:35.316 [JavaFX Application Thread] DEBUG PrimaryStageWindow   - Scene size: 850.0 x 670.0
20:27:35.316 [JavaFX Application Thread] DEBUG PrimaryStageWindow   - Stage size: 852.0 x 699.0
20:27:35.322 [FXGL Background Thread 1 ] DEBUG Engine               - Initializing environment variables
20:27:35.357 [FXGL Background Thread 1 ] DEBUG FXGLAssetLoaderServi - User app class for loading assets: class fxglapp.FXGLGameApp
20:27:35.358 [FXGL Background Thread 1 ] DEBUG GameApplicationServi - Applying CSS: fxgl_dark.css
20:27:35.359 [FXGL Background Thread 1 ] DEBUG FXGLAssetLoaderServi - Loading from file system: jar:file:/home/chris/.m2/repository/com/github/almasb/fxgl/17.2/fxgl-17.2.jar!/fxglassets/ui/css/fxgl_dark.css
20:27:35.454 [FXGL Background Thread 1 ] DEBUG GameApplicationServi - Initializing application scenes
20:27:35.529 [FXGL Background Thread 1 ] DEBUG GameWorld            - Game world initialized
20:27:35.593 [FXGL Background Thread 1 ] DEBUG PhysicsWorld         - Physics world initialized: appHeight=670, physics.ppm=50.0
20:27:35.594 [FXGL Background Thread 1 ] DEBUG PhysicsWorld         - Using strategy: BRUTE_FORCE
20:27:35.599 [FXGL Background Thread 1 ] DEBUG GameScene            - Game scene initialized: 850x670
20:27:35.612 [FXGL Background Thread 1 ] DEBUG FXGL.DefaultMenu     - createMenuBodyGameMenu()
20:27:35.628 [FXGL Background Thread 1 ] DEBUG FXGL.DefaultMenu     - createOptionsMenu()
20:27:35.644 [FXGL Background Thread 1 ] DEBUG FXGLAssetLoaderServi - Loading from file system: jar:file:/home/chris/.m2/repository/com/github/almasb/fxgl/17.2/fxgl-17.2.jar!/fxglassets/textures/particles/smoke.png
20:27:35.773 [FXGL Background Thread 1 ] DEBUG FXGLAssetLoaderServi - Loading from file system: jar:file:/home/chris/.m2/repository/com/github/almasb/fxgl/17.2/fxgl-17.2.jar!/fxglassets/textures/particles/trace_horizontal.png
20:27:35.798 [FXGL Background Thread 1 ] DEBUG GameApplicationServi - Application scenes initialized
20:27:35.810 [FXGL Background Thread 1 ] DEBUG SystemBundleService  - Loading FXGL system data
20:27:35.812 [FXGL Background Thread 1 ] DEBUG FileSystemAccess     - Reading from: /home/chris/IdeaProjects/RestaurantSimulator/system/fxgl.bundle
20:27:35.815 [FXGL Background Thread 1 ] DEBUG SystemBundleService  - Bundle FXGL: {}
20:27:35.815 [FXGL Background Thread 1 ] DEBUG UpdaterService       - Checking for updates
20:27:35.820 [FXGL Background Thread 4 ] DEBUG FXGLApplication      - Loading fonts
20:27:35.820 [FXGL Background Thread 1 ] DEBUG FXGLApplication      - Loading default localization
20:27:35.821 [FXGL Background Thread 4 ] DEBUG FXGLAssetLoaderServi - Loading from file system: jar:file:/home/chris/.m2/repository/com/github/almasb/fxgl/17.2/fxgl-17.2.jar!/fxglassets/ui/fonts/VarelaRound-Regular.ttf
20:27:35.821 [FXGL Background Thread 1 ] DEBUG FXGLAssetLoaderServi - Loading from file system: jar:file:/home/chris/.m2/repository/com/github/almasb/fxgl/17.2/fxgl-17.2.jar!/fxglassets/languages/english.lang
20:27:35.834 [FXGL Background Thread 4 ] DEBUG FXGLAssetLoaderServi - Loading from file system: jar:file:/home/chris/.m2/repository/com/github/almasb/fxgl/17.2/fxgl-17.2.jar!/fxglassets/ui/fonts/Abel-Regular.ttf
20:27:35.837 [FXGL Background Thread 4 ] DEBUG FXGLAssetLoaderServi - Loading from file system: jar:file:/home/chris/.m2/repository/com/github/almasb/fxgl/17.2/fxgl-17.2.jar!/fxglassets/ui/fonts/TerminalLandMono-Regular.otf
20:27:35.839 [FXGL Background Thread 4 ] DEBUG FXGLAssetLoaderServi - Loading from file system: jar:file:/home/chris/.m2/repository/com/github/almasb/fxgl/17.2/fxgl-17.2.jar!/fxglassets/ui/fonts/Courier-Prime.ttf
20:27:35.841 [FXGL Background Thread 1 ] INFO  FXGLApplication      - FXGL initialization took: 0.518 sec
20:27:35.843 [JavaFX Application Thread] DEBUG FXGLAssetLoaderServi - Loading from file system: jar:file:/home/chris/.m2/repository/com/github/almasb/fxgl/17.2/fxgl-17.2.jar!/fxglassets/textures/fxgl_icon.png
20:27:35.878 [JavaFX Application Thread] DEBUG FXGLAssetLoaderServi - Loading from file system: jar:file:/home/chris/.m2/repository/com/github/almasb/fxgl/17.2/fxgl-17.2.jar!/fxglassets/textures/fxgl_default_cursor.png
20:27:35.894 [JavaFX Application Thread] DEBUG Input                - Registered new binding: Screenshot - CTRL+8
20:27:35.895 [JavaFX Application Thread] DEBUG Input                - Registered new binding: System info dump - CTRL+9
20:27:35.895 [JavaFX Application Thread] DEBUG Input                - Registered new binding: Restart - CTRL+R
20:27:35.899 [JavaFX Application Thread] DEBUG Input                - Registered new binding: Toggle Debug Camera - CTRL+7
20:27:35.902 [JavaFX Application Thread] DEBUG LoopRunner           - Starting loop
20:27:35.903 [JavaFX Application Thread] DEBUG LoopRunner           - Initializing JavaFX AnimationTimerLoop
20:27:35.904 [JavaFX Application Thread] DEBUG GameApplicationServi - Starting new game
20:27:35.904 [JavaFX Application Thread] DEBUG Input                - Clearing active input actions
20:27:35.920 [JavaFX Application Thread] DEBUG GameApplicationServi - Removing overlay from FXGLStartupScene and adding to FXGLLoadingScene
20:27:35.920 [JavaFX Application Thread] DEBUG PrimaryStageWindow   - FXGLStartupScene -> FXGLLoadingScene
20:27:35.921 [JavaFX Application Thread] DEBUG GameApplicationServi - Clearing previous game
20:27:35.921 [JavaFX Application Thread] DEBUG GameScene            - Clearing game scene
20:27:35.921 [JavaFX Application Thread] DEBUG GameWorld            - Clearing game world
20:27:35.921 [JavaFX Application Thread] DEBUG PhysicsWorld         - Clearing physics world
20:27:35.922 [FXGL Background Thread 4 ] DEBUG FXGLApplication      - Initializing game
20:27:35.924 [JavaFX Application Thread] DEBUG FXGLApplication      - Registering font factories with UI factory
20:27:36.147 [FXGL Background Thread 4 ] INFO  FXGLApplication      - Game initialization took: 0.224 sec
20:27:36.148 [JavaFX Application Thread] DEBUG Input                - Clearing active input actions
20:27:36.182 [JavaFX Application Thread] DEBUG GameApplicationServi - Removing overlay from FXGLLoadingScene and adding to GameScene
20:27:36.183 [JavaFX Application Thread] DEBUG PrimaryStageWindow   - FXGLLoadingScene -> GameScene
20:27:36.718 [FXGL Background Thread 2 ] INFO  UpdaterService       - Your current version:  17.2
20:27:36.719 [FXGL Background Thread 2 ] INFO  UpdaterService       - Latest stable version: 21.1
20:27:38.818 [FXGL Background Thread 3 ] DEBUG Engine               - Logging environment variables
20:27:38.819 [FXGL Background Thread 3 ] DEBUG Engine               - achievements: []
20:27:38.819 [FXGL Background Thread 3 ] DEBUG Engine               - actualHeight: 641.0
20:27:38.819 [FXGL Background Thread 3 ] DEBUG Engine               - actualHeightProperty: ReadOnlyDoubleProperty [value: 677.0]
20:27:38.819 [FXGL Background Thread 3 ] DEBUG Engine               - actualWidth: 848.0
20:27:38.819 [FXGL Background Thread 3 ] DEBUG Engine               - actualWidthProperty: ReadOnlyDoubleProperty [value: 850.0]
20:27:38.819 [FXGL Background Thread 3 ] DEBUG Engine               - appIcon: fxgl_icon.png
20:27:38.820 [FXGL Background Thread 3 ] DEBUG Engine               - applicationMode: DEVELOPER
20:27:38.820 [FXGL Background Thread 3 ] DEBUG Engine               - cSSList: [fxgl_dark.css]
20:27:38.820 [FXGL Background Thread 3 ] DEBUG Engine               - collisionDetectionStrategy: BRUTE_FORCE
20:27:38.820 [FXGL Background Thread 3 ] DEBUG Engine               - configClass: Optional.empty
20:27:38.820 [FXGL Background Thread 3 ] DEBUG Engine               - credits: []
20:27:38.820 [FXGL Background Thread 3 ] DEBUG Engine               - defaultCursor: CursorInfo(imageName=fxgl_default_cursor.png, hotspotX=7.0, hotspotY=6.0)
20:27:38.820 [FXGL Background Thread 3 ] DEBUG Engine               - devBBoxColorProperty: ObjectProperty [value: 0xff0000ff]
20:27:38.821 [FXGL Background Thread 3 ] DEBUG Engine               - devEnableDebugCameraProperty: BooleanProperty [value: false]
20:27:38.821 [FXGL Background Thread 3 ] DEBUG Engine               - devSensorColorProperty: ObjectProperty [value: 0xffff00ff]
20:27:38.821 [FXGL Background Thread 3 ] DEBUG Engine               - devShowBBoxProperty: BooleanProperty [value: false]
20:27:38.821 [FXGL Background Thread 3 ] DEBUG Engine               - devShowPositionProperty: BooleanProperty [value: false]
20:27:38.821 [FXGL Background Thread 3 ] DEBUG Engine               - enabledMenuItems: []
20:27:38.821 [FXGL Background Thread 3 ] DEBUG Engine               - engineServices: [class com.almasb.fxgl.app.services.FXGLAssetLoaderService, class com.almasb.fxgl.app.FXGLApplication$GameApplicationService, class com.almasb.fxgl.app.services.FXGLDialogService, class com.almasb.fxgl.app.services.IOTaskExecutorService, class com.almasb.fxgl.io.FileSystemService, class com.almasb.fxgl.localization.LocalizationService, class com.almasb.fxgl.app.services.SystemBundleService, class com.almasb.fxgl.profile.SaveLoadService, class com.almasb.fxgl.ui.FXGLUIFactoryServiceProvider, class com.almasb.fxgl.ui.FXGLDialogFactoryServiceProvider, class com.almasb.fxgl.audio.AudioPlayer, class com.almasb.fxgl.notification.impl.NotificationServiceProvider, class com.almasb.fxgl.achievement.AchievementService, class com.almasb.fxgl.cutscene.CutsceneService, class com.almasb.fxgl.minigames.MiniGameService, class com.almasb.fxgl.net.NetService, class com.almasb.fxgl.app.services.UpdaterService, class com.almasb.fxgl.dev.DevService]
20:27:38.821 [FXGL Background Thread 3 ] DEBUG Engine               - fontGame: Abel-Regular.ttf
20:27:38.821 [FXGL Background Thread 3 ] DEBUG Engine               - fontMono: TerminalLandMono-Regular.otf
20:27:38.821 [FXGL Background Thread 3 ] DEBUG Engine               - fontText: Courier-Prime.ttf
20:27:38.821 [FXGL Background Thread 3 ] DEBUG Engine               - fontUI: VarelaRound-Regular.ttf
20:27:38.821 [FXGL Background Thread 3 ] DEBUG Engine               - fullScreen: BooleanProperty [value: false]
20:27:38.822 [FXGL Background Thread 3 ] DEBUG Engine               - gameDifficulty: MEDIUM
20:27:38.822 [FXGL Background Thread 3 ] DEBUG Engine               - gameDifficultyProperty: ObjectProperty [value: MEDIUM]
20:27:38.822 [FXGL Background Thread 3 ] DEBUG Engine               - globalMusicVolume: 0.5
20:27:38.822 [FXGL Background Thread 3 ] DEBUG Engine               - globalMusicVolumeProperty: DoubleProperty [value: 0.5]
20:27:38.822 [FXGL Background Thread 3 ] DEBUG Engine               - globalSoundVolume: 0.5
20:27:38.822 [FXGL Background Thread 3 ] DEBUG Engine               - globalSoundVolumeProperty: DoubleProperty [value: 0.5]
20:27:38.822 [FXGL Background Thread 3 ] DEBUG Engine               - height: 670
20:27:38.822 [FXGL Background Thread 3 ] DEBUG Engine               - is3D: false
20:27:38.822 [FXGL Background Thread 3 ] DEBUG Engine               - isAndroid: false
20:27:38.822 [FXGL Background Thread 3 ] DEBUG Engine               - isBrowser: false
20:27:38.822 [FXGL Background Thread 3 ] DEBUG Engine               - isClickFeedbackEnabled: false
20:27:38.822 [FXGL Background Thread 3 ] DEBUG Engine               - isCloseConfirmation: false
20:27:38.823 [FXGL Background Thread 3 ] DEBUG Engine               - isDesktop: true
20:27:38.823 [FXGL Background Thread 3 ] DEBUG Engine               - isDeveloperMenuEnabled: false
20:27:38.823 [FXGL Background Thread 3 ] DEBUG Engine               - isEmbedded: false
20:27:38.823 [FXGL Background Thread 3 ] DEBUG Engine               - isEntityPreloadEnabled: true
20:27:38.823 [FXGL Background Thread 3 ] DEBUG Engine               - isExperimentalTiledLargeMap: false
20:27:38.823 [FXGL Background Thread 3 ] DEBUG Engine               - isFileSystemWriteAllowed: true
20:27:38.823 [FXGL Background Thread 3 ] DEBUG Engine               - isFullScreenAllowed: false
20:27:38.823 [FXGL Background Thread 3 ] DEBUG Engine               - isFullScreenFromStart: false
20:27:38.823 [FXGL Background Thread 3 ] DEBUG Engine               - isGameMenuEnabled: true
20:27:38.823 [FXGL Background Thread 3 ] DEBUG Engine               - isIOS: false
20:27:38.823 [FXGL Background Thread 3 ] DEBUG Engine               - isIntroEnabled: false
20:27:38.823 [FXGL Background Thread 3 ] DEBUG Engine               - isLinux: true
20:27:38.823 [FXGL Background Thread 3 ] DEBUG Engine               - isMac: false
20:27:38.824 [FXGL Background Thread 3 ] DEBUG Engine               - isMainMenuEnabled: false
20:27:38.824 [FXGL Background Thread 3 ] DEBUG Engine               - isManualResizeEnabled: false
20:27:38.824 [FXGL Background Thread 3 ] DEBUG Engine               - isMobile: false
20:27:38.824 [FXGL Background Thread 3 ] DEBUG Engine               - isNative: false
20:27:38.824 [FXGL Background Thread 3 ] DEBUG Engine               - isPauseMusicWhenMinimized: true
20:27:38.824 [FXGL Background Thread 3 ] DEBUG Engine               - isPreserveResizeRatio: false
20:27:38.824 [FXGL Background Thread 3 ] DEBUG Engine               - isProfilingEnabled: false
20:27:38.824 [FXGL Background Thread 3 ] DEBUG Engine               - isScaleAffectedOnResize: true
20:27:38.824 [FXGL Background Thread 3 ] DEBUG Engine               - isSingleStep: false
20:27:38.824 [FXGL Background Thread 3 ] DEBUG Engine               - isUserProfileEnabled: false
20:27:38.824 [FXGL Background Thread 3 ] DEBUG Engine               - isWindows: false
20:27:38.824 [FXGL Background Thread 3 ] DEBUG Engine               - language: ObjectProperty [value: ENGLISH]
20:27:38.825 [FXGL Background Thread 3 ] DEBUG Engine               - menuKey: ESCAPE
20:27:38.825 [FXGL Background Thread 3 ] DEBUG Engine               - mouseSensitivity: 0.2
20:27:38.825 [FXGL Background Thread 3 ] DEBUG Engine               - notificationViewClass: class com.almasb.fxgl.notification.view.XboxNotificationView
20:27:38.825 [FXGL Background Thread 3 ] DEBUG Engine               - pixelsPerMeter: 50.0
20:27:38.825 [FXGL Background Thread 3 ] DEBUG Engine               - platform: LINUX
20:27:38.825 [FXGL Background Thread 3 ] DEBUG Engine               - prefHeightProperty: ReadOnlyDoubleProperty [value: 670.0]
20:27:38.825 [FXGL Background Thread 3 ] DEBUG Engine               - prefWidthProperty: ReadOnlyDoubleProperty [value: 850.0]
20:27:38.825 [FXGL Background Thread 3 ] DEBUG Engine               - profileDir: profiles/
20:27:38.825 [FXGL Background Thread 3 ] DEBUG Engine               - profileName: StringProperty [value: DEFAULT]
20:27:38.825 [FXGL Background Thread 3 ] DEBUG Engine               - randomSeed: -1
20:27:38.825 [FXGL Background Thread 3 ] DEBUG Engine               - runtimeInfo: RuntimeInfo(platform=LINUX, version=17.2, build=20.08.2022 16.50)
20:27:38.826 [FXGL Background Thread 3 ] DEBUG Engine               - saveFileExt: sav
20:27:38.826 [FXGL Background Thread 3 ] DEBUG Engine               - scaledHeightProp$fxgl: DoubleProperty [bound, value: 677.0]
20:27:38.826 [FXGL Background Thread 3 ] DEBUG Engine               - scaledWidthProp$fxgl: DoubleProperty [bound, value: 850.0]
20:27:38.826 [FXGL Background Thread 3 ] DEBUG Engine               - sceneFactory: com.almasb.fxgl.app.scene.SceneFactory@34ce9940
20:27:38.826 [FXGL Background Thread 3 ] DEBUG Engine               - secondsIn24h: 60
20:27:38.826 [FXGL Background Thread 3 ] DEBUG Engine               - soundMenuBack: menu/back.wav
20:27:38.826 [FXGL Background Thread 3 ] DEBUG Engine               - soundMenuPress: menu/press.wav
20:27:38.826 [FXGL Background Thread 3 ] DEBUG Engine               - soundMenuSelect: menu/select.wav
20:27:38.826 [FXGL Background Thread 3 ] DEBUG Engine               - soundNotification: core/notification.wav
20:27:38.826 [FXGL Background Thread 3 ] DEBUG Engine               - stageStyle: DECORATED
20:27:38.826 [FXGL Background Thread 3 ] DEBUG Engine               - supportedLanguages: [ENGLISH, FRENCH, GERMAN, HUNGARIAN, RUSSIAN]
20:27:38.826 [FXGL Background Thread 3 ] DEBUG Engine               - ticksPerSecond: -1
20:27:38.826 [FXGL Background Thread 3 ] DEBUG Engine               - title: Restaurant Game
20:27:38.826 [FXGL Background Thread 3 ] DEBUG Engine               - urlGithub: https://github.com/AlmasB/FXGL
20:27:38.826 [FXGL Background Thread 3 ] DEBUG Engine               - urlLeaderboard: http://fxgl-top.herokuapp.com/
20:27:38.827 [FXGL Background Thread 3 ] DEBUG Engine               - urlPOM: https://raw.githubusercontent.com/AlmasB/FXGL/release/README.md
20:27:38.827 [FXGL Background Thread 3 ] DEBUG Engine               - userAppClass: class fxglapp.FXGLGameApp
20:27:38.827 [FXGL Background Thread 3 ] DEBUG Engine               - version: 0.0
20:27:38.827 [FXGL Background Thread 3 ] DEBUG Engine               - versionCheckDays: 7
20:27:38.827 [FXGL Background Thread 3 ] DEBUG Engine               - width: 850
20:27:38.827 [FXGL Background Thread 3 ] DEBUG Engine               - Logging services
20:27:38.827 [FXGL Background Thread 3 ] DEBUG Engine               - class com.almasb.fxgl.app.services.FXGLAssetLoaderService
20:27:38.827 [FXGL Background Thread 3 ] DEBUG Engine               - class com.almasb.fxgl.app.FXGLApplication$GameApplicationService
20:27:38.827 [FXGL Background Thread 3 ] DEBUG Engine               - class com.almasb.fxgl.app.services.FXGLDialogService
20:27:38.827 [FXGL Background Thread 3 ] DEBUG Engine               - class com.almasb.fxgl.app.services.IOTaskExecutorService
20:27:38.827 [FXGL Background Thread 3 ] DEBUG Engine               - class com.almasb.fxgl.io.FileSystemService
20:27:38.827 [FXGL Background Thread 3 ] DEBUG Engine               - class com.almasb.fxgl.localization.LocalizationService
20:27:38.827 [FXGL Background Thread 3 ] DEBUG Engine               - class com.almasb.fxgl.app.services.SystemBundleService
20:27:38.827 [FXGL Background Thread 3 ] DEBUG Engine               - class com.almasb.fxgl.profile.SaveLoadService
20:27:38.828 [FXGL Background Thread 3 ] DEBUG Engine               - class com.almasb.fxgl.ui.FXGLUIFactoryServiceProvider
20:27:38.828 [FXGL Background Thread 3 ] DEBUG Engine               - class com.almasb.fxgl.ui.FXGLDialogFactoryServiceProvider
20:27:38.828 [FXGL Background Thread 3 ] DEBUG Engine               - class com.almasb.fxgl.audio.AudioPlayer
20:27:38.828 [FXGL Background Thread 3 ] DEBUG Engine               - class com.almasb.fxgl.notification.impl.NotificationServiceProvider
20:27:38.828 [FXGL Background Thread 3 ] DEBUG Engine               - class com.almasb.fxgl.achievement.AchievementService
20:27:38.828 [FXGL Background Thread 3 ] DEBUG Engine               - class com.almasb.fxgl.cutscene.CutsceneService
20:27:38.828 [FXGL Background Thread 3 ] DEBUG Engine               - class com.almasb.fxgl.minigames.MiniGameService
20:27:38.828 [FXGL Background Thread 3 ] DEBUG Engine               - class com.almasb.fxgl.net.NetService
20:27:38.828 [FXGL Background Thread 3 ] DEBUG Engine               - class com.almasb.fxgl.app.services.UpdaterService
20:27:38.828 [FXGL Background Thread 3 ] DEBUG Engine               - class com.almasb.fxgl.dev.DevService
20:27:49.243 [JavaFX Application Thread] DEBUG FXGLApplication      - Exiting FXGL
20:27:49.243 [JavaFX Application Thread] DEBUG LoopRunner           - Stopping loop
20:27:49.244 [JavaFX Application Thread] DEBUG SystemBundleService  - Saving FXGL system data
20:27:49.246 [JavaFX Application Thread] DEBUG FileSystemAccess     - Writing to: /home/chris/IdeaProjects/RestaurantSimulator/system/fxgl.bundle
20:27:49.247 [JavaFX Application Thread] DEBUG Async                - Shutting down background threads
20:27:49.247 [JavaFX Application Thread] DEBUG PrimaryStageWindow   - Closing main window
20:27:49.252 [JavaFX Application Thread] DEBUG Logger               - Closing Logger
