00:50:30.174 [main                     ] DEBUG Logger               - Configured Logger
00:50:30.192 [main                     ] DEBUG GameApplication      - Logging settings
Title: Restaurant Game
Version: 0.0
Width: 850
Height: 670
Fullscreen: false
Intro: false
Profiling: false
Single step:false
App Mode: DEVELOPER
Menu Key: ESCAPE
Stage Style: DECORATED
Scene Factory: class com.almasb.fxgl.app.scene.SceneFactory

00:50:30.426 [JavaFX Application Thread] DEBUG FXGLApplication      - Initializing FXGL
00:50:30.429 [JavaFX Application Thread] INFO  Engine               - FXGL-17.2 (20.08.2022 16.50) on LINUX (J:17.0.13 FX:18)
00:50:30.429 [JavaFX Application Thread] DEBUG Engine               - JRE Vendor Name: Red Hat, Inc.
00:50:30.429 [JavaFX Application Thread] DEBUG Engine               - Running on OS: Linux version 6.11.6-200.fc40.x86_64
00:50:30.430 [JavaFX Application Thread] DEBUG Engine               - Architecture: amd64
00:50:30.430 [JavaFX Application Thread] INFO  Engine               - Source code and latest versions at: https://github.com/AlmasB/FXGL
00:50:30.430 [JavaFX Application Thread] INFO  Engine               -       Ask questions and discuss at: https://github.com/AlmasB/FXGL/discussions
00:50:30.430 [JavaFX Application Thread] INFO  Engine               -              Join the FXGL chat at: https://gitter.im/AlmasB/FXGL
00:50:30.480 [JavaFX Application Thread] DEBUG PrimaryStageWindow   - Creating a JavaFX scene
00:50:30.523 [JavaFX Application Thread] DEBUG PrimaryStageWindow   - Target settings size: 850.0 x 670.0
00:50:30.524 [JavaFX Application Thread] DEBUG PrimaryStageWindow   - Scaled scene size:    850.0 x 670.0
00:50:30.524 [JavaFX Application Thread] DEBUG PrimaryStageWindow   - Scaled ratio: (1.0, 1.0)
00:50:30.525 [JavaFX Application Thread] DEBUG PrimaryStageWindow   - Set initial scene to FXGLStartupScene
00:50:30.530 [JavaFX Application Thread] DEBUG PrimaryStageWindow   - Opening main window
00:50:30.555 [JavaFX Application Thread] DEBUG PrimaryStageWindow   - Window border size: (2.0, 29.0)
00:50:30.555 [JavaFX Application Thread] DEBUG PrimaryStageWindow   - Scaled size: 850.0 x 670.0
00:50:30.555 [JavaFX Application Thread] DEBUG PrimaryStageWindow   - Scaled ratio: (1.0, 1.0)
00:50:30.555 [JavaFX Application Thread] DEBUG PrimaryStageWindow   - Scene size: 850.0 x 670.0
00:50:30.556 [JavaFX Application Thread] DEBUG PrimaryStageWindow   - Stage size: 852.0 x 699.0
00:50:30.559 [FXGL Background Thread 1 ] DEBUG Engine               - Initializing environment variables
00:50:30.573 [FXGL Background Thread 1 ] DEBUG FXGLAssetLoaderServi - User app class for loading assets: class fxglapp.FXGLGameApp
00:50:30.573 [FXGL Background Thread 1 ] DEBUG GameApplicationServi - Applying CSS: fxgl_dark.css
00:50:30.574 [FXGL Background Thread 1 ] DEBUG FXGLAssetLoaderServi - Loading from file system: jar:file:/home/chris/.m2/repository/com/github/almasb/fxgl/17.2/fxgl-17.2.jar!/fxglassets/ui/css/fxgl_dark.css
00:50:30.603 [FXGL Background Thread 1 ] DEBUG GameApplicationServi - Initializing application scenes
00:50:30.633 [FXGL Background Thread 1 ] DEBUG GameWorld            - Game world initialized
00:50:30.659 [FXGL Background Thread 1 ] DEBUG PhysicsWorld         - Physics world initialized: appHeight=670, physics.ppm=50.0
00:50:30.659 [FXGL Background Thread 1 ] DEBUG PhysicsWorld         - Using strategy: BRUTE_FORCE
00:50:30.662 [FXGL Background Thread 1 ] DEBUG GameScene            - Game scene initialized: 850x670
00:50:30.670 [FXGL Background Thread 1 ] DEBUG FXGL.DefaultMenu     - createMenuBodyGameMenu()
00:50:30.678 [FXGL Background Thread 1 ] DEBUG FXGL.DefaultMenu     - createOptionsMenu()
00:50:30.691 [FXGL Background Thread 1 ] DEBUG FXGLAssetLoaderServi - Loading from file system: jar:file:/home/chris/.m2/repository/com/github/almasb/fxgl/17.2/fxgl-17.2.jar!/fxglassets/textures/particles/smoke.png
00:50:30.756 [FXGL Background Thread 1 ] DEBUG FXGLAssetLoaderServi - Loading from file system: jar:file:/home/chris/.m2/repository/com/github/almasb/fxgl/17.2/fxgl-17.2.jar!/fxglassets/textures/particles/trace_horizontal.png
00:50:30.770 [FXGL Background Thread 1 ] DEBUG GameApplicationServi - Application scenes initialized
00:50:30.777 [FXGL Background Thread 1 ] DEBUG SystemBundleService  - Loading FXGL system data
00:50:30.778 [FXGL Background Thread 1 ] DEBUG FileSystemAccess     - Reading from: /home/chris/IdeaProjects/RestaurantSimulator/system/fxgl.bundle
00:50:30.780 [FXGL Background Thread 1 ] DEBUG SystemBundleService  - Bundle FXGL: {}
00:50:30.780 [FXGL Background Thread 1 ] DEBUG UpdaterService       - Checking for updates
00:50:30.783 [FXGL Background Thread 4 ] DEBUG FXGLApplication      - Loading fonts
00:50:30.783 [FXGL Background Thread 1 ] DEBUG FXGLApplication      - Loading default localization
00:50:30.783 [FXGL Background Thread 4 ] DEBUG FXGLAssetLoaderServi - Loading from file system: jar:file:/home/chris/.m2/repository/com/github/almasb/fxgl/17.2/fxgl-17.2.jar!/fxglassets/ui/fonts/VarelaRound-Regular.ttf
00:50:30.784 [FXGL Background Thread 1 ] DEBUG FXGLAssetLoaderServi - Loading from file system: jar:file:/home/chris/.m2/repository/com/github/almasb/fxgl/17.2/fxgl-17.2.jar!/fxglassets/languages/english.lang
00:50:30.789 [FXGL Background Thread 4 ] DEBUG FXGLAssetLoaderServi - Loading from file system: jar:file:/home/chris/.m2/repository/com/github/almasb/fxgl/17.2/fxgl-17.2.jar!/fxglassets/ui/fonts/Abel-Regular.ttf
00:50:30.790 [FXGL Background Thread 4 ] DEBUG FXGLAssetLoaderServi - Loading from file system: jar:file:/home/chris/.m2/repository/com/github/almasb/fxgl/17.2/fxgl-17.2.jar!/fxglassets/ui/fonts/TerminalLandMono-Regular.otf
00:50:30.792 [FXGL Background Thread 4 ] DEBUG FXGLAssetLoaderServi - Loading from file system: jar:file:/home/chris/.m2/repository/com/github/almasb/fxgl/17.2/fxgl-17.2.jar!/fxglassets/ui/fonts/Courier-Prime.ttf
00:50:30.795 [JavaFX Application Thread] DEBUG FXGLApplication      - Registering font factories with UI factory
00:50:30.797 [FXGL Background Thread 1 ] INFO  FXGLApplication      - FXGL initialization took: 0.238 sec
00:50:30.798 [JavaFX Application Thread] DEBUG FXGLAssetLoaderServi - Loading from file system: jar:file:/home/chris/.m2/repository/com/github/almasb/fxgl/17.2/fxgl-17.2.jar!/fxglassets/textures/fxgl_icon.png
00:50:30.815 [JavaFX Application Thread] DEBUG FXGLAssetLoaderServi - Loading from file system: jar:file:/home/chris/.m2/repository/com/github/almasb/fxgl/17.2/fxgl-17.2.jar!/fxglassets/textures/fxgl_default_cursor.png
00:50:30.822 [JavaFX Application Thread] DEBUG Input                - Registered new binding: Screenshot - CTRL+8
00:50:30.822 [JavaFX Application Thread] DEBUG Input                - Registered new binding: System info dump - CTRL+9
00:50:30.822 [JavaFX Application Thread] DEBUG Input                - Registered new binding: Restart - CTRL+R
00:50:30.823 [JavaFX Application Thread] DEBUG Input                - Registered new binding: Toggle Debug Camera - CTRL+7
00:50:30.824 [JavaFX Application Thread] DEBUG LoopRunner           - Starting loop
00:50:30.824 [JavaFX Application Thread] DEBUG LoopRunner           - Initializing JavaFX AnimationTimerLoop
00:50:30.825 [JavaFX Application Thread] DEBUG GameApplicationServi - Starting new game
00:50:30.825 [JavaFX Application Thread] DEBUG Input                - Clearing active input actions
00:50:30.837 [JavaFX Application Thread] DEBUG GameApplicationServi - Removing overlay from FXGLStartupScene and adding to FXGLLoadingScene
00:50:30.838 [JavaFX Application Thread] DEBUG PrimaryStageWindow   - FXGLStartupScene -> FXGLLoadingScene
00:50:30.838 [JavaFX Application Thread] DEBUG GameApplicationServi - Clearing previous game
00:50:30.838 [JavaFX Application Thread] DEBUG GameScene            - Clearing game scene
00:50:30.838 [JavaFX Application Thread] DEBUG GameWorld            - Clearing game world
00:50:30.838 [JavaFX Application Thread] DEBUG PhysicsWorld         - Clearing physics world
00:50:30.839 [FXGL Background Thread 1 ] DEBUG FXGLApplication      - Initializing game
00:50:30.970 [FXGL Background Thread 1 ] INFO  FXGLApplication      - Game initialization took: 0.131 sec
00:50:30.971 [JavaFX Application Thread] DEBUG Input                - Clearing active input actions
00:50:30.988 [JavaFX Application Thread] DEBUG GameApplicationServi - Removing overlay from FXGLLoadingScene and adding to GameScene
00:50:30.989 [JavaFX Application Thread] DEBUG PrimaryStageWindow   - FXGLLoadingScene -> GameScene
00:50:31.579 [FXGL Background Thread 2 ] INFO  UpdaterService       - Your current version:  17.2
00:50:31.579 [FXGL Background Thread 2 ] INFO  UpdaterService       - Latest stable version: 21.1
00:50:33.782 [FXGL Background Thread 3 ] DEBUG Engine               - Logging environment variables
00:50:33.785 [FXGL Background Thread 3 ] DEBUG Engine               - achievements: []
00:50:33.785 [FXGL Background Thread 3 ] DEBUG Engine               - actualHeight: 641.0
00:50:33.786 [FXGL Background Thread 3 ] DEBUG Engine               - actualHeightProperty: ReadOnlyDoubleProperty [value: 677.0]
00:50:33.786 [FXGL Background Thread 3 ] DEBUG Engine               - actualWidth: 848.0
00:50:33.786 [FXGL Background Thread 3 ] DEBUG Engine               - actualWidthProperty: ReadOnlyDoubleProperty [value: 850.0]
00:50:33.786 [FXGL Background Thread 3 ] DEBUG Engine               - appIcon: fxgl_icon.png
00:50:33.787 [FXGL Background Thread 3 ] DEBUG Engine               - applicationMode: DEVELOPER
00:50:33.787 [FXGL Background Thread 3 ] DEBUG Engine               - cSSList: [fxgl_dark.css]
00:50:33.787 [FXGL Background Thread 3 ] DEBUG Engine               - collisionDetectionStrategy: BRUTE_FORCE
00:50:33.787 [FXGL Background Thread 3 ] DEBUG Engine               - configClass: Optional.empty
00:50:33.787 [FXGL Background Thread 3 ] DEBUG Engine               - credits: []
00:50:33.787 [FXGL Background Thread 3 ] DEBUG Engine               - defaultCursor: CursorInfo(imageName=fxgl_default_cursor.png, hotspotX=7.0, hotspotY=6.0)
00:50:33.788 [FXGL Background Thread 3 ] DEBUG Engine               - devBBoxColorProperty: ObjectProperty [value: 0xff0000ff]
00:50:33.788 [FXGL Background Thread 3 ] DEBUG Engine               - devEnableDebugCameraProperty: BooleanProperty [value: false]
00:50:33.788 [FXGL Background Thread 3 ] DEBUG Engine               - devSensorColorProperty: ObjectProperty [value: 0xffff00ff]
00:50:33.788 [FXGL Background Thread 3 ] DEBUG Engine               - devShowBBoxProperty: BooleanProperty [value: false]
00:50:33.788 [FXGL Background Thread 3 ] DEBUG Engine               - devShowPositionProperty: BooleanProperty [value: false]
00:50:33.788 [FXGL Background Thread 3 ] DEBUG Engine               - enabledMenuItems: []
00:50:33.788 [FXGL Background Thread 3 ] DEBUG Engine               - engineServices: [class com.almasb.fxgl.app.services.FXGLAssetLoaderService, class com.almasb.fxgl.app.FXGLApplication$GameApplicationService, class com.almasb.fxgl.app.services.FXGLDialogService, class com.almasb.fxgl.app.services.IOTaskExecutorService, class com.almasb.fxgl.io.FileSystemService, class com.almasb.fxgl.localization.LocalizationService, class com.almasb.fxgl.app.services.SystemBundleService, class com.almasb.fxgl.profile.SaveLoadService, class com.almasb.fxgl.ui.FXGLUIFactoryServiceProvider, class com.almasb.fxgl.ui.FXGLDialogFactoryServiceProvider, class com.almasb.fxgl.audio.AudioPlayer, class com.almasb.fxgl.notification.impl.NotificationServiceProvider, class com.almasb.fxgl.achievement.AchievementService, class com.almasb.fxgl.cutscene.CutsceneService, class com.almasb.fxgl.minigames.MiniGameService, class com.almasb.fxgl.net.NetService, class com.almasb.fxgl.app.services.UpdaterService, class com.almasb.fxgl.dev.DevService]
00:50:33.788 [FXGL Background Thread 3 ] DEBUG Engine               - fontGame: Abel-Regular.ttf
00:50:33.788 [FXGL Background Thread 3 ] DEBUG Engine               - fontMono: TerminalLandMono-Regular.otf
00:50:33.788 [FXGL Background Thread 3 ] DEBUG Engine               - fontText: Courier-Prime.ttf
00:50:33.788 [FXGL Background Thread 3 ] DEBUG Engine               - fontUI: VarelaRound-Regular.ttf
00:50:33.788 [FXGL Background Thread 3 ] DEBUG Engine               - fullScreen: BooleanProperty [value: false]
00:50:33.789 [FXGL Background Thread 3 ] DEBUG Engine               - gameDifficulty: MEDIUM
00:50:33.789 [FXGL Background Thread 3 ] DEBUG Engine               - gameDifficultyProperty: ObjectProperty [value: MEDIUM]
00:50:33.789 [FXGL Background Thread 3 ] DEBUG Engine               - globalMusicVolume: 0.5
00:50:33.789 [FXGL Background Thread 3 ] DEBUG Engine               - globalMusicVolumeProperty: DoubleProperty [value: 0.5]
00:50:33.789 [FXGL Background Thread 3 ] DEBUG Engine               - globalSoundVolume: 0.5
00:50:33.789 [FXGL Background Thread 3 ] DEBUG Engine               - globalSoundVolumeProperty: DoubleProperty [value: 0.5]
00:50:33.789 [FXGL Background Thread 3 ] DEBUG Engine               - height: 670
00:50:33.789 [FXGL Background Thread 3 ] DEBUG Engine               - is3D: false
00:50:33.789 [FXGL Background Thread 3 ] DEBUG Engine               - isAndroid: false
00:50:33.789 [FXGL Background Thread 3 ] DEBUG Engine               - isBrowser: false
00:50:33.789 [FXGL Background Thread 3 ] DEBUG Engine               - isClickFeedbackEnabled: false
00:50:33.789 [FXGL Background Thread 3 ] DEBUG Engine               - isCloseConfirmation: false
00:50:33.789 [FXGL Background Thread 3 ] DEBUG Engine               - isDesktop: true
00:50:33.789 [FXGL Background Thread 3 ] DEBUG Engine               - isDeveloperMenuEnabled: false
00:50:33.789 [FXGL Background Thread 3 ] DEBUG Engine               - isEmbedded: false
00:50:33.790 [FXGL Background Thread 3 ] DEBUG Engine               - isEntityPreloadEnabled: true
00:50:33.790 [FXGL Background Thread 3 ] DEBUG Engine               - isExperimentalTiledLargeMap: false
00:50:33.790 [FXGL Background Thread 3 ] DEBUG Engine               - isFileSystemWriteAllowed: true
00:50:33.790 [FXGL Background Thread 3 ] DEBUG Engine               - isFullScreenAllowed: false
00:50:33.790 [FXGL Background Thread 3 ] DEBUG Engine               - isFullScreenFromStart: false
00:50:33.790 [FXGL Background Thread 3 ] DEBUG Engine               - isGameMenuEnabled: true
00:50:33.790 [FXGL Background Thread 3 ] DEBUG Engine               - isIOS: false
00:50:33.790 [FXGL Background Thread 3 ] DEBUG Engine               - isIntroEnabled: false
00:50:33.790 [FXGL Background Thread 3 ] DEBUG Engine               - isLinux: true
00:50:33.790 [FXGL Background Thread 3 ] DEBUG Engine               - isMac: false
00:50:33.790 [FXGL Background Thread 3 ] DEBUG Engine               - isMainMenuEnabled: false
00:50:33.790 [FXGL Background Thread 3 ] DEBUG Engine               - isManualResizeEnabled: false
00:50:33.790 [FXGL Background Thread 3 ] DEBUG Engine               - isMobile: false
00:50:33.790 [FXGL Background Thread 3 ] DEBUG Engine               - isNative: false
00:50:33.790 [FXGL Background Thread 3 ] DEBUG Engine               - isPauseMusicWhenMinimized: true
00:50:33.790 [FXGL Background Thread 3 ] DEBUG Engine               - isPreserveResizeRatio: false
00:50:33.791 [FXGL Background Thread 3 ] DEBUG Engine               - isProfilingEnabled: false
00:50:33.791 [FXGL Background Thread 3 ] DEBUG Engine               - isScaleAffectedOnResize: true
00:50:33.791 [FXGL Background Thread 3 ] DEBUG Engine               - isSingleStep: false
00:50:33.791 [FXGL Background Thread 3 ] DEBUG Engine               - isUserProfileEnabled: false
00:50:33.791 [FXGL Background Thread 3 ] DEBUG Engine               - isWindows: false
00:50:33.791 [FXGL Background Thread 3 ] DEBUG Engine               - language: ObjectProperty [value: ENGLISH]
00:50:33.791 [FXGL Background Thread 3 ] DEBUG Engine               - menuKey: ESCAPE
00:50:33.791 [FXGL Background Thread 3 ] DEBUG Engine               - mouseSensitivity: 0.2
00:50:33.791 [FXGL Background Thread 3 ] DEBUG Engine               - notificationViewClass: class com.almasb.fxgl.notification.view.XboxNotificationView
00:50:33.791 [FXGL Background Thread 3 ] DEBUG Engine               - pixelsPerMeter: 50.0
00:50:33.791 [FXGL Background Thread 3 ] DEBUG Engine               - platform: LINUX
00:50:33.791 [FXGL Background Thread 3 ] DEBUG Engine               - prefHeightProperty: ReadOnlyDoubleProperty [value: 670.0]
00:50:33.791 [FXGL Background Thread 3 ] DEBUG Engine               - prefWidthProperty: ReadOnlyDoubleProperty [value: 850.0]
00:50:33.791 [FXGL Background Thread 3 ] DEBUG Engine               - profileDir: profiles/
00:50:33.791 [FXGL Background Thread 3 ] DEBUG Engine               - profileName: StringProperty [value: DEFAULT]
00:50:33.791 [FXGL Background Thread 3 ] DEBUG Engine               - randomSeed: -1
00:50:33.792 [FXGL Background Thread 3 ] DEBUG Engine               - runtimeInfo: RuntimeInfo(platform=LINUX, version=17.2, build=20.08.2022 16.50)
00:50:33.792 [FXGL Background Thread 3 ] DEBUG Engine               - saveFileExt: sav
00:50:33.792 [FXGL Background Thread 3 ] DEBUG Engine               - scaledHeightProp$fxgl: DoubleProperty [bound, value: 677.0]
00:50:33.792 [FXGL Background Thread 3 ] DEBUG Engine               - scaledWidthProp$fxgl: DoubleProperty [bound, value: 850.0]
00:50:33.792 [FXGL Background Thread 3 ] DEBUG Engine               - sceneFactory: com.almasb.fxgl.app.scene.SceneFactory@118608a9
00:50:33.792 [FXGL Background Thread 3 ] DEBUG Engine               - secondsIn24h: 60
00:50:33.792 [FXGL Background Thread 3 ] DEBUG Engine               - soundMenuBack: menu/back.wav
00:50:33.792 [FXGL Background Thread 3 ] DEBUG Engine               - soundMenuPress: menu/press.wav
00:50:33.792 [FXGL Background Thread 3 ] DEBUG Engine               - soundMenuSelect: menu/select.wav
00:50:33.792 [FXGL Background Thread 3 ] DEBUG Engine               - soundNotification: core/notification.wav
00:50:33.792 [FXGL Background Thread 3 ] DEBUG Engine               - stageStyle: DECORATED
00:50:33.792 [FXGL Background Thread 3 ] DEBUG Engine               - supportedLanguages: [ENGLISH, FRENCH, GERMAN, HUNGARIAN, RUSSIAN]
00:50:33.792 [FXGL Background Thread 3 ] DEBUG Engine               - ticksPerSecond: -1
00:50:33.792 [FXGL Background Thread 3 ] DEBUG Engine               - title: Restaurant Game
00:50:33.792 [FXGL Background Thread 3 ] DEBUG Engine               - urlGithub: https://github.com/AlmasB/FXGL
00:50:33.792 [FXGL Background Thread 3 ] DEBUG Engine               - urlLeaderboard: http://fxgl-top.herokuapp.com/
00:50:33.792 [FXGL Background Thread 3 ] DEBUG Engine               - urlPOM: https://raw.githubusercontent.com/AlmasB/FXGL/release/README.md
00:50:33.793 [FXGL Background Thread 3 ] DEBUG Engine               - userAppClass: class fxglapp.FXGLGameApp
00:50:33.793 [FXGL Background Thread 3 ] DEBUG Engine               - version: 0.0
00:50:33.793 [FXGL Background Thread 3 ] DEBUG Engine               - versionCheckDays: 7
00:50:33.793 [FXGL Background Thread 3 ] DEBUG Engine               - width: 850
00:50:33.793 [FXGL Background Thread 3 ] DEBUG Engine               - Logging services
00:50:33.793 [FXGL Background Thread 3 ] DEBUG Engine               - class com.almasb.fxgl.app.services.FXGLAssetLoaderService
00:50:33.793 [FXGL Background Thread 3 ] DEBUG Engine               - class com.almasb.fxgl.app.FXGLApplication$GameApplicationService
00:50:33.793 [FXGL Background Thread 3 ] DEBUG Engine               - class com.almasb.fxgl.app.services.FXGLDialogService
00:50:33.793 [FXGL Background Thread 3 ] DEBUG Engine               - class com.almasb.fxgl.app.services.IOTaskExecutorService
00:50:33.793 [FXGL Background Thread 3 ] DEBUG Engine               - class com.almasb.fxgl.io.FileSystemService
00:50:33.793 [FXGL Background Thread 3 ] DEBUG Engine               - class com.almasb.fxgl.localization.LocalizationService
00:50:33.793 [FXGL Background Thread 3 ] DEBUG Engine               - class com.almasb.fxgl.app.services.SystemBundleService
00:50:33.793 [FXGL Background Thread 3 ] DEBUG Engine               - class com.almasb.fxgl.profile.SaveLoadService
00:50:33.793 [FXGL Background Thread 3 ] DEBUG Engine               - class com.almasb.fxgl.ui.FXGLUIFactoryServiceProvider
00:50:33.793 [FXGL Background Thread 3 ] DEBUG Engine               - class com.almasb.fxgl.ui.FXGLDialogFactoryServiceProvider
00:50:33.793 [FXGL Background Thread 3 ] DEBUG Engine               - class com.almasb.fxgl.audio.AudioPlayer
00:50:33.793 [FXGL Background Thread 3 ] DEBUG Engine               - class com.almasb.fxgl.notification.impl.NotificationServiceProvider
00:50:33.793 [FXGL Background Thread 3 ] DEBUG Engine               - class com.almasb.fxgl.achievement.AchievementService
00:50:33.794 [FXGL Background Thread 3 ] DEBUG Engine               - class com.almasb.fxgl.cutscene.CutsceneService
00:50:33.794 [FXGL Background Thread 3 ] DEBUG Engine               - class com.almasb.fxgl.minigames.MiniGameService
00:50:33.794 [FXGL Background Thread 3 ] DEBUG Engine               - class com.almasb.fxgl.net.NetService
00:50:33.794 [FXGL Background Thread 3 ] DEBUG Engine               - class com.almasb.fxgl.app.services.UpdaterService
00:50:33.794 [FXGL Background Thread 3 ] DEBUG Engine               - class com.almasb.fxgl.dev.DevService
00:50:58.901 [JavaFX Application Thread] DEBUG FXGLApplication      - Exiting FXGL
00:50:58.902 [JavaFX Application Thread] DEBUG LoopRunner           - Stopping loop
00:50:58.902 [JavaFX Application Thread] DEBUG SystemBundleService  - Saving FXGL system data
00:50:58.904 [JavaFX Application Thread] DEBUG FileSystemAccess     - Writing to: /home/chris/IdeaProjects/RestaurantSimulator/system/fxgl.bundle
00:50:58.904 [JavaFX Application Thread] DEBUG Async                - Shutting down background threads
00:50:58.905 [JavaFX Application Thread] DEBUG PrimaryStageWindow   - Closing main window
00:50:58.911 [JavaFX Application Thread] DEBUG Logger               - Closing Logger
