15:37:03.180 [main                     ] DEBUG Logger               - Configured Logger
15:37:03.232 [main                     ] DEBUG GameApplication      - Logging settings
Title: Restaurant Game
Version: 0.0
Width: 850
Height: 670
Fullscreen: false
Intro: false
Profiling: false
Single step:false
App Mode: DEVELOPER
Menu Key: ESCAPE
Stage Style: DECORATED
Scene Factory: class com.almasb.fxgl.app.scene.SceneFactory

15:37:03.736 [JavaFX Application Thread] DEBUG FXGLApplication      - Initializing FXGL
15:37:03.745 [JavaFX Application Thread] INFO  Engine               - FXGL-17.2 (20.08.2022 16.50) on LINUX (J:17.0.13 FX:18)
15:37:03.745 [JavaFX Application Thread] DEBUG Engine               - JRE Vendor Name: Red Hat, Inc.
15:37:03.746 [JavaFX Application Thread] DEBUG Engine               - Running on OS: Linux version 6.11.6-200.fc40.x86_64
15:37:03.746 [JavaFX Application Thread] DEBUG Engine               - Architecture: amd64
15:37:03.746 [JavaFX Application Thread] INFO  Engine               - Source code and latest versions at: https://github.com/AlmasB/FXGL
15:37:03.746 [JavaFX Application Thread] INFO  Engine               -       Ask questions and discuss at: https://github.com/AlmasB/FXGL/discussions
15:37:03.746 [JavaFX Application Thread] INFO  Engine               -              Join the FXGL chat at: https://gitter.im/AlmasB/FXGL
15:37:03.842 [JavaFX Application Thread] DEBUG PrimaryStageWindow   - Creating a JavaFX scene
15:37:03.920 [JavaFX Application Thread] DEBUG PrimaryStageWindow   - Target settings size: 850.0 x 670.0
15:37:03.921 [JavaFX Application Thread] DEBUG PrimaryStageWindow   - Scaled scene size:    850.0 x 670.0
15:37:03.921 [JavaFX Application Thread] DEBUG PrimaryStageWindow   - Scaled ratio: (1.0, 1.0)
15:37:03.922 [JavaFX Application Thread] DEBUG PrimaryStageWindow   - Set initial scene to FXGLStartupScene
15:37:03.930 [JavaFX Application Thread] DEBUG PrimaryStageWindow   - Opening main window
15:37:03.979 [JavaFX Application Thread] DEBUG PrimaryStageWindow   - Window border size: (2.0, 29.0)
15:37:03.979 [JavaFX Application Thread] DEBUG PrimaryStageWindow   - Scaled size: 850.0 x 670.0
15:37:03.980 [JavaFX Application Thread] DEBUG PrimaryStageWindow   - Scaled ratio: (1.0, 1.0)
15:37:03.980 [JavaFX Application Thread] DEBUG PrimaryStageWindow   - Scene size: 850.0 x 670.0
15:37:03.981 [JavaFX Application Thread] DEBUG PrimaryStageWindow   - Stage size: 852.0 x 699.0
15:37:03.987 [FXGL Background Thread 1 ] DEBUG Engine               - Initializing environment variables
15:37:04.024 [FXGL Background Thread 1 ] DEBUG FXGLAssetLoaderServi - User app class for loading assets: class fxglapp.FXGLGameApp
15:37:04.025 [FXGL Background Thread 1 ] DEBUG GameApplicationServi - Applying CSS: fxgl_dark.css
15:37:04.026 [FXGL Background Thread 1 ] DEBUG FXGLAssetLoaderServi - Loading from file system: jar:file:/home/chris/.m2/repository/com/github/almasb/fxgl/17.2/fxgl-17.2.jar!/fxglassets/ui/css/fxgl_dark.css
15:37:04.084 [FXGL Background Thread 1 ] DEBUG GameApplicationServi - Initializing application scenes
15:37:04.142 [FXGL Background Thread 1 ] DEBUG GameWorld            - Game world initialized
15:37:04.185 [FXGL Background Thread 1 ] DEBUG PhysicsWorld         - Physics world initialized: appHeight=670, physics.ppm=50.0
15:37:04.185 [FXGL Background Thread 1 ] DEBUG PhysicsWorld         - Using strategy: BRUTE_FORCE
15:37:04.189 [FXGL Background Thread 1 ] DEBUG GameScene            - Game scene initialized: 850x670
15:37:04.202 [FXGL Background Thread 1 ] DEBUG FXGL.DefaultMenu     - createMenuBodyGameMenu()
15:37:04.215 [FXGL Background Thread 1 ] DEBUG FXGL.DefaultMenu     - createOptionsMenu()
15:37:04.227 [FXGL Background Thread 1 ] DEBUG FXGLAssetLoaderServi - Loading from file system: jar:file:/home/chris/.m2/repository/com/github/almasb/fxgl/17.2/fxgl-17.2.jar!/fxglassets/textures/particles/smoke.png
15:37:04.319 [FXGL Background Thread 1 ] DEBUG FXGLAssetLoaderServi - Loading from file system: jar:file:/home/chris/.m2/repository/com/github/almasb/fxgl/17.2/fxgl-17.2.jar!/fxglassets/textures/particles/trace_horizontal.png
15:37:04.345 [FXGL Background Thread 1 ] DEBUG GameApplicationServi - Application scenes initialized
15:37:04.355 [FXGL Background Thread 1 ] DEBUG SystemBundleService  - Loading FXGL system data
15:37:04.357 [FXGL Background Thread 1 ] DEBUG FileSystemAccess     - Reading from: /home/chris/IdeaProjects/RestaurantSimulator/system/fxgl.bundle
15:37:04.360 [FXGL Background Thread 1 ] DEBUG SystemBundleService  - Bundle FXGL: {}
15:37:04.360 [FXGL Background Thread 1 ] DEBUG UpdaterService       - Checking for updates
15:37:04.364 [FXGL Background Thread 4 ] DEBUG FXGLApplication      - Loading fonts
15:37:04.364 [FXGL Background Thread 1 ] DEBUG FXGLApplication      - Loading default localization
15:37:04.364 [FXGL Background Thread 4 ] DEBUG FXGLAssetLoaderServi - Loading from file system: jar:file:/home/chris/.m2/repository/com/github/almasb/fxgl/17.2/fxgl-17.2.jar!/fxglassets/ui/fonts/VarelaRound-Regular.ttf
15:37:04.365 [FXGL Background Thread 1 ] DEBUG FXGLAssetLoaderServi - Loading from file system: jar:file:/home/chris/.m2/repository/com/github/almasb/fxgl/17.2/fxgl-17.2.jar!/fxglassets/languages/english.lang
15:37:04.371 [FXGL Background Thread 4 ] DEBUG FXGLAssetLoaderServi - Loading from file system: jar:file:/home/chris/.m2/repository/com/github/almasb/fxgl/17.2/fxgl-17.2.jar!/fxglassets/ui/fonts/Abel-Regular.ttf
15:37:04.373 [FXGL Background Thread 4 ] DEBUG FXGLAssetLoaderServi - Loading from file system: jar:file:/home/chris/.m2/repository/com/github/almasb/fxgl/17.2/fxgl-17.2.jar!/fxglassets/ui/fonts/TerminalLandMono-Regular.otf
15:37:04.376 [FXGL Background Thread 4 ] DEBUG FXGLAssetLoaderServi - Loading from file system: jar:file:/home/chris/.m2/repository/com/github/almasb/fxgl/17.2/fxgl-17.2.jar!/fxglassets/ui/fonts/Courier-Prime.ttf
15:37:04.381 [JavaFX Application Thread] DEBUG FXGLApplication      - Registering font factories with UI factory
15:37:04.386 [FXGL Background Thread 1 ] INFO  FXGLApplication      - FXGL initialization took: 0.399 sec
15:37:04.387 [JavaFX Application Thread] DEBUG FXGLAssetLoaderServi - Loading from file system: jar:file:/home/chris/.m2/repository/com/github/almasb/fxgl/17.2/fxgl-17.2.jar!/fxglassets/textures/fxgl_icon.png
15:37:04.423 [JavaFX Application Thread] DEBUG FXGLAssetLoaderServi - Loading from file system: jar:file:/home/chris/.m2/repository/com/github/almasb/fxgl/17.2/fxgl-17.2.jar!/fxglassets/textures/fxgl_default_cursor.png
15:37:04.434 [JavaFX Application Thread] DEBUG Input                - Registered new binding: Screenshot - CTRL+8
15:37:04.434 [JavaFX Application Thread] DEBUG Input                - Registered new binding: System info dump - CTRL+9
15:37:04.434 [JavaFX Application Thread] DEBUG Input                - Registered new binding: Restart - CTRL+R
15:37:04.435 [JavaFX Application Thread] DEBUG Input                - Registered new binding: Toggle Debug Camera - CTRL+7
15:37:04.437 [JavaFX Application Thread] DEBUG LoopRunner           - Starting loop
15:37:04.437 [JavaFX Application Thread] DEBUG LoopRunner           - Initializing JavaFX AnimationTimerLoop
15:37:04.438 [JavaFX Application Thread] DEBUG GameApplicationServi - Starting new game
15:37:04.438 [JavaFX Application Thread] DEBUG Input                - Clearing active input actions
15:37:04.449 [JavaFX Application Thread] DEBUG GameApplicationServi - Removing overlay from FXGLStartupScene and adding to FXGLLoadingScene
15:37:04.450 [JavaFX Application Thread] DEBUG PrimaryStageWindow   - FXGLStartupScene -> FXGLLoadingScene
15:37:04.450 [JavaFX Application Thread] DEBUG GameApplicationServi - Clearing previous game
15:37:04.450 [JavaFX Application Thread] DEBUG GameScene            - Clearing game scene
15:37:04.450 [JavaFX Application Thread] DEBUG GameWorld            - Clearing game world
15:37:04.450 [JavaFX Application Thread] DEBUG PhysicsWorld         - Clearing physics world
15:37:04.456 [FXGL Background Thread 1 ] DEBUG FXGLApplication      - Initializing game
15:37:04.725 [FXGL Background Thread 1 ] INFO  FXGLApplication      - Game initialization took: 0.268 sec
15:37:04.727 [JavaFX Application Thread] DEBUG Input                - Clearing active input actions
15:37:04.763 [JavaFX Application Thread] DEBUG GameApplicationServi - Removing overlay from FXGLLoadingScene and adding to GameScene
15:37:04.764 [JavaFX Application Thread] DEBUG PrimaryStageWindow   - FXGLLoadingScene -> GameScene
15:37:06.372 [FXGL Background Thread 2 ] INFO  UpdaterService       - Your current version:  17.2
15:37:06.372 [FXGL Background Thread 2 ] INFO  UpdaterService       - Latest stable version: 21.1
15:37:07.362 [FXGL Background Thread 3 ] DEBUG Engine               - Logging environment variables
15:37:07.363 [FXGL Background Thread 3 ] DEBUG Engine               - achievements: []
15:37:07.364 [FXGL Background Thread 3 ] DEBUG Engine               - actualHeight: -28.0
15:37:07.364 [FXGL Background Thread 3 ] DEBUG Engine               - actualHeightProperty: ReadOnlyDoubleProperty [value: 677.0]
15:37:07.364 [FXGL Background Thread 3 ] DEBUG Engine               - actualWidth: -1.0
15:37:07.364 [FXGL Background Thread 3 ] DEBUG Engine               - actualWidthProperty: ReadOnlyDoubleProperty [value: 850.0]
15:37:07.365 [FXGL Background Thread 3 ] DEBUG Engine               - appIcon: fxgl_icon.png
15:37:07.365 [FXGL Background Thread 3 ] DEBUG Engine               - applicationMode: DEVELOPER
15:37:07.365 [FXGL Background Thread 3 ] DEBUG Engine               - cSSList: [fxgl_dark.css]
15:37:07.365 [FXGL Background Thread 3 ] DEBUG Engine               - collisionDetectionStrategy: BRUTE_FORCE
15:37:07.365 [FXGL Background Thread 3 ] DEBUG Engine               - configClass: Optional.empty
15:37:07.365 [FXGL Background Thread 3 ] DEBUG Engine               - credits: []
15:37:07.366 [FXGL Background Thread 3 ] DEBUG Engine               - defaultCursor: CursorInfo(imageName=fxgl_default_cursor.png, hotspotX=7.0, hotspotY=6.0)
15:37:07.367 [FXGL Background Thread 3 ] DEBUG Engine               - devBBoxColorProperty: ObjectProperty [value: 0xff0000ff]
15:37:07.367 [FXGL Background Thread 3 ] DEBUG Engine               - devEnableDebugCameraProperty: BooleanProperty [value: false]
15:37:07.367 [FXGL Background Thread 3 ] DEBUG Engine               - devSensorColorProperty: ObjectProperty [value: 0xffff00ff]
15:37:07.367 [FXGL Background Thread 3 ] DEBUG Engine               - devShowBBoxProperty: BooleanProperty [value: false]
15:37:07.367 [FXGL Background Thread 3 ] DEBUG Engine               - devShowPositionProperty: BooleanProperty [value: false]
15:37:07.368 [FXGL Background Thread 3 ] DEBUG Engine               - enabledMenuItems: []
15:37:07.368 [FXGL Background Thread 3 ] DEBUG Engine               - engineServices: [class com.almasb.fxgl.app.services.FXGLAssetLoaderService, class com.almasb.fxgl.app.FXGLApplication$GameApplicationService, class com.almasb.fxgl.app.services.FXGLDialogService, class com.almasb.fxgl.app.services.IOTaskExecutorService, class com.almasb.fxgl.io.FileSystemService, class com.almasb.fxgl.localization.LocalizationService, class com.almasb.fxgl.app.services.SystemBundleService, class com.almasb.fxgl.profile.SaveLoadService, class com.almasb.fxgl.ui.FXGLUIFactoryServiceProvider, class com.almasb.fxgl.ui.FXGLDialogFactoryServiceProvider, class com.almasb.fxgl.audio.AudioPlayer, class com.almasb.fxgl.notification.impl.NotificationServiceProvider, class com.almasb.fxgl.achievement.AchievementService, class com.almasb.fxgl.cutscene.CutsceneService, class com.almasb.fxgl.minigames.MiniGameService, class com.almasb.fxgl.net.NetService, class com.almasb.fxgl.app.services.UpdaterService, class com.almasb.fxgl.dev.DevService]
15:37:07.368 [FXGL Background Thread 3 ] DEBUG Engine               - fontGame: Abel-Regular.ttf
15:37:07.368 [FXGL Background Thread 3 ] DEBUG Engine               - fontMono: TerminalLandMono-Regular.otf
15:37:07.368 [FXGL Background Thread 3 ] DEBUG Engine               - fontText: Courier-Prime.ttf
15:37:07.368 [FXGL Background Thread 3 ] DEBUG Engine               - fontUI: VarelaRound-Regular.ttf
15:37:07.368 [FXGL Background Thread 3 ] DEBUG Engine               - fullScreen: BooleanProperty [value: false]
15:37:07.369 [FXGL Background Thread 3 ] DEBUG Engine               - gameDifficulty: MEDIUM
15:37:07.369 [FXGL Background Thread 3 ] DEBUG Engine               - gameDifficultyProperty: ObjectProperty [value: MEDIUM]
15:37:07.369 [FXGL Background Thread 3 ] DEBUG Engine               - globalMusicVolume: 0.5
15:37:07.369 [FXGL Background Thread 3 ] DEBUG Engine               - globalMusicVolumeProperty: DoubleProperty [value: 0.5]
15:37:07.369 [FXGL Background Thread 3 ] DEBUG Engine               - globalSoundVolume: 0.5
15:37:07.369 [FXGL Background Thread 3 ] DEBUG Engine               - globalSoundVolumeProperty: DoubleProperty [value: 0.5]
15:37:07.370 [FXGL Background Thread 3 ] DEBUG Engine               - height: 670
15:37:07.370 [FXGL Background Thread 3 ] DEBUG Engine               - is3D: false
15:37:07.370 [FXGL Background Thread 3 ] DEBUG Engine               - isAndroid: false
15:37:07.370 [FXGL Background Thread 3 ] DEBUG Engine               - isBrowser: false
15:37:07.370 [FXGL Background Thread 3 ] DEBUG Engine               - isClickFeedbackEnabled: false
15:37:07.370 [FXGL Background Thread 3 ] DEBUG Engine               - isCloseConfirmation: false
15:37:07.370 [FXGL Background Thread 3 ] DEBUG Engine               - isDesktop: true
15:37:07.371 [FXGL Background Thread 3 ] DEBUG Engine               - isDeveloperMenuEnabled: false
15:37:07.371 [FXGL Background Thread 3 ] DEBUG Engine               - isEmbedded: false
15:37:07.371 [FXGL Background Thread 3 ] DEBUG Engine               - isEntityPreloadEnabled: true
15:37:07.371 [FXGL Background Thread 3 ] DEBUG Engine               - isExperimentalTiledLargeMap: false
15:37:07.371 [FXGL Background Thread 3 ] DEBUG Engine               - isFileSystemWriteAllowed: true
15:37:07.371 [FXGL Background Thread 3 ] DEBUG Engine               - isFullScreenAllowed: false
15:37:07.371 [FXGL Background Thread 3 ] DEBUG Engine               - isFullScreenFromStart: false
15:37:07.372 [FXGL Background Thread 3 ] DEBUG Engine               - isGameMenuEnabled: true
15:37:07.372 [FXGL Background Thread 3 ] DEBUG Engine               - isIOS: false
15:37:07.372 [FXGL Background Thread 3 ] DEBUG Engine               - isIntroEnabled: false
15:37:07.372 [FXGL Background Thread 3 ] DEBUG Engine               - isLinux: true
15:37:07.372 [FXGL Background Thread 3 ] DEBUG Engine               - isMac: false
15:37:07.372 [FXGL Background Thread 3 ] DEBUG Engine               - isMainMenuEnabled: false
15:37:07.372 [FXGL Background Thread 3 ] DEBUG Engine               - isManualResizeEnabled: false
15:37:07.373 [FXGL Background Thread 3 ] DEBUG Engine               - isMobile: false
15:37:07.373 [FXGL Background Thread 3 ] DEBUG Engine               - isNative: false
15:37:07.373 [FXGL Background Thread 3 ] DEBUG Engine               - isPauseMusicWhenMinimized: true
15:37:07.373 [FXGL Background Thread 3 ] DEBUG Engine               - isPreserveResizeRatio: false
15:37:07.373 [FXGL Background Thread 3 ] DEBUG Engine               - isProfilingEnabled: false
15:37:07.373 [FXGL Background Thread 3 ] DEBUG Engine               - isScaleAffectedOnResize: true
15:37:07.374 [FXGL Background Thread 3 ] DEBUG Engine               - isSingleStep: false
15:37:07.374 [FXGL Background Thread 3 ] DEBUG Engine               - isUserProfileEnabled: false
15:37:07.374 [FXGL Background Thread 3 ] DEBUG Engine               - isWindows: false
15:37:07.374 [FXGL Background Thread 3 ] DEBUG Engine               - language: ObjectProperty [value: ENGLISH]
15:37:07.374 [FXGL Background Thread 3 ] DEBUG Engine               - menuKey: ESCAPE
15:37:07.374 [FXGL Background Thread 3 ] DEBUG Engine               - mouseSensitivity: 0.2
15:37:07.374 [FXGL Background Thread 3 ] DEBUG Engine               - notificationViewClass: class com.almasb.fxgl.notification.view.XboxNotificationView
15:37:07.375 [FXGL Background Thread 3 ] DEBUG Engine               - pixelsPerMeter: 50.0
15:37:07.375 [FXGL Background Thread 3 ] DEBUG Engine               - platform: LINUX
15:37:07.375 [FXGL Background Thread 3 ] DEBUG Engine               - prefHeightProperty: ReadOnlyDoubleProperty [value: 670.0]
15:37:07.375 [FXGL Background Thread 3 ] DEBUG Engine               - prefWidthProperty: ReadOnlyDoubleProperty [value: 850.0]
15:37:07.375 [FXGL Background Thread 3 ] DEBUG Engine               - profileDir: profiles/
15:37:07.375 [FXGL Background Thread 3 ] DEBUG Engine               - profileName: StringProperty [value: DEFAULT]
15:37:07.375 [FXGL Background Thread 3 ] DEBUG Engine               - randomSeed: -1
15:37:07.376 [FXGL Background Thread 3 ] DEBUG Engine               - runtimeInfo: RuntimeInfo(platform=LINUX, version=17.2, build=20.08.2022 16.50)
15:37:07.376 [FXGL Background Thread 3 ] DEBUG Engine               - saveFileExt: sav
15:37:07.376 [FXGL Background Thread 3 ] DEBUG Engine               - scaledHeightProp$fxgl: DoubleProperty [bound, value: 677.0]
15:37:07.377 [FXGL Background Thread 3 ] DEBUG Engine               - scaledWidthProp$fxgl: DoubleProperty [bound, value: 850.0]
15:37:07.377 [FXGL Background Thread 3 ] DEBUG Engine               - sceneFactory: com.almasb.fxgl.app.scene.SceneFactory@57154c58
15:37:07.377 [FXGL Background Thread 3 ] DEBUG Engine               - secondsIn24h: 60
15:37:07.377 [FXGL Background Thread 3 ] DEBUG Engine               - soundMenuBack: menu/back.wav
15:37:07.377 [FXGL Background Thread 3 ] DEBUG Engine               - soundMenuPress: menu/press.wav
15:37:07.377 [FXGL Background Thread 3 ] DEBUG Engine               - soundMenuSelect: menu/select.wav
15:37:07.378 [FXGL Background Thread 3 ] DEBUG Engine               - soundNotification: core/notification.wav
15:37:07.378 [FXGL Background Thread 3 ] DEBUG Engine               - stageStyle: DECORATED
15:37:07.378 [FXGL Background Thread 3 ] DEBUG Engine               - supportedLanguages: [ENGLISH, FRENCH, GERMAN, HUNGARIAN, RUSSIAN]
15:37:07.378 [FXGL Background Thread 3 ] DEBUG Engine               - ticksPerSecond: -1
15:37:07.378 [FXGL Background Thread 3 ] DEBUG Engine               - title: Restaurant Game
15:37:07.378 [FXGL Background Thread 3 ] DEBUG Engine               - urlGithub: https://github.com/AlmasB/FXGL
15:37:07.378 [FXGL Background Thread 3 ] DEBUG Engine               - urlLeaderboard: http://fxgl-top.herokuapp.com/
15:37:07.379 [FXGL Background Thread 3 ] DEBUG Engine               - urlPOM: https://raw.githubusercontent.com/AlmasB/FXGL/release/README.md
15:37:07.379 [FXGL Background Thread 3 ] DEBUG Engine               - userAppClass: class fxglapp.FXGLGameApp
15:37:07.379 [FXGL Background Thread 3 ] DEBUG Engine               - version: 0.0
15:37:07.379 [FXGL Background Thread 3 ] DEBUG Engine               - versionCheckDays: 7
15:37:07.379 [FXGL Background Thread 3 ] DEBUG Engine               - width: 850
15:37:07.380 [FXGL Background Thread 3 ] DEBUG Engine               - Logging services
15:37:07.380 [FXGL Background Thread 3 ] DEBUG Engine               - class com.almasb.fxgl.app.services.FXGLAssetLoaderService
15:37:07.380 [FXGL Background Thread 3 ] DEBUG Engine               - class com.almasb.fxgl.app.FXGLApplication$GameApplicationService
15:37:07.380 [FXGL Background Thread 3 ] DEBUG Engine               - class com.almasb.fxgl.app.services.FXGLDialogService
15:37:07.380 [FXGL Background Thread 3 ] DEBUG Engine               - class com.almasb.fxgl.app.services.IOTaskExecutorService
15:37:07.380 [FXGL Background Thread 3 ] DEBUG Engine               - class com.almasb.fxgl.io.FileSystemService
15:37:07.381 [FXGL Background Thread 3 ] DEBUG Engine               - class com.almasb.fxgl.localization.LocalizationService
15:37:07.381 [FXGL Background Thread 3 ] DEBUG Engine               - class com.almasb.fxgl.app.services.SystemBundleService
15:37:07.381 [FXGL Background Thread 3 ] DEBUG Engine               - class com.almasb.fxgl.profile.SaveLoadService
15:37:07.381 [FXGL Background Thread 3 ] DEBUG Engine               - class com.almasb.fxgl.ui.FXGLUIFactoryServiceProvider
15:37:07.381 [FXGL Background Thread 3 ] DEBUG Engine               - class com.almasb.fxgl.ui.FXGLDialogFactoryServiceProvider
15:37:07.381 [FXGL Background Thread 3 ] DEBUG Engine               - class com.almasb.fxgl.audio.AudioPlayer
15:37:07.381 [FXGL Background Thread 3 ] DEBUG Engine               - class com.almasb.fxgl.notification.impl.NotificationServiceProvider
15:37:07.381 [FXGL Background Thread 3 ] DEBUG Engine               - class com.almasb.fxgl.achievement.AchievementService
15:37:07.382 [FXGL Background Thread 3 ] DEBUG Engine               - class com.almasb.fxgl.cutscene.CutsceneService
15:37:07.382 [FXGL Background Thread 3 ] DEBUG Engine               - class com.almasb.fxgl.minigames.MiniGameService
15:37:07.382 [FXGL Background Thread 3 ] DEBUG Engine               - class com.almasb.fxgl.net.NetService
15:37:07.382 [FXGL Background Thread 3 ] DEBUG Engine               - class com.almasb.fxgl.app.services.UpdaterService
15:37:07.382 [FXGL Background Thread 3 ] DEBUG Engine               - class com.almasb.fxgl.dev.DevService
15:37:13.258 [Thread-13                ] DEBUG LoopRunner           - Stopping loop
15:37:13.261 [Thread-13                ] FATAL FXGLApplication      - Uncaught Exception:
java.util.ConcurrentModificationException
	at java.base/java.util.ArrayList$ArrayListSpliterator.forEachRemaining(ArrayList.java:1631)
	at java.base/java.util.stream.AbstractPipeline.copyInto(AbstractPipeline.java:509)
	at java.base/java.util.stream.AbstractPipeline.wrapAndCopyInto(AbstractPipeline.java:499)
	at java.base/java.util.stream.ReduceOps$ReduceOp.evaluateSequential(ReduceOps.java:921)
	at java.base/java.util.stream.ReduceOps$5.evaluateSequential(ReduceOps.java:258)
	at java.base/java.util.stream.ReduceOps$5.evaluateSequential(ReduceOps.java:248)
	at java.base/java.util.stream.AbstractPipeline.evaluate(AbstractPipeline.java:234)
	at java.base/java.util.stream.ReferencePipeline.count(ReferencePipeline.java:709)
	at fxglapp.cliente.CustomerManager.isRestaurantFull(CustomerManager.java:38)
	at fxglapp.cliente.CustomerMonitor.enterRestaurant(CustomerMonitor.java:22)
	at fxglapp.cliente.Customer.run(Customer.java:21)
	at java.base/java.lang.Thread.run(Thread.java:840)

15:37:13.261 [Thread-13                ] FATAL FXGLApplication      - Application will now exit
15:37:13.296 [Thread-13                ] DEBUG PrimaryStageWindow   - Push state: ErrorSubScene
15:37:13.296 [Thread-13                ] DEBUG Input                - Clearing active input actions
15:37:32.246 [JavaFX Application Thread] DEBUG FXGLApplication      - Exiting FXGL
15:37:32.246 [JavaFX Application Thread] DEBUG Async                - Shutting down background threads
15:37:32.246 [JavaFX Application Thread] DEBUG PrimaryStageWindow   - Closing main window
15:37:32.255 [JavaFX Application Thread] DEBUG Logger               - Closing Logger
