19:25:33.140 [main                     ] DEBUG Logger               - Configured Logger
19:25:33.173 [main                     ] DEBUG GameApplication      - Logging settings
Title: Restaurant Game
Version: 0.0
Width: 850
Height: 670
Fullscreen: false
Intro: false
Profiling: false
Single step:false
App Mode: DEVELOPER
Menu Key: ESCAPE
Stage Style: DECORATED
Scene Factory: class com.almasb.fxgl.app.scene.SceneFactory

19:25:33.577 [JavaFX Application Thread] DEBUG FXGLApplication      - Initializing FXGL
19:25:33.585 [JavaFX Application Thread] INFO  Engine               - FXGL-17.2 (20.08.2022 16.50) on LINUX (J:17.0.13 FX:18)
19:25:33.586 [JavaFX Application Thread] DEBUG Engine               - JRE Vendor Name: Red Hat, Inc.
19:25:33.586 [JavaFX Application Thread] DEBUG Engine               - Running on OS: Linux version 6.11.6-200.fc40.x86_64
19:25:33.586 [JavaFX Application Thread] DEBUG Engine               - Architecture: amd64
19:25:33.587 [JavaFX Application Thread] INFO  Engine               - Source code and latest versions at: https://github.com/AlmasB/FXGL
19:25:33.587 [JavaFX Application Thread] INFO  Engine               -       Ask questions and discuss at: https://github.com/AlmasB/FXGL/discussions
19:25:33.587 [JavaFX Application Thread] INFO  Engine               -              Join the FXGL chat at: https://gitter.im/AlmasB/FXGL
19:25:33.702 [JavaFX Application Thread] DEBUG PrimaryStageWindow   - Creating a JavaFX scene
19:25:33.790 [JavaFX Application Thread] DEBUG PrimaryStageWindow   - Target settings size: 850.0 x 670.0
19:25:33.790 [JavaFX Application Thread] DEBUG PrimaryStageWindow   - Scaled scene size:    850.0 x 670.0
19:25:33.791 [JavaFX Application Thread] DEBUG PrimaryStageWindow   - Scaled ratio: (1.0, 1.0)
19:25:33.792 [JavaFX Application Thread] DEBUG PrimaryStageWindow   - Set initial scene to FXGLStartupScene
19:25:33.801 [JavaFX Application Thread] DEBUG PrimaryStageWindow   - Opening main window
19:25:33.848 [JavaFX Application Thread] DEBUG PrimaryStageWindow   - Window border size: (2.0, 29.0)
19:25:33.848 [JavaFX Application Thread] DEBUG PrimaryStageWindow   - Scaled size: 850.0 x 670.0
19:25:33.848 [JavaFX Application Thread] DEBUG PrimaryStageWindow   - Scaled ratio: (1.0, 1.0)
19:25:33.849 [JavaFX Application Thread] DEBUG PrimaryStageWindow   - Scene size: 850.0 x 670.0
19:25:33.849 [JavaFX Application Thread] DEBUG PrimaryStageWindow   - Stage size: 852.0 x 699.0
19:25:33.855 [FXGL Background Thread 1 ] DEBUG Engine               - Initializing environment variables
19:25:33.883 [FXGL Background Thread 1 ] DEBUG FXGLAssetLoaderServi - User app class for loading assets: class fxglapp.FXGLGameApp
19:25:33.883 [FXGL Background Thread 1 ] DEBUG GameApplicationServi - Applying CSS: fxgl_dark.css
19:25:33.884 [FXGL Background Thread 1 ] DEBUG FXGLAssetLoaderServi - Loading from file system: jar:file:/home/chris/.m2/repository/com/github/almasb/fxgl/17.2/fxgl-17.2.jar!/fxglassets/ui/css/fxgl_dark.css
19:25:33.939 [FXGL Background Thread 1 ] DEBUG GameApplicationServi - Initializing application scenes
19:25:33.993 [FXGL Background Thread 1 ] DEBUG GameWorld            - Game world initialized
19:25:34.040 [FXGL Background Thread 1 ] DEBUG PhysicsWorld         - Physics world initialized: appHeight=670, physics.ppm=50.0
19:25:34.040 [FXGL Background Thread 1 ] DEBUG PhysicsWorld         - Using strategy: BRUTE_FORCE
19:25:34.045 [FXGL Background Thread 1 ] DEBUG GameScene            - Game scene initialized: 850x670
19:25:34.058 [FXGL Background Thread 1 ] DEBUG FXGL.DefaultMenu     - createMenuBodyGameMenu()
19:25:34.071 [FXGL Background Thread 1 ] DEBUG FXGL.DefaultMenu     - createOptionsMenu()
19:25:34.082 [FXGL Background Thread 1 ] DEBUG FXGLAssetLoaderServi - Loading from file system: jar:file:/home/chris/.m2/repository/com/github/almasb/fxgl/17.2/fxgl-17.2.jar!/fxglassets/textures/particles/smoke.png
19:25:34.182 [FXGL Background Thread 1 ] DEBUG FXGLAssetLoaderServi - Loading from file system: jar:file:/home/chris/.m2/repository/com/github/almasb/fxgl/17.2/fxgl-17.2.jar!/fxglassets/textures/particles/trace_horizontal.png
19:25:34.210 [FXGL Background Thread 1 ] DEBUG GameApplicationServi - Application scenes initialized
19:25:34.223 [FXGL Background Thread 1 ] DEBUG SystemBundleService  - Loading FXGL system data
19:25:34.225 [FXGL Background Thread 1 ] DEBUG FileSystemAccess     - Reading from: /home/chris/IdeaProjects/RestaurantSimulator/system/fxgl.bundle
19:25:34.228 [FXGL Background Thread 1 ] DEBUG SystemBundleService  - Bundle FXGL: {}
19:25:34.228 [FXGL Background Thread 1 ] DEBUG UpdaterService       - Checking for updates
19:25:34.232 [FXGL Background Thread 4 ] DEBUG FXGLApplication      - Loading fonts
19:25:34.233 [FXGL Background Thread 4 ] DEBUG FXGLAssetLoaderServi - Loading from file system: jar:file:/home/chris/.m2/repository/com/github/almasb/fxgl/17.2/fxgl-17.2.jar!/fxglassets/ui/fonts/VarelaRound-Regular.ttf
19:25:34.233 [FXGL Background Thread 1 ] DEBUG FXGLApplication      - Loading default localization
19:25:34.233 [FXGL Background Thread 1 ] DEBUG FXGLAssetLoaderServi - Loading from file system: jar:file:/home/chris/.m2/repository/com/github/almasb/fxgl/17.2/fxgl-17.2.jar!/fxglassets/languages/english.lang
19:25:34.238 [FXGL Background Thread 4 ] DEBUG FXGLAssetLoaderServi - Loading from file system: jar:file:/home/chris/.m2/repository/com/github/almasb/fxgl/17.2/fxgl-17.2.jar!/fxglassets/ui/fonts/Abel-Regular.ttf
19:25:34.239 [FXGL Background Thread 4 ] DEBUG FXGLAssetLoaderServi - Loading from file system: jar:file:/home/chris/.m2/repository/com/github/almasb/fxgl/17.2/fxgl-17.2.jar!/fxglassets/ui/fonts/TerminalLandMono-Regular.otf
19:25:34.241 [FXGL Background Thread 4 ] DEBUG FXGLAssetLoaderServi - Loading from file system: jar:file:/home/chris/.m2/repository/com/github/almasb/fxgl/17.2/fxgl-17.2.jar!/fxglassets/ui/fonts/Courier-Prime.ttf
19:25:34.245 [JavaFX Application Thread] DEBUG FXGLApplication      - Registering font factories with UI factory
19:25:34.251 [FXGL Background Thread 1 ] INFO  FXGLApplication      - FXGL initialization took: 0.395 sec
19:25:34.252 [JavaFX Application Thread] DEBUG FXGLAssetLoaderServi - Loading from file system: jar:file:/home/chris/.m2/repository/com/github/almasb/fxgl/17.2/fxgl-17.2.jar!/fxglassets/textures/fxgl_icon.png
19:25:34.282 [JavaFX Application Thread] DEBUG FXGLAssetLoaderServi - Loading from file system: jar:file:/home/chris/.m2/repository/com/github/almasb/fxgl/17.2/fxgl-17.2.jar!/fxglassets/textures/fxgl_default_cursor.png
19:25:34.299 [JavaFX Application Thread] DEBUG Input                - Registered new binding: Screenshot - CTRL+8
19:25:34.300 [JavaFX Application Thread] DEBUG Input                - Registered new binding: System info dump - CTRL+9
19:25:34.300 [JavaFX Application Thread] DEBUG Input                - Registered new binding: Restart - CTRL+R
19:25:34.301 [JavaFX Application Thread] DEBUG Input                - Registered new binding: Toggle Debug Camera - CTRL+7
19:25:34.303 [JavaFX Application Thread] DEBUG LoopRunner           - Starting loop
19:25:34.304 [JavaFX Application Thread] DEBUG LoopRunner           - Initializing JavaFX AnimationTimerLoop
19:25:34.307 [JavaFX Application Thread] DEBUG GameApplicationServi - Starting new game
19:25:34.308 [JavaFX Application Thread] DEBUG Input                - Clearing active input actions
19:25:34.320 [JavaFX Application Thread] DEBUG GameApplicationServi - Removing overlay from FXGLStartupScene and adding to FXGLLoadingScene
19:25:34.321 [JavaFX Application Thread] DEBUG PrimaryStageWindow   - FXGLStartupScene -> FXGLLoadingScene
19:25:34.321 [JavaFX Application Thread] DEBUG GameApplicationServi - Clearing previous game
19:25:34.321 [JavaFX Application Thread] DEBUG GameScene            - Clearing game scene
19:25:34.321 [JavaFX Application Thread] DEBUG GameWorld            - Clearing game world
19:25:34.321 [JavaFX Application Thread] DEBUG PhysicsWorld         - Clearing physics world
19:25:34.323 [FXGL Background Thread 1 ] DEBUG FXGLApplication      - Initializing game
19:25:34.534 [FXGL Background Thread 1 ] INFO  FXGLApplication      - Game initialization took: 0.211 sec
19:25:34.546 [JavaFX Application Thread] DEBUG Input                - Clearing active input actions
19:25:34.587 [JavaFX Application Thread] DEBUG GameApplicationServi - Removing overlay from FXGLLoadingScene and adding to GameScene
19:25:34.587 [JavaFX Application Thread] DEBUG PrimaryStageWindow   - FXGLLoadingScene -> GameScene
19:25:34.804 [FXGL Background Thread 2 ] INFO  UpdaterService       - Your current version:  17.2
19:25:34.805 [FXGL Background Thread 2 ] INFO  UpdaterService       - Latest stable version: 21.1
19:25:37.231 [FXGL Background Thread 3 ] DEBUG Engine               - Logging environment variables
19:25:37.233 [FXGL Background Thread 3 ] DEBUG Engine               - achievements: []
19:25:37.234 [FXGL Background Thread 3 ] DEBUG Engine               - actualHeight: 641.0
19:25:37.235 [FXGL Background Thread 3 ] DEBUG Engine               - actualHeightProperty: ReadOnlyDoubleProperty [value: 677.0]
19:25:37.235 [FXGL Background Thread 3 ] DEBUG Engine               - actualWidth: 848.0
19:25:37.236 [FXGL Background Thread 3 ] DEBUG Engine               - actualWidthProperty: ReadOnlyDoubleProperty [value: 850.0]
19:25:37.236 [FXGL Background Thread 3 ] DEBUG Engine               - appIcon: fxgl_icon.png
19:25:37.237 [FXGL Background Thread 3 ] DEBUG Engine               - applicationMode: DEVELOPER
19:25:37.237 [FXGL Background Thread 3 ] DEBUG Engine               - cSSList: [fxgl_dark.css]
19:25:37.238 [FXGL Background Thread 3 ] DEBUG Engine               - collisionDetectionStrategy: BRUTE_FORCE
19:25:37.238 [FXGL Background Thread 3 ] DEBUG Engine               - configClass: Optional.empty
19:25:37.239 [FXGL Background Thread 3 ] DEBUG Engine               - credits: []
19:25:37.240 [FXGL Background Thread 3 ] DEBUG Engine               - defaultCursor: CursorInfo(imageName=fxgl_default_cursor.png, hotspotX=7.0, hotspotY=6.0)
19:25:37.241 [FXGL Background Thread 3 ] DEBUG Engine               - devBBoxColorProperty: ObjectProperty [value: 0xff0000ff]
19:25:37.242 [FXGL Background Thread 3 ] DEBUG Engine               - devEnableDebugCameraProperty: BooleanProperty [value: false]
19:25:37.242 [FXGL Background Thread 3 ] DEBUG Engine               - devSensorColorProperty: ObjectProperty [value: 0xffff00ff]
19:25:37.243 [FXGL Background Thread 3 ] DEBUG Engine               - devShowBBoxProperty: BooleanProperty [value: false]
19:25:37.243 [FXGL Background Thread 3 ] DEBUG Engine               - devShowPositionProperty: BooleanProperty [value: false]
19:25:37.243 [FXGL Background Thread 3 ] DEBUG Engine               - enabledMenuItems: []
19:25:37.244 [FXGL Background Thread 3 ] DEBUG Engine               - engineServices: [class com.almasb.fxgl.app.services.FXGLAssetLoaderService, class com.almasb.fxgl.app.FXGLApplication$GameApplicationService, class com.almasb.fxgl.app.services.FXGLDialogService, class com.almasb.fxgl.app.services.IOTaskExecutorService, class com.almasb.fxgl.io.FileSystemService, class com.almasb.fxgl.localization.LocalizationService, class com.almasb.fxgl.app.services.SystemBundleService, class com.almasb.fxgl.profile.SaveLoadService, class com.almasb.fxgl.ui.FXGLUIFactoryServiceProvider, class com.almasb.fxgl.ui.FXGLDialogFactoryServiceProvider, class com.almasb.fxgl.audio.AudioPlayer, class com.almasb.fxgl.notification.impl.NotificationServiceProvider, class com.almasb.fxgl.achievement.AchievementService, class com.almasb.fxgl.cutscene.CutsceneService, class com.almasb.fxgl.minigames.MiniGameService, class com.almasb.fxgl.net.NetService, class com.almasb.fxgl.app.services.UpdaterService, class com.almasb.fxgl.dev.DevService]
19:25:37.245 [FXGL Background Thread 3 ] DEBUG Engine               - fontGame: Abel-Regular.ttf
19:25:37.245 [FXGL Background Thread 3 ] DEBUG Engine               - fontMono: TerminalLandMono-Regular.otf
19:25:37.245 [FXGL Background Thread 3 ] DEBUG Engine               - fontText: Courier-Prime.ttf
19:25:37.246 [FXGL Background Thread 3 ] DEBUG Engine               - fontUI: VarelaRound-Regular.ttf
19:25:37.246 [FXGL Background Thread 3 ] DEBUG Engine               - fullScreen: BooleanProperty [value: false]
19:25:37.246 [FXGL Background Thread 3 ] DEBUG Engine               - gameDifficulty: MEDIUM
19:25:37.247 [FXGL Background Thread 3 ] DEBUG Engine               - gameDifficultyProperty: ObjectProperty [value: MEDIUM]
19:25:37.247 [FXGL Background Thread 3 ] DEBUG Engine               - globalMusicVolume: 0.5
19:25:37.247 [FXGL Background Thread 3 ] DEBUG Engine               - globalMusicVolumeProperty: DoubleProperty [value: 0.5]
19:25:37.248 [FXGL Background Thread 3 ] DEBUG Engine               - globalSoundVolume: 0.5
19:25:37.248 [FXGL Background Thread 3 ] DEBUG Engine               - globalSoundVolumeProperty: DoubleProperty [value: 0.5]
19:25:37.249 [FXGL Background Thread 3 ] DEBUG Engine               - height: 670
19:25:37.249 [FXGL Background Thread 3 ] DEBUG Engine               - is3D: false
19:25:37.249 [FXGL Background Thread 3 ] DEBUG Engine               - isAndroid: false
19:25:37.251 [FXGL Background Thread 3 ] DEBUG Engine               - isBrowser: false
19:25:37.251 [FXGL Background Thread 3 ] DEBUG Engine               - isClickFeedbackEnabled: false
19:25:37.252 [FXGL Background Thread 3 ] DEBUG Engine               - isCloseConfirmation: false
19:25:37.252 [FXGL Background Thread 3 ] DEBUG Engine               - isDesktop: true
19:25:37.252 [FXGL Background Thread 3 ] DEBUG Engine               - isDeveloperMenuEnabled: false
19:25:37.253 [FXGL Background Thread 3 ] DEBUG Engine               - isEmbedded: false
19:25:37.253 [FXGL Background Thread 3 ] DEBUG Engine               - isEntityPreloadEnabled: true
19:25:37.254 [FXGL Background Thread 3 ] DEBUG Engine               - isExperimentalTiledLargeMap: false
19:25:37.254 [FXGL Background Thread 3 ] DEBUG Engine               - isFileSystemWriteAllowed: true
19:25:37.254 [FXGL Background Thread 3 ] DEBUG Engine               - isFullScreenAllowed: false
19:25:37.254 [FXGL Background Thread 3 ] DEBUG Engine               - isFullScreenFromStart: false
19:25:37.255 [FXGL Background Thread 3 ] DEBUG Engine               - isGameMenuEnabled: true
19:25:37.255 [FXGL Background Thread 3 ] DEBUG Engine               - isIOS: false
19:25:37.255 [FXGL Background Thread 3 ] DEBUG Engine               - isIntroEnabled: false
19:25:37.255 [FXGL Background Thread 3 ] DEBUG Engine               - isLinux: true
19:25:37.256 [FXGL Background Thread 3 ] DEBUG Engine               - isMac: false
19:25:37.256 [FXGL Background Thread 3 ] DEBUG Engine               - isMainMenuEnabled: false
19:25:37.257 [FXGL Background Thread 3 ] DEBUG Engine               - isManualResizeEnabled: false
19:25:37.257 [FXGL Background Thread 3 ] DEBUG Engine               - isMobile: false
19:25:37.257 [FXGL Background Thread 3 ] DEBUG Engine               - isNative: false
19:25:37.258 [FXGL Background Thread 3 ] DEBUG Engine               - isPauseMusicWhenMinimized: true
19:25:37.258 [FXGL Background Thread 3 ] DEBUG Engine               - isPreserveResizeRatio: false
19:25:37.259 [FXGL Background Thread 3 ] DEBUG Engine               - isProfilingEnabled: false
19:25:37.259 [FXGL Background Thread 3 ] DEBUG Engine               - isScaleAffectedOnResize: true
19:25:37.259 [FXGL Background Thread 3 ] DEBUG Engine               - isSingleStep: false
19:25:37.259 [FXGL Background Thread 3 ] DEBUG Engine               - isUserProfileEnabled: false
19:25:37.260 [FXGL Background Thread 3 ] DEBUG Engine               - isWindows: false
19:25:37.260 [FXGL Background Thread 3 ] DEBUG Engine               - language: ObjectProperty [value: ENGLISH]
19:25:37.260 [FXGL Background Thread 3 ] DEBUG Engine               - menuKey: ESCAPE
19:25:37.260 [FXGL Background Thread 3 ] DEBUG Engine               - mouseSensitivity: 0.2
19:25:37.260 [FXGL Background Thread 3 ] DEBUG Engine               - notificationViewClass: class com.almasb.fxgl.notification.view.XboxNotificationView
19:25:37.260 [FXGL Background Thread 3 ] DEBUG Engine               - pixelsPerMeter: 50.0
19:25:37.261 [FXGL Background Thread 3 ] DEBUG Engine               - platform: LINUX
19:25:37.261 [FXGL Background Thread 3 ] DEBUG Engine               - prefHeightProperty: ReadOnlyDoubleProperty [value: 670.0]
19:25:37.261 [FXGL Background Thread 3 ] DEBUG Engine               - prefWidthProperty: ReadOnlyDoubleProperty [value: 850.0]
19:25:37.262 [FXGL Background Thread 3 ] DEBUG Engine               - profileDir: profiles/
19:25:37.262 [FXGL Background Thread 3 ] DEBUG Engine               - profileName: StringProperty [value: DEFAULT]
19:25:37.262 [FXGL Background Thread 3 ] DEBUG Engine               - randomSeed: -1
19:25:37.263 [FXGL Background Thread 3 ] DEBUG Engine               - runtimeInfo: RuntimeInfo(platform=LINUX, version=17.2, build=20.08.2022 16.50)
19:25:37.263 [FXGL Background Thread 3 ] DEBUG Engine               - saveFileExt: sav
19:25:37.263 [FXGL Background Thread 3 ] DEBUG Engine               - scaledHeightProp$fxgl: DoubleProperty [bound, value: 677.0]
19:25:37.264 [FXGL Background Thread 3 ] DEBUG Engine               - scaledWidthProp$fxgl: DoubleProperty [bound, value: 850.0]
19:25:37.264 [FXGL Background Thread 3 ] DEBUG Engine               - sceneFactory: com.almasb.fxgl.app.scene.SceneFactory@2e97ce96
19:25:37.264 [FXGL Background Thread 3 ] DEBUG Engine               - secondsIn24h: 60
19:25:37.264 [FXGL Background Thread 3 ] DEBUG Engine               - soundMenuBack: menu/back.wav
19:25:37.265 [FXGL Background Thread 3 ] DEBUG Engine               - soundMenuPress: menu/press.wav
19:25:37.265 [FXGL Background Thread 3 ] DEBUG Engine               - soundMenuSelect: menu/select.wav
19:25:37.265 [FXGL Background Thread 3 ] DEBUG Engine               - soundNotification: core/notification.wav
19:25:37.265 [FXGL Background Thread 3 ] DEBUG Engine               - stageStyle: DECORATED
19:25:37.266 [FXGL Background Thread 3 ] DEBUG Engine               - supportedLanguages: [ENGLISH, FRENCH, GERMAN, HUNGARIAN, RUSSIAN]
19:25:37.266 [FXGL Background Thread 3 ] DEBUG Engine               - ticksPerSecond: -1
19:25:37.266 [FXGL Background Thread 3 ] DEBUG Engine               - title: Restaurant Game
19:25:37.266 [FXGL Background Thread 3 ] DEBUG Engine               - urlGithub: https://github.com/AlmasB/FXGL
19:25:37.267 [FXGL Background Thread 3 ] DEBUG Engine               - urlLeaderboard: http://fxgl-top.herokuapp.com/
19:25:37.267 [FXGL Background Thread 3 ] DEBUG Engine               - urlPOM: https://raw.githubusercontent.com/AlmasB/FXGL/release/README.md
19:25:37.268 [FXGL Background Thread 3 ] DEBUG Engine               - userAppClass: class fxglapp.FXGLGameApp
19:25:37.268 [FXGL Background Thread 3 ] DEBUG Engine               - version: 0.0
19:25:37.268 [FXGL Background Thread 3 ] DEBUG Engine               - versionCheckDays: 7
19:25:37.269 [FXGL Background Thread 3 ] DEBUG Engine               - width: 850
19:25:37.269 [FXGL Background Thread 3 ] DEBUG Engine               - Logging services
19:25:37.269 [FXGL Background Thread 3 ] DEBUG Engine               - class com.almasb.fxgl.app.services.FXGLAssetLoaderService
19:25:37.269 [FXGL Background Thread 3 ] DEBUG Engine               - class com.almasb.fxgl.app.FXGLApplication$GameApplicationService
19:25:37.270 [FXGL Background Thread 3 ] DEBUG Engine               - class com.almasb.fxgl.app.services.FXGLDialogService
19:25:37.270 [FXGL Background Thread 3 ] DEBUG Engine               - class com.almasb.fxgl.app.services.IOTaskExecutorService
19:25:37.270 [FXGL Background Thread 3 ] DEBUG Engine               - class com.almasb.fxgl.io.FileSystemService
19:25:37.271 [FXGL Background Thread 3 ] DEBUG Engine               - class com.almasb.fxgl.localization.LocalizationService
19:25:37.271 [FXGL Background Thread 3 ] DEBUG Engine               - class com.almasb.fxgl.app.services.SystemBundleService
19:25:37.272 [FXGL Background Thread 3 ] DEBUG Engine               - class com.almasb.fxgl.profile.SaveLoadService
19:25:37.272 [FXGL Background Thread 3 ] DEBUG Engine               - class com.almasb.fxgl.ui.FXGLUIFactoryServiceProvider
19:25:37.272 [FXGL Background Thread 3 ] DEBUG Engine               - class com.almasb.fxgl.ui.FXGLDialogFactoryServiceProvider
19:25:37.273 [FXGL Background Thread 3 ] DEBUG Engine               - class com.almasb.fxgl.audio.AudioPlayer
19:25:37.273 [FXGL Background Thread 3 ] DEBUG Engine               - class com.almasb.fxgl.notification.impl.NotificationServiceProvider
19:25:37.273 [FXGL Background Thread 3 ] DEBUG Engine               - class com.almasb.fxgl.achievement.AchievementService
19:25:37.273 [FXGL Background Thread 3 ] DEBUG Engine               - class com.almasb.fxgl.cutscene.CutsceneService
19:25:37.274 [FXGL Background Thread 3 ] DEBUG Engine               - class com.almasb.fxgl.minigames.MiniGameService
19:25:37.274 [FXGL Background Thread 3 ] DEBUG Engine               - class com.almasb.fxgl.net.NetService
19:25:37.274 [FXGL Background Thread 3 ] DEBUG Engine               - class com.almasb.fxgl.app.services.UpdaterService
19:25:37.274 [FXGL Background Thread 3 ] DEBUG Engine               - class com.almasb.fxgl.dev.DevService
19:25:41.128 [JavaFX Application Thread] DEBUG FXGLApplication      - Exiting FXGL
19:25:41.129 [JavaFX Application Thread] DEBUG LoopRunner           - Stopping loop
19:25:41.129 [JavaFX Application Thread] DEBUG SystemBundleService  - Saving FXGL system data
19:25:41.132 [JavaFX Application Thread] DEBUG FileSystemAccess     - Writing to: /home/chris/IdeaProjects/RestaurantSimulator/system/fxgl.bundle
19:25:41.134 [JavaFX Application Thread] DEBUG Async                - Shutting down background threads
19:25:41.164 [JavaFX Application Thread] DEBUG PrimaryStageWindow   - Closing main window
19:25:41.187 [JavaFX Application Thread] DEBUG Logger               - Closing Logger
